[ 2018-11-10T22:43:59+08:00 ] 127.0.0.1 /steel/
INFO: [ app_init ] --START--
INFO: Run Behavior\BuildLiteBehavior [ RunTime:0.000055s ]
INFO: [ app_init ] --END-- [ RunTime:0.012293s ]
INFO: [ app_begin ] --START--
INFO: Run Behavior\ReadHtmlCacheBehavior [ RunTime:0.017106s ]
INFO: [ app_begin ] --END-- [ RunTime:0.017276s ]
SQL: SHOW COLUMNS FROM `information` [ RunTime:0.0754s ]
SQL: SHOW COLUMNS FROM `information` [ RunTime:0.0113s ]
SQL: SELECT * FROM `information` LIMIT 1   [ RunTime:0.0138s ]
SQL: SHOW COLUMNS FROM `article` [ RunTime:0.0511s ]
SQL: SHOW COLUMNS FROM `photo` [ RunTime:0.0444s ]
NOTIC: [2] Missing argument 1 for Home\Model\ArticleModel::tuijian(), called in D:\phpStudy\PHPTutorial\WWW\steel\Application\Home\Controller\CommonController.class.php on line 22 and defined D:\phpStudy\PHPTutorial\WWW\steel\Application\Home\Model\ArticleModel.class.php 第 12 行.
SQL: SHOW COLUMNS FROM `article` [ RunTime:0.0126s ]
NOTIC: [8] Undefined variable: classification D:\phpStudy\PHPTutorial\WWW\steel\Application\Home\Model\ArticleModel.class.php 第 14 行.
SQL: SELECT * FROM `article` WHERE `classification` LIKE '%%' AND `settop` = 1 ORDER BY id desc LIMIT 4   [ RunTime:0.0351s ]
SQL: SHOW COLUMNS FROM `photo` [ RunTime:0.0119s ]
SQL: SELECT * FROM `photo`  [ RunTime:0.0133s ]
SQL: SHOW COLUMNS FROM `picture` [ RunTime:0.0495s ]
SQL: SHOW COLUMNS FROM `article` [ RunTime:0.0153s ]
SQL: SHOW COLUMNS FROM `picture` [ RunTime:0.0167s ]
SQL: SELECT * FROM `picture` WHERE ( fenlei = 1 ) LIMIT 4   [ RunTime:0.0011s ]
SQL: SELECT * FROM `picture` WHERE ( fenlei = 2 ) LIMIT 4   [ RunTime:0.0014s ]
SQL: SELECT * FROM `picture` WHERE ( fenlei = 3 ) LIMIT 4   [ RunTime:0.0012s ]
SQL: SELECT * FROM `picture` WHERE ( fenlei = 4 ) LIMIT 4   [ RunTime:0.0009s ]
SQL: SELECT * FROM `picture` WHERE ( fenlei = 5 ) LIMIT 4   [ RunTime:0.0005s ]
SQL: SELECT * FROM `picture` WHERE ( fenlei = 6 ) LIMIT 4   [ RunTime:0.0004s ]
NOTIC: [2] Missing argument 1 for Home\Model\ArticleModel::selnews(), called in D:\phpStudy\PHPTutorial\WWW\steel\Application\Home\Controller\IndexController.class.php on line 18 and defined D:\phpStudy\PHPTutorial\WWW\steel\Application\Home\Model\ArticleModel.class.php 第 25 行.
NOTIC: [8] Undefined variable: classification D:\phpStudy\PHPTutorial\WWW\steel\Application\Home\Model\ArticleModel.class.php 第 27 行.
SQL: SELECT * FROM `article` WHERE `classification` LIKE '%%' ORDER BY id desc LIMIT 10   [ RunTime:0.0011s ]
SQL: SELECT * FROM `article` WHERE `classification` LIKE '%6%' ORDER BY id desc LIMIT 10   [ RunTime:0.0021s ]
SQL: SELECT * FROM `article` WHERE `classification` LIKE '%7%' ORDER BY id desc LIMIT 10   [ RunTime:0.0012s ]
INFO: [ view_parse ] --START--
INFO: [ template_filter ] --START--
INFO: Run Behavior\ContentReplaceBehavior [ RunTime:0.001237s ]
INFO: [ template_filter ] --END-- [ RunTime:0.001386s ]
NOTIC: [8] Use of undefined constant id - assumed 'id' D:\phpStudy\PHPTutorial\WWW\steel\Application\Runtime\Cache\Home\2a94b8bda04ff446dcedd42276fc99ee.php 第 292 行.
NOTIC: [8] Use of undefined constant id - assumed 'id' D:\phpStudy\PHPTutorial\WWW\steel\Application\Runtime\Cache\Home\2a94b8bda04ff446dcedd42276fc99ee.php 第 292 行.
NOTIC: [8] Use of undefined constant id - assumed 'id' D:\phpStudy\PHPTutorial\WWW\steel\Application\Runtime\Cache\Home\2a94b8bda04ff446dcedd42276fc99ee.php 第 292 行.
NOTIC: [8] Use of undefined constant id - assumed 'id' D:\phpStudy\PHPTutorial\WWW\steel\Application\Runtime\Cache\Home\2a94b8bda04ff446dcedd42276fc99ee.php 第 292 行.
NOTIC: [8] Use of undefined constant id - assumed 'id' D:\phpStudy\PHPTutorial\WWW\steel\Application\Runtime\Cache\Home\2a94b8bda04ff446dcedd42276fc99ee.php 第 292 行.
NOTIC: [8] Use of undefined constant id - assumed 'id' D:\phpStudy\PHPTutorial\WWW\steel\Application\Runtime\Cache\Home\2a94b8bda04ff446dcedd42276fc99ee.php 第 292 行.
NOTIC: [8] Use of undefined constant id - assumed 'id' D:\phpStudy\PHPTutorial\WWW\steel\Application\Runtime\Cache\Home\2a94b8bda04ff446dcedd42276fc99ee.php 第 292 行.
NOTIC: [8] Use of undefined constant id - assumed 'id' D:\phpStudy\PHPTutorial\WWW\steel\Application\Runtime\Cache\Home\2a94b8bda04ff446dcedd42276fc99ee.php 第 292 行.
NOTIC: [8] Use of undefined constant id - assumed 'id' D:\phpStudy\PHPTutorial\WWW\steel\Application\Runtime\Cache\Home\2a94b8bda04ff446dcedd42276fc99ee.php 第 292 行.
NOTIC: [8] Use of undefined constant id - assumed 'id' D:\phpStudy\PHPTutorial\WWW\steel\Application\Runtime\Cache\Home\2a94b8bda04ff446dcedd42276fc99ee.php 第 292 行.
NOTIC: [8] Use of undefined constant id - assumed 'id' D:\phpStudy\PHPTutorial\WWW\steel\Application\Runtime\Cache\Home\2a94b8bda04ff446dcedd42276fc99ee.php 第 303 行.
NOTIC: [8] Use of undefined constant id - assumed 'id' D:\phpStudy\PHPTutorial\WWW\steel\Application\Runtime\Cache\Home\2a94b8bda04ff446dcedd42276fc99ee.php 第 303 行.
NOTIC: [8] Use of undefined constant id - assumed 'id' D:\phpStudy\PHPTutorial\WWW\steel\Application\Runtime\Cache\Home\2a94b8bda04ff446dcedd42276fc99ee.php 第 303 行.
NOTIC: [8] Use of undefined constant id - assumed 'id' D:\phpStudy\PHPTutorial\WWW\steel\Application\Runtime\Cache\Home\2a94b8bda04ff446dcedd42276fc99ee.php 第 303 行.
NOTIC: [8] Use of undefined constant id - assumed 'id' D:\phpStudy\PHPTutorial\WWW\steel\Application\Runtime\Cache\Home\2a94b8bda04ff446dcedd42276fc99ee.php 第 303 行.
NOTIC: [8] Use of undefined constant id - assumed 'id' D:\phpStudy\PHPTutorial\WWW\steel\Application\Runtime\Cache\Home\2a94b8bda04ff446dcedd42276fc99ee.php 第 303 行.
NOTIC: [8] Use of undefined constant id - assumed 'id' D:\phpStudy\PHPTutorial\WWW\steel\Application\Runtime\Cache\Home\2a94b8bda04ff446dcedd42276fc99ee.php 第 303 行.
NOTIC: [8] Use of undefined constant id - assumed 'id' D:\phpStudy\PHPTutorial\WWW\steel\Application\Runtime\Cache\Home\2a94b8bda04ff446dcedd42276fc99ee.php 第 303 行.
NOTIC: [8] Use of undefined constant id - assumed 'id' D:\phpStudy\PHPTutorial\WWW\steel\Application\Runtime\Cache\Home\2a94b8bda04ff446dcedd42276fc99ee.php 第 303 行.
NOTIC: [8] Use of undefined constant id - assumed 'id' D:\phpStudy\PHPTutorial\WWW\steel\Application\Runtime\Cache\Home\2a94b8bda04ff446dcedd42276fc99ee.php 第 303 行.
NOTIC: [8] Use of undefined constant id - assumed 'id' D:\phpStudy\PHPTutorial\WWW\steel\Application\Runtime\Cache\Home\2a94b8bda04ff446dcedd42276fc99ee.php 第 314 行.
NOTIC: [8] Use of undefined constant id - assumed 'id' D:\phpStudy\PHPTutorial\WWW\steel\Application\Runtime\Cache\Home\2a94b8bda04ff446dcedd42276fc99ee.php 第 314 行.
NOTIC: [8] Use of undefined constant id - assumed 'id' D:\phpStudy\PHPTutorial\WWW\steel\Application\Runtime\Cache\Home\2a94b8bda04ff446dcedd42276fc99ee.php 第 314 行.
NOTIC: [8] Use of undefined constant id - assumed 'id' D:\phpStudy\PHPTutorial\WWW\steel\Application\Runtime\Cache\Home\2a94b8bda04ff446dcedd42276fc99ee.php 第 314 行.
NOTIC: [8] Use of undefined constant id - assumed 'id' D:\phpStudy\PHPTutorial\WWW\steel\Application\Runtime\Cache\Home\2a94b8bda04ff446dcedd42276fc99ee.php 第 314 行.
NOTIC: [8] Use of undefined constant id - assumed 'id' D:\phpStudy\PHPTutorial\WWW\steel\Application\Runtime\Cache\Home\2a94b8bda04ff446dcedd42276fc99ee.php 第 314 行.
NOTIC: [8] Use of undefined constant id - assumed 'id' D:\phpStudy\PHPTutorial\WWW\steel\Application\Runtime\Cache\Home\2a94b8bda04ff446dcedd42276fc99ee.php 第 314 行.
NOTIC: [8] Use of undefined constant id - assumed 'id' D:\phpStudy\PHPTutorial\WWW\steel\Application\Runtime\Cache\Home\2a94b8bda04ff446dcedd42276fc99ee.php 第 314 行.
NOTIC: [8] Use of undefined constant id - assumed 'id' D:\phpStudy\PHPTutorial\WWW\steel\Application\Runtime\Cache\Home\2a94b8bda04ff446dcedd42276fc99ee.php 第 314 行.
NOTIC: [8] Use of undefined constant id - assumed 'id' D:\phpStudy\PHPTutorial\WWW\steel\Application\Runtime\Cache\Home\2a94b8bda04ff446dcedd42276fc99ee.php 第 314 行.
INFO: Run Behavior\ParseTemplateBehavior [ RunTime:0.087939s ]
INFO: [ view_parse ] --END-- [ RunTime:0.088006s ]
INFO: [ view_filter ] --START--
INFO: Run Behavior\WriteHtmlCacheBehavior [ RunTime:0.019594s ]
INFO: [ view_filter ] --END-- [ RunTime:0.019659s ]
INFO: [ app_end ] --START--
INFO: Run Behavior\ShowPageTraceBehavior [ RunTime:0.002171s ]
INFO: [ app_end ] --END-- [ RunTime:0.002274s ]

[ 2018-11-10T22:44:03+08:00 ] 127.0.0.1 /steel/index.php/Home/Content/disNews/id/65.html
INFO: [ app_init ] --START--
INFO: Run Behavior\BuildLiteBehavior [ RunTime:0.000020s ]
INFO: [ app_init ] --END-- [ RunTime:0.000806s ]
INFO: [ app_begin ] --START--
INFO: Run Behavior\ReadHtmlCacheBehavior [ RunTime:0.001337s ]
INFO: [ app_begin ] --END-- [ RunTime:0.001428s ]
SQL: SHOW COLUMNS FROM `information` [ RunTime:0.0073s ]
SQL: SHOW COLUMNS FROM `information` [ RunTime:0.0083s ]
SQL: SELECT * FROM `information` LIMIT 1   [ RunTime:0.0005s ]
SQL: SHOW COLUMNS FROM `article` [ RunTime:0.0071s ]
SQL: SHOW COLUMNS FROM `photo` [ RunTime:0.0083s ]
NOTIC: [2] Missing argument 1 for Home\Model\ArticleModel::tuijian(), called in D:\phpStudy\PHPTutorial\WWW\steel\Application\Home\Controller\CommonController.class.php on line 22 and defined D:\phpStudy\PHPTutorial\WWW\steel\Application\Home\Model\ArticleModel.class.php 第 12 行.
SQL: SHOW COLUMNS FROM `article` [ RunTime:0.0092s ]
NOTIC: [8] Undefined variable: classification D:\phpStudy\PHPTutorial\WWW\steel\Application\Home\Model\ArticleModel.class.php 第 14 行.
SQL: SELECT * FROM `article` WHERE `classification` LIKE '%%' AND `settop` = 1 ORDER BY id desc LIMIT 4   [ RunTime:0.0011s ]
SQL: SHOW COLUMNS FROM `photo` [ RunTime:0.0076s ]
SQL: SELECT * FROM `photo`  [ RunTime:0.0010s ]
NOTIC: [8] Use of undefined constant id - assumed 'id' D:\phpStudy\PHPTutorial\WWW\steel\Application\Home\Controller\ContentController.class.php 第 61 行.
SQL: SHOW COLUMNS FROM `article` [ RunTime:0.0071s ]
SQL: SELECT * FROM `article` WHERE ( id = 65 ) LIMIT 1   [ RunTime:0.0005s ]
INFO: [ view_parse ] --START--
INFO: [ template_filter ] --START--
INFO: Run Behavior\ContentReplaceBehavior [ RunTime:0.000121s ]
INFO: [ template_filter ] --END-- [ RunTime:0.000184s ]
NOTIC: [8] Use of undefined constant id - assumed 'id' D:\phpStudy\PHPTutorial\WWW\steel\Application\Runtime\Cache\Home\3592a5f0b1b964439e69dd2a7828895d.php 第 138 行.
NOTIC: [8] Use of undefined constant id - assumed 'id' D:\phpStudy\PHPTutorial\WWW\steel\Application\Runtime\Cache\Home\3592a5f0b1b964439e69dd2a7828895d.php 第 138 行.
NOTIC: [8] Use of undefined constant id - assumed 'id' D:\phpStudy\PHPTutorial\WWW\steel\Application\Runtime\Cache\Home\3592a5f0b1b964439e69dd2a7828895d.php 第 138 行.
NOTIC: [8] Use of undefined constant id - assumed 'id' D:\phpStudy\PHPTutorial\WWW\steel\Application\Runtime\Cache\Home\3592a5f0b1b964439e69dd2a7828895d.php 第 138 行.
INFO: Run Behavior\ParseTemplateBehavior [ RunTime:0.056776s ]
INFO: [ view_parse ] --END-- [ RunTime:0.056855s ]
INFO: [ view_filter ] --START--
INFO: Run Behavior\WriteHtmlCacheBehavior [ RunTime:0.001108s ]
INFO: [ view_filter ] --END-- [ RunTime:0.001166s ]
INFO: [ app_end ] --START--
INFO: Run Behavior\ShowPageTraceBehavior [ RunTime:0.001867s ]
INFO: [ app_end ] --END-- [ RunTime:0.001987s ]

[ 2018-11-10T22:44:14+08:00 ] 127.0.0.1 /steel/index.php/Home/Content/disNews/id/65.html
INFO: [ app_init ] --START--
INFO: Run Behavior\BuildLiteBehavior [ RunTime:0.000033s ]
INFO: [ app_init ] --END-- [ RunTime:0.001634s ]
INFO: [ app_begin ] --START--
INFO: Run Behavior\ReadHtmlCacheBehavior [ RunTime:0.001755s ]
INFO: [ app_begin ] --END-- [ RunTime:0.001863s ]
SQL: SHOW COLUMNS FROM `information` [ RunTime:0.0122s ]
SQL: SHOW COLUMNS FROM `information` [ RunTime:0.0115s ]
SQL: SELECT * FROM `information` LIMIT 1   [ RunTime:0.0007s ]
SQL: SHOW COLUMNS FROM `article` [ RunTime:0.0107s ]
SQL: SHOW COLUMNS FROM `photo` [ RunTime:0.0115s ]
NOTIC: [2] Missing argument 1 for Home\Model\ArticleModel::tuijian(), called in D:\phpStudy\PHPTutorial\WWW\steel\Application\Home\Controller\CommonController.class.php on line 22 and defined D:\phpStudy\PHPTutorial\WWW\steel\Application\Home\Model\ArticleModel.class.php 第 12 行.
SQL: SHOW COLUMNS FROM `article` [ RunTime:0.0109s ]
NOTIC: [8] Undefined variable: classification D:\phpStudy\PHPTutorial\WWW\steel\Application\Home\Model\ArticleModel.class.php 第 14 行.
SQL: SELECT * FROM `article` WHERE `classification` LIKE '%%' AND `settop` = 1 ORDER BY id desc LIMIT 4   [ RunTime:0.0013s ]
SQL: SHOW COLUMNS FROM `photo` [ RunTime:0.0094s ]
SQL: SELECT * FROM `photo`  [ RunTime:0.0006s ]
NOTIC: [8] Use of undefined constant id - assumed 'id' D:\phpStudy\PHPTutorial\WWW\steel\Application\Home\Controller\ContentController.class.php 第 61 行.
SQL: SHOW COLUMNS FROM `article` [ RunTime:0.0100s ]
SQL: SELECT * FROM `article` WHERE ( id = 65 ) LIMIT 1   [ RunTime:0.0007s ]
INFO: [ view_parse ] --START--
INFO: [ template_filter ] --START--
INFO: Run Behavior\ContentReplaceBehavior [ RunTime:0.000244s ]
INFO: [ template_filter ] --END-- [ RunTime:0.000400s ]
NOTIC: [8] Use of undefined constant id - assumed 'id' D:\phpStudy\PHPTutorial\WWW\steel\Application\Runtime\Cache\Home\3592a5f0b1b964439e69dd2a7828895d.php 第 138 行.
NOTIC: [8] Use of undefined constant id - assumed 'id' D:\phpStudy\PHPTutorial\WWW\steel\Application\Runtime\Cache\Home\3592a5f0b1b964439e69dd2a7828895d.php 第 138 行.
NOTIC: [8] Use of undefined constant id - assumed 'id' D:\phpStudy\PHPTutorial\WWW\steel\Application\Runtime\Cache\Home\3592a5f0b1b964439e69dd2a7828895d.php 第 138 行.
NOTIC: [8] Use of undefined constant id - assumed 'id' D:\phpStudy\PHPTutorial\WWW\steel\Application\Runtime\Cache\Home\3592a5f0b1b964439e69dd2a7828895d.php 第 138 行.
INFO: Run Behavior\ParseTemplateBehavior [ RunTime:0.028644s ]
INFO: [ view_parse ] --END-- [ RunTime:0.028738s ]
INFO: [ view_filter ] --START--
INFO: Run Behavior\WriteHtmlCacheBehavior [ RunTime:0.001362s ]
INFO: [ view_filter ] --END-- [ RunTime:0.001435s ]
INFO: [ app_end ] --START--
INFO: Run Behavior\ShowPageTraceBehavior [ RunTime:0.002307s ]
INFO: [ app_end ] --END-- [ RunTime:0.002447s ]

[ 2018-11-10T22:44:38+08:00 ] 127.0.0.1 /steel/index.php/Home/Index/index.html
INFO: [ app_init ] --START--
INFO: Run Behavior\BuildLiteBehavior [ RunTime:0.000035s ]
INFO: [ app_init ] --END-- [ RunTime:0.001396s ]
INFO: [ app_begin ] --START--
INFO: Run Behavior\ReadHtmlCacheBehavior [ RunTime:0.002707s ]
INFO: [ app_begin ] --END-- [ RunTime:0.002885s ]
SQL: SHOW COLUMNS FROM `information` [ RunTime:0.0107s ]
SQL: SHOW COLUMNS FROM `information` [ RunTime:0.0093s ]
SQL: SELECT * FROM `information` LIMIT 1   [ RunTime:0.0007s ]
SQL: SHOW COLUMNS FROM `article` [ RunTime:0.0092s ]
SQL: SHOW COLUMNS FROM `photo` [ RunTime:0.0088s ]
NOTIC: [2] Missing argument 1 for Home\Model\ArticleModel::tuijian(), called in D:\phpStudy\PHPTutorial\WWW\steel\Application\Home\Controller\CommonController.class.php on line 22 and defined D:\phpStudy\PHPTutorial\WWW\steel\Application\Home\Model\ArticleModel.class.php 第 12 行.
SQL: SHOW COLUMNS FROM `article` [ RunTime:0.0098s ]
NOTIC: [8] Undefined variable: classification D:\phpStudy\PHPTutorial\WWW\steel\Application\Home\Model\ArticleModel.class.php 第 14 行.
SQL: SELECT * FROM `article` WHERE `classification` LIKE '%%' AND `settop` = 1 ORDER BY id desc LIMIT 4   [ RunTime:0.0012s ]
SQL: SHOW COLUMNS FROM `photo` [ RunTime:0.0076s ]
SQL: SELECT * FROM `photo`  [ RunTime:0.0005s ]
SQL: SHOW COLUMNS FROM `picture` [ RunTime:0.0090s ]
SQL: SHOW COLUMNS FROM `article` [ RunTime:0.0118s ]
SQL: SHOW COLUMNS FROM `picture` [ RunTime:0.0085s ]
SQL: SELECT * FROM `picture` WHERE ( fenlei = 1 ) LIMIT 4   [ RunTime:0.0005s ]
SQL: SELECT * FROM `picture` WHERE ( fenlei = 2 ) LIMIT 4   [ RunTime:0.0004s ]
SQL: SELECT * FROM `picture` WHERE ( fenlei = 3 ) LIMIT 4   [ RunTime:0.0004s ]
SQL: SELECT * FROM `picture` WHERE ( fenlei = 4 ) LIMIT 4   [ RunTime:0.0003s ]
SQL: SELECT * FROM `picture` WHERE ( fenlei = 5 ) LIMIT 4   [ RunTime:0.0003s ]
SQL: SELECT * FROM `picture` WHERE ( fenlei = 6 ) LIMIT 4   [ RunTime:0.0003s ]
NOTIC: [2] Missing argument 1 for Home\Model\ArticleModel::selnews(), called in D:\phpStudy\PHPTutorial\WWW\steel\Application\Home\Controller\IndexController.class.php on line 18 and defined D:\phpStudy\PHPTutorial\WWW\steel\Application\Home\Model\ArticleModel.class.php 第 25 行.
NOTIC: [8] Undefined variable: classification D:\phpStudy\PHPTutorial\WWW\steel\Application\Home\Model\ArticleModel.class.php 第 27 行.
SQL: SELECT * FROM `article` WHERE `classification` LIKE '%%' ORDER BY id desc LIMIT 10   [ RunTime:0.0008s ]
SQL: SELECT * FROM `article` WHERE `classification` LIKE '%6%' ORDER BY id desc LIMIT 10   [ RunTime:0.0016s ]
SQL: SELECT * FROM `article` WHERE `classification` LIKE '%7%' ORDER BY id desc LIMIT 10   [ RunTime:0.0011s ]
INFO: [ view_parse ] --START--
INFO: [ template_filter ] --START--
INFO: Run Behavior\ContentReplaceBehavior [ RunTime:0.000225s ]
INFO: [ template_filter ] --END-- [ RunTime:0.000351s ]
NOTIC: [8] Use of undefined constant id - assumed 'id' D:\phpStudy\PHPTutorial\WWW\steel\Application\Runtime\Cache\Home\2a94b8bda04ff446dcedd42276fc99ee.php 第 292 行.
NOTIC: [8] Use of undefined constant id - assumed 'id' D:\phpStudy\PHPTutorial\WWW\steel\Application\Runtime\Cache\Home\2a94b8bda04ff446dcedd42276fc99ee.php 第 292 行.
NOTIC: [8] Use of undefined constant id - assumed 'id' D:\phpStudy\PHPTutorial\WWW\steel\Application\Runtime\Cache\Home\2a94b8bda04ff446dcedd42276fc99ee.php 第 292 行.
NOTIC: [8] Use of undefined constant id - assumed 'id' D:\phpStudy\PHPTutorial\WWW\steel\Application\Runtime\Cache\Home\2a94b8bda04ff446dcedd42276fc99ee.php 第 292 行.
NOTIC: [8] Use of undefined constant id - assumed 'id' D:\phpStudy\PHPTutorial\WWW\steel\Application\Runtime\Cache\Home\2a94b8bda04ff446dcedd42276fc99ee.php 第 292 行.
NOTIC: [8] Use of undefined constant id - assumed 'id' D:\phpStudy\PHPTutorial\WWW\steel\Application\Runtime\Cache\Home\2a94b8bda04ff446dcedd42276fc99ee.php 第 292 行.
NOTIC: [8] Use of undefined constant id - assumed 'id' D:\phpStudy\PHPTutorial\WWW\steel\Application\Runtime\Cache\Home\2a94b8bda04ff446dcedd42276fc99ee.php 第 292 行.
NOTIC: [8] Use of undefined constant id - assumed 'id' D:\phpStudy\PHPTutorial\WWW\steel\Application\Runtime\Cache\Home\2a94b8bda04ff446dcedd42276fc99ee.php 第 292 行.
NOTIC: [8] Use of undefined constant id - assumed 'id' D:\phpStudy\PHPTutorial\WWW\steel\Application\Runtime\Cache\Home\2a94b8bda04ff446dcedd42276fc99ee.php 第 292 行.
NOTIC: [8] Use of undefined constant id - assumed 'id' D:\phpStudy\PHPTutorial\WWW\steel\Application\Runtime\Cache\Home\2a94b8bda04ff446dcedd42276fc99ee.php 第 292 行.
NOTIC: [8] Use of undefined constant id - assumed 'id' D:\phpStudy\PHPTutorial\WWW\steel\Application\Runtime\Cache\Home\2a94b8bda04ff446dcedd42276fc99ee.php 第 303 行.
NOTIC: [8] Use of undefined constant id - assumed 'id' D:\phpStudy\PHPTutorial\WWW\steel\Application\Runtime\Cache\Home\2a94b8bda04ff446dcedd42276fc99ee.php 第 303 行.
NOTIC: [8] Use of undefined constant id - assumed 'id' D:\phpStudy\PHPTutorial\WWW\steel\Application\Runtime\Cache\Home\2a94b8bda04ff446dcedd42276fc99ee.php 第 303 行.
NOTIC: [8] Use of undefined constant id - assumed 'id' D:\phpStudy\PHPTutorial\WWW\steel\Application\Runtime\Cache\Home\2a94b8bda04ff446dcedd42276fc99ee.php 第 303 行.
NOTIC: [8] Use of undefined constant id - assumed 'id' D:\phpStudy\PHPTutorial\WWW\steel\Application\Runtime\Cache\Home\2a94b8bda04ff446dcedd42276fc99ee.php 第 303 行.
NOTIC: [8] Use of undefined constant id - assumed 'id' D:\phpStudy\PHPTutorial\WWW\steel\Application\Runtime\Cache\Home\2a94b8bda04ff446dcedd42276fc99ee.php 第 303 行.
NOTIC: [8] Use of undefined constant id - assumed 'id' D:\phpStudy\PHPTutorial\WWW\steel\Application\Runtime\Cache\Home\2a94b8bda04ff446dcedd42276fc99ee.php 第 303 行.
NOTIC: [8] Use of undefined constant id - assumed 'id' D:\phpStudy\PHPTutorial\WWW\steel\Application\Runtime\Cache\Home\2a94b8bda04ff446dcedd42276fc99ee.php 第 303 行.
NOTIC: [8] Use of undefined constant id - assumed 'id' D:\phpStudy\PHPTutorial\WWW\steel\Application\Runtime\Cache\Home\2a94b8bda04ff446dcedd42276fc99ee.php 第 303 行.
NOTIC: [8] Use of undefined constant id - assumed 'id' D:\phpStudy\PHPTutorial\WWW\steel\Application\Runtime\Cache\Home\2a94b8bda04ff446dcedd42276fc99ee.php 第 303 行.
NOTIC: [8] Use of undefined constant id - assumed 'id' D:\phpStudy\PHPTutorial\WWW\steel\Application\Runtime\Cache\Home\2a94b8bda04ff446dcedd42276fc99ee.php 第 314 行.
NOTIC: [8] Use of undefined constant id - assumed 'id' D:\phpStudy\PHPTutorial\WWW\steel\Application\Runtime\Cache\Home\2a94b8bda04ff446dcedd42276fc99ee.php 第 314 行.
NOTIC: [8] Use of undefined constant id - assumed 'id' D:\phpStudy\PHPTutorial\WWW\steel\Application\Runtime\Cache\Home\2a94b8bda04ff446dcedd42276fc99ee.php 第 314 行.
NOTIC: [8] Use of undefined constant id - assumed 'id' D:\phpStudy\PHPTutorial\WWW\steel\Application\Runtime\Cache\Home\2a94b8bda04ff446dcedd42276fc99ee.php 第 314 行.
NOTIC: [8] Use of undefined constant id - assumed 'id' D:\phpStudy\PHPTutorial\WWW\steel\Application\Runtime\Cache\Home\2a94b8bda04ff446dcedd42276fc99ee.php 第 314 行.
NOTIC: [8] Use of undefined constant id - assumed 'id' D:\phpStudy\PHPTutorial\WWW\steel\Application\Runtime\Cache\Home\2a94b8bda04ff446dcedd42276fc99ee.php 第 314 行.
NOTIC: [8] Use of undefined constant id - assumed 'id' D:\phpStudy\PHPTutorial\WWW\steel\Application\Runtime\Cache\Home\2a94b8bda04ff446dcedd42276fc99ee.php 第 314 行.
NOTIC: [8] Use of undefined constant id - assumed 'id' D:\phpStudy\PHPTutorial\WWW\steel\Application\Runtime\Cache\Home\2a94b8bda04ff446dcedd42276fc99ee.php 第 314 行.
NOTIC: [8] Use of undefined constant id - assumed 'id' D:\phpStudy\PHPTutorial\WWW\steel\Application\Runtime\Cache\Home\2a94b8bda04ff446dcedd42276fc99ee.php 第 314 行.
NOTIC: [8] Use of undefined constant id - assumed 'id' D:\phpStudy\PHPTutorial\WWW\steel\Application\Runtime\Cache\Home\2a94b8bda04ff446dcedd42276fc99ee.php 第 314 行.
INFO: Run Behavior\ParseTemplateBehavior [ RunTime:0.030886s ]
INFO: [ view_parse ] --END-- [ RunTime:0.030963s ]
INFO: [ view_filter ] --START--
INFO: Run Behavior\WriteHtmlCacheBehavior [ RunTime:0.001016s ]
INFO: [ view_filter ] --END-- [ RunTime:0.001087s ]
INFO: [ app_end ] --START--
INFO: Run Behavior\ShowPageTraceBehavior [ RunTime:0.001665s ]
INFO: [ app_end ] --END-- [ RunTime:0.001846s ]

[ 2018-11-10T22:46:27+08:00 ] 127.0.0.1 /steel/index.php/Home/Index/index.html
INFO: [ app_init ] --START--
INFO: Run Behavior\BuildLiteBehavior [ RunTime:0.000031s ]
INFO: [ app_init ] --END-- [ RunTime:0.001232s ]
INFO: [ app_begin ] --START--
INFO: Run Behavior\ReadHtmlCacheBehavior [ RunTime:0.001473s ]
INFO: [ app_begin ] --END-- [ RunTime:0.001877s ]
SQL: SHOW COLUMNS FROM `information` [ RunTime:0.0110s ]
SQL: SHOW COLUMNS FROM `information` [ RunTime:0.0077s ]
SQL: SELECT * FROM `information` LIMIT 1   [ RunTime:0.0004s ]
SQL: SHOW COLUMNS FROM `article` [ RunTime:0.0100s ]
SQL: SHOW COLUMNS FROM `photo` [ RunTime:0.0075s ]
NOTIC: [2] Missing argument 1 for Home\Model\ArticleModel::tuijian(), called in D:\phpStudy\PHPTutorial\WWW\steel\Application\Home\Controller\CommonController.class.php on line 22 and defined D:\phpStudy\PHPTutorial\WWW\steel\Application\Home\Model\ArticleModel.class.php 第 12 行.
SQL: SHOW COLUMNS FROM `article` [ RunTime:0.0068s ]
NOTIC: [8] Undefined variable: classification D:\phpStudy\PHPTutorial\WWW\steel\Application\Home\Model\ArticleModel.class.php 第 14 行.
SQL: SELECT * FROM `article` WHERE `classification` LIKE '%%' AND `settop` = 1 ORDER BY id desc LIMIT 4   [ RunTime:0.0011s ]
SQL: SHOW COLUMNS FROM `photo` [ RunTime:0.0088s ]
SQL: SELECT * FROM `photo`  [ RunTime:0.0007s ]
SQL: SHOW COLUMNS FROM `picture` [ RunTime:0.0071s ]
SQL: SHOW COLUMNS FROM `article` [ RunTime:0.0073s ]
SQL: SHOW COLUMNS FROM `picture` [ RunTime:0.0069s ]
SQL: SELECT * FROM `picture` WHERE ( fenlei = 1 ) LIMIT 4   [ RunTime:0.0004s ]
SQL: SELECT * FROM `picture` WHERE ( fenlei = 2 ) LIMIT 4   [ RunTime:0.0003s ]
SQL: SELECT * FROM `picture` WHERE ( fenlei = 3 ) LIMIT 4   [ RunTime:0.0003s ]
SQL: SELECT * FROM `picture` WHERE ( fenlei = 4 ) LIMIT 4   [ RunTime:0.0003s ]
SQL: SELECT * FROM `picture` WHERE ( fenlei = 5 ) LIMIT 4   [ RunTime:0.0003s ]
SQL: SELECT * FROM `picture` WHERE ( fenlei = 6 ) LIMIT 4   [ RunTime:0.0003s ]
NOTIC: [2] Missing argument 1 for Home\Model\ArticleModel::selnews(), called in D:\phpStudy\PHPTutorial\WWW\steel\Application\Home\Controller\IndexController.class.php on line 18 and defined D:\phpStudy\PHPTutorial\WWW\steel\Application\Home\Model\ArticleModel.class.php 第 25 行.
NOTIC: [8] Undefined variable: classification D:\phpStudy\PHPTutorial\WWW\steel\Application\Home\Model\ArticleModel.class.php 第 27 行.
SQL: SELECT * FROM `article` WHERE `classification` LIKE '%%' ORDER BY id desc LIMIT 10   [ RunTime:0.0008s ]
SQL: SELECT * FROM `article` WHERE `classification` LIKE '%6%' ORDER BY id desc LIMIT 10   [ RunTime:0.0017s ]
SQL: SELECT * FROM `article` WHERE `classification` LIKE '%7%' ORDER BY id desc LIMIT 10   [ RunTime:0.0013s ]
INFO: [ view_parse ] --START--
INFO: [ template_filter ] --START--
INFO: Run Behavior\ContentReplaceBehavior [ RunTime:0.000147s ]
INFO: [ template_filter ] --END-- [ RunTime:0.000216s ]
NOTIC: [8] Use of undefined constant id - assumed 'id' D:\phpStudy\PHPTutorial\WWW\steel\Application\Runtime\Cache\Home\2a94b8bda04ff446dcedd42276fc99ee.php 第 292 行.
NOTIC: [8] Use of undefined constant id - assumed 'id' D:\phpStudy\PHPTutorial\WWW\steel\Application\Runtime\Cache\Home\2a94b8bda04ff446dcedd42276fc99ee.php 第 292 行.
NOTIC: [8] Use of undefined constant id - assumed 'id' D:\phpStudy\PHPTutorial\WWW\steel\Application\Runtime\Cache\Home\2a94b8bda04ff446dcedd42276fc99ee.php 第 292 行.
NOTIC: [8] Use of undefined constant id - assumed 'id' D:\phpStudy\PHPTutorial\WWW\steel\Application\Runtime\Cache\Home\2a94b8bda04ff446dcedd42276fc99ee.php 第 292 行.
NOTIC: [8] Use of undefined constant id - assumed 'id' D:\phpStudy\PHPTutorial\WWW\steel\Application\Runtime\Cache\Home\2a94b8bda04ff446dcedd42276fc99ee.php 第 292 行.
NOTIC: [8] Use of undefined constant id - assumed 'id' D:\phpStudy\PHPTutorial\WWW\steel\Application\Runtime\Cache\Home\2a94b8bda04ff446dcedd42276fc99ee.php 第 292 行.
NOTIC: [8] Use of undefined constant id - assumed 'id' D:\phpStudy\PHPTutorial\WWW\steel\Application\Runtime\Cache\Home\2a94b8bda04ff446dcedd42276fc99ee.php 第 292 行.
NOTIC: [8] Use of undefined constant id - assumed 'id' D:\phpStudy\PHPTutorial\WWW\steel\Application\Runtime\Cache\Home\2a94b8bda04ff446dcedd42276fc99ee.php 第 292 行.
NOTIC: [8] Use of undefined constant id - assumed 'id' D:\phpStudy\PHPTutorial\WWW\steel\Application\Runtime\Cache\Home\2a94b8bda04ff446dcedd42276fc99ee.php 第 292 行.
NOTIC: [8] Use of undefined constant id - assumed 'id' D:\phpStudy\PHPTutorial\WWW\steel\Application\Runtime\Cache\Home\2a94b8bda04ff446dcedd42276fc99ee.php 第 292 行.
NOTIC: [8] Use of undefined constant id - assumed 'id' D:\phpStudy\PHPTutorial\WWW\steel\Application\Runtime\Cache\Home\2a94b8bda04ff446dcedd42276fc99ee.php 第 303 行.
NOTIC: [8] Use of undefined constant id - assumed 'id' D:\phpStudy\PHPTutorial\WWW\steel\Application\Runtime\Cache\Home\2a94b8bda04ff446dcedd42276fc99ee.php 第 303 行.
NOTIC: [8] Use of undefined constant id - assumed 'id' D:\phpStudy\PHPTutorial\WWW\steel\Application\Runtime\Cache\Home\2a94b8bda04ff446dcedd42276fc99ee.php 第 303 行.
NOTIC: [8] Use of undefined constant id - assumed 'id' D:\phpStudy\PHPTutorial\WWW\steel\Application\Runtime\Cache\Home\2a94b8bda04ff446dcedd42276fc99ee.php 第 303 行.
NOTIC: [8] Use of undefined constant id - assumed 'id' D:\phpStudy\PHPTutorial\WWW\steel\Application\Runtime\Cache\Home\2a94b8bda04ff446dcedd42276fc99ee.php 第 303 行.
NOTIC: [8] Use of undefined constant id - assumed 'id' D:\phpStudy\PHPTutorial\WWW\steel\Application\Runtime\Cache\Home\2a94b8bda04ff446dcedd42276fc99ee.php 第 303 行.
NOTIC: [8] Use of undefined constant id - assumed 'id' D:\phpStudy\PHPTutorial\WWW\steel\Application\Runtime\Cache\Home\2a94b8bda04ff446dcedd42276fc99ee.php 第 303 行.
NOTIC: [8] Use of undefined constant id - assumed 'id' D:\phpStudy\PHPTutorial\WWW\steel\Application\Runtime\Cache\Home\2a94b8bda04ff446dcedd42276fc99ee.php 第 303 行.
NOTIC: [8] Use of undefined constant id - assumed 'id' D:\phpStudy\PHPTutorial\WWW\steel\Application\Runtime\Cache\Home\2a94b8bda04ff446dcedd42276fc99ee.php 第 303 行.
NOTIC: [8] Use of undefined constant id - assumed 'id' D:\phpStudy\PHPTutorial\WWW\steel\Application\Runtime\Cache\Home\2a94b8bda04ff446dcedd42276fc99ee.php 第 303 行.
NOTIC: [8] Use of undefined constant id - assumed 'id' D:\phpStudy\PHPTutorial\WWW\steel\Application\Runtime\Cache\Home\2a94b8bda04ff446dcedd42276fc99ee.php 第 314 行.
NOTIC: [8] Use of undefined constant id - assumed 'id' D:\phpStudy\PHPTutorial\WWW\steel\Application\Runtime\Cache\Home\2a94b8bda04ff446dcedd42276fc99ee.php 第 314 行.
NOTIC: [8] Use of undefined constant id - assumed 'id' D:\phpStudy\PHPTutorial\WWW\steel\Application\Runtime\Cache\Home\2a94b8bda04ff446dcedd42276fc99ee.php 第 314 行.
NOTIC: [8] Use of undefined constant id - assumed 'id' D:\phpStudy\PHPTutorial\WWW\steel\Application\Runtime\Cache\Home\2a94b8bda04ff446dcedd42276fc99ee.php 第 314 行.
NOTIC: [8] Use of undefined constant id - assumed 'id' D:\phpStudy\PHPTutorial\WWW\steel\Application\Runtime\Cache\Home\2a94b8bda04ff446dcedd42276fc99ee.php 第 314 行.
NOTIC: [8] Use of undefined constant id - assumed 'id' D:\phpStudy\PHPTutorial\WWW\steel\Application\Runtime\Cache\Home\2a94b8bda04ff446dcedd42276fc99ee.php 第 314 行.
NOTIC: [8] Use of undefined constant id - assumed 'id' D:\phpStudy\PHPTutorial\WWW\steel\Application\Runtime\Cache\Home\2a94b8bda04ff446dcedd42276fc99ee.php 第 314 行.
NOTIC: [8] Use of undefined constant id - assumed 'id' D:\phpStudy\PHPTutorial\WWW\steel\Application\Runtime\Cache\Home\2a94b8bda04ff446dcedd42276fc99ee.php 第 314 行.
NOTIC: [8] Use of undefined constant id - assumed 'id' D:\phpStudy\PHPTutorial\WWW\steel\Application\Runtime\Cache\Home\2a94b8bda04ff446dcedd42276fc99ee.php 第 314 行.
NOTIC: [8] Use of undefined constant id - assumed 'id' D:\phpStudy\PHPTutorial\WWW\steel\Application\Runtime\Cache\Home\2a94b8bda04ff446dcedd42276fc99ee.php 第 314 行.
INFO: Run Behavior\ParseTemplateBehavior [ RunTime:0.030866s ]
INFO: [ view_parse ] --END-- [ RunTime:0.030955s ]
INFO: [ view_filter ] --START--
INFO: Run Behavior\WriteHtmlCacheBehavior [ RunTime:0.000928s ]
INFO: [ view_filter ] --END-- [ RunTime:0.000986s ]
INFO: [ app_end ] --START--
INFO: Run Behavior\ShowPageTraceBehavior [ RunTime:0.001300s ]
INFO: [ app_end ] --END-- [ RunTime:0.001379s ]

[ 2018-11-10T22:49:32+08:00 ] 127.0.0.1 /steel/index.php/Home/Content/disNews/id/65.html
INFO: [ app_init ] --START--
INFO: Run Behavior\BuildLiteBehavior [ RunTime:0.000019s ]
INFO: [ app_init ] --END-- [ RunTime:0.000888s ]
INFO: [ app_begin ] --START--
INFO: Run Behavior\ReadHtmlCacheBehavior [ RunTime:0.001727s ]
INFO: [ app_begin ] --END-- [ RunTime:0.001849s ]
SQL: SHOW COLUMNS FROM `information` [ RunTime:0.0080s ]
SQL: SHOW COLUMNS FROM `information` [ RunTime:0.0095s ]
SQL: SELECT * FROM `information` LIMIT 1   [ RunTime:0.0007s ]
SQL: SHOW COLUMNS FROM `article` [ RunTime:0.0080s ]
SQL: SHOW COLUMNS FROM `photo` [ RunTime:0.0105s ]
NOTIC: [2] Missing argument 1 for Home\Model\ArticleModel::tuijian(), called in D:\phpStudy\PHPTutorial\WWW\steel\Application\Home\Controller\CommonController.class.php on line 22 and defined D:\phpStudy\PHPTutorial\WWW\steel\Application\Home\Model\ArticleModel.class.php 第 12 行.
SQL: SHOW COLUMNS FROM `article` [ RunTime:0.0084s ]
NOTIC: [8] Undefined variable: classification D:\phpStudy\PHPTutorial\WWW\steel\Application\Home\Model\ArticleModel.class.php 第 14 行.
SQL: SELECT * FROM `article` WHERE `classification` LIKE '%%' AND `settop` = 1 ORDER BY id desc LIMIT 4   [ RunTime:0.0010s ]
SQL: SHOW COLUMNS FROM `photo` [ RunTime:0.0064s ]
SQL: SELECT * FROM `photo`  [ RunTime:0.0005s ]
NOTIC: [8] Use of undefined constant id - assumed 'id' D:\phpStudy\PHPTutorial\WWW\steel\Application\Home\Controller\ContentController.class.php 第 61 行.
SQL: SHOW COLUMNS FROM `article` [ RunTime:0.0071s ]
SQL: SELECT * FROM `article` WHERE ( id = 65 ) LIMIT 1   [ RunTime:0.0005s ]
INFO: [ view_parse ] --START--
INFO: [ template_filter ] --START--
INFO: Run Behavior\ContentReplaceBehavior [ RunTime:0.000122s ]
INFO: [ template_filter ] --END-- [ RunTime:0.000189s ]
NOTIC: [8] Undefined offset: 16 D:\phpStudy\PHPTutorial\WWW\steel\Application\Runtime\Cache\Home\3592a5f0b1b964439e69dd2a7828895d.php 第 132 行.
NOTIC: [8] Use of undefined constant id - assumed 'id' D:\phpStudy\PHPTutorial\WWW\steel\Application\Runtime\Cache\Home\3592a5f0b1b964439e69dd2a7828895d.php 第 138 行.
NOTIC: [8] Use of undefined constant id - assumed 'id' D:\phpStudy\PHPTutorial\WWW\steel\Application\Runtime\Cache\Home\3592a5f0b1b964439e69dd2a7828895d.php 第 138 行.
NOTIC: [8] Use of undefined constant id - assumed 'id' D:\phpStudy\PHPTutorial\WWW\steel\Application\Runtime\Cache\Home\3592a5f0b1b964439e69dd2a7828895d.php 第 138 行.
NOTIC: [8] Use of undefined constant id - assumed 'id' D:\phpStudy\PHPTutorial\WWW\steel\Application\Runtime\Cache\Home\3592a5f0b1b964439e69dd2a7828895d.php 第 138 行.
INFO: Run Behavior\ParseTemplateBehavior [ RunTime:0.021290s ]
INFO: [ view_parse ] --END-- [ RunTime:0.021354s ]
INFO: [ view_filter ] --START--
INFO: Run Behavior\WriteHtmlCacheBehavior [ RunTime:0.001059s ]
INFO: [ view_filter ] --END-- [ RunTime:0.001116s ]
INFO: [ app_end ] --START--
INFO: Run Behavior\ShowPageTraceBehavior [ RunTime:0.002105s ]
INFO: [ app_end ] --END-- [ RunTime:0.002209s ]

[ 2018-11-10T22:49:35+08:00 ] 127.0.0.1 /steel/index.php/Home/Content/sousuo.html
INFO: [ app_init ] --START--
INFO: Run Behavior\BuildLiteBehavior [ RunTime:0.000036s ]
INFO: [ app_init ] --END-- [ RunTime:0.001382s ]
INFO: [ app_begin ] --START--
INFO: Run Behavior\ReadHtmlCacheBehavior [ RunTime:0.001413s ]
INFO: [ app_begin ] --END-- [ RunTime:0.001517s ]
SQL: SHOW COLUMNS FROM `information` [ RunTime:0.0103s ]
SQL: SHOW COLUMNS FROM `information` [ RunTime:0.0077s ]
SQL: SELECT * FROM `information` LIMIT 1   [ RunTime:0.0006s ]
SQL: SHOW COLUMNS FROM `article` [ RunTime:0.0086s ]
SQL: SHOW COLUMNS FROM `photo` [ RunTime:0.0068s ]
NOTIC: [2] Missing argument 1 for Home\Model\ArticleModel::tuijian(), called in D:\phpStudy\PHPTutorial\WWW\steel\Application\Home\Controller\CommonController.class.php on line 22 and defined D:\phpStudy\PHPTutorial\WWW\steel\Application\Home\Model\ArticleModel.class.php 第 12 行.
SQL: SHOW COLUMNS FROM `article` [ RunTime:0.0094s ]
NOTIC: [8] Undefined variable: classification D:\phpStudy\PHPTutorial\WWW\steel\Application\Home\Model\ArticleModel.class.php 第 14 行.
SQL: SELECT * FROM `article` WHERE `classification` LIKE '%%' AND `settop` = 1 ORDER BY id desc LIMIT 4   [ RunTime:0.0011s ]
SQL: SHOW COLUMNS FROM `photo` [ RunTime:0.0063s ]
SQL: SELECT * FROM `photo`  [ RunTime:0.0006s ]
SQL: SHOW COLUMNS FROM `article` [ RunTime:0.0081s ]
NOTIC: [8] Use of undefined constant ss - assumed 'ss' D:\phpStudy\PHPTutorial\WWW\steel\Application\Home\Controller\ContentController.class.php 第 124 行.
SQL: SELECT * FROM `article` WHERE ( `title` LIKE '%%' OR `content` LIKE '%%' )  [ RunTime:0.0154s ]
INFO: [ view_parse ] --START--
INFO: [ template_filter ] --START--
INFO: Run Behavior\ContentReplaceBehavior [ RunTime:0.000127s ]
INFO: [ template_filter ] --END-- [ RunTime:0.000189s ]
NOTIC: [8] Use of undefined constant id - assumed 'id' D:\phpStudy\PHPTutorial\WWW\steel\Application\Runtime\Cache\Home\edbeda453b20e41d24f2646c48c27247.php 第 137 行.
NOTIC: [8] Use of undefined constant id - assumed 'id' D:\phpStudy\PHPTutorial\WWW\steel\Application\Runtime\Cache\Home\edbeda453b20e41d24f2646c48c27247.php 第 137 行.
NOTIC: [8] Use of undefined constant id - assumed 'id' D:\phpStudy\PHPTutorial\WWW\steel\Application\Runtime\Cache\Home\edbeda453b20e41d24f2646c48c27247.php 第 137 行.
NOTIC: [8] Use of undefined constant id - assumed 'id' D:\phpStudy\PHPTutorial\WWW\steel\Application\Runtime\Cache\Home\edbeda453b20e41d24f2646c48c27247.php 第 137 行.
NOTIC: [8] Use of undefined constant id - assumed 'id' D:\phpStudy\PHPTutorial\WWW\steel\Application\Runtime\Cache\Home\edbeda453b20e41d24f2646c48c27247.php 第 175 行.
NOTIC: [8] Use of undefined constant id - assumed 'id' D:\phpStudy\PHPTutorial\WWW\steel\Application\Runtime\Cache\Home\edbeda453b20e41d24f2646c48c27247.php 第 175 行.
NOTIC: [8] Use of undefined constant id - assumed 'id' D:\phpStudy\PHPTutorial\WWW\steel\Application\Runtime\Cache\Home\edbeda453b20e41d24f2646c48c27247.php 第 175 行.
NOTIC: [8] Use of undefined constant id - assumed 'id' D:\phpStudy\PHPTutorial\WWW\steel\Application\Runtime\Cache\Home\edbeda453b20e41d24f2646c48c27247.php 第 175 行.
NOTIC: [8] Use of undefined constant id - assumed 'id' D:\phpStudy\PHPTutorial\WWW\steel\Application\Runtime\Cache\Home\edbeda453b20e41d24f2646c48c27247.php 第 175 行.
NOTIC: [8] Use of undefined constant id - assumed 'id' D:\phpStudy\PHPTutorial\WWW\steel\Application\Runtime\Cache\Home\edbeda453b20e41d24f2646c48c27247.php 第 175 行.
NOTIC: [8] Use of undefined constant id - assumed 'id' D:\phpStudy\PHPTutorial\WWW\steel\Application\Runtime\Cache\Home\edbeda453b20e41d24f2646c48c27247.php 第 175 行.
NOTIC: [8] Use of undefined constant id - assumed 'id' D:\phpStudy\PHPTutorial\WWW\steel\Application\Runtime\Cache\Home\edbeda453b20e41d24f2646c48c27247.php 第 175 行.
NOTIC: [8] Use of undefined constant id - assumed 'id' D:\phpStudy\PHPTutorial\WWW\steel\Application\Runtime\Cache\Home\edbeda453b20e41d24f2646c48c27247.php 第 175 行.
NOTIC: [8] Use of undefined constant id - assumed 'id' D:\phpStudy\PHPTutorial\WWW\steel\Application\Runtime\Cache\Home\edbeda453b20e41d24f2646c48c27247.php 第 175 行.
NOTIC: [8] Use of undefined constant id - assumed 'id' D:\phpStudy\PHPTutorial\WWW\steel\Application\Runtime\Cache\Home\edbeda453b20e41d24f2646c48c27247.php 第 175 行.
NOTIC: [8] Use of undefined constant id - assumed 'id' D:\phpStudy\PHPTutorial\WWW\steel\Application\Runtime\Cache\Home\edbeda453b20e41d24f2646c48c27247.php 第 175 行.
NOTIC: [8] Use of undefined constant id - assumed 'id' D:\phpStudy\PHPTutorial\WWW\steel\Application\Runtime\Cache\Home\edbeda453b20e41d24f2646c48c27247.php 第 175 行.
NOTIC: [8] Use of undefined constant id - assumed 'id' D:\phpStudy\PHPTutorial\WWW\steel\Application\Runtime\Cache\Home\edbeda453b20e41d24f2646c48c27247.php 第 175 行.
NOTIC: [8] Use of undefined constant id - assumed 'id' D:\phpStudy\PHPTutorial\WWW\steel\Application\Runtime\Cache\Home\edbeda453b20e41d24f2646c48c27247.php 第 175 行.
NOTIC: [8] Use of undefined constant id - assumed 'id' D:\phpStudy\PHPTutorial\WWW\steel\Application\Runtime\Cache\Home\edbeda453b20e41d24f2646c48c27247.php 第 175 行.
NOTIC: [8] Use of undefined constant id - assumed 'id' D:\phpStudy\PHPTutorial\WWW\steel\Application\Runtime\Cache\Home\edbeda453b20e41d24f2646c48c27247.php 第 175 行.
NOTIC: [8] Use of undefined constant id - assumed 'id' D:\phpStudy\PHPTutorial\WWW\steel\Application\Runtime\Cache\Home\edbeda453b20e41d24f2646c48c27247.php 第 175 行.
NOTIC: [8] Use of undefined constant id - assumed 'id' D:\phpStudy\PHPTutorial\WWW\steel\Application\Runtime\Cache\Home\edbeda453b20e41d24f2646c48c27247.php 第 175 行.
NOTIC: [8] Use of undefined constant id - assumed 'id' D:\phpStudy\PHPTutorial\WWW\steel\Application\Runtime\Cache\Home\edbeda453b20e41d24f2646c48c27247.php 第 175 行.
NOTIC: [8] Use of undefined constant id - assumed 'id' D:\phpStudy\PHPTutorial\WWW\steel\Application\Runtime\Cache\Home\edbeda453b20e41d24f2646c48c27247.php 第 175 行.
NOTIC: [8] Use of undefined constant id - assumed 'id' D:\phpStudy\PHPTutorial\WWW\steel\Application\Runtime\Cache\Home\edbeda453b20e41d24f2646c48c27247.php 第 175 行.
NOTIC: [8] Use of undefined constant id - assumed 'id' D:\phpStudy\PHPTutorial\WWW\steel\Application\Runtime\Cache\Home\edbeda453b20e41d24f2646c48c27247.php 第 175 行.
NOTIC: [8] Use of undefined constant id - assumed 'id' D:\phpStudy\PHPTutorial\WWW\steel\Application\Runtime\Cache\Home\edbeda453b20e41d24f2646c48c27247.php 第 175 行.
NOTIC: [8] Use of undefined constant id - assumed 'id' D:\phpStudy\PHPTutorial\WWW\steel\Application\Runtime\Cache\Home\edbeda453b20e41d24f2646c48c27247.php 第 175 行.
NOTIC: [8] Use of undefined constant id - assumed 'id' D:\phpStudy\PHPTutorial\WWW\steel\Application\Runtime\Cache\Home\edbeda453b20e41d24f2646c48c27247.php 第 175 行.
NOTIC: [8] Use of undefined constant id - assumed 'id' D:\phpStudy\PHPTutorial\WWW\steel\Application\Runtime\Cache\Home\edbeda453b20e41d24f2646c48c27247.php 第 175 行.
NOTIC: [8] Use of undefined constant id - assumed 'id' D:\phpStudy\PHPTutorial\WWW\steel\Application\Runtime\Cache\Home\edbeda453b20e41d24f2646c48c27247.php 第 175 行.
NOTIC: [8] Use of undefined constant id - assumed 'id' D:\phpStudy\PHPTutorial\WWW\steel\Application\Runtime\Cache\Home\edbeda453b20e41d24f2646c48c27247.php 第 175 行.
NOTIC: [8] Use of undefined constant id - assumed 'id' D:\phpStudy\PHPTutorial\WWW\steel\Application\Runtime\Cache\Home\edbeda453b20e41d24f2646c48c27247.php 第 175 行.
NOTIC: [8] Use of undefined constant id - assumed 'id' D:\phpStudy\PHPTutorial\WWW\steel\Application\Runtime\Cache\Home\edbeda453b20e41d24f2646c48c27247.php 第 175 行.
NOTIC: [8] Use of undefined constant id - assumed 'id' D:\phpStudy\PHPTutorial\WWW\steel\Application\Runtime\Cache\Home\edbeda453b20e41d24f2646c48c27247.php 第 175 行.
NOTIC: [8] Use of undefined constant id - assumed 'id' D:\phpStudy\PHPTutorial\WWW\steel\Application\Runtime\Cache\Home\edbeda453b20e41d24f2646c48c27247.php 第 175 行.
NOTIC: [8] Use of undefined constant id - assumed 'id' D:\phpStudy\PHPTutorial\WWW\steel\Application\Runtime\Cache\Home\edbeda453b20e41d24f2646c48c27247.php 第 175 行.
NOTIC: [8] Use of undefined constant id - assumed 'id' D:\phpStudy\PHPTutorial\WWW\steel\Application\Runtime\Cache\Home\edbeda453b20e41d24f2646c48c27247.php 第 175 行.
NOTIC: [8] Use of undefined constant id - assumed 'id' D:\phpStudy\PHPTutorial\WWW\steel\Application\Runtime\Cache\Home\edbeda453b20e41d24f2646c48c27247.php 第 175 行.
NOTIC: [8] Use of undefined constant id - assumed 'id' D:\phpStudy\PHPTutorial\WWW\steel\Application\Runtime\Cache\Home\edbeda453b20e41d24f2646c48c27247.php 第 175 行.
NOTIC: [8] Use of undefined constant id - assumed 'id' D:\phpStudy\PHPTutorial\WWW\steel\Application\Runtime\Cache\Home\edbeda453b20e41d24f2646c48c27247.php 第 175 行.
NOTIC: [8] Use of undefined constant id - assumed 'id' D:\phpStudy\PHPTutorial\WWW\steel\Application\Runtime\Cache\Home\edbeda453b20e41d24f2646c48c27247.php 第 175 行.
NOTIC: [8] Use of undefined constant id - assumed 'id' D:\phpStudy\PHPTutorial\WWW\steel\Application\Runtime\Cache\Home\edbeda453b20e41d24f2646c48c27247.php 第 175 行.
NOTIC: [8] Use of undefined constant id - assumed 'id' D:\phpStudy\PHPTutorial\WWW\steel\Application\Runtime\Cache\Home\edbeda453b20e41d24f2646c48c27247.php 第 175 行.
NOTIC: [8] Use of undefined constant id - assumed 'id' D:\phpStudy\PHPTutorial\WWW\steel\Application\Runtime\Cache\Home\edbeda453b20e41d24f2646c48c27247.php 第 175 行.
NOTIC: [8] Use of undefined constant id - assumed 'id' D:\phpStudy\PHPTutorial\WWW\steel\Application\Runtime\Cache\Home\edbeda453b20e41d24f2646c48c27247.php 第 175 行.
NOTIC: [8] Use of undefined constant id - assumed 'id' D:\phpStudy\PHPTutorial\WWW\steel\Application\Runtime\Cache\Home\edbeda453b20e41d24f2646c48c27247.php 第 175 行.
NOTIC: [8] Use of undefined constant id - assumed 'id' D:\phpStudy\PHPTutorial\WWW\steel\Application\Runtime\Cache\Home\edbeda453b20e41d24f2646c48c27247.php 第 175 行.
NOTIC: [8] Use of undefined constant id - assumed 'id' D:\phpStudy\PHPTutorial\WWW\steel\Application\Runtime\Cache\Home\edbeda453b20e41d24f2646c48c27247.php 第 175 行.
NOTIC: [8] Use of undefined constant id - assumed 'id' D:\phpStudy\PHPTutorial\WWW\steel\Application\Runtime\Cache\Home\edbeda453b20e41d24f2646c48c27247.php 第 175 行.
NOTIC: [8] Use of undefined constant id - assumed 'id' D:\phpStudy\PHPTutorial\WWW\steel\Application\Runtime\Cache\Home\edbeda453b20e41d24f2646c48c27247.php 第 175 行.
NOTIC: [8] Use of undefined constant id - assumed 'id' D:\phpStudy\PHPTutorial\WWW\steel\Application\Runtime\Cache\Home\edbeda453b20e41d24f2646c48c27247.php 第 175 行.
NOTIC: [8] Use of undefined constant id - assumed 'id' D:\phpStudy\PHPTutorial\WWW\steel\Application\Runtime\Cache\Home\edbeda453b20e41d24f2646c48c27247.php 第 175 行.
NOTIC: [8] Use of undefined constant id - assumed 'id' D:\phpStudy\PHPTutorial\WWW\steel\Application\Runtime\Cache\Home\edbeda453b20e41d24f2646c48c27247.php 第 175 行.
NOTIC: [8] Use of undefined constant id - assumed 'id' D:\phpStudy\PHPTutorial\WWW\steel\Application\Runtime\Cache\Home\edbeda453b20e41d24f2646c48c27247.php 第 175 行.
NOTIC: [8] Use of undefined constant id - assumed 'id' D:\phpStudy\PHPTutorial\WWW\steel\Application\Runtime\Cache\Home\edbeda453b20e41d24f2646c48c27247.php 第 175 行.
NOTIC: [8] Use of undefined constant id - assumed 'id' D:\phpStudy\PHPTutorial\WWW\steel\Application\Runtime\Cache\Home\edbeda453b20e41d24f2646c48c27247.php 第 175 行.
NOTIC: [8] Use of undefined constant id - assumed 'id' D:\phpStudy\PHPTutorial\WWW\steel\Application\Runtime\Cache\Home\edbeda453b20e41d24f2646c48c27247.php 第 175 行.
NOTIC: [8] Use of undefined constant id - assumed 'id' D:\phpStudy\PHPTutorial\WWW\steel\Application\Runtime\Cache\Home\edbeda453b20e41d24f2646c48c27247.php 第 175 行.
NOTIC: [8] Use of undefined constant id - assumed 'id' D:\phpStudy\PHPTutorial\WWW\steel\Application\Runtime\Cache\Home\edbeda453b20e41d24f2646c48c27247.php 第 175 行.
NOTIC: [8] Use of undefined constant id - assumed 'id' D:\phpStudy\PHPTutorial\WWW\steel\Application\Runtime\Cache\Home\edbeda453b20e41d24f2646c48c27247.php 第 175 行.
NOTIC: [8] Use of undefined constant id - assumed 'id' D:\phpStudy\PHPTutorial\WWW\steel\Application\Runtime\Cache\Home\edbeda453b20e41d24f2646c48c27247.php 第 175 行.
NOTIC: [8] Use of undefined constant id - assumed 'id' D:\phpStudy\PHPTutorial\WWW\steel\Application\Runtime\Cache\Home\edbeda453b20e41d24f2646c48c27247.php 第 175 行.
NOTIC: [8] Use of undefined constant id - assumed 'id' D:\phpStudy\PHPTutorial\WWW\steel\Application\Runtime\Cache\Home\edbeda453b20e41d24f2646c48c27247.php 第 175 行.
NOTIC: [8] Use of undefined constant id - assumed 'id' D:\phpStudy\PHPTutorial\WWW\steel\Application\Runtime\Cache\Home\edbeda453b20e41d24f2646c48c27247.php 第 175 行.
NOTIC: [8] Use of undefined constant id - assumed 'id' D:\phpStudy\PHPTutorial\WWW\steel\Application\Runtime\Cache\Home\edbeda453b20e41d24f2646c48c27247.php 第 175 行.
NOTIC: [8] Use of undefined constant id - assumed 'id' D:\phpStudy\PHPTutorial\WWW\steel\Application\Runtime\Cache\Home\edbeda453b20e41d24f2646c48c27247.php 第 175 行.
NOTIC: [8] Use of undefined constant id - assumed 'id' D:\phpStudy\PHPTutorial\WWW\steel\Application\Runtime\Cache\Home\edbeda453b20e41d24f2646c48c27247.php 第 175 行.
NOTIC: [8] Use of undefined constant id - assumed 'id' D:\phpStudy\PHPTutorial\WWW\steel\Application\Runtime\Cache\Home\edbeda453b20e41d24f2646c48c27247.php 第 175 行.
NOTIC: [8] Use of undefined constant id - assumed 'id' D:\phpStudy\PHPTutorial\WWW\steel\Application\Runtime\Cache\Home\edbeda453b20e41d24f2646c48c27247.php 第 175 行.
NOTIC: [8] Use of undefined constant id - assumed 'id' D:\phpStudy\PHPTutorial\WWW\steel\Application\Runtime\Cache\Home\edbeda453b20e41d24f2646c48c27247.php 第 175 行.
NOTIC: [8] Use of undefined constant id - assumed 'id' D:\phpStudy\PHPTutorial\WWW\steel\Application\Runtime\Cache\Home\edbeda453b20e41d24f2646c48c27247.php 第 175 行.
NOTIC: [8] Use of undefined constant id - assumed 'id' D:\phpStudy\PHPTutorial\WWW\steel\Application\Runtime\Cache\Home\edbeda453b20e41d24f2646c48c27247.php 第 175 行.
NOTIC: [8] Use of undefined constant id - assumed 'id' D:\phpStudy\PHPTutorial\WWW\steel\Application\Runtime\Cache\Home\edbeda453b20e41d24f2646c48c27247.php 第 175 行.
NOTIC: [8] Use of undefined constant id - assumed 'id' D:\phpStudy\PHPTutorial\WWW\steel\Application\Runtime\Cache\Home\edbeda453b20e41d24f2646c48c27247.php 第 175 行.
NOTIC: [8] Use of undefined constant id - assumed 'id' D:\phpStudy\PHPTutorial\WWW\steel\Application\Runtime\Cache\Home\edbeda453b20e41d24f2646c48c27247.php 第 175 行.
NOTIC: [8] Use of undefined constant id - assumed 'id' D:\phpStudy\PHPTutorial\WWW\steel\Application\Runtime\Cache\Home\edbeda453b20e41d24f2646c48c27247.php 第 175 行.
NOTIC: [8] Use of undefined constant id - assumed 'id' D:\phpStudy\PHPTutorial\WWW\steel\Application\Runtime\Cache\Home\edbeda453b20e41d24f2646c48c27247.php 第 175 行.
NOTIC: [8] Use of undefined constant id - assumed 'id' D:\phpStudy\PHPTutorial\WWW\steel\Application\Runtime\Cache\Home\edbeda453b20e41d24f2646c48c27247.php 第 175 行.
NOTIC: [8] Use of undefined constant id - assumed 'id' D:\phpStudy\PHPTutorial\WWW\steel\Application\Runtime\Cache\Home\edbeda453b20e41d24f2646c48c27247.php 第 175 行.
NOTIC: [8] Use of undefined constant id - assumed 'id' D:\phpStudy\PHPTutorial\WWW\steel\Application\Runtime\Cache\Home\edbeda453b20e41d24f2646c48c27247.php 第 175 行.
NOTIC: [8] Use of undefined constant id - assumed 'id' D:\phpStudy\PHPTutorial\WWW\steel\Application\Runtime\Cache\Home\edbeda453b20e41d24f2646c48c27247.php 第 175 行.
NOTIC: [8] Use of undefined constant id - assumed 'id' D:\phpStudy\PHPTutorial\WWW\steel\Application\Runtime\Cache\Home\edbeda453b20e41d24f2646c48c27247.php 第 175 行.
NOTIC: [8] Use of undefined constant id - assumed 'id' D:\phpStudy\PHPTutorial\WWW\steel\Application\Runtime\Cache\Home\edbeda453b20e41d24f2646c48c27247.php 第 175 行.
NOTIC: [8] Undefined variable: page D:\phpStudy\PHPTutorial\WWW\steel\Application\Runtime\Cache\Home\edbeda453b20e41d24f2646c48c27247.php 第 178 行.
INFO: Run Behavior\ParseTemplateBehavior [ RunTime:0.026988s ]
INFO: [ view_parse ] --END-- [ RunTime:0.027067s ]
INFO: [ view_filter ] --START--
INFO: Run Behavior\WriteHtmlCacheBehavior [ RunTime:0.001003s ]
INFO: [ view_filter ] --END-- [ RunTime:0.001057s ]
INFO: [ app_end ] --START--
INFO: Run Behavior\ShowPageTraceBehavior [ RunTime:0.002438s ]
INFO: [ app_end ] --END-- [ RunTime:0.002549s ]

