[ 2018-11-22T00:59:21+08:00 ] 51.68.154.199 /
INFO: [ app_init ] --START--
INFO: Run Behavior\BuildLiteBehavior [ RunTime:0.000014s ]
INFO: [ app_init ] --END-- [ RunTime:0.000386s ]
INFO: [ app_begin ] --START--
INFO: Run Behavior\ReadHtmlCacheBehavior [ RunTime:0.000503s ]
INFO: [ app_begin ] --END-- [ RunTime:0.000555s ]
SQL: SHOW COLUMNS FROM `information` [ RunTime:0.0015s ]
SQL: SHOW COLUMNS FROM `information` [ RunTime:0.0007s ]
SQL: SELECT * FROM `information` LIMIT 1   [ RunTime:0.0003s ]
SQL: SHOW COLUMNS FROM `article` [ RunTime:0.0006s ]
SQL: SHOW COLUMNS FROM `photo` [ RunTime:0.0006s ]
NOTIC: [2] Missing argument 1 for Home\Model\ArticleModel::tuijian(), called in /home/wwwroot/steel/Application/Home/Controller/CommonController.class.php on line 22 and defined /home/wwwroot/steel/Application/Home/Model/ArticleModel.class.php 第 12 行.
SQL: SHOW COLUMNS FROM `article` [ RunTime:0.0005s ]
NOTIC: [8] Undefined variable: classification /home/wwwroot/steel/Application/Home/Model/ArticleModel.class.php 第 14 行.
SQL: SELECT * FROM `article` WHERE `classification` LIKE '%%' AND `settop` = 1 ORDER BY id desc LIMIT 4   [ RunTime:0.0004s ]
SQL: SHOW COLUMNS FROM `photo` [ RunTime:0.0005s ]
SQL: SELECT * FROM `photo`  [ RunTime:0.0003s ]
SQL: SHOW COLUMNS FROM `picture` [ RunTime:0.0006s ]
SQL: SHOW COLUMNS FROM `article` [ RunTime:0.0005s ]
SQL: SHOW COLUMNS FROM `picture` [ RunTime:0.0005s ]
SQL: SELECT * FROM `picture` WHERE ( fenlei = 1 ) LIMIT 4   [ RunTime:0.0002s ]
SQL: SELECT * FROM `picture` WHERE ( fenlei = 2 ) LIMIT 4   [ RunTime:0.0002s ]
SQL: SELECT * FROM `picture` WHERE ( fenlei = 3 ) LIMIT 4   [ RunTime:0.0002s ]
SQL: SELECT * FROM `picture` WHERE ( fenlei = 4 ) LIMIT 4   [ RunTime:0.0002s ]
SQL: SELECT * FROM `picture` WHERE ( fenlei = 5 ) LIMIT 4   [ RunTime:0.0002s ]
SQL: SELECT * FROM `picture` WHERE ( fenlei = 6 ) LIMIT 4   [ RunTime:0.0002s ]
NOTIC: [2] Missing argument 1 for Home\Model\ArticleModel::selnews(), called in /home/wwwroot/steel/Application/Home/Controller/IndexController.class.php on line 18 and defined /home/wwwroot/steel/Application/Home/Model/ArticleModel.class.php 第 25 行.
NOTIC: [8] Undefined variable: classification /home/wwwroot/steel/Application/Home/Model/ArticleModel.class.php 第 27 行.
SQL: SELECT * FROM `article` WHERE `classification` LIKE '%%' ORDER BY id desc LIMIT 10   [ RunTime:0.0003s ]
SQL: SELECT * FROM `article` WHERE `classification` LIKE '%6%' ORDER BY id desc LIMIT 10   [ RunTime:0.0003s ]
SQL: SELECT * FROM `article` WHERE `classification` LIKE '%7%' ORDER BY id desc LIMIT 10   [ RunTime:0.0003s ]
INFO: [ view_parse ] --START--
INFO: [ template_filter ] --START--
INFO: Run Behavior\ContentReplaceBehavior [ RunTime:0.000178s ]
INFO: [ template_filter ] --END-- [ RunTime:0.000240s ]
NOTIC: [8] Undefined offset: 40 /home/wwwroot/steel/Application/Runtime/Cache/Home/2a94b8bda04ff446dcedd42276fc99ee.php 第 388 行.
NOTIC: [8] Use of undefined constant id - assumed 'id' /home/wwwroot/steel/Application/Runtime/Cache/Home/2a94b8bda04ff446dcedd42276fc99ee.php 第 404 行.
NOTIC: [8] Use of undefined constant id - assumed 'id' /home/wwwroot/steel/Application/Runtime/Cache/Home/2a94b8bda04ff446dcedd42276fc99ee.php 第 404 行.
NOTIC: [8] Use of undefined constant id - assumed 'id' /home/wwwroot/steel/Application/Runtime/Cache/Home/2a94b8bda04ff446dcedd42276fc99ee.php 第 404 行.
NOTIC: [8] Use of undefined constant id - assumed 'id' /home/wwwroot/steel/Application/Runtime/Cache/Home/2a94b8bda04ff446dcedd42276fc99ee.php 第 404 行.
NOTIC: [8] Use of undefined constant id - assumed 'id' /home/wwwroot/steel/Application/Runtime/Cache/Home/2a94b8bda04ff446dcedd42276fc99ee.php 第 404 行.
NOTIC: [8] Use of undefined constant id - assumed 'id' /home/wwwroot/steel/Application/Runtime/Cache/Home/2a94b8bda04ff446dcedd42276fc99ee.php 第 404 行.
NOTIC: [8] Use of undefined constant id - assumed 'id' /home/wwwroot/steel/Application/Runtime/Cache/Home/2a94b8bda04ff446dcedd42276fc99ee.php 第 404 行.
NOTIC: [8] Use of undefined constant id - assumed 'id' /home/wwwroot/steel/Application/Runtime/Cache/Home/2a94b8bda04ff446dcedd42276fc99ee.php 第 404 行.
NOTIC: [8] Use of undefined constant id - assumed 'id' /home/wwwroot/steel/Application/Runtime/Cache/Home/2a94b8bda04ff446dcedd42276fc99ee.php 第 404 行.
NOTIC: [8] Use of undefined constant id - assumed 'id' /home/wwwroot/steel/Application/Runtime/Cache/Home/2a94b8bda04ff446dcedd42276fc99ee.php 第 404 行.
NOTIC: [8] Use of undefined constant id - assumed 'id' /home/wwwroot/steel/Application/Runtime/Cache/Home/2a94b8bda04ff446dcedd42276fc99ee.php 第 415 行.
INFO: Run Behavior\ParseTemplateBehavior [ RunTime:0.026722s ]
INFO: [ view_parse ] --END-- [ RunTime:0.026775s ]
INFO: [ view_filter ] --START--
INFO: Run Behavior\WriteHtmlCacheBehavior [ RunTime:0.000240s ]
INFO: [ view_filter ] --END-- [ RunTime:0.000289s ]
INFO: [ app_end ] --START--
INFO: Run Behavior\ShowPageTraceBehavior [ RunTime:0.000574s ]
INFO: [ app_end ] --END-- [ RunTime:0.000632s ]

[ 2018-11-22T03:58:08+08:00 ] 138.246.253.5 /
INFO: [ app_init ] --START--
INFO: Run Behavior\BuildLiteBehavior [ RunTime:0.000015s ]
INFO: [ app_init ] --END-- [ RunTime:0.000373s ]
INFO: [ app_begin ] --START--
INFO: Run Behavior\ReadHtmlCacheBehavior [ RunTime:0.000481s ]
INFO: [ app_begin ] --END-- [ RunTime:0.000609s ]
SQL: SHOW COLUMNS FROM `information` [ RunTime:0.0011s ]
SQL: SHOW COLUMNS FROM `information` [ RunTime:0.0007s ]
SQL: SELECT * FROM `information` LIMIT 1   [ RunTime:0.0004s ]
SQL: SHOW COLUMNS FROM `article` [ RunTime:0.0006s ]
SQL: SHOW COLUMNS FROM `photo` [ RunTime:0.0005s ]
NOTIC: [2] Missing argument 1 for Home\Model\ArticleModel::tuijian(), called in /home/wwwroot/steel/Application/Home/Controller/CommonController.class.php on line 22 and defined /home/wwwroot/steel/Application/Home/Model/ArticleModel.class.php 第 12 行.
SQL: SHOW COLUMNS FROM `article` [ RunTime:0.0005s ]
NOTIC: [8] Undefined variable: classification /home/wwwroot/steel/Application/Home/Model/ArticleModel.class.php 第 14 行.
SQL: SELECT * FROM `article` WHERE `classification` LIKE '%%' AND `settop` = 1 ORDER BY id desc LIMIT 4   [ RunTime:0.0004s ]
SQL: SHOW COLUMNS FROM `photo` [ RunTime:0.0005s ]
SQL: SELECT * FROM `photo`  [ RunTime:0.0003s ]
SQL: SHOW COLUMNS FROM `picture` [ RunTime:0.0005s ]
SQL: SHOW COLUMNS FROM `article` [ RunTime:0.0005s ]
SQL: SHOW COLUMNS FROM `picture` [ RunTime:0.0005s ]
SQL: SELECT * FROM `picture` WHERE ( fenlei = 1 ) LIMIT 4   [ RunTime:0.0003s ]
SQL: SELECT * FROM `picture` WHERE ( fenlei = 2 ) LIMIT 4   [ RunTime:0.0002s ]
SQL: SELECT * FROM `picture` WHERE ( fenlei = 3 ) LIMIT 4   [ RunTime:0.0002s ]
SQL: SELECT * FROM `picture` WHERE ( fenlei = 4 ) LIMIT 4   [ RunTime:0.0002s ]
SQL: SELECT * FROM `picture` WHERE ( fenlei = 5 ) LIMIT 4   [ RunTime:0.0002s ]
SQL: SELECT * FROM `picture` WHERE ( fenlei = 6 ) LIMIT 4   [ RunTime:0.0002s ]
NOTIC: [2] Missing argument 1 for Home\Model\ArticleModel::selnews(), called in /home/wwwroot/steel/Application/Home/Controller/IndexController.class.php on line 18 and defined /home/wwwroot/steel/Application/Home/Model/ArticleModel.class.php 第 25 行.
NOTIC: [8] Undefined variable: classification /home/wwwroot/steel/Application/Home/Model/ArticleModel.class.php 第 27 行.
SQL: SELECT * FROM `article` WHERE `classification` LIKE '%%' ORDER BY id desc LIMIT 10   [ RunTime:0.0003s ]
SQL: SELECT * FROM `article` WHERE `classification` LIKE '%6%' ORDER BY id desc LIMIT 10   [ RunTime:0.0003s ]
SQL: SELECT * FROM `article` WHERE `classification` LIKE '%7%' ORDER BY id desc LIMIT 10   [ RunTime:0.0003s ]
INFO: [ view_parse ] --START--
INFO: [ template_filter ] --START--
INFO: Run Behavior\ContentReplaceBehavior [ RunTime:0.000179s ]
INFO: [ template_filter ] --END-- [ RunTime:0.000237s ]
NOTIC: [8] Undefined offset: 40 /home/wwwroot/steel/Application/Runtime/Cache/Home/2a94b8bda04ff446dcedd42276fc99ee.php 第 388 行.
NOTIC: [8] Use of undefined constant id - assumed 'id' /home/wwwroot/steel/Application/Runtime/Cache/Home/2a94b8bda04ff446dcedd42276fc99ee.php 第 404 行.
NOTIC: [8] Use of undefined constant id - assumed 'id' /home/wwwroot/steel/Application/Runtime/Cache/Home/2a94b8bda04ff446dcedd42276fc99ee.php 第 404 行.
NOTIC: [8] Use of undefined constant id - assumed 'id' /home/wwwroot/steel/Application/Runtime/Cache/Home/2a94b8bda04ff446dcedd42276fc99ee.php 第 404 行.
NOTIC: [8] Use of undefined constant id - assumed 'id' /home/wwwroot/steel/Application/Runtime/Cache/Home/2a94b8bda04ff446dcedd42276fc99ee.php 第 404 行.
NOTIC: [8] Use of undefined constant id - assumed 'id' /home/wwwroot/steel/Application/Runtime/Cache/Home/2a94b8bda04ff446dcedd42276fc99ee.php 第 404 行.
NOTIC: [8] Use of undefined constant id - assumed 'id' /home/wwwroot/steel/Application/Runtime/Cache/Home/2a94b8bda04ff446dcedd42276fc99ee.php 第 404 行.
NOTIC: [8] Use of undefined constant id - assumed 'id' /home/wwwroot/steel/Application/Runtime/Cache/Home/2a94b8bda04ff446dcedd42276fc99ee.php 第 404 行.
NOTIC: [8] Use of undefined constant id - assumed 'id' /home/wwwroot/steel/Application/Runtime/Cache/Home/2a94b8bda04ff446dcedd42276fc99ee.php 第 404 行.
NOTIC: [8] Use of undefined constant id - assumed 'id' /home/wwwroot/steel/Application/Runtime/Cache/Home/2a94b8bda04ff446dcedd42276fc99ee.php 第 404 行.
NOTIC: [8] Use of undefined constant id - assumed 'id' /home/wwwroot/steel/Application/Runtime/Cache/Home/2a94b8bda04ff446dcedd42276fc99ee.php 第 404 行.
NOTIC: [8] Use of undefined constant id - assumed 'id' /home/wwwroot/steel/Application/Runtime/Cache/Home/2a94b8bda04ff446dcedd42276fc99ee.php 第 415 行.
INFO: Run Behavior\ParseTemplateBehavior [ RunTime:0.028394s ]
INFO: [ view_parse ] --END-- [ RunTime:0.028445s ]
INFO: [ view_filter ] --START--
INFO: Run Behavior\WriteHtmlCacheBehavior [ RunTime:0.000221s ]
INFO: [ view_filter ] --END-- [ RunTime:0.000273s ]
INFO: 
INFO: 
INFO: 

[ 2018-11-22T15:44:18+08:00 ] 47.92.155.0 /
INFO: [ app_init ] --START--
INFO: Run Behavior\BuildLiteBehavior [ RunTime:0.000015s ]
INFO: [ app_init ] --END-- [ RunTime:0.000830s ]
INFO: [ app_begin ] --START--
INFO: Run Behavior\ReadHtmlCacheBehavior [ RunTime:0.001752s ]
INFO: [ app_begin ] --END-- [ RunTime:0.001811s ]
SQL: SHOW COLUMNS FROM `information` [ RunTime:0.0095s ]
SQL: SHOW COLUMNS FROM `information` [ RunTime:0.0007s ]
SQL: SELECT * FROM `information` LIMIT 1   [ RunTime:0.0010s ]
SQL: SHOW COLUMNS FROM `article` [ RunTime:0.0013s ]
SQL: SHOW COLUMNS FROM `photo` [ RunTime:0.0027s ]
NOTIC: [2] Missing argument 1 for Home\Model\ArticleModel::tuijian(), called in /home/wwwroot/steel/Application/Home/Controller/CommonController.class.php on line 22 and defined /home/wwwroot/steel/Application/Home/Model/ArticleModel.class.php 第 12 行.
SQL: SHOW COLUMNS FROM `article` [ RunTime:0.0006s ]
NOTIC: [8] Undefined variable: classification /home/wwwroot/steel/Application/Home/Model/ArticleModel.class.php 第 14 行.
SQL: SELECT * FROM `article` WHERE `classification` LIKE '%%' AND `settop` = 1 ORDER BY id desc LIMIT 4   [ RunTime:0.0021s ]
SQL: SHOW COLUMNS FROM `photo` [ RunTime:0.0005s ]
SQL: SELECT * FROM `photo`  [ RunTime:0.0006s ]
SQL: SHOW COLUMNS FROM `picture` [ RunTime:0.0010s ]
SQL: SHOW COLUMNS FROM `article` [ RunTime:0.0006s ]
SQL: SHOW COLUMNS FROM `picture` [ RunTime:0.0005s ]
SQL: SELECT * FROM `picture` WHERE ( fenlei = 1 ) LIMIT 4   [ RunTime:0.0007s ]
SQL: SELECT * FROM `picture` WHERE ( fenlei = 2 ) LIMIT 4   [ RunTime:0.0002s ]
SQL: SELECT * FROM `picture` WHERE ( fenlei = 3 ) LIMIT 4   [ RunTime:0.0002s ]
SQL: SELECT * FROM `picture` WHERE ( fenlei = 4 ) LIMIT 4   [ RunTime:0.0002s ]
SQL: SELECT * FROM `picture` WHERE ( fenlei = 5 ) LIMIT 4   [ RunTime:0.0002s ]
SQL: SELECT * FROM `picture` WHERE ( fenlei = 6 ) LIMIT 4   [ RunTime:0.0002s ]
NOTIC: [2] Missing argument 1 for Home\Model\ArticleModel::selnews(), called in /home/wwwroot/steel/Application/Home/Controller/IndexController.class.php on line 18 and defined /home/wwwroot/steel/Application/Home/Model/ArticleModel.class.php 第 25 行.
NOTIC: [8] Undefined variable: classification /home/wwwroot/steel/Application/Home/Model/ArticleModel.class.php 第 27 行.
SQL: SELECT * FROM `article` WHERE `classification` LIKE '%%' ORDER BY id desc LIMIT 10   [ RunTime:0.0003s ]
SQL: SELECT * FROM `article` WHERE `classification` LIKE '%6%' ORDER BY id desc LIMIT 10   [ RunTime:0.0003s ]
SQL: SELECT * FROM `article` WHERE `classification` LIKE '%7%' ORDER BY id desc LIMIT 10   [ RunTime:0.0003s ]
INFO: [ view_parse ] --START--
INFO: [ template_filter ] --START--
INFO: Run Behavior\ContentReplaceBehavior [ RunTime:0.001207s ]
INFO: [ template_filter ] --END-- [ RunTime:0.001286s ]
NOTIC: [8] Use of undefined constant id - assumed 'id' /home/wwwroot/steel/Application/Runtime/Cache/Home/da2245feab9f58b4dceab1f100adff9d.php 第 173 行.
NOTIC: [8] Use of undefined constant id - assumed 'id' /home/wwwroot/steel/Application/Runtime/Cache/Home/da2245feab9f58b4dceab1f100adff9d.php 第 173 行.
NOTIC: [8] Use of undefined constant id - assumed 'id' /home/wwwroot/steel/Application/Runtime/Cache/Home/da2245feab9f58b4dceab1f100adff9d.php 第 173 行.
NOTIC: [8] Use of undefined constant id - assumed 'id' /home/wwwroot/steel/Application/Runtime/Cache/Home/da2245feab9f58b4dceab1f100adff9d.php 第 173 行.
NOTIC: [8] Use of undefined constant id - assumed 'id' /home/wwwroot/steel/Application/Runtime/Cache/Home/da2245feab9f58b4dceab1f100adff9d.php 第 173 行.
NOTIC: [8] Use of undefined constant id - assumed 'id' /home/wwwroot/steel/Application/Runtime/Cache/Home/da2245feab9f58b4dceab1f100adff9d.php 第 173 行.
NOTIC: [8] Use of undefined constant id - assumed 'id' /home/wwwroot/steel/Application/Runtime/Cache/Home/da2245feab9f58b4dceab1f100adff9d.php 第 173 行.
NOTIC: [8] Use of undefined constant id - assumed 'id' /home/wwwroot/steel/Application/Runtime/Cache/Home/da2245feab9f58b4dceab1f100adff9d.php 第 173 行.
NOTIC: [8] Use of undefined constant id - assumed 'id' /home/wwwroot/steel/Application/Runtime/Cache/Home/da2245feab9f58b4dceab1f100adff9d.php 第 173 行.
NOTIC: [8] Use of undefined constant id - assumed 'id' /home/wwwroot/steel/Application/Runtime/Cache/Home/da2245feab9f58b4dceab1f100adff9d.php 第 173 行.
INFO: Run Behavior\ParseTemplateBehavior [ RunTime:0.031877s ]
INFO: [ view_parse ] --END-- [ RunTime:0.031944s ]
INFO: [ view_filter ] --START--
INFO: Run Behavior\WriteHtmlCacheBehavior [ RunTime:0.000698s ]
INFO: [ view_filter ] --END-- [ RunTime:0.000750s ]
INFO: [ app_end ] --START--
INFO: Run Behavior\ShowPageTraceBehavior [ RunTime:0.001001s ]
INFO: [ app_end ] --END-- [ RunTime:0.001057s ]

[ 2018-11-22T17:00:44+08:00 ] 123.133.67.90 /
INFO: [ app_init ] --START--
INFO: Run Behavior\BuildLiteBehavior [ RunTime:0.000044s ]
INFO: [ app_init ] --END-- [ RunTime:0.000384s ]
INFO: [ app_begin ] --START--
INFO: Run Behavior\ReadHtmlCacheBehavior [ RunTime:0.000551s ]
INFO: [ app_begin ] --END-- [ RunTime:0.000604s ]
SQL: SHOW COLUMNS FROM `information` [ RunTime:0.0011s ]
SQL: SHOW COLUMNS FROM `information` [ RunTime:0.0007s ]
SQL: SELECT * FROM `information` LIMIT 1   [ RunTime:0.0002s ]
SQL: SHOW COLUMNS FROM `article` [ RunTime:0.0006s ]
SQL: SHOW COLUMNS FROM `photo` [ RunTime:0.0005s ]
NOTIC: [2] Missing argument 1 for Home\Model\ArticleModel::tuijian(), called in /home/wwwroot/steel/Application/Home/Controller/CommonController.class.php on line 22 and defined /home/wwwroot/steel/Application/Home/Model/ArticleModel.class.php 第 12 行.
SQL: SHOW COLUMNS FROM `article` [ RunTime:0.0005s ]
NOTIC: [8] Undefined variable: classification /home/wwwroot/steel/Application/Home/Model/ArticleModel.class.php 第 14 行.
SQL: SELECT * FROM `article` WHERE `classification` LIKE '%%' AND `settop` = 1 ORDER BY id desc LIMIT 4   [ RunTime:0.0001s ]
SQL: SHOW COLUMNS FROM `photo` [ RunTime:0.0005s ]
SQL: SELECT * FROM `photo`  [ RunTime:0.0002s ]
SQL: SHOW COLUMNS FROM `picture` [ RunTime:0.0005s ]
SQL: SHOW COLUMNS FROM `article` [ RunTime:0.0006s ]
SQL: SHOW COLUMNS FROM `picture` [ RunTime:0.0005s ]
SQL: SELECT * FROM `picture` WHERE ( fenlei = 1 ) LIMIT 4   [ RunTime:0.0001s ]
SQL: SELECT * FROM `picture` WHERE ( fenlei = 2 ) LIMIT 4   [ RunTime:0.0001s ]
SQL: SELECT * FROM `picture` WHERE ( fenlei = 3 ) LIMIT 4   [ RunTime:0.0001s ]
SQL: SELECT * FROM `picture` WHERE ( fenlei = 4 ) LIMIT 4   [ RunTime:0.0001s ]
SQL: SELECT * FROM `picture` WHERE ( fenlei = 5 ) LIMIT 4   [ RunTime:0.0001s ]
SQL: SELECT * FROM `picture` WHERE ( fenlei = 6 ) LIMIT 4   [ RunTime:0.0001s ]
NOTIC: [2] Missing argument 1 for Home\Model\ArticleModel::selnews(), called in /home/wwwroot/steel/Application/Home/Controller/IndexController.class.php on line 18 and defined /home/wwwroot/steel/Application/Home/Model/ArticleModel.class.php 第 25 行.
NOTIC: [8] Undefined variable: classification /home/wwwroot/steel/Application/Home/Model/ArticleModel.class.php 第 27 行.
SQL: SELECT * FROM `article` WHERE `classification` LIKE '%%' ORDER BY id desc LIMIT 10   [ RunTime:0.0001s ]
SQL: SELECT * FROM `article` WHERE `classification` LIKE '%6%' ORDER BY id desc LIMIT 10   [ RunTime:0.0001s ]
SQL: SELECT * FROM `article` WHERE `classification` LIKE '%7%' ORDER BY id desc LIMIT 10   [ RunTime:0.0001s ]
INFO: [ view_parse ] --START--
INFO: [ template_filter ] --START--
INFO: Run Behavior\ContentReplaceBehavior [ RunTime:0.000178s ]
INFO: [ template_filter ] --END-- [ RunTime:0.000236s ]
NOTIC: [8] Undefined offset: 40 /home/wwwroot/steel/Application/Runtime/Cache/Home/2a94b8bda04ff446dcedd42276fc99ee.php 第 388 行.
NOTIC: [8] Use of undefined constant id - assumed 'id' /home/wwwroot/steel/Application/Runtime/Cache/Home/2a94b8bda04ff446dcedd42276fc99ee.php 第 404 行.
NOTIC: [8] Use of undefined constant id - assumed 'id' /home/wwwroot/steel/Application/Runtime/Cache/Home/2a94b8bda04ff446dcedd42276fc99ee.php 第 404 行.
NOTIC: [8] Use of undefined constant id - assumed 'id' /home/wwwroot/steel/Application/Runtime/Cache/Home/2a94b8bda04ff446dcedd42276fc99ee.php 第 404 行.
NOTIC: [8] Use of undefined constant id - assumed 'id' /home/wwwroot/steel/Application/Runtime/Cache/Home/2a94b8bda04ff446dcedd42276fc99ee.php 第 404 行.
NOTIC: [8] Use of undefined constant id - assumed 'id' /home/wwwroot/steel/Application/Runtime/Cache/Home/2a94b8bda04ff446dcedd42276fc99ee.php 第 404 行.
NOTIC: [8] Use of undefined constant id - assumed 'id' /home/wwwroot/steel/Application/Runtime/Cache/Home/2a94b8bda04ff446dcedd42276fc99ee.php 第 404 行.
NOTIC: [8] Use of undefined constant id - assumed 'id' /home/wwwroot/steel/Application/Runtime/Cache/Home/2a94b8bda04ff446dcedd42276fc99ee.php 第 404 行.
NOTIC: [8] Use of undefined constant id - assumed 'id' /home/wwwroot/steel/Application/Runtime/Cache/Home/2a94b8bda04ff446dcedd42276fc99ee.php 第 404 行.
NOTIC: [8] Use of undefined constant id - assumed 'id' /home/wwwroot/steel/Application/Runtime/Cache/Home/2a94b8bda04ff446dcedd42276fc99ee.php 第 404 行.
NOTIC: [8] Use of undefined constant id - assumed 'id' /home/wwwroot/steel/Application/Runtime/Cache/Home/2a94b8bda04ff446dcedd42276fc99ee.php 第 404 行.
NOTIC: [8] Use of undefined constant id - assumed 'id' /home/wwwroot/steel/Application/Runtime/Cache/Home/2a94b8bda04ff446dcedd42276fc99ee.php 第 415 行.
INFO: Run Behavior\ParseTemplateBehavior [ RunTime:0.029476s ]
INFO: [ view_parse ] --END-- [ RunTime:0.029533s ]
INFO: [ view_filter ] --START--
INFO: Run Behavior\WriteHtmlCacheBehavior [ RunTime:0.000211s ]
INFO: [ view_filter ] --END-- [ RunTime:0.000255s ]
INFO: [ app_end ] --START--
INFO: Run Behavior\ShowPageTraceBehavior [ RunTime:0.000533s ]
INFO: [ app_end ] --END-- [ RunTime:0.000597s ]

[ 2018-11-22T17:03:01+08:00 ] 42.236.103.66 /
INFO: [ app_init ] --START--
INFO: Run Behavior\BuildLiteBehavior [ RunTime:0.000018s ]
INFO: [ app_init ] --END-- [ RunTime:0.000516s ]
INFO: [ app_begin ] --START--
INFO: Run Behavior\ReadHtmlCacheBehavior [ RunTime:0.000671s ]
INFO: [ app_begin ] --END-- [ RunTime:0.000738s ]
SQL: SHOW COLUMNS FROM `information` [ RunTime:0.0009s ]
SQL: SHOW COLUMNS FROM `information` [ RunTime:0.0007s ]
SQL: SELECT * FROM `information` LIMIT 1   [ RunTime:0.0002s ]
SQL: SHOW COLUMNS FROM `article` [ RunTime:0.0006s ]
SQL: SHOW COLUMNS FROM `photo` [ RunTime:0.0005s ]
NOTIC: [2] Missing argument 1 for Home\Model\ArticleModel::tuijian(), called in /home/wwwroot/steel/Application/Home/Controller/CommonController.class.php on line 22 and defined /home/wwwroot/steel/Application/Home/Model/ArticleModel.class.php 第 12 行.
SQL: SHOW COLUMNS FROM `article` [ RunTime:0.0005s ]
NOTIC: [8] Undefined variable: classification /home/wwwroot/steel/Application/Home/Model/ArticleModel.class.php 第 14 行.
SQL: SELECT * FROM `article` WHERE `classification` LIKE '%%' AND `settop` = 1 ORDER BY id desc LIMIT 4   [ RunTime:0.0001s ]
SQL: SHOW COLUMNS FROM `photo` [ RunTime:0.0004s ]
SQL: SELECT * FROM `photo`  [ RunTime:0.0002s ]
SQL: SHOW COLUMNS FROM `picture` [ RunTime:0.0005s ]
SQL: SHOW COLUMNS FROM `article` [ RunTime:0.0005s ]
SQL: SHOW COLUMNS FROM `picture` [ RunTime:0.0005s ]
SQL: SELECT * FROM `picture` WHERE ( fenlei = 1 ) LIMIT 4   [ RunTime:0.0001s ]
SQL: SELECT * FROM `picture` WHERE ( fenlei = 2 ) LIMIT 4   [ RunTime:0.0001s ]
SQL: SELECT * FROM `picture` WHERE ( fenlei = 3 ) LIMIT 4   [ RunTime:0.0001s ]
SQL: SELECT * FROM `picture` WHERE ( fenlei = 4 ) LIMIT 4   [ RunTime:0.0001s ]
SQL: SELECT * FROM `picture` WHERE ( fenlei = 5 ) LIMIT 4   [ RunTime:0.0001s ]
SQL: SELECT * FROM `picture` WHERE ( fenlei = 6 ) LIMIT 4   [ RunTime:0.0001s ]
NOTIC: [2] Missing argument 1 for Home\Model\ArticleModel::selnews(), called in /home/wwwroot/steel/Application/Home/Controller/IndexController.class.php on line 18 and defined /home/wwwroot/steel/Application/Home/Model/ArticleModel.class.php 第 25 行.
NOTIC: [8] Undefined variable: classification /home/wwwroot/steel/Application/Home/Model/ArticleModel.class.php 第 27 行.
SQL: SELECT * FROM `article` WHERE `classification` LIKE '%%' ORDER BY id desc LIMIT 10   [ RunTime:0.0001s ]
SQL: SELECT * FROM `article` WHERE `classification` LIKE '%6%' ORDER BY id desc LIMIT 10   [ RunTime:0.0001s ]
SQL: SELECT * FROM `article` WHERE `classification` LIKE '%7%' ORDER BY id desc LIMIT 10   [ RunTime:0.0001s ]
INFO: [ view_parse ] --START--
INFO: [ template_filter ] --START--
INFO: Run Behavior\ContentReplaceBehavior [ RunTime:0.000170s ]
INFO: [ template_filter ] --END-- [ RunTime:0.000226s ]
NOTIC: [8] Undefined offset: 40 /home/wwwroot/steel/Application/Runtime/Cache/Home/2a94b8bda04ff446dcedd42276fc99ee.php 第 388 行.
NOTIC: [8] Use of undefined constant id - assumed 'id' /home/wwwroot/steel/Application/Runtime/Cache/Home/2a94b8bda04ff446dcedd42276fc99ee.php 第 404 行.
NOTIC: [8] Use of undefined constant id - assumed 'id' /home/wwwroot/steel/Application/Runtime/Cache/Home/2a94b8bda04ff446dcedd42276fc99ee.php 第 404 行.
NOTIC: [8] Use of undefined constant id - assumed 'id' /home/wwwroot/steel/Application/Runtime/Cache/Home/2a94b8bda04ff446dcedd42276fc99ee.php 第 404 行.
NOTIC: [8] Use of undefined constant id - assumed 'id' /home/wwwroot/steel/Application/Runtime/Cache/Home/2a94b8bda04ff446dcedd42276fc99ee.php 第 404 行.
NOTIC: [8] Use of undefined constant id - assumed 'id' /home/wwwroot/steel/Application/Runtime/Cache/Home/2a94b8bda04ff446dcedd42276fc99ee.php 第 404 行.
NOTIC: [8] Use of undefined constant id - assumed 'id' /home/wwwroot/steel/Application/Runtime/Cache/Home/2a94b8bda04ff446dcedd42276fc99ee.php 第 404 行.
NOTIC: [8] Use of undefined constant id - assumed 'id' /home/wwwroot/steel/Application/Runtime/Cache/Home/2a94b8bda04ff446dcedd42276fc99ee.php 第 404 行.
NOTIC: [8] Use of undefined constant id - assumed 'id' /home/wwwroot/steel/Application/Runtime/Cache/Home/2a94b8bda04ff446dcedd42276fc99ee.php 第 404 行.
NOTIC: [8] Use of undefined constant id - assumed 'id' /home/wwwroot/steel/Application/Runtime/Cache/Home/2a94b8bda04ff446dcedd42276fc99ee.php 第 404 行.
NOTIC: [8] Use of undefined constant id - assumed 'id' /home/wwwroot/steel/Application/Runtime/Cache/Home/2a94b8bda04ff446dcedd42276fc99ee.php 第 404 行.
NOTIC: [8] Use of undefined constant id - assumed 'id' /home/wwwroot/steel/Application/Runtime/Cache/Home/2a94b8bda04ff446dcedd42276fc99ee.php 第 415 行.
INFO: Run Behavior\ParseTemplateBehavior [ RunTime:0.026325s ]
INFO: [ view_parse ] --END-- [ RunTime:0.026377s ]
INFO: [ view_filter ] --START--
INFO: Run Behavior\WriteHtmlCacheBehavior [ RunTime:0.000222s ]
INFO: [ view_filter ] --END-- [ RunTime:0.000268s ]
INFO: [ app_end ] --START--
INFO: Run Behavior\ShowPageTraceBehavior [ RunTime:0.000542s ]
INFO: [ app_end ] --END-- [ RunTime:0.000595s ]

[ 2018-11-22T17:19:51+08:00 ] 109.201.154.242 /
INFO: [ app_init ] --START--
INFO: Run Behavior\BuildLiteBehavior [ RunTime:0.000023s ]
INFO: [ app_init ] --END-- [ RunTime:0.000350s ]
INFO: [ app_begin ] --START--
INFO: Run Behavior\ReadHtmlCacheBehavior [ RunTime:0.000504s ]
INFO: [ app_begin ] --END-- [ RunTime:0.000556s ]
SQL: SHOW COLUMNS FROM `information` [ RunTime:0.0009s ]
SQL: SHOW COLUMNS FROM `information` [ RunTime:0.0007s ]
SQL: SELECT * FROM `information` LIMIT 1   [ RunTime:0.0002s ]
SQL: SHOW COLUMNS FROM `article` [ RunTime:0.0005s ]
SQL: SHOW COLUMNS FROM `photo` [ RunTime:0.0005s ]
NOTIC: [2] Missing argument 1 for Home\Model\ArticleModel::tuijian(), called in /home/wwwroot/steel/Application/Home/Controller/CommonController.class.php on line 22 and defined /home/wwwroot/steel/Application/Home/Model/ArticleModel.class.php 第 12 行.
SQL: SHOW COLUMNS FROM `article` [ RunTime:0.0005s ]
NOTIC: [8] Undefined variable: classification /home/wwwroot/steel/Application/Home/Model/ArticleModel.class.php 第 14 行.
SQL: SELECT * FROM `article` WHERE `classification` LIKE '%%' AND `settop` = 1 ORDER BY id desc LIMIT 4   [ RunTime:0.0001s ]
SQL: SHOW COLUMNS FROM `photo` [ RunTime:0.0005s ]
SQL: SELECT * FROM `photo`  [ RunTime:0.0002s ]
SQL: SHOW COLUMNS FROM `picture` [ RunTime:0.0005s ]
SQL: SHOW COLUMNS FROM `article` [ RunTime:0.0005s ]
SQL: SHOW COLUMNS FROM `picture` [ RunTime:0.0004s ]
SQL: SELECT * FROM `picture` WHERE ( fenlei = 1 ) LIMIT 4   [ RunTime:0.0001s ]
SQL: SELECT * FROM `picture` WHERE ( fenlei = 2 ) LIMIT 4   [ RunTime:0.0001s ]
SQL: SELECT * FROM `picture` WHERE ( fenlei = 3 ) LIMIT 4   [ RunTime:0.0001s ]
SQL: SELECT * FROM `picture` WHERE ( fenlei = 4 ) LIMIT 4   [ RunTime:0.0001s ]
SQL: SELECT * FROM `picture` WHERE ( fenlei = 5 ) LIMIT 4   [ RunTime:0.0001s ]
SQL: SELECT * FROM `picture` WHERE ( fenlei = 6 ) LIMIT 4   [ RunTime:0.0001s ]
NOTIC: [2] Missing argument 1 for Home\Model\ArticleModel::selnews(), called in /home/wwwroot/steel/Application/Home/Controller/IndexController.class.php on line 18 and defined /home/wwwroot/steel/Application/Home/Model/ArticleModel.class.php 第 25 行.
NOTIC: [8] Undefined variable: classification /home/wwwroot/steel/Application/Home/Model/ArticleModel.class.php 第 27 行.
SQL: SELECT * FROM `article` WHERE `classification` LIKE '%%' ORDER BY id desc LIMIT 10   [ RunTime:0.0001s ]
SQL: SELECT * FROM `article` WHERE `classification` LIKE '%6%' ORDER BY id desc LIMIT 10   [ RunTime:0.0001s ]
SQL: SELECT * FROM `article` WHERE `classification` LIKE '%7%' ORDER BY id desc LIMIT 10   [ RunTime:0.0001s ]
INFO: [ view_parse ] --START--
INFO: [ template_filter ] --START--
INFO: Run Behavior\ContentReplaceBehavior [ RunTime:0.000150s ]
INFO: [ template_filter ] --END-- [ RunTime:0.000207s ]
NOTIC: [8] Undefined offset: 40 /home/wwwroot/steel/Application/Runtime/Cache/Home/2a94b8bda04ff446dcedd42276fc99ee.php 第 388 行.
NOTIC: [8] Use of undefined constant id - assumed 'id' /home/wwwroot/steel/Application/Runtime/Cache/Home/2a94b8bda04ff446dcedd42276fc99ee.php 第 404 行.
NOTIC: [8] Use of undefined constant id - assumed 'id' /home/wwwroot/steel/Application/Runtime/Cache/Home/2a94b8bda04ff446dcedd42276fc99ee.php 第 404 行.
NOTIC: [8] Use of undefined constant id - assumed 'id' /home/wwwroot/steel/Application/Runtime/Cache/Home/2a94b8bda04ff446dcedd42276fc99ee.php 第 404 行.
NOTIC: [8] Use of undefined constant id - assumed 'id' /home/wwwroot/steel/Application/Runtime/Cache/Home/2a94b8bda04ff446dcedd42276fc99ee.php 第 404 行.
NOTIC: [8] Use of undefined constant id - assumed 'id' /home/wwwroot/steel/Application/Runtime/Cache/Home/2a94b8bda04ff446dcedd42276fc99ee.php 第 404 行.
NOTIC: [8] Use of undefined constant id - assumed 'id' /home/wwwroot/steel/Application/Runtime/Cache/Home/2a94b8bda04ff446dcedd42276fc99ee.php 第 404 行.
NOTIC: [8] Use of undefined constant id - assumed 'id' /home/wwwroot/steel/Application/Runtime/Cache/Home/2a94b8bda04ff446dcedd42276fc99ee.php 第 404 行.
NOTIC: [8] Use of undefined constant id - assumed 'id' /home/wwwroot/steel/Application/Runtime/Cache/Home/2a94b8bda04ff446dcedd42276fc99ee.php 第 404 行.
NOTIC: [8] Use of undefined constant id - assumed 'id' /home/wwwroot/steel/Application/Runtime/Cache/Home/2a94b8bda04ff446dcedd42276fc99ee.php 第 404 行.
NOTIC: [8] Use of undefined constant id - assumed 'id' /home/wwwroot/steel/Application/Runtime/Cache/Home/2a94b8bda04ff446dcedd42276fc99ee.php 第 404 行.
NOTIC: [8] Use of undefined constant id - assumed 'id' /home/wwwroot/steel/Application/Runtime/Cache/Home/2a94b8bda04ff446dcedd42276fc99ee.php 第 415 行.
INFO: Run Behavior\ParseTemplateBehavior [ RunTime:0.027444s ]
INFO: [ view_parse ] --END-- [ RunTime:0.027494s ]
INFO: [ view_filter ] --START--
INFO: Run Behavior\WriteHtmlCacheBehavior [ RunTime:0.000211s ]
INFO: [ view_filter ] --END-- [ RunTime:0.000255s ]
INFO: 
INFO: 
INFO: 

[ 2018-11-22T17:26:05+08:00 ] 42.236.10.84 /
INFO: [ app_init ] --START--
INFO: Run Behavior\BuildLiteBehavior [ RunTime:0.000015s ]
INFO: [ app_init ] --END-- [ RunTime:0.000441s ]
INFO: [ app_begin ] --START--
INFO: Run Behavior\ReadHtmlCacheBehavior [ RunTime:0.000542s ]
INFO: [ app_begin ] --END-- [ RunTime:0.000595s ]
SQL: SHOW COLUMNS FROM `information` [ RunTime:0.0010s ]
SQL: SHOW COLUMNS FROM `information` [ RunTime:0.0009s ]
SQL: SELECT * FROM `information` LIMIT 1   [ RunTime:0.0002s ]
SQL: SHOW COLUMNS FROM `article` [ RunTime:0.0005s ]
SQL: SHOW COLUMNS FROM `photo` [ RunTime:0.0005s ]
NOTIC: [2] Missing argument 1 for Home\Model\ArticleModel::tuijian(), called in /home/wwwroot/steel/Application/Home/Controller/CommonController.class.php on line 22 and defined /home/wwwroot/steel/Application/Home/Model/ArticleModel.class.php 第 12 行.
SQL: SHOW COLUMNS FROM `article` [ RunTime:0.0006s ]
NOTIC: [8] Undefined variable: classification /home/wwwroot/steel/Application/Home/Model/ArticleModel.class.php 第 14 行.
SQL: SELECT * FROM `article` WHERE `classification` LIKE '%%' AND `settop` = 1 ORDER BY id desc LIMIT 4   [ RunTime:0.0002s ]
SQL: SHOW COLUMNS FROM `photo` [ RunTime:0.0005s ]
SQL: SELECT * FROM `photo`  [ RunTime:0.0002s ]
SQL: SHOW COLUMNS FROM `picture` [ RunTime:0.0005s ]
SQL: SHOW COLUMNS FROM `article` [ RunTime:0.0007s ]
SQL: SHOW COLUMNS FROM `picture` [ RunTime:0.0004s ]
SQL: SELECT * FROM `picture` WHERE ( fenlei = 1 ) LIMIT 4   [ RunTime:0.0001s ]
SQL: SELECT * FROM `picture` WHERE ( fenlei = 2 ) LIMIT 4   [ RunTime:0.0001s ]
SQL: SELECT * FROM `picture` WHERE ( fenlei = 3 ) LIMIT 4   [ RunTime:0.0001s ]
SQL: SELECT * FROM `picture` WHERE ( fenlei = 4 ) LIMIT 4   [ RunTime:0.0002s ]
SQL: SELECT * FROM `picture` WHERE ( fenlei = 5 ) LIMIT 4   [ RunTime:0.0002s ]
SQL: SELECT * FROM `picture` WHERE ( fenlei = 6 ) LIMIT 4   [ RunTime:0.0001s ]
NOTIC: [2] Missing argument 1 for Home\Model\ArticleModel::selnews(), called in /home/wwwroot/steel/Application/Home/Controller/IndexController.class.php on line 18 and defined /home/wwwroot/steel/Application/Home/Model/ArticleModel.class.php 第 25 行.
NOTIC: [8] Undefined variable: classification /home/wwwroot/steel/Application/Home/Model/ArticleModel.class.php 第 27 行.
SQL: SELECT * FROM `article` WHERE `classification` LIKE '%%' ORDER BY id desc LIMIT 10   [ RunTime:0.0002s ]
SQL: SELECT * FROM `article` WHERE `classification` LIKE '%6%' ORDER BY id desc LIMIT 10   [ RunTime:0.0001s ]
SQL: SELECT * FROM `article` WHERE `classification` LIKE '%7%' ORDER BY id desc LIMIT 10   [ RunTime:0.0002s ]
INFO: [ view_parse ] --START--
INFO: [ template_filter ] --START--
INFO: Run Behavior\ContentReplaceBehavior [ RunTime:0.000166s ]
INFO: [ template_filter ] --END-- [ RunTime:0.000250s ]
NOTIC: [8] Undefined offset: 40 /home/wwwroot/steel/Application/Runtime/Cache/Home/2a94b8bda04ff446dcedd42276fc99ee.php 第 388 行.
NOTIC: [8] Use of undefined constant id - assumed 'id' /home/wwwroot/steel/Application/Runtime/Cache/Home/2a94b8bda04ff446dcedd42276fc99ee.php 第 404 行.
NOTIC: [8] Use of undefined constant id - assumed 'id' /home/wwwroot/steel/Application/Runtime/Cache/Home/2a94b8bda04ff446dcedd42276fc99ee.php 第 404 行.
NOTIC: [8] Use of undefined constant id - assumed 'id' /home/wwwroot/steel/Application/Runtime/Cache/Home/2a94b8bda04ff446dcedd42276fc99ee.php 第 404 行.
NOTIC: [8] Use of undefined constant id - assumed 'id' /home/wwwroot/steel/Application/Runtime/Cache/Home/2a94b8bda04ff446dcedd42276fc99ee.php 第 404 行.
NOTIC: [8] Use of undefined constant id - assumed 'id' /home/wwwroot/steel/Application/Runtime/Cache/Home/2a94b8bda04ff446dcedd42276fc99ee.php 第 404 行.
NOTIC: [8] Use of undefined constant id - assumed 'id' /home/wwwroot/steel/Application/Runtime/Cache/Home/2a94b8bda04ff446dcedd42276fc99ee.php 第 404 行.
NOTIC: [8] Use of undefined constant id - assumed 'id' /home/wwwroot/steel/Application/Runtime/Cache/Home/2a94b8bda04ff446dcedd42276fc99ee.php 第 404 行.
NOTIC: [8] Use of undefined constant id - assumed 'id' /home/wwwroot/steel/Application/Runtime/Cache/Home/2a94b8bda04ff446dcedd42276fc99ee.php 第 404 行.
NOTIC: [8] Use of undefined constant id - assumed 'id' /home/wwwroot/steel/Application/Runtime/Cache/Home/2a94b8bda04ff446dcedd42276fc99ee.php 第 404 行.
NOTIC: [8] Use of undefined constant id - assumed 'id' /home/wwwroot/steel/Application/Runtime/Cache/Home/2a94b8bda04ff446dcedd42276fc99ee.php 第 404 行.
NOTIC: [8] Use of undefined constant id - assumed 'id' /home/wwwroot/steel/Application/Runtime/Cache/Home/2a94b8bda04ff446dcedd42276fc99ee.php 第 415 行.
INFO: Run Behavior\ParseTemplateBehavior [ RunTime:0.028532s ]
INFO: [ view_parse ] --END-- [ RunTime:0.028599s ]
INFO: [ view_filter ] --START--
INFO: Run Behavior\WriteHtmlCacheBehavior [ RunTime:0.000237s ]
INFO: [ view_filter ] --END-- [ RunTime:0.000281s ]
INFO: [ app_end ] --START--
INFO: Run Behavior\ShowPageTraceBehavior [ RunTime:0.000541s ]
INFO: [ app_end ] --END-- [ RunTime:0.000593s ]

[ 2018-11-22T19:19:17+08:00 ] 101.199.121.77 /
INFO: [ app_init ] --START--
INFO: Run Behavior\BuildLiteBehavior [ RunTime:0.000016s ]
INFO: [ app_init ] --END-- [ RunTime:0.000721s ]
INFO: [ app_begin ] --START--
INFO: Run Behavior\ReadHtmlCacheBehavior [ RunTime:0.000859s ]
INFO: [ app_begin ] --END-- [ RunTime:0.000916s ]
SQL: SHOW COLUMNS FROM `information` [ RunTime:0.0021s ]
SQL: SHOW COLUMNS FROM `information` [ RunTime:0.0007s ]
SQL: SELECT * FROM `information` LIMIT 1   [ RunTime:0.0007s ]
SQL: SHOW COLUMNS FROM `article` [ RunTime:0.0010s ]
SQL: SHOW COLUMNS FROM `photo` [ RunTime:0.0013s ]
NOTIC: [2] Missing argument 1 for Home\Model\ArticleModel::tuijian(), called in /home/wwwroot/steel/Application/Home/Controller/CommonController.class.php on line 22 and defined /home/wwwroot/steel/Application/Home/Model/ArticleModel.class.php 第 12 行.
SQL: SHOW COLUMNS FROM `article` [ RunTime:0.0005s ]
NOTIC: [8] Undefined variable: classification /home/wwwroot/steel/Application/Home/Model/ArticleModel.class.php 第 14 行.
SQL: SELECT * FROM `article` WHERE `classification` LIKE '%%' AND `settop` = 1 ORDER BY id desc LIMIT 4   [ RunTime:0.0020s ]
SQL: SHOW COLUMNS FROM `photo` [ RunTime:0.0005s ]
SQL: SELECT * FROM `photo`  [ RunTime:0.0006s ]
SQL: SHOW COLUMNS FROM `picture` [ RunTime:0.0010s ]
SQL: SHOW COLUMNS FROM `article` [ RunTime:0.0007s ]
SQL: SHOW COLUMNS FROM `picture` [ RunTime:0.0006s ]
SQL: SELECT * FROM `picture` WHERE ( fenlei = 1 ) LIMIT 4   [ RunTime:0.0006s ]
SQL: SELECT * FROM `picture` WHERE ( fenlei = 2 ) LIMIT 4   [ RunTime:0.0002s ]
SQL: SELECT * FROM `picture` WHERE ( fenlei = 3 ) LIMIT 4   [ RunTime:0.0002s ]
SQL: SELECT * FROM `picture` WHERE ( fenlei = 4 ) LIMIT 4   [ RunTime:0.0002s ]
SQL: SELECT * FROM `picture` WHERE ( fenlei = 5 ) LIMIT 4   [ RunTime:0.0002s ]
SQL: SELECT * FROM `picture` WHERE ( fenlei = 6 ) LIMIT 4   [ RunTime:0.0002s ]
NOTIC: [2] Missing argument 1 for Home\Model\ArticleModel::selnews(), called in /home/wwwroot/steel/Application/Home/Controller/IndexController.class.php on line 18 and defined /home/wwwroot/steel/Application/Home/Model/ArticleModel.class.php 第 25 行.
NOTIC: [8] Undefined variable: classification /home/wwwroot/steel/Application/Home/Model/ArticleModel.class.php 第 27 行.
SQL: SELECT * FROM `article` WHERE `classification` LIKE '%%' ORDER BY id desc LIMIT 10   [ RunTime:0.0003s ]
SQL: SELECT * FROM `article` WHERE `classification` LIKE '%6%' ORDER BY id desc LIMIT 10   [ RunTime:0.0003s ]
SQL: SELECT * FROM `article` WHERE `classification` LIKE '%7%' ORDER BY id desc LIMIT 10   [ RunTime:0.0003s ]
INFO: [ view_parse ] --START--
INFO: [ template_filter ] --START--
INFO: Run Behavior\ContentReplaceBehavior [ RunTime:0.000240s ]
INFO: [ template_filter ] --END-- [ RunTime:0.000304s ]
NOTIC: [8] Undefined offset: 40 /home/wwwroot/steel/Application/Runtime/Cache/Home/2a94b8bda04ff446dcedd42276fc99ee.php 第 388 行.
NOTIC: [8] Use of undefined constant id - assumed 'id' /home/wwwroot/steel/Application/Runtime/Cache/Home/2a94b8bda04ff446dcedd42276fc99ee.php 第 404 行.
NOTIC: [8] Use of undefined constant id - assumed 'id' /home/wwwroot/steel/Application/Runtime/Cache/Home/2a94b8bda04ff446dcedd42276fc99ee.php 第 404 行.
NOTIC: [8] Use of undefined constant id - assumed 'id' /home/wwwroot/steel/Application/Runtime/Cache/Home/2a94b8bda04ff446dcedd42276fc99ee.php 第 404 行.
NOTIC: [8] Use of undefined constant id - assumed 'id' /home/wwwroot/steel/Application/Runtime/Cache/Home/2a94b8bda04ff446dcedd42276fc99ee.php 第 404 行.
NOTIC: [8] Use of undefined constant id - assumed 'id' /home/wwwroot/steel/Application/Runtime/Cache/Home/2a94b8bda04ff446dcedd42276fc99ee.php 第 404 行.
NOTIC: [8] Use of undefined constant id - assumed 'id' /home/wwwroot/steel/Application/Runtime/Cache/Home/2a94b8bda04ff446dcedd42276fc99ee.php 第 404 行.
NOTIC: [8] Use of undefined constant id - assumed 'id' /home/wwwroot/steel/Application/Runtime/Cache/Home/2a94b8bda04ff446dcedd42276fc99ee.php 第 404 行.
NOTIC: [8] Use of undefined constant id - assumed 'id' /home/wwwroot/steel/Application/Runtime/Cache/Home/2a94b8bda04ff446dcedd42276fc99ee.php 第 404 行.
NOTIC: [8] Use of undefined constant id - assumed 'id' /home/wwwroot/steel/Application/Runtime/Cache/Home/2a94b8bda04ff446dcedd42276fc99ee.php 第 404 行.
NOTIC: [8] Use of undefined constant id - assumed 'id' /home/wwwroot/steel/Application/Runtime/Cache/Home/2a94b8bda04ff446dcedd42276fc99ee.php 第 404 行.
NOTIC: [8] Use of undefined constant id - assumed 'id' /home/wwwroot/steel/Application/Runtime/Cache/Home/2a94b8bda04ff446dcedd42276fc99ee.php 第 415 行.
INFO: Run Behavior\ParseTemplateBehavior [ RunTime:0.034295s ]
INFO: [ view_parse ] --END-- [ RunTime:0.034354s ]
INFO: [ view_filter ] --START--
INFO: Run Behavior\WriteHtmlCacheBehavior [ RunTime:0.000677s ]
INFO: [ view_filter ] --END-- [ RunTime:0.000724s ]
INFO: [ app_end ] --START--
INFO: Run Behavior\ShowPageTraceBehavior [ RunTime:0.000962s ]
INFO: [ app_end ] --END-- [ RunTime:0.001018s ]

[ 2018-11-22T20:00:52+08:00 ] 112.253.25.52 /
INFO: [ app_init ] --START--
INFO: Run Behavior\BuildLiteBehavior [ RunTime:0.000020s ]
INFO: [ app_init ] --END-- [ RunTime:0.000518s ]
INFO: [ app_begin ] --START--
INFO: Run Behavior\ReadHtmlCacheBehavior [ RunTime:0.000541s ]
INFO: [ app_begin ] --END-- [ RunTime:0.000594s ]
SQL: SHOW COLUMNS FROM `information` [ RunTime:0.0013s ]
SQL: SHOW COLUMNS FROM `information` [ RunTime:0.0007s ]
SQL: SELECT * FROM `information` LIMIT 1   [ RunTime:0.0004s ]
SQL: SHOW COLUMNS FROM `article` [ RunTime:0.0006s ]
SQL: SHOW COLUMNS FROM `photo` [ RunTime:0.0005s ]
NOTIC: [2] Missing argument 1 for Home\Model\ArticleModel::tuijian(), called in /home/wwwroot/steel/Application/Home/Controller/CommonController.class.php on line 22 and defined /home/wwwroot/steel/Application/Home/Model/ArticleModel.class.php 第 12 行.
SQL: SHOW COLUMNS FROM `article` [ RunTime:0.0005s ]
NOTIC: [8] Undefined variable: classification /home/wwwroot/steel/Application/Home/Model/ArticleModel.class.php 第 14 行.
SQL: SELECT * FROM `article` WHERE `classification` LIKE '%%' AND `settop` = 1 ORDER BY id desc LIMIT 4   [ RunTime:0.0006s ]
SQL: SHOW COLUMNS FROM `photo` [ RunTime:0.0005s ]
SQL: SELECT * FROM `photo`  [ RunTime:0.0004s ]
SQL: SHOW COLUMNS FROM `picture` [ RunTime:0.0005s ]
SQL: SHOW COLUMNS FROM `article` [ RunTime:0.0005s ]
SQL: SHOW COLUMNS FROM `picture` [ RunTime:0.0004s ]
SQL: SELECT * FROM `picture` WHERE ( fenlei = 1 ) LIMIT 4   [ RunTime:0.0003s ]
SQL: SELECT * FROM `picture` WHERE ( fenlei = 2 ) LIMIT 4   [ RunTime:0.0002s ]
SQL: SELECT * FROM `picture` WHERE ( fenlei = 3 ) LIMIT 4   [ RunTime:0.0002s ]
SQL: SELECT * FROM `picture` WHERE ( fenlei = 4 ) LIMIT 4   [ RunTime:0.0003s ]
SQL: SELECT * FROM `picture` WHERE ( fenlei = 5 ) LIMIT 4   [ RunTime:0.0002s ]
SQL: SELECT * FROM `picture` WHERE ( fenlei = 6 ) LIMIT 4   [ RunTime:0.0002s ]
NOTIC: [2] Missing argument 1 for Home\Model\ArticleModel::selnews(), called in /home/wwwroot/steel/Application/Home/Controller/IndexController.class.php on line 18 and defined /home/wwwroot/steel/Application/Home/Model/ArticleModel.class.php 第 25 行.
NOTIC: [8] Undefined variable: classification /home/wwwroot/steel/Application/Home/Model/ArticleModel.class.php 第 27 行.
SQL: SELECT * FROM `article` WHERE `classification` LIKE '%%' ORDER BY id desc LIMIT 10   [ RunTime:0.0004s ]
SQL: SELECT * FROM `article` WHERE `classification` LIKE '%6%' ORDER BY id desc LIMIT 10   [ RunTime:0.0003s ]
SQL: SELECT * FROM `article` WHERE `classification` LIKE '%7%' ORDER BY id desc LIMIT 10   [ RunTime:0.0003s ]
INFO: [ view_parse ] --START--
INFO: [ template_filter ] --START--
INFO: Run Behavior\ContentReplaceBehavior [ RunTime:0.000199s ]
INFO: [ template_filter ] --END-- [ RunTime:0.000269s ]
NOTIC: [8] Undefined offset: 40 /home/wwwroot/steel/Application/Runtime/Cache/Home/2a94b8bda04ff446dcedd42276fc99ee.php 第 388 行.
NOTIC: [8] Use of undefined constant id - assumed 'id' /home/wwwroot/steel/Application/Runtime/Cache/Home/2a94b8bda04ff446dcedd42276fc99ee.php 第 404 行.
NOTIC: [8] Use of undefined constant id - assumed 'id' /home/wwwroot/steel/Application/Runtime/Cache/Home/2a94b8bda04ff446dcedd42276fc99ee.php 第 404 行.
NOTIC: [8] Use of undefined constant id - assumed 'id' /home/wwwroot/steel/Application/Runtime/Cache/Home/2a94b8bda04ff446dcedd42276fc99ee.php 第 404 行.
NOTIC: [8] Use of undefined constant id - assumed 'id' /home/wwwroot/steel/Application/Runtime/Cache/Home/2a94b8bda04ff446dcedd42276fc99ee.php 第 404 行.
NOTIC: [8] Use of undefined constant id - assumed 'id' /home/wwwroot/steel/Application/Runtime/Cache/Home/2a94b8bda04ff446dcedd42276fc99ee.php 第 404 行.
NOTIC: [8] Use of undefined constant id - assumed 'id' /home/wwwroot/steel/Application/Runtime/Cache/Home/2a94b8bda04ff446dcedd42276fc99ee.php 第 404 行.
NOTIC: [8] Use of undefined constant id - assumed 'id' /home/wwwroot/steel/Application/Runtime/Cache/Home/2a94b8bda04ff446dcedd42276fc99ee.php 第 404 行.
NOTIC: [8] Use of undefined constant id - assumed 'id' /home/wwwroot/steel/Application/Runtime/Cache/Home/2a94b8bda04ff446dcedd42276fc99ee.php 第 404 行.
NOTIC: [8] Use of undefined constant id - assumed 'id' /home/wwwroot/steel/Application/Runtime/Cache/Home/2a94b8bda04ff446dcedd42276fc99ee.php 第 404 行.
NOTIC: [8] Use of undefined constant id - assumed 'id' /home/wwwroot/steel/Application/Runtime/Cache/Home/2a94b8bda04ff446dcedd42276fc99ee.php 第 404 行.
NOTIC: [8] Use of undefined constant id - assumed 'id' /home/wwwroot/steel/Application/Runtime/Cache/Home/2a94b8bda04ff446dcedd42276fc99ee.php 第 415 行.
INFO: Run Behavior\ParseTemplateBehavior [ RunTime:0.026560s ]
INFO: [ view_parse ] --END-- [ RunTime:0.026611s ]
INFO: [ view_filter ] --START--
INFO: Run Behavior\WriteHtmlCacheBehavior [ RunTime:0.000220s ]
INFO: [ view_filter ] --END-- [ RunTime:0.000263s ]
INFO: [ app_end ] --START--
INFO: Run Behavior\ShowPageTraceBehavior [ RunTime:0.000533s ]
INFO: [ app_end ] --END-- [ RunTime:0.000585s ]

[ 2018-11-22T20:00:59+08:00 ] 112.253.25.52 /
INFO: [ app_init ] --START--
INFO: Run Behavior\BuildLiteBehavior [ RunTime:0.000015s ]
INFO: [ app_init ] --END-- [ RunTime:0.000403s ]
INFO: [ app_begin ] --START--
INFO: Run Behavior\ReadHtmlCacheBehavior [ RunTime:0.000560s ]
INFO: [ app_begin ] --END-- [ RunTime:0.000638s ]
SQL: SHOW COLUMNS FROM `information` [ RunTime:0.0010s ]
SQL: SHOW COLUMNS FROM `information` [ RunTime:0.0007s ]
SQL: SELECT * FROM `information` LIMIT 1   [ RunTime:0.0002s ]
SQL: SHOW COLUMNS FROM `article` [ RunTime:0.0005s ]
SQL: SHOW COLUMNS FROM `photo` [ RunTime:0.0005s ]
NOTIC: [2] Missing argument 1 for Home\Model\ArticleModel::tuijian(), called in /home/wwwroot/steel/Application/Home/Controller/CommonController.class.php on line 22 and defined /home/wwwroot/steel/Application/Home/Model/ArticleModel.class.php 第 12 行.
SQL: SHOW COLUMNS FROM `article` [ RunTime:0.0005s ]
NOTIC: [8] Undefined variable: classification /home/wwwroot/steel/Application/Home/Model/ArticleModel.class.php 第 14 行.
SQL: SELECT * FROM `article` WHERE `classification` LIKE '%%' AND `settop` = 1 ORDER BY id desc LIMIT 4   [ RunTime:0.0001s ]
SQL: SHOW COLUMNS FROM `photo` [ RunTime:0.0005s ]
SQL: SELECT * FROM `photo`  [ RunTime:0.0002s ]
SQL: SHOW COLUMNS FROM `picture` [ RunTime:0.0005s ]
SQL: SHOW COLUMNS FROM `article` [ RunTime:0.0005s ]
SQL: SHOW COLUMNS FROM `picture` [ RunTime:0.0005s ]
SQL: SELECT * FROM `picture` WHERE ( fenlei = 1 ) LIMIT 4   [ RunTime:0.0001s ]
SQL: SELECT * FROM `picture` WHERE ( fenlei = 2 ) LIMIT 4   [ RunTime:0.0001s ]
SQL: SELECT * FROM `picture` WHERE ( fenlei = 3 ) LIMIT 4   [ RunTime:0.0001s ]
SQL: SELECT * FROM `picture` WHERE ( fenlei = 4 ) LIMIT 4   [ RunTime:0.0001s ]
SQL: SELECT * FROM `picture` WHERE ( fenlei = 5 ) LIMIT 4   [ RunTime:0.0001s ]
SQL: SELECT * FROM `picture` WHERE ( fenlei = 6 ) LIMIT 4   [ RunTime:0.0001s ]
NOTIC: [2] Missing argument 1 for Home\Model\ArticleModel::selnews(), called in /home/wwwroot/steel/Application/Home/Controller/IndexController.class.php on line 18 and defined /home/wwwroot/steel/Application/Home/Model/ArticleModel.class.php 第 25 行.
NOTIC: [8] Undefined variable: classification /home/wwwroot/steel/Application/Home/Model/ArticleModel.class.php 第 27 行.
SQL: SELECT * FROM `article` WHERE `classification` LIKE '%%' ORDER BY id desc LIMIT 10   [ RunTime:0.0001s ]
SQL: SELECT * FROM `article` WHERE `classification` LIKE '%6%' ORDER BY id desc LIMIT 10   [ RunTime:0.0001s ]
SQL: SELECT * FROM `article` WHERE `classification` LIKE '%7%' ORDER BY id desc LIMIT 10   [ RunTime:0.0001s ]
INFO: [ view_parse ] --START--
INFO: [ template_filter ] --START--
INFO: Run Behavior\ContentReplaceBehavior [ RunTime:0.000178s ]
INFO: [ template_filter ] --END-- [ RunTime:0.000253s ]
NOTIC: [8] Undefined offset: 40 /home/wwwroot/steel/Application/Runtime/Cache/Home/2a94b8bda04ff446dcedd42276fc99ee.php 第 388 行.
NOTIC: [8] Use of undefined constant id - assumed 'id' /home/wwwroot/steel/Application/Runtime/Cache/Home/2a94b8bda04ff446dcedd42276fc99ee.php 第 404 行.
NOTIC: [8] Use of undefined constant id - assumed 'id' /home/wwwroot/steel/Application/Runtime/Cache/Home/2a94b8bda04ff446dcedd42276fc99ee.php 第 404 行.
NOTIC: [8] Use of undefined constant id - assumed 'id' /home/wwwroot/steel/Application/Runtime/Cache/Home/2a94b8bda04ff446dcedd42276fc99ee.php 第 404 行.
NOTIC: [8] Use of undefined constant id - assumed 'id' /home/wwwroot/steel/Application/Runtime/Cache/Home/2a94b8bda04ff446dcedd42276fc99ee.php 第 404 行.
NOTIC: [8] Use of undefined constant id - assumed 'id' /home/wwwroot/steel/Application/Runtime/Cache/Home/2a94b8bda04ff446dcedd42276fc99ee.php 第 404 行.
NOTIC: [8] Use of undefined constant id - assumed 'id' /home/wwwroot/steel/Application/Runtime/Cache/Home/2a94b8bda04ff446dcedd42276fc99ee.php 第 404 行.
NOTIC: [8] Use of undefined constant id - assumed 'id' /home/wwwroot/steel/Application/Runtime/Cache/Home/2a94b8bda04ff446dcedd42276fc99ee.php 第 404 行.
NOTIC: [8] Use of undefined constant id - assumed 'id' /home/wwwroot/steel/Application/Runtime/Cache/Home/2a94b8bda04ff446dcedd42276fc99ee.php 第 404 行.
NOTIC: [8] Use of undefined constant id - assumed 'id' /home/wwwroot/steel/Application/Runtime/Cache/Home/2a94b8bda04ff446dcedd42276fc99ee.php 第 404 行.
NOTIC: [8] Use of undefined constant id - assumed 'id' /home/wwwroot/steel/Application/Runtime/Cache/Home/2a94b8bda04ff446dcedd42276fc99ee.php 第 404 行.
NOTIC: [8] Use of undefined constant id - assumed 'id' /home/wwwroot/steel/Application/Runtime/Cache/Home/2a94b8bda04ff446dcedd42276fc99ee.php 第 415 行.
INFO: Run Behavior\ParseTemplateBehavior [ RunTime:0.027594s ]
INFO: [ view_parse ] --END-- [ RunTime:0.027682s ]
INFO: [ view_filter ] --START--
INFO: Run Behavior\WriteHtmlCacheBehavior [ RunTime:0.000228s ]
INFO: [ view_filter ] --END-- [ RunTime:0.000272s ]
INFO: [ app_end ] --START--
INFO: Run Behavior\ShowPageTraceBehavior [ RunTime:0.000525s ]
INFO: [ app_end ] --END-- [ RunTime:0.000617s ]

[ 2018-11-22T20:01:26+08:00 ] 112.253.25.52 /index.php/Home/Index/index.html
INFO: [ app_init ] --START--
INFO: Run Behavior\BuildLiteBehavior [ RunTime:0.000016s ]
INFO: [ app_init ] --END-- [ RunTime:0.000447s ]
INFO: [ app_begin ] --START--
INFO: Run Behavior\ReadHtmlCacheBehavior [ RunTime:0.000493s ]
INFO: [ app_begin ] --END-- [ RunTime:0.000561s ]
SQL: SHOW COLUMNS FROM `information` [ RunTime:0.0009s ]
SQL: SHOW COLUMNS FROM `information` [ RunTime:0.0006s ]
SQL: SELECT * FROM `information` LIMIT 1   [ RunTime:0.0002s ]
SQL: SHOW COLUMNS FROM `article` [ RunTime:0.0005s ]
SQL: SHOW COLUMNS FROM `photo` [ RunTime:0.0005s ]
NOTIC: [2] Missing argument 1 for Home\Model\ArticleModel::tuijian(), called in /home/wwwroot/steel/Application/Home/Controller/CommonController.class.php on line 22 and defined /home/wwwroot/steel/Application/Home/Model/ArticleModel.class.php 第 12 行.
SQL: SHOW COLUMNS FROM `article` [ RunTime:0.0005s ]
NOTIC: [8] Undefined variable: classification /home/wwwroot/steel/Application/Home/Model/ArticleModel.class.php 第 14 行.
SQL: SELECT * FROM `article` WHERE `classification` LIKE '%%' AND `settop` = 1 ORDER BY id desc LIMIT 4   [ RunTime:0.0001s ]
SQL: SHOW COLUMNS FROM `photo` [ RunTime:0.0005s ]
SQL: SELECT * FROM `photo`  [ RunTime:0.0002s ]
SQL: SHOW COLUMNS FROM `picture` [ RunTime:0.0005s ]
SQL: SHOW COLUMNS FROM `article` [ RunTime:0.0005s ]
SQL: SHOW COLUMNS FROM `picture` [ RunTime:0.0004s ]
SQL: SELECT * FROM `picture` WHERE ( fenlei = 1 ) LIMIT 4   [ RunTime:0.0001s ]
SQL: SELECT * FROM `picture` WHERE ( fenlei = 2 ) LIMIT 4   [ RunTime:0.0001s ]
SQL: SELECT * FROM `picture` WHERE ( fenlei = 3 ) LIMIT 4   [ RunTime:0.0001s ]
SQL: SELECT * FROM `picture` WHERE ( fenlei = 4 ) LIMIT 4   [ RunTime:0.0001s ]
SQL: SELECT * FROM `picture` WHERE ( fenlei = 5 ) LIMIT 4   [ RunTime:0.0001s ]
SQL: SELECT * FROM `picture` WHERE ( fenlei = 6 ) LIMIT 4   [ RunTime:0.0001s ]
NOTIC: [2] Missing argument 1 for Home\Model\ArticleModel::selnews(), called in /home/wwwroot/steel/Application/Home/Controller/IndexController.class.php on line 18 and defined /home/wwwroot/steel/Application/Home/Model/ArticleModel.class.php 第 25 行.
NOTIC: [8] Undefined variable: classification /home/wwwroot/steel/Application/Home/Model/ArticleModel.class.php 第 27 行.
SQL: SELECT * FROM `article` WHERE `classification` LIKE '%%' ORDER BY id desc LIMIT 10   [ RunTime:0.0001s ]
SQL: SELECT * FROM `article` WHERE `classification` LIKE '%6%' ORDER BY id desc LIMIT 10   [ RunTime:0.0001s ]
SQL: SELECT * FROM `article` WHERE `classification` LIKE '%7%' ORDER BY id desc LIMIT 10   [ RunTime:0.0001s ]
INFO: [ view_parse ] --START--
INFO: [ template_filter ] --START--
INFO: Run Behavior\ContentReplaceBehavior [ RunTime:0.000216s ]
INFO: [ template_filter ] --END-- [ RunTime:0.000287s ]
NOTIC: [8] Undefined offset: 40 /home/wwwroot/steel/Application/Runtime/Cache/Home/2a94b8bda04ff446dcedd42276fc99ee.php 第 388 行.
NOTIC: [8] Use of undefined constant id - assumed 'id' /home/wwwroot/steel/Application/Runtime/Cache/Home/2a94b8bda04ff446dcedd42276fc99ee.php 第 404 行.
NOTIC: [8] Use of undefined constant id - assumed 'id' /home/wwwroot/steel/Application/Runtime/Cache/Home/2a94b8bda04ff446dcedd42276fc99ee.php 第 404 行.
NOTIC: [8] Use of undefined constant id - assumed 'id' /home/wwwroot/steel/Application/Runtime/Cache/Home/2a94b8bda04ff446dcedd42276fc99ee.php 第 404 行.
NOTIC: [8] Use of undefined constant id - assumed 'id' /home/wwwroot/steel/Application/Runtime/Cache/Home/2a94b8bda04ff446dcedd42276fc99ee.php 第 404 行.
NOTIC: [8] Use of undefined constant id - assumed 'id' /home/wwwroot/steel/Application/Runtime/Cache/Home/2a94b8bda04ff446dcedd42276fc99ee.php 第 404 行.
NOTIC: [8] Use of undefined constant id - assumed 'id' /home/wwwroot/steel/Application/Runtime/Cache/Home/2a94b8bda04ff446dcedd42276fc99ee.php 第 404 行.
NOTIC: [8] Use of undefined constant id - assumed 'id' /home/wwwroot/steel/Application/Runtime/Cache/Home/2a94b8bda04ff446dcedd42276fc99ee.php 第 404 行.
NOTIC: [8] Use of undefined constant id - assumed 'id' /home/wwwroot/steel/Application/Runtime/Cache/Home/2a94b8bda04ff446dcedd42276fc99ee.php 第 404 行.
NOTIC: [8] Use of undefined constant id - assumed 'id' /home/wwwroot/steel/Application/Runtime/Cache/Home/2a94b8bda04ff446dcedd42276fc99ee.php 第 404 行.
NOTIC: [8] Use of undefined constant id - assumed 'id' /home/wwwroot/steel/Application/Runtime/Cache/Home/2a94b8bda04ff446dcedd42276fc99ee.php 第 404 行.
NOTIC: [8] Use of undefined constant id - assumed 'id' /home/wwwroot/steel/Application/Runtime/Cache/Home/2a94b8bda04ff446dcedd42276fc99ee.php 第 415 行.
INFO: Run Behavior\ParseTemplateBehavior [ RunTime:0.028259s ]
INFO: [ view_parse ] --END-- [ RunTime:0.028313s ]
INFO: [ view_filter ] --START--
INFO: Run Behavior\WriteHtmlCacheBehavior [ RunTime:0.000224s ]
INFO: [ view_filter ] --END-- [ RunTime:0.000296s ]
INFO: [ app_end ] --START--
INFO: Run Behavior\ShowPageTraceBehavior [ RunTime:0.000541s ]
INFO: [ app_end ] --END-- [ RunTime:0.000593s ]

