[ 2018-12-04T16:28:08+08:00 ] 64.246.161.42 /
INFO: [ app_init ] --START--
INFO: Run Behavior\BuildLiteBehavior [ RunTime:0.000014s ]
INFO: [ app_init ] --END-- [ RunTime:0.000387s ]
INFO: [ app_begin ] --START--
INFO: Run Behavior\ReadHtmlCacheBehavior [ RunTime:0.000889s ]
INFO: [ app_begin ] --END-- [ RunTime:0.000944s ]
SQL: SHOW COLUMNS FROM `information` [ RunTime:0.0071s ]
SQL: SHOW COLUMNS FROM `information` [ RunTime:0.0007s ]
SQL: SELECT * FROM `information` LIMIT 1   [ RunTime:0.0007s ]
SQL: SHOW COLUMNS FROM `article` [ RunTime:0.0010s ]
SQL: SHOW COLUMNS FROM `photo` [ RunTime:0.0009s ]
NOTIC: [2] Missing argument 1 for Home\Model\ArticleModel::tuijian(), called in /home/wwwroot/steel/Application/Home/Controller/CommonController.class.php on line 22 and defined /home/wwwroot/steel/Application/Home/Model/ArticleModel.class.php 第 12 行.
SQL: SHOW COLUMNS FROM `article` [ RunTime:0.0006s ]
NOTIC: [8] Undefined variable: classification /home/wwwroot/steel/Application/Home/Model/ArticleModel.class.php 第 14 行.
SQL: SELECT * FROM `article` WHERE `classification` LIKE '%%' AND `settop` = 1 ORDER BY id desc LIMIT 4   [ RunTime:0.0026s ]
SQL: SHOW COLUMNS FROM `photo` [ RunTime:0.0005s ]
SQL: SELECT * FROM `photo`  [ RunTime:0.0007s ]
SQL: SHOW COLUMNS FROM `picture` [ RunTime:0.0012s ]
SQL: SHOW COLUMNS FROM `article` [ RunTime:0.0005s ]
SQL: SHOW COLUMNS FROM `picture` [ RunTime:0.0005s ]
SQL: SELECT * FROM `picture` WHERE ( fenlei = 1 ) LIMIT 4   [ RunTime:0.0006s ]
SQL: SELECT * FROM `picture` WHERE ( fenlei = 2 ) LIMIT 4   [ RunTime:0.0002s ]
SQL: SELECT * FROM `picture` WHERE ( fenlei = 3 ) LIMIT 4   [ RunTime:0.0002s ]
SQL: SELECT * FROM `picture` WHERE ( fenlei = 4 ) LIMIT 4   [ RunTime:0.0002s ]
SQL: SELECT * FROM `picture` WHERE ( fenlei = 5 ) LIMIT 4   [ RunTime:0.0002s ]
SQL: SELECT * FROM `picture` WHERE ( fenlei = 6 ) LIMIT 4   [ RunTime:0.0002s ]
NOTIC: [2] Missing argument 1 for Home\Model\ArticleModel::selnews(), called in /home/wwwroot/steel/Application/Home/Controller/IndexController.class.php on line 18 and defined /home/wwwroot/steel/Application/Home/Model/ArticleModel.class.php 第 25 行.
NOTIC: [8] Undefined variable: classification /home/wwwroot/steel/Application/Home/Model/ArticleModel.class.php 第 27 行.
SQL: SELECT * FROM `article` WHERE `classification` LIKE '%%' ORDER BY id desc LIMIT 10   [ RunTime:0.0003s ]
SQL: SELECT * FROM `article` WHERE `classification` LIKE '%6%' ORDER BY id desc LIMIT 10   [ RunTime:0.0003s ]
SQL: SELECT * FROM `article` WHERE `classification` LIKE '%7%' ORDER BY id desc LIMIT 10   [ RunTime:0.0003s ]
INFO: [ view_parse ] --START--
INFO: [ template_filter ] --START--
INFO: Run Behavior\ContentReplaceBehavior [ RunTime:0.001731s ]
INFO: [ template_filter ] --END-- [ RunTime:0.001800s ]
NOTIC: [8] Undefined offset: 40 /home/wwwroot/steel/Application/Runtime/Cache/Home/2a94b8bda04ff446dcedd42276fc99ee.php 第 388 行.
NOTIC: [8] Use of undefined constant id - assumed 'id' /home/wwwroot/steel/Application/Runtime/Cache/Home/2a94b8bda04ff446dcedd42276fc99ee.php 第 404 行.
NOTIC: [8] Use of undefined constant id - assumed 'id' /home/wwwroot/steel/Application/Runtime/Cache/Home/2a94b8bda04ff446dcedd42276fc99ee.php 第 404 行.
NOTIC: [8] Use of undefined constant id - assumed 'id' /home/wwwroot/steel/Application/Runtime/Cache/Home/2a94b8bda04ff446dcedd42276fc99ee.php 第 404 行.
NOTIC: [8] Use of undefined constant id - assumed 'id' /home/wwwroot/steel/Application/Runtime/Cache/Home/2a94b8bda04ff446dcedd42276fc99ee.php 第 404 行.
NOTIC: [8] Use of undefined constant id - assumed 'id' /home/wwwroot/steel/Application/Runtime/Cache/Home/2a94b8bda04ff446dcedd42276fc99ee.php 第 404 行.
NOTIC: [8] Use of undefined constant id - assumed 'id' /home/wwwroot/steel/Application/Runtime/Cache/Home/2a94b8bda04ff446dcedd42276fc99ee.php 第 404 行.
NOTIC: [8] Use of undefined constant id - assumed 'id' /home/wwwroot/steel/Application/Runtime/Cache/Home/2a94b8bda04ff446dcedd42276fc99ee.php 第 404 行.
NOTIC: [8] Use of undefined constant id - assumed 'id' /home/wwwroot/steel/Application/Runtime/Cache/Home/2a94b8bda04ff446dcedd42276fc99ee.php 第 404 行.
NOTIC: [8] Use of undefined constant id - assumed 'id' /home/wwwroot/steel/Application/Runtime/Cache/Home/2a94b8bda04ff446dcedd42276fc99ee.php 第 404 行.
NOTIC: [8] Use of undefined constant id - assumed 'id' /home/wwwroot/steel/Application/Runtime/Cache/Home/2a94b8bda04ff446dcedd42276fc99ee.php 第 404 行.
NOTIC: [8] Use of undefined constant id - assumed 'id' /home/wwwroot/steel/Application/Runtime/Cache/Home/2a94b8bda04ff446dcedd42276fc99ee.php 第 415 行.
INFO: Run Behavior\ParseTemplateBehavior [ RunTime:0.040537s ]
INFO: [ view_parse ] --END-- [ RunTime:0.040594s ]
INFO: [ view_filter ] --START--
INFO: Run Behavior\WriteHtmlCacheBehavior [ RunTime:0.000622s ]
INFO: [ view_filter ] --END-- [ RunTime:0.000668s ]
INFO: [ app_end ] --START--
INFO: Run Behavior\ShowPageTraceBehavior [ RunTime:0.000934s ]
INFO: [ app_end ] --END-- [ RunTime:0.000995s ]

