[ 2018-11-27T04:45:31+08:00 ] 137.226.113.28 /
INFO: [ app_init ] --START--
INFO: Run Behavior\BuildLiteBehavior [ RunTime:0.000018s ]
INFO: [ app_init ] --END-- [ RunTime:0.000755s ]
INFO: [ app_begin ] --START--
INFO: Run Behavior\ReadHtmlCacheBehavior [ RunTime:0.000831s ]
INFO: [ app_begin ] --END-- [ RunTime:0.000917s ]
SQL: SHOW COLUMNS FROM `information` [ RunTime:0.0078s ]
SQL: SHOW COLUMNS FROM `information` [ RunTime:0.0007s ]
SQL: SELECT * FROM `information` LIMIT 1   [ RunTime:0.0007s ]
SQL: SHOW COLUMNS FROM `article` [ RunTime:0.0010s ]
SQL: SHOW COLUMNS FROM `photo` [ RunTime:0.0010s ]
NOTIC: [2] Missing argument 1 for Home\Model\ArticleModel::tuijian(), called in /home/wwwroot/steel/Application/Home/Controller/CommonController.class.php on line 22 and defined /home/wwwroot/steel/Application/Home/Model/ArticleModel.class.php 第 12 行.
SQL: SHOW COLUMNS FROM `article` [ RunTime:0.0006s ]
NOTIC: [8] Undefined variable: classification /home/wwwroot/steel/Application/Home/Model/ArticleModel.class.php 第 14 行.
SQL: SELECT * FROM `article` WHERE `classification` LIKE '%%' AND `settop` = 1 ORDER BY id desc LIMIT 4   [ RunTime:0.0024s ]
SQL: SHOW COLUMNS FROM `photo` [ RunTime:0.0006s ]
SQL: SELECT * FROM `photo`  [ RunTime:0.0006s ]
SQL: SHOW COLUMNS FROM `picture` [ RunTime:0.0010s ]
SQL: SHOW COLUMNS FROM `article` [ RunTime:0.0005s ]
SQL: SHOW COLUMNS FROM `picture` [ RunTime:0.0005s ]
SQL: SELECT * FROM `picture` WHERE ( fenlei = 1 ) LIMIT 4   [ RunTime:0.0006s ]
SQL: SELECT * FROM `picture` WHERE ( fenlei = 2 ) LIMIT 4   [ RunTime:0.0002s ]
SQL: SELECT * FROM `picture` WHERE ( fenlei = 3 ) LIMIT 4   [ RunTime:0.0002s ]
SQL: SELECT * FROM `picture` WHERE ( fenlei = 4 ) LIMIT 4   [ RunTime:0.0002s ]
SQL: SELECT * FROM `picture` WHERE ( fenlei = 5 ) LIMIT 4   [ RunTime:0.0002s ]
SQL: SELECT * FROM `picture` WHERE ( fenlei = 6 ) LIMIT 4   [ RunTime:0.0002s ]
NOTIC: [2] Missing argument 1 for Home\Model\ArticleModel::selnews(), called in /home/wwwroot/steel/Application/Home/Controller/IndexController.class.php on line 18 and defined /home/wwwroot/steel/Application/Home/Model/ArticleModel.class.php 第 25 行.
NOTIC: [8] Undefined variable: classification /home/wwwroot/steel/Application/Home/Model/ArticleModel.class.php 第 27 行.
SQL: SELECT * FROM `article` WHERE `classification` LIKE '%%' ORDER BY id desc LIMIT 10   [ RunTime:0.0003s ]
SQL: SELECT * FROM `article` WHERE `classification` LIKE '%6%' ORDER BY id desc LIMIT 10   [ RunTime:0.0003s ]
SQL: SELECT * FROM `article` WHERE `classification` LIKE '%7%' ORDER BY id desc LIMIT 10   [ RunTime:0.0003s ]
INFO: [ view_parse ] --START--
INFO: [ template_filter ] --START--
INFO: Run Behavior\ContentReplaceBehavior [ RunTime:0.001780s ]
INFO: [ template_filter ] --END-- [ RunTime:0.001846s ]
NOTIC: [8] Undefined offset: 40 /home/wwwroot/steel/Application/Runtime/Cache/Home/2a94b8bda04ff446dcedd42276fc99ee.php 第 388 行.
NOTIC: [8] Use of undefined constant id - assumed 'id' /home/wwwroot/steel/Application/Runtime/Cache/Home/2a94b8bda04ff446dcedd42276fc99ee.php 第 404 行.
NOTIC: [8] Use of undefined constant id - assumed 'id' /home/wwwroot/steel/Application/Runtime/Cache/Home/2a94b8bda04ff446dcedd42276fc99ee.php 第 404 行.
NOTIC: [8] Use of undefined constant id - assumed 'id' /home/wwwroot/steel/Application/Runtime/Cache/Home/2a94b8bda04ff446dcedd42276fc99ee.php 第 404 行.
NOTIC: [8] Use of undefined constant id - assumed 'id' /home/wwwroot/steel/Application/Runtime/Cache/Home/2a94b8bda04ff446dcedd42276fc99ee.php 第 404 行.
NOTIC: [8] Use of undefined constant id - assumed 'id' /home/wwwroot/steel/Application/Runtime/Cache/Home/2a94b8bda04ff446dcedd42276fc99ee.php 第 404 行.
NOTIC: [8] Use of undefined constant id - assumed 'id' /home/wwwroot/steel/Application/Runtime/Cache/Home/2a94b8bda04ff446dcedd42276fc99ee.php 第 404 行.
NOTIC: [8] Use of undefined constant id - assumed 'id' /home/wwwroot/steel/Application/Runtime/Cache/Home/2a94b8bda04ff446dcedd42276fc99ee.php 第 404 行.
NOTIC: [8] Use of undefined constant id - assumed 'id' /home/wwwroot/steel/Application/Runtime/Cache/Home/2a94b8bda04ff446dcedd42276fc99ee.php 第 404 行.
NOTIC: [8] Use of undefined constant id - assumed 'id' /home/wwwroot/steel/Application/Runtime/Cache/Home/2a94b8bda04ff446dcedd42276fc99ee.php 第 404 行.
NOTIC: [8] Use of undefined constant id - assumed 'id' /home/wwwroot/steel/Application/Runtime/Cache/Home/2a94b8bda04ff446dcedd42276fc99ee.php 第 404 行.
NOTIC: [8] Use of undefined constant id - assumed 'id' /home/wwwroot/steel/Application/Runtime/Cache/Home/2a94b8bda04ff446dcedd42276fc99ee.php 第 415 行.
INFO: Run Behavior\ParseTemplateBehavior [ RunTime:0.037931s ]
INFO: [ view_parse ] --END-- [ RunTime:0.037991s ]
INFO: [ view_filter ] --START--
INFO: Run Behavior\WriteHtmlCacheBehavior [ RunTime:0.000735s ]
INFO: [ view_filter ] --END-- [ RunTime:0.000780s ]
INFO: [ app_end ] --START--
INFO: Run Behavior\ShowPageTraceBehavior [ RunTime:0.000970s ]
INFO: [ app_end ] --END-- [ RunTime:0.001024s ]

[ 2018-11-27T07:08:41+08:00 ] 137.226.113.28 /
INFO: [ app_init ] --START--
INFO: Run Behavior\BuildLiteBehavior [ RunTime:0.000015s ]
INFO: [ app_init ] --END-- [ RunTime:0.000832s ]
INFO: [ app_begin ] --START--
INFO: Run Behavior\ReadHtmlCacheBehavior [ RunTime:0.000902s ]
INFO: [ app_begin ] --END-- [ RunTime:0.000955s ]
SQL: SHOW COLUMNS FROM `information` [ RunTime:0.0023s ]
SQL: SHOW COLUMNS FROM `information` [ RunTime:0.0007s ]
SQL: SELECT * FROM `information` LIMIT 1   [ RunTime:0.0006s ]
SQL: SHOW COLUMNS FROM `article` [ RunTime:0.0010s ]
SQL: SHOW COLUMNS FROM `photo` [ RunTime:0.0009s ]
NOTIC: [2] Missing argument 1 for Home\Model\ArticleModel::tuijian(), called in /home/wwwroot/steel/Application/Home/Controller/CommonController.class.php on line 22 and defined /home/wwwroot/steel/Application/Home/Model/ArticleModel.class.php 第 12 行.
SQL: SHOW COLUMNS FROM `article` [ RunTime:0.0006s ]
NOTIC: [8] Undefined variable: classification /home/wwwroot/steel/Application/Home/Model/ArticleModel.class.php 第 14 行.
SQL: SELECT * FROM `article` WHERE `classification` LIKE '%%' AND `settop` = 1 ORDER BY id desc LIMIT 4   [ RunTime:0.0019s ]
SQL: SHOW COLUMNS FROM `photo` [ RunTime:0.0005s ]
SQL: SELECT * FROM `photo`  [ RunTime:0.0011s ]
SQL: SHOW COLUMNS FROM `picture` [ RunTime:0.0010s ]
SQL: SHOW COLUMNS FROM `article` [ RunTime:0.0005s ]
SQL: SHOW COLUMNS FROM `picture` [ RunTime:0.0005s ]
SQL: SELECT * FROM `picture` WHERE ( fenlei = 1 ) LIMIT 4   [ RunTime:0.0006s ]
SQL: SELECT * FROM `picture` WHERE ( fenlei = 2 ) LIMIT 4   [ RunTime:0.0002s ]
SQL: SELECT * FROM `picture` WHERE ( fenlei = 3 ) LIMIT 4   [ RunTime:0.0002s ]
SQL: SELECT * FROM `picture` WHERE ( fenlei = 4 ) LIMIT 4   [ RunTime:0.0002s ]
SQL: SELECT * FROM `picture` WHERE ( fenlei = 5 ) LIMIT 4   [ RunTime:0.0002s ]
SQL: SELECT * FROM `picture` WHERE ( fenlei = 6 ) LIMIT 4   [ RunTime:0.0003s ]
NOTIC: [2] Missing argument 1 for Home\Model\ArticleModel::selnews(), called in /home/wwwroot/steel/Application/Home/Controller/IndexController.class.php on line 18 and defined /home/wwwroot/steel/Application/Home/Model/ArticleModel.class.php 第 25 行.
NOTIC: [8] Undefined variable: classification /home/wwwroot/steel/Application/Home/Model/ArticleModel.class.php 第 27 行.
SQL: SELECT * FROM `article` WHERE `classification` LIKE '%%' ORDER BY id desc LIMIT 10   [ RunTime:0.0003s ]
SQL: SELECT * FROM `article` WHERE `classification` LIKE '%6%' ORDER BY id desc LIMIT 10   [ RunTime:0.0003s ]
SQL: SELECT * FROM `article` WHERE `classification` LIKE '%7%' ORDER BY id desc LIMIT 10   [ RunTime:0.0003s ]
INFO: [ view_parse ] --START--
INFO: [ template_filter ] --START--
INFO: Run Behavior\ContentReplaceBehavior [ RunTime:0.000171s ]
INFO: [ template_filter ] --END-- [ RunTime:0.000231s ]
NOTIC: [8] Undefined offset: 40 /home/wwwroot/steel/Application/Runtime/Cache/Home/2a94b8bda04ff446dcedd42276fc99ee.php 第 388 行.
NOTIC: [8] Use of undefined constant id - assumed 'id' /home/wwwroot/steel/Application/Runtime/Cache/Home/2a94b8bda04ff446dcedd42276fc99ee.php 第 404 行.
NOTIC: [8] Use of undefined constant id - assumed 'id' /home/wwwroot/steel/Application/Runtime/Cache/Home/2a94b8bda04ff446dcedd42276fc99ee.php 第 404 行.
NOTIC: [8] Use of undefined constant id - assumed 'id' /home/wwwroot/steel/Application/Runtime/Cache/Home/2a94b8bda04ff446dcedd42276fc99ee.php 第 404 行.
NOTIC: [8] Use of undefined constant id - assumed 'id' /home/wwwroot/steel/Application/Runtime/Cache/Home/2a94b8bda04ff446dcedd42276fc99ee.php 第 404 行.
NOTIC: [8] Use of undefined constant id - assumed 'id' /home/wwwroot/steel/Application/Runtime/Cache/Home/2a94b8bda04ff446dcedd42276fc99ee.php 第 404 行.
NOTIC: [8] Use of undefined constant id - assumed 'id' /home/wwwroot/steel/Application/Runtime/Cache/Home/2a94b8bda04ff446dcedd42276fc99ee.php 第 404 行.
NOTIC: [8] Use of undefined constant id - assumed 'id' /home/wwwroot/steel/Application/Runtime/Cache/Home/2a94b8bda04ff446dcedd42276fc99ee.php 第 404 行.
NOTIC: [8] Use of undefined constant id - assumed 'id' /home/wwwroot/steel/Application/Runtime/Cache/Home/2a94b8bda04ff446dcedd42276fc99ee.php 第 404 行.
NOTIC: [8] Use of undefined constant id - assumed 'id' /home/wwwroot/steel/Application/Runtime/Cache/Home/2a94b8bda04ff446dcedd42276fc99ee.php 第 404 行.
NOTIC: [8] Use of undefined constant id - assumed 'id' /home/wwwroot/steel/Application/Runtime/Cache/Home/2a94b8bda04ff446dcedd42276fc99ee.php 第 404 行.
NOTIC: [8] Use of undefined constant id - assumed 'id' /home/wwwroot/steel/Application/Runtime/Cache/Home/2a94b8bda04ff446dcedd42276fc99ee.php 第 415 行.
INFO: Run Behavior\ParseTemplateBehavior [ RunTime:0.029438s ]
INFO: [ view_parse ] --END-- [ RunTime:0.029489s ]
INFO: [ view_filter ] --START--
INFO: Run Behavior\WriteHtmlCacheBehavior [ RunTime:0.000644s ]
INFO: [ view_filter ] --END-- [ RunTime:0.000690s ]
INFO: [ app_end ] --START--
INFO: Run Behavior\ShowPageTraceBehavior [ RunTime:0.000943s ]
INFO: [ app_end ] --END-- [ RunTime:0.000999s ]

[ 2018-11-27T11:01:04+08:00 ] 137.226.113.34 /
INFO: [ app_init ] --START--
INFO: Run Behavior\BuildLiteBehavior [ RunTime:0.000027s ]
INFO: [ app_init ] --END-- [ RunTime:0.000721s ]
INFO: [ app_begin ] --START--
INFO: Run Behavior\ReadHtmlCacheBehavior [ RunTime:0.000884s ]
INFO: [ app_begin ] --END-- [ RunTime:0.000940s ]
SQL: SHOW COLUMNS FROM `information` [ RunTime:0.0020s ]
SQL: SHOW COLUMNS FROM `information` [ RunTime:0.0007s ]
SQL: SELECT * FROM `information` LIMIT 1   [ RunTime:0.0008s ]
SQL: SHOW COLUMNS FROM `article` [ RunTime:0.0007s ]
SQL: SHOW COLUMNS FROM `photo` [ RunTime:0.0005s ]
NOTIC: [2] Missing argument 1 for Home\Model\ArticleModel::tuijian(), called in /home/wwwroot/steel/Application/Home/Controller/CommonController.class.php on line 22 and defined /home/wwwroot/steel/Application/Home/Model/ArticleModel.class.php 第 12 行.
SQL: SHOW COLUMNS FROM `article` [ RunTime:0.0006s ]
NOTIC: [8] Undefined variable: classification /home/wwwroot/steel/Application/Home/Model/ArticleModel.class.php 第 14 行.
SQL: SELECT * FROM `article` WHERE `classification` LIKE '%%' AND `settop` = 1 ORDER BY id desc LIMIT 4   [ RunTime:0.0022s ]
SQL: SHOW COLUMNS FROM `photo` [ RunTime:0.0005s ]
SQL: SELECT * FROM `photo`  [ RunTime:0.0007s ]
SQL: SHOW COLUMNS FROM `picture` [ RunTime:0.0005s ]
SQL: SHOW COLUMNS FROM `article` [ RunTime:0.0005s ]
SQL: SHOW COLUMNS FROM `picture` [ RunTime:0.0005s ]
SQL: SELECT * FROM `picture` WHERE ( fenlei = 1 ) LIMIT 4   [ RunTime:0.0007s ]
SQL: SELECT * FROM `picture` WHERE ( fenlei = 2 ) LIMIT 4   [ RunTime:0.0002s ]
SQL: SELECT * FROM `picture` WHERE ( fenlei = 3 ) LIMIT 4   [ RunTime:0.0002s ]
SQL: SELECT * FROM `picture` WHERE ( fenlei = 4 ) LIMIT 4   [ RunTime:0.0003s ]
SQL: SELECT * FROM `picture` WHERE ( fenlei = 5 ) LIMIT 4   [ RunTime:0.0002s ]
SQL: SELECT * FROM `picture` WHERE ( fenlei = 6 ) LIMIT 4   [ RunTime:0.0002s ]
NOTIC: [2] Missing argument 1 for Home\Model\ArticleModel::selnews(), called in /home/wwwroot/steel/Application/Home/Controller/IndexController.class.php on line 18 and defined /home/wwwroot/steel/Application/Home/Model/ArticleModel.class.php 第 25 行.
NOTIC: [8] Undefined variable: classification /home/wwwroot/steel/Application/Home/Model/ArticleModel.class.php 第 27 行.
SQL: SELECT * FROM `article` WHERE `classification` LIKE '%%' ORDER BY id desc LIMIT 10   [ RunTime:0.0003s ]
SQL: SELECT * FROM `article` WHERE `classification` LIKE '%6%' ORDER BY id desc LIMIT 10   [ RunTime:0.0003s ]
SQL: SELECT * FROM `article` WHERE `classification` LIKE '%7%' ORDER BY id desc LIMIT 10   [ RunTime:0.0003s ]
INFO: [ view_parse ] --START--
INFO: [ template_filter ] --START--
INFO: Run Behavior\ContentReplaceBehavior [ RunTime:0.000199s ]
INFO: [ template_filter ] --END-- [ RunTime:0.000267s ]
NOTIC: [8] Undefined offset: 40 /home/wwwroot/steel/Application/Runtime/Cache/Home/2a94b8bda04ff446dcedd42276fc99ee.php 第 388 行.
NOTIC: [8] Use of undefined constant id - assumed 'id' /home/wwwroot/steel/Application/Runtime/Cache/Home/2a94b8bda04ff446dcedd42276fc99ee.php 第 404 行.
NOTIC: [8] Use of undefined constant id - assumed 'id' /home/wwwroot/steel/Application/Runtime/Cache/Home/2a94b8bda04ff446dcedd42276fc99ee.php 第 404 行.
NOTIC: [8] Use of undefined constant id - assumed 'id' /home/wwwroot/steel/Application/Runtime/Cache/Home/2a94b8bda04ff446dcedd42276fc99ee.php 第 404 行.
NOTIC: [8] Use of undefined constant id - assumed 'id' /home/wwwroot/steel/Application/Runtime/Cache/Home/2a94b8bda04ff446dcedd42276fc99ee.php 第 404 行.
NOTIC: [8] Use of undefined constant id - assumed 'id' /home/wwwroot/steel/Application/Runtime/Cache/Home/2a94b8bda04ff446dcedd42276fc99ee.php 第 404 行.
NOTIC: [8] Use of undefined constant id - assumed 'id' /home/wwwroot/steel/Application/Runtime/Cache/Home/2a94b8bda04ff446dcedd42276fc99ee.php 第 404 行.
NOTIC: [8] Use of undefined constant id - assumed 'id' /home/wwwroot/steel/Application/Runtime/Cache/Home/2a94b8bda04ff446dcedd42276fc99ee.php 第 404 行.
NOTIC: [8] Use of undefined constant id - assumed 'id' /home/wwwroot/steel/Application/Runtime/Cache/Home/2a94b8bda04ff446dcedd42276fc99ee.php 第 404 行.
NOTIC: [8] Use of undefined constant id - assumed 'id' /home/wwwroot/steel/Application/Runtime/Cache/Home/2a94b8bda04ff446dcedd42276fc99ee.php 第 404 行.
NOTIC: [8] Use of undefined constant id - assumed 'id' /home/wwwroot/steel/Application/Runtime/Cache/Home/2a94b8bda04ff446dcedd42276fc99ee.php 第 404 行.
NOTIC: [8] Use of undefined constant id - assumed 'id' /home/wwwroot/steel/Application/Runtime/Cache/Home/2a94b8bda04ff446dcedd42276fc99ee.php 第 415 行.
INFO: Run Behavior\ParseTemplateBehavior [ RunTime:0.032882s ]
INFO: [ view_parse ] --END-- [ RunTime:0.032943s ]
INFO: [ view_filter ] --START--
INFO: Run Behavior\WriteHtmlCacheBehavior [ RunTime:0.000601s ]
INFO: [ view_filter ] --END-- [ RunTime:0.000647s ]
INFO: [ app_end ] --START--
INFO: Run Behavior\ShowPageTraceBehavior [ RunTime:0.000949s ]
INFO: [ app_end ] --END-- [ RunTime:0.001003s ]

