[ 2018-11-06T18:51:18+08:00 ] ::1 /steel/img/4.jpg
INFO: [ app_init ] --START--
INFO: Run Behavior\BuildLiteBehavior [ RunTime:0.000054s ]
INFO: [ app_init ] --END-- [ RunTime:0.001074s ]
ERR: 无法加载模块:Img

[ 2018-11-06T18:51:18+08:00 ] ::1 /steel/img/4.jpg
INFO: [ app_init ] --START--
INFO: Run Behavior\BuildLiteBehavior [ RunTime:0.000036s ]
INFO: [ app_init ] --END-- [ RunTime:0.000817s ]
ERR: 无法加载模块:Img

[ 2018-11-06T18:51:41+08:00 ] ::1 /steel/img/4.jpg
INFO: [ app_init ] --START--
INFO: Run Behavior\BuildLiteBehavior [ RunTime:0.000024s ]
INFO: [ app_init ] --END-- [ RunTime:0.000789s ]
ERR: 无法加载模块:Img

[ 2018-11-06T18:51:42+08:00 ] ::1 /steel/img/4.jpg
INFO: [ app_init ] --START--
INFO: Run Behavior\BuildLiteBehavior [ RunTime:0.000021s ]
INFO: [ app_init ] --END-- [ RunTime:0.000926s ]
ERR: 无法加载模块:Img

[ 2018-11-06T18:53:27+08:00 ] ::1 /steel/img/4.jpg
INFO: [ app_init ] --START--
INFO: Run Behavior\BuildLiteBehavior [ RunTime:0.000024s ]
INFO: [ app_init ] --END-- [ RunTime:0.001623s ]
ERR: 无法加载模块:Img

[ 2018-11-06T18:53:27+08:00 ] ::1 /steel/img/4.jpg
INFO: [ app_init ] --START--
INFO: Run Behavior\BuildLiteBehavior [ RunTime:0.000021s ]
INFO: [ app_init ] --END-- [ RunTime:0.000770s ]
ERR: 无法加载模块:Img

[ 2018-11-06T18:53:51+08:00 ] ::1 /steel/img/4.jpg
INFO: [ app_init ] --START--
INFO: Run Behavior\BuildLiteBehavior [ RunTime:0.000022s ]
INFO: [ app_init ] --END-- [ RunTime:0.000791s ]
ERR: 无法加载模块:Img

[ 2018-11-06T18:54:10+08:00 ] ::1 /steel/img/4.jpg
INFO: [ app_init ] --START--
INFO: Run Behavior\BuildLiteBehavior [ RunTime:0.000023s ]
INFO: [ app_init ] --END-- [ RunTime:0.000830s ]
ERR: 无法加载模块:Img

[ 2018-11-06T18:54:11+08:00 ] ::1 /steel/img/4.jpg
INFO: [ app_init ] --START--
INFO: Run Behavior\BuildLiteBehavior [ RunTime:0.000023s ]
INFO: [ app_init ] --END-- [ RunTime:0.000740s ]
ERR: 无法加载模块:Img

[ 2018-11-06T18:56:37+08:00 ] ::1 /steel/img/4.jpg
INFO: [ app_init ] --START--
INFO: Run Behavior\BuildLiteBehavior [ RunTime:0.000031s ]
INFO: [ app_init ] --END-- [ RunTime:0.000987s ]
ERR: 无法加载模块:Img

[ 2018-11-06T18:56:37+08:00 ] ::1 /steel/img/4.jpg
INFO: [ app_init ] --START--
INFO: Run Behavior\BuildLiteBehavior [ RunTime:0.000026s ]
INFO: [ app_init ] --END-- [ RunTime:0.001009s ]
ERR: 无法加载模块:Img

[ 2018-11-06T18:58:08+08:00 ] ::1 /steel/img/4.jpg
INFO: [ app_init ] --START--
INFO: Run Behavior\BuildLiteBehavior [ RunTime:0.000021s ]
INFO: [ app_init ] --END-- [ RunTime:0.000734s ]
ERR: 无法加载模块:Img

[ 2018-11-06T18:58:08+08:00 ] ::1 /steel/img/4.jpg
INFO: [ app_init ] --START--
INFO: Run Behavior\BuildLiteBehavior [ RunTime:0.000020s ]
INFO: [ app_init ] --END-- [ RunTime:0.000738s ]
ERR: 无法加载模块:Img

[ 2018-11-06T18:58:37+08:00 ] ::1 /steel/img/4.jpg
INFO: [ app_init ] --START--
INFO: Run Behavior\BuildLiteBehavior [ RunTime:0.000023s ]
INFO: [ app_init ] --END-- [ RunTime:0.000787s ]
ERR: 无法加载模块:Img

[ 2018-11-06T18:58:38+08:00 ] ::1 /steel/img/4.jpg
INFO: [ app_init ] --START--
INFO: Run Behavior\BuildLiteBehavior [ RunTime:0.000021s ]
INFO: [ app_init ] --END-- [ RunTime:0.000822s ]
ERR: 无法加载模块:Img

[ 2018-11-06T18:58:50+08:00 ] ::1 /steel/img/4.jpg
INFO: [ app_init ] --START--
INFO: Run Behavior\BuildLiteBehavior [ RunTime:0.000032s ]
INFO: [ app_init ] --END-- [ RunTime:0.001248s ]
ERR: 无法加载模块:Img

[ 2018-11-06T18:58:51+08:00 ] ::1 /steel/img/4.jpg
INFO: [ app_init ] --START--
INFO: Run Behavior\BuildLiteBehavior [ RunTime:0.000039s ]
INFO: [ app_init ] --END-- [ RunTime:0.000990s ]
ERR: 无法加载模块:Img

[ 2018-11-06T19:01:07+08:00 ] ::1 /steel/img/4.jpg
INFO: [ app_init ] --START--
INFO: Run Behavior\BuildLiteBehavior [ RunTime:0.000014s ]
INFO: [ app_init ] --END-- [ RunTime:0.000542s ]
ERR: 无法加载模块:Img

[ 2018-11-06T19:01:07+08:00 ] ::1 /steel/img/4.jpg
INFO: [ app_init ] --START--
INFO: Run Behavior\BuildLiteBehavior [ RunTime:0.000020s ]
INFO: [ app_init ] --END-- [ RunTime:0.000845s ]
ERR: 无法加载模块:Img

[ 2018-11-06T19:01:37+08:00 ] ::1 /steel/img/4.jpg
INFO: [ app_init ] --START--
INFO: Run Behavior\BuildLiteBehavior [ RunTime:0.000031s ]
INFO: [ app_init ] --END-- [ RunTime:0.001029s ]
ERR: 无法加载模块:Img

[ 2018-11-06T19:01:38+08:00 ] ::1 /steel/img/4.jpg
INFO: [ app_init ] --START--
INFO: Run Behavior\BuildLiteBehavior [ RunTime:0.000043s ]
INFO: [ app_init ] --END-- [ RunTime:0.000888s ]
ERR: 无法加载模块:Img

[ 2018-11-06T19:01:54+08:00 ] ::1 /steel/img/4.jpg
INFO: [ app_init ] --START--
INFO: Run Behavior\BuildLiteBehavior [ RunTime:0.000022s ]
INFO: [ app_init ] --END-- [ RunTime:0.000754s ]
ERR: 无法加载模块:Img

[ 2018-11-06T19:01:55+08:00 ] ::1 /steel/img/4.jpg
INFO: [ app_init ] --START--
INFO: Run Behavior\BuildLiteBehavior [ RunTime:0.000024s ]
INFO: [ app_init ] --END-- [ RunTime:0.000817s ]
ERR: 无法加载模块:Img

[ 2018-11-06T19:02:04+08:00 ] ::1 /steel/img/4.jpg
INFO: [ app_init ] --START--
INFO: Run Behavior\BuildLiteBehavior [ RunTime:0.000022s ]
INFO: [ app_init ] --END-- [ RunTime:0.000882s ]
ERR: 无法加载模块:Img

[ 2018-11-06T19:02:05+08:00 ] ::1 /steel/img/4.jpg
INFO: [ app_init ] --START--
INFO: Run Behavior\BuildLiteBehavior [ RunTime:0.000018s ]
INFO: [ app_init ] --END-- [ RunTime:0.000677s ]
ERR: 无法加载模块:Img

[ 2018-11-06T19:02:16+08:00 ] ::1 /steel/img/4.jpg
INFO: [ app_init ] --START--
INFO: Run Behavior\BuildLiteBehavior [ RunTime:0.000020s ]
INFO: [ app_init ] --END-- [ RunTime:0.000578s ]
ERR: 无法加载模块:Img

[ 2018-11-06T19:02:16+08:00 ] ::1 /steel/img/4.jpg
INFO: [ app_init ] --START--
INFO: Run Behavior\BuildLiteBehavior [ RunTime:0.000028s ]
INFO: [ app_init ] --END-- [ RunTime:0.000892s ]
ERR: 无法加载模块:Img

[ 2018-11-06T19:02:27+08:00 ] ::1 /steel/img/4.jpg
INFO: [ app_init ] --START--
INFO: Run Behavior\BuildLiteBehavior [ RunTime:0.000020s ]
INFO: [ app_init ] --END-- [ RunTime:0.000848s ]
ERR: 无法加载模块:Img

[ 2018-11-06T19:02:28+08:00 ] ::1 /steel/img/4.jpg
INFO: [ app_init ] --START--
INFO: Run Behavior\BuildLiteBehavior [ RunTime:0.000022s ]
INFO: [ app_init ] --END-- [ RunTime:0.000922s ]
ERR: 无法加载模块:Img

[ 2018-11-06T19:03:10+08:00 ] ::1 /steel/img/4.jpg
INFO: [ app_init ] --START--
INFO: Run Behavior\BuildLiteBehavior [ RunTime:0.000022s ]
INFO: [ app_init ] --END-- [ RunTime:0.000778s ]
ERR: 无法加载模块:Img

[ 2018-11-06T19:03:10+08:00 ] ::1 /steel/img/4.jpg
INFO: [ app_init ] --START--
INFO: Run Behavior\BuildLiteBehavior [ RunTime:0.000033s ]
INFO: [ app_init ] --END-- [ RunTime:0.000907s ]
ERR: 无法加载模块:Img

[ 2018-11-06T19:03:56+08:00 ] ::1 /steel/img/4.jpg
INFO: [ app_init ] --START--
INFO: Run Behavior\BuildLiteBehavior [ RunTime:0.000023s ]
INFO: [ app_init ] --END-- [ RunTime:0.000830s ]
ERR: 无法加载模块:Img

[ 2018-11-06T19:03:56+08:00 ] ::1 /steel/img/4.jpg
INFO: [ app_init ] --START--
INFO: Run Behavior\BuildLiteBehavior [ RunTime:0.000021s ]
INFO: [ app_init ] --END-- [ RunTime:0.000690s ]
ERR: 无法加载模块:Img

[ 2018-11-06T19:11:24+08:00 ] ::1 /steel/Public/img/icon_cpzz.png
INFO: [ app_init ] --START--
INFO: Run Behavior\BuildLiteBehavior [ RunTime:0.000022s ]
INFO: [ app_init ] --END-- [ RunTime:0.000759s ]
ERR: 无法加载模块:Public

[ 2018-11-06T19:17:05+08:00 ] ::1 /steel/Public/m/img/icons1.jpg
INFO: [ app_init ] --START--
INFO: Run Behavior\BuildLiteBehavior [ RunTime:0.000024s ]
INFO: [ app_init ] --END-- [ RunTime:0.000707s ]
ERR: 无法加载模块:Public

[ 2018-11-06T19:49:39+08:00 ] ::1 /steel/Public/img/icon_dh
INFO: [ app_init ] --START--
INFO: Run Behavior\BuildLiteBehavior [ RunTime:0.000022s ]
INFO: [ app_init ] --END-- [ RunTime:0.000733s ]
ERR: 无法加载模块:Public

[ 2018-11-06T19:52:17+08:00 ] ::1 /steel/Public/img/icon_dt.png
INFO: [ app_init ] --START--
INFO: Run Behavior\BuildLiteBehavior [ RunTime:0.000066s ]
INFO: [ app_init ] --END-- [ RunTime:0.000915s ]
ERR: 无法加载模块:Public

[ 2018-11-06T20:25:12+08:00 ] ::1 /steel/Public/m/img/icons1.jpg
INFO: [ app_init ] --START--
INFO: Run Behavior\BuildLiteBehavior [ RunTime:0.000055s ]
INFO: [ app_init ] --END-- [ RunTime:0.001290s ]
ERR: 无法加载模块:Public

