[ 2018-12-15T18:07:20+08:00 ] ::1 /steel/Public/Uploads/2018-11-03/5bdd9cd62d1ff.jpg
INFO: [ app_init ] --START--
INFO: Run Behavior\BuildLiteBehavior [ RunTime:0.000014s ]
INFO: [ app_init ] --END-- [ RunTime:0.000468s ]
ERR: 无法加载模块:Public

[ 2018-12-15T18:07:20+08:00 ] ::1 /steel/Public/Uploads/2018-11-03/5bdd9ce91772f.jpg
INFO: [ app_init ] --START--
INFO: Run Behavior\BuildLiteBehavior [ RunTime:0.000022s ]
INFO: [ app_init ] --END-- [ RunTime:0.000712s ]
ERR: 无法加载模块:Public

[ 2018-12-15T18:07:20+08:00 ] ::1 /steel/Public/Uploads/2018-11-03/5bdd9cf63e297.jpg
INFO: [ app_init ] --START--
INFO: Run Behavior\BuildLiteBehavior [ RunTime:0.000021s ]
INFO: [ app_init ] --END-- [ RunTime:0.000636s ]
ERR: 无法加载模块:Public

[ 2018-12-15T18:07:20+08:00 ] ::1 /steel/Public/Uploads/2018-11-03/5bdd9d051b402.jpg
INFO: [ app_init ] --START--
INFO: Run Behavior\BuildLiteBehavior [ RunTime:0.000020s ]
INFO: [ app_init ] --END-- [ RunTime:0.000561s ]
ERR: 无法加载模块:Public

[ 2018-12-15T18:08:09+08:00 ] ::1 /steel/Public/Uploads/2018-11-03/5bdd9cd62d1ff.jpg
INFO: [ app_init ] --START--
INFO: Run Behavior\BuildLiteBehavior [ RunTime:0.000014s ]
INFO: [ app_init ] --END-- [ RunTime:0.000598s ]
ERR: 无法加载模块:Public

[ 2018-12-15T18:08:09+08:00 ] ::1 /steel/Public/Uploads/2018-11-03/5bdd9ce91772f.jpg
INFO: [ app_init ] --START--
INFO: Run Behavior\BuildLiteBehavior [ RunTime:0.000021s ]
INFO: [ app_init ] --END-- [ RunTime:0.000687s ]
ERR: 无法加载模块:Public

[ 2018-12-15T18:08:09+08:00 ] ::1 /steel/Public/Uploads/2018-11-03/5bdd9d051b402.jpg
INFO: [ app_init ] --START--
INFO: Run Behavior\BuildLiteBehavior [ RunTime:0.000018s ]
INFO: [ app_init ] --END-- [ RunTime:0.000605s ]
ERR: 无法加载模块:Public

[ 2018-12-15T18:08:09+08:00 ] ::1 /steel/Public/Uploads/2018-11-03/5bdd9cf63e297.jpg
INFO: [ app_init ] --START--
INFO: Run Behavior\BuildLiteBehavior [ RunTime:0.000024s ]
INFO: [ app_init ] --END-- [ RunTime:0.001712s ]
ERR: 无法加载模块:Public

[ 2018-12-15T18:28:36+08:00 ] ::1 /steel/Public/Uploads/2018-11-03/5bdd9ce91772f.jpg
INFO: [ app_init ] --START--
INFO: Run Behavior\BuildLiteBehavior [ RunTime:0.000021s ]
INFO: [ app_init ] --END-- [ RunTime:0.000691s ]
ERR: 无法加载模块:Public

[ 2018-12-15T18:31:53+08:00 ] ::1 /steel/Public/Uploads/2018-11-03/5bdd9ce91772f.jpg
INFO: [ app_init ] --START--
INFO: Run Behavior\BuildLiteBehavior [ RunTime:0.000019s ]
INFO: [ app_init ] --END-- [ RunTime:0.000641s ]
ERR: 无法加载模块:Public

[ 2018-12-15T18:31:53+08:00 ] ::1 /steel/Public/Uploads/2018-11-03/5bdd9cf63e297.jpg
INFO: [ app_init ] --START--
INFO: Run Behavior\BuildLiteBehavior [ RunTime:0.000022s ]
INFO: [ app_init ] --END-- [ RunTime:0.000724s ]
ERR: 无法加载模块:Public

[ 2018-12-15T18:31:53+08:00 ] ::1 /steel/Public/Uploads/2018-11-03/5bdd9d051b402.jpg
INFO: [ app_init ] --START--
INFO: Run Behavior\BuildLiteBehavior [ RunTime:0.000018s ]
INFO: [ app_init ] --END-- [ RunTime:0.000690s ]
ERR: 无法加载模块:Public

[ 2018-12-15T18:31:53+08:00 ] ::1 /steel/Public/Uploads/2018-11-03/5bdd9cd62d1ff.jpg
INFO: [ app_init ] --START--
INFO: Run Behavior\BuildLiteBehavior [ RunTime:0.000012s ]
INFO: [ app_init ] --END-- [ RunTime:0.000508s ]
ERR: 无法加载模块:Public

