[ 2018-11-07T21:46:40+08:00 ] ::1 /steel/Public/login/c/css/bootstrap.css
INFO: [ app_init ] --START--
INFO: Run Behavior\BuildLiteBehavior [ RunTime:0.000029s ]
INFO: [ app_init ] --END-- [ RunTime:0.001128s ]
ERR: 无法加载模块:Public

[ 2018-11-07T21:46:40+08:00 ] ::1 /steel/Public/login/j/js/bootstrap.js
INFO: [ app_init ] --START--
INFO: Run Behavior\BuildLiteBehavior [ RunTime:0.000031s ]
INFO: [ app_init ] --END-- [ RunTime:0.001054s ]
ERR: 无法加载模块:Public

[ 2018-11-07T21:46:40+08:00 ] ::1 /steel/Public/login/c/login/login.css
INFO: [ app_init ] --START--
INFO: Run Behavior\BuildLiteBehavior [ RunTime:0.000028s ]
INFO: [ app_init ] --END-- [ RunTime:0.001158s ]
ERR: 无法加载模块:Public

[ 2018-11-07T21:46:40+08:00 ] ::1 /steel/Public/login/j/js/jquery.js
INFO: [ app_init ] --START--
INFO: Run Behavior\BuildLiteBehavior [ RunTime:0.000035s ]
INFO: [ app_init ] --END-- [ RunTime:0.001138s ]
ERR: 无法加载模块:Public

[ 2018-11-07T21:46:40+08:00 ] ::1 /steel/Public/login/i/login/logo.png
INFO: [ app_init ] --START--
INFO: Run Behavior\BuildLiteBehavior [ RunTime:0.000020s ]
INFO: [ app_init ] --END-- [ RunTime:0.000876s ]
ERR: 无法加载模块:Public

[ 2018-11-07T21:46:40+08:00 ] ::1 /steel/Public/login/j/js/bootstrap.js
INFO: [ app_init ] --START--
INFO: Run Behavior\BuildLiteBehavior [ RunTime:0.000047s ]
INFO: [ app_init ] --END-- [ RunTime:0.001541s ]
ERR: 无法加载模块:Public

