[ 2018-11-10T22:43:59+08:00 ] 127.0.0.1 /steel/Public/Uploads/2018-11-10/5be6c26850694.jpg
INFO: [ app_init ] --START--
INFO: Run Behavior\BuildLiteBehavior [ RunTime:0.000035s ]
INFO: [ app_init ] --END-- [ RunTime:0.001231s ]
ERR: 无法加载模块:Public

[ 2018-11-10T22:44:03+08:00 ] 127.0.0.1 /steel/Public/Uploads/2018-11-03/5bdd9ca76e471.jpg
INFO: [ app_init ] --START--
INFO: Run Behavior\BuildLiteBehavior [ RunTime:0.000030s ]
INFO: [ app_init ] --END-- [ RunTime:0.005187s ]
ERR: 无法加载模块:Public

[ 2018-11-10T22:44:14+08:00 ] 127.0.0.1 /steel/Public/Uploads/2018-11-03/5bdd9ca76e471.jpg
INFO: [ app_init ] --START--
INFO: Run Behavior\BuildLiteBehavior [ RunTime:0.000032s ]
INFO: [ app_init ] --END-- [ RunTime:0.001097s ]
ERR: 无法加载模块:Public

[ 2018-11-10T22:44:38+08:00 ] 127.0.0.1 /steel/Public/Uploads/2018-11-10/5be6c26850694.jpg
INFO: [ app_init ] --START--
INFO: Run Behavior\BuildLiteBehavior [ RunTime:0.000032s ]
INFO: [ app_init ] --END-- [ RunTime:0.001455s ]
ERR: 无法加载模块:Public

[ 2018-11-10T22:44:50+08:00 ] 127.0.0.1 /steel/Public/Uploads/2018-11-03/5bdd9c8df3a97.jpg
INFO: [ app_init ] --START--
INFO: Run Behavior\BuildLiteBehavior [ RunTime:0.000037s ]
INFO: [ app_init ] --END-- [ RunTime:0.001005s ]
ERR: 无法加载模块:Public

[ 2018-11-10T22:44:50+08:00 ] 127.0.0.1 /steel/Public/Uploads/2018-11-03/5bdd9ca76e471.jpg
INFO: [ app_init ] --START--
INFO: Run Behavior\BuildLiteBehavior [ RunTime:0.000020s ]
INFO: [ app_init ] --END-- [ RunTime:0.000702s ]
ERR: 无法加载模块:Public

[ 2018-11-10T22:44:50+08:00 ] 127.0.0.1 /steel/Public/Uploads/2018-11-03/5bdd9cb7bde3c.jpg
INFO: [ app_init ] --START--
INFO: Run Behavior\BuildLiteBehavior [ RunTime:0.000021s ]
INFO: [ app_init ] --END-- [ RunTime:0.000751s ]
ERR: 无法加载模块:Public

[ 2018-11-10T22:44:50+08:00 ] 127.0.0.1 /steel/Public/Uploads/2018-11-03/5bdd9cd62d1ff.jpg
INFO: [ app_init ] --START--
INFO: Run Behavior\BuildLiteBehavior [ RunTime:0.000023s ]
INFO: [ app_init ] --END-- [ RunTime:0.000867s ]
ERR: 无法加载模块:Public

[ 2018-11-10T22:44:50+08:00 ] 127.0.0.1 /steel/Public/Uploads/2018-11-03/5bdd9ce91772f.jpg
INFO: [ app_init ] --START--
INFO: Run Behavior\BuildLiteBehavior [ RunTime:0.000031s ]
INFO: [ app_init ] --END-- [ RunTime:0.000985s ]
ERR: 无法加载模块:Public

[ 2018-11-10T22:44:50+08:00 ] 127.0.0.1 /steel/Public/Uploads/2018-11-03/5bdd9cf63e297.jpg
INFO: [ app_init ] --START--
INFO: Run Behavior\BuildLiteBehavior [ RunTime:0.000031s ]
INFO: [ app_init ] --END-- [ RunTime:0.000978s ]
ERR: 无法加载模块:Public

[ 2018-11-10T22:44:50+08:00 ] 127.0.0.1 /steel/Public/Uploads/2018-11-03/5bdd9d051b402.jpg
INFO: [ app_init ] --START--
INFO: Run Behavior\BuildLiteBehavior [ RunTime:0.000021s ]
INFO: [ app_init ] --END-- [ RunTime:0.000871s ]
ERR: 无法加载模块:Public

[ 2018-11-10T22:46:27+08:00 ] 127.0.0.1 /steel/Public/Uploads/2018-11-10/5be6c26850694.jpg
INFO: [ app_init ] --START--
INFO: Run Behavior\BuildLiteBehavior [ RunTime:0.000031s ]
INFO: [ app_init ] --END-- [ RunTime:0.001027s ]
ERR: 无法加载模块:Public

[ 2018-11-10T22:46:34+08:00 ] 127.0.0.1 /steel/Public/Uploads/2018-11-03/5bdd9c8df3a97.jpg
INFO: [ app_init ] --START--
INFO: Run Behavior\BuildLiteBehavior [ RunTime:0.000034s ]
INFO: [ app_init ] --END-- [ RunTime:0.002061s ]
ERR: 无法加载模块:Public

[ 2018-11-10T22:46:34+08:00 ] 127.0.0.1 /steel/Public/Uploads/2018-11-03/5bdd9ce91772f.jpg
INFO: [ app_init ] --START--
INFO: Run Behavior\BuildLiteBehavior [ RunTime:0.000204s ]
INFO: [ app_init ] --END-- [ RunTime:0.001154s ]
ERR: 无法加载模块:Public

[ 2018-11-10T22:46:34+08:00 ] 127.0.0.1 /steel/Public/Uploads/2018-11-03/5bdd9cb7bde3c.jpg
INFO: [ app_init ] --START--
INFO: Run Behavior\BuildLiteBehavior [ RunTime:0.000029s ]
INFO: [ app_init ] --END-- [ RunTime:0.000960s ]
ERR: 无法加载模块:Public

[ 2018-11-10T22:46:34+08:00 ] 127.0.0.1 /steel/Public/Uploads/2018-11-03/5bdd9cd62d1ff.jpg
INFO: [ app_init ] --START--
INFO: Run Behavior\BuildLiteBehavior [ RunTime:0.000031s ]
INFO: [ app_init ] --END-- [ RunTime:0.001231s ]
ERR: 无法加载模块:Public

[ 2018-11-10T22:46:34+08:00 ] 127.0.0.1 /steel/Public/Uploads/2018-11-03/5bdd9d051b402.jpg
INFO: [ app_init ] --START--
INFO: Run Behavior\BuildLiteBehavior [ RunTime:0.000042s ]
INFO: [ app_init ] --END-- [ RunTime:0.001449s ]
ERR: 无法加载模块:Public

[ 2018-11-10T22:46:34+08:00 ] 127.0.0.1 /steel/Public/Uploads/2018-11-03/5bdd9cf63e297.jpg
INFO: [ app_init ] --START--
INFO: Run Behavior\BuildLiteBehavior [ RunTime:0.000030s ]
INFO: [ app_init ] --END-- [ RunTime:0.000889s ]
ERR: 无法加载模块:Public

[ 2018-11-10T22:46:34+08:00 ] 127.0.0.1 /steel/Public/Uploads/2018-11-03/5bdd9ca76e471.jpg
INFO: [ app_init ] --START--
INFO: Run Behavior\BuildLiteBehavior [ RunTime:0.000032s ]
INFO: [ app_init ] --END-- [ RunTime:0.001219s ]
ERR: 无法加载模块:Public

[ 2018-11-10T22:46:46+08:00 ] 127.0.0.1 /steel/Public/Uploads/2018-11-03/5bdd9c8df3a97.jpg
INFO: [ app_init ] --START--
INFO: Run Behavior\BuildLiteBehavior [ RunTime:0.000036s ]
INFO: [ app_init ] --END-- [ RunTime:0.001718s ]
ERR: 无法加载模块:Public

[ 2018-11-10T22:46:46+08:00 ] 127.0.0.1 /steel/Public/Uploads/2018-11-03/5bdd9ca76e471.jpg
INFO: [ app_init ] --START--
INFO: Run Behavior\BuildLiteBehavior [ RunTime:0.000039s ]
INFO: [ app_init ] --END-- [ RunTime:0.000869s ]
ERR: 无法加载模块:Public

[ 2018-11-10T22:46:46+08:00 ] 127.0.0.1 /steel/Public/Uploads/2018-11-03/5bdd9cb7bde3c.jpg
INFO: [ app_init ] --START--
INFO: Run Behavior\BuildLiteBehavior [ RunTime:0.000027s ]
INFO: [ app_init ] --END-- [ RunTime:0.000912s ]
ERR: 无法加载模块:Public

[ 2018-11-10T22:46:47+08:00 ] 127.0.0.1 /steel/Public/Uploads/2018-11-03/5bdd9cd62d1ff.jpg
INFO: [ app_init ] --START--
INFO: Run Behavior\BuildLiteBehavior [ RunTime:0.000030s ]
INFO: [ app_init ] --END-- [ RunTime:0.000965s ]
ERR: 无法加载模块:Public

[ 2018-11-10T22:46:47+08:00 ] 127.0.0.1 /steel/Public/Uploads/2018-11-03/5bdd9ce91772f.jpg
INFO: [ app_init ] --START--
INFO: Run Behavior\BuildLiteBehavior [ RunTime:0.000027s ]
INFO: [ app_init ] --END-- [ RunTime:0.000980s ]
ERR: 无法加载模块:Public

[ 2018-11-10T22:46:47+08:00 ] 127.0.0.1 /steel/Public/Uploads/2018-11-03/5bdd9cf63e297.jpg
INFO: [ app_init ] --START--
INFO: Run Behavior\BuildLiteBehavior [ RunTime:0.000038s ]
INFO: [ app_init ] --END-- [ RunTime:0.001092s ]
ERR: 无法加载模块:Public

[ 2018-11-10T22:46:47+08:00 ] 127.0.0.1 /steel/Public/Uploads/2018-11-03/5bdd9d051b402.jpg
INFO: [ app_init ] --START--
INFO: Run Behavior\BuildLiteBehavior [ RunTime:0.000031s ]
INFO: [ app_init ] --END-- [ RunTime:0.001152s ]
ERR: 无法加载模块:Public

[ 2018-11-10T22:49:32+08:00 ] 127.0.0.1 /steel/Public/Uploads/2018-11-03/5bdd9ca76e471.jpg
INFO: [ app_init ] --START--
INFO: Run Behavior\BuildLiteBehavior [ RunTime:0.000040s ]
INFO: [ app_init ] --END-- [ RunTime:0.001146s ]
ERR: 无法加载模块:Public

[ 2018-11-10T22:49:35+08:00 ] 127.0.0.1 /steel/Public/Uploads/2018-11-03/5bdd9ca76e471.jpg
INFO: [ app_init ] --START--
INFO: Run Behavior\BuildLiteBehavior [ RunTime:0.000055s ]
INFO: [ app_init ] --END-- [ RunTime:0.003211s ]
ERR: 无法加载模块:Public

[ 2018-11-10T22:51:06+08:00 ] 127.0.0.1 /steel/Public/Uploads/2018-11-10/5be6c26850694.jpg
INFO: [ app_init ] --START--
INFO: Run Behavior\BuildLiteBehavior [ RunTime:0.000025s ]
INFO: [ app_init ] --END-- [ RunTime:0.001064s ]
ERR: 无法加载模块:Public

[ 2018-11-10T23:45:00+08:00 ] 127.0.0.1 /steel/Public/Uploads/2018-11-10/5be6c26850694.jpg
INFO: [ app_init ] --START--
INFO: Run Behavior\BuildLiteBehavior [ RunTime:0.000032s ]
INFO: [ app_init ] --END-- [ RunTime:0.001202s ]
ERR: 无法加载模块:Public

[ 2018-11-10T23:45:03+08:00 ] 127.0.0.1 /steel/Public/Uploads/2018-11-10/5be6c26850694.jpg
INFO: [ app_init ] --START--
INFO: Run Behavior\BuildLiteBehavior [ RunTime:0.000038s ]
INFO: [ app_init ] --END-- [ RunTime:0.001439s ]
ERR: 无法加载模块:Public

[ 2018-11-10T23:45:03+08:00 ] 127.0.0.1 /steel/Public/Uploads/2018-11-10/5be6c56474966.jpg
INFO: [ app_init ] --START--
INFO: Run Behavior\BuildLiteBehavior [ RunTime:0.000029s ]
INFO: [ app_init ] --END-- [ RunTime:0.001137s ]
ERR: 无法加载模块:Public

[ 2018-11-10T23:45:05+08:00 ] 127.0.0.1 /steel/Public/Uploads/2018-11-03/5bdd99be10f69.jpg
INFO: [ app_init ] --START--
INFO: Run Behavior\BuildLiteBehavior [ RunTime:0.000028s ]
INFO: [ app_init ] --END-- [ RunTime:0.001026s ]
ERR: 无法加载模块:Public

[ 2018-11-10T23:45:06+08:00 ] 127.0.0.1 /steel/Public/Uploads/2018-11-03/5bdd99d9abfdd.jpg
INFO: [ app_init ] --START--
INFO: Run Behavior\BuildLiteBehavior [ RunTime:0.000028s ]
INFO: [ app_init ] --END-- [ RunTime:0.001001s ]
ERR: 无法加载模块:Public

