[ 2018-11-25T06:19:13+08:00 ] 123.31.30.209 /wp-includes/wlwmanifest.xml
INFO: [ app_init ] --START--
INFO: Run Behavior\BuildLiteBehavior [ RunTime:0.000015s ]
INFO: [ app_init ] --END-- [ RunTime:0.000349s ]
ERR: 无法加载模块:Wp-includes

[ 2018-11-25T06:19:13+08:00 ] 123.31.30.209 /xmlrpc.php?rsd
INFO: [ app_init ] --START--
INFO: Run Behavior\BuildLiteBehavior [ RunTime:0.000014s ]
INFO: [ app_init ] --END-- [ RunTime:0.000357s ]
ERR: 无法加载模块:Xmlrpc

[ 2018-11-25T06:19:15+08:00 ] 123.31.30.209 /blog/wp-includes/wlwmanifest.xml
INFO: [ app_init ] --START--
INFO: Run Behavior\BuildLiteBehavior [ RunTime:0.000014s ]
INFO: [ app_init ] --END-- [ RunTime:0.000377s ]
ERR: 无法加载模块:Blog

[ 2018-11-25T06:19:16+08:00 ] 123.31.30.209 /wordpress/wp-includes/wlwmanifest.xml
INFO: [ app_init ] --START--
INFO: Run Behavior\BuildLiteBehavior [ RunTime:0.000014s ]
INFO: [ app_init ] --END-- [ RunTime:0.000359s ]
ERR: 无法加载模块:Wordpress

[ 2018-11-25T06:19:16+08:00 ] 123.31.30.209 /wp/wp-includes/wlwmanifest.xml
INFO: [ app_init ] --START--
INFO: Run Behavior\BuildLiteBehavior [ RunTime:0.000015s ]
INFO: [ app_init ] --END-- [ RunTime:0.000356s ]
ERR: 无法加载模块:Wp

[ 2018-11-25T06:19:17+08:00 ] 123.31.30.209 /site/wp-includes/wlwmanifest.xml
INFO: [ app_init ] --START--
INFO: Run Behavior\BuildLiteBehavior [ RunTime:0.000015s ]
INFO: [ app_init ] --END-- [ RunTime:0.000358s ]
ERR: 无法加载模块:Site

[ 2018-11-25T06:19:17+08:00 ] 123.31.30.209 /cms/wp-includes/wlwmanifest.xml
INFO: [ app_init ] --START--
INFO: Run Behavior\BuildLiteBehavior [ RunTime:0.000026s ]
INFO: [ app_init ] --END-- [ RunTime:0.000380s ]
ERR: 无法加载模块:Cms

[ 2018-11-25T12:30:43+08:00 ] 91.210.146.89 /blog/
INFO: [ app_init ] --START--
INFO: Run Behavior\BuildLiteBehavior [ RunTime:0.000014s ]
INFO: [ app_init ] --END-- [ RunTime:0.000373s ]
ERR: 无法加载模块:Blog

[ 2018-11-25T18:10:47+08:00 ] 112.253.25.52 /favicon.ico
INFO: [ app_init ] --START--
INFO: Run Behavior\BuildLiteBehavior [ RunTime:0.000020s ]
INFO: [ app_init ] --END-- [ RunTime:0.000420s ]
ERR: 无法加载模块:Favicon

[ 2018-11-25T18:10:58+08:00 ] 112.253.25.52 /Public/Uploads/2018-11-03/5bdd9d051b402.jpg
INFO: [ app_init ] --START--
INFO: Run Behavior\BuildLiteBehavior [ RunTime:0.000018s ]
INFO: [ app_init ] --END-- [ RunTime:0.000412s ]
ERR: 无法加载模块:Public

[ 2018-11-25T18:24:49+08:00 ] 112.253.25.52 /favicon.ico
INFO: [ app_init ] --START--
INFO: Run Behavior\BuildLiteBehavior [ RunTime:0.000021s ]
INFO: [ app_init ] --END-- [ RunTime:0.000396s ]
ERR: 无法加载模块:Favicon

[ 2018-11-25T18:31:42+08:00 ] 112.253.25.52 /Public/Uploads/2018-11-03/5bdd9a1d5c2b3.jpg
INFO: [ app_init ] --START--
INFO: Run Behavior\BuildLiteBehavior [ RunTime:0.000015s ]
INFO: [ app_init ] --END-- [ RunTime:0.000341s ]
ERR: 无法加载模块:Public

[ 2018-11-25T18:31:42+08:00 ] 112.253.25.52 /Public/Uploads/2018-10-29/5bd6b02b09739.png
INFO: [ app_init ] --START--
INFO: Run Behavior\BuildLiteBehavior [ RunTime:0.000015s ]
INFO: [ app_init ] --END-- [ RunTime:0.000338s ]
ERR: 无法加载模块:Public

[ 2018-11-25T18:31:43+08:00 ] 112.253.25.52 /Public/Uploads/2018-10-29/5bd6b02b09739.png
INFO: [ app_init ] --START--
INFO: Run Behavior\BuildLiteBehavior [ RunTime:0.000015s ]
INFO: [ app_init ] --END-- [ RunTime:0.000338s ]
ERR: 无法加载模块:Public

[ 2018-11-25T18:33:52+08:00 ] 42.236.10.117 /Public/Uploads/2018-11-03/5bdd9d051b402.jpg
INFO: [ app_init ] --START--
INFO: Run Behavior\BuildLiteBehavior [ RunTime:0.000014s ]
INFO: [ app_init ] --END-- [ RunTime:0.000384s ]
ERR: 无法加载模块:Public

[ 2018-11-25T20:44:56+08:00 ] 112.253.25.52 /favicon.ico
INFO: [ app_init ] --START--
INFO: Run Behavior\BuildLiteBehavior [ RunTime:0.000015s ]
INFO: [ app_init ] --END-- [ RunTime:0.000408s ]
ERR: 无法加载模块:Favicon

