[ 2018-12-12T19:29:29+08:00 ] ::1 /steel/Public/Uploads/2018-11-03/5bdd9cd62d1ff.jpg
INFO: [ app_init ] --START--
INFO: Run Behavior\BuildLiteBehavior [ RunTime:0.000018s ]
INFO: [ app_init ] --END-- [ RunTime:0.000640s ]
ERR: 无法加载模块:Public

[ 2018-12-12T19:30:50+08:00 ] ::1 /steel/Public/Uploads/2018-11-03/5bdd9cd62d1ff.jpg
INFO: [ app_init ] --START--
INFO: Run Behavior\BuildLiteBehavior [ RunTime:0.000012s ]
INFO: [ app_init ] --END-- [ RunTime:0.000464s ]
ERR: 无法加载模块:Public

[ 2018-12-12T19:30:52+08:00 ] ::1 /steel/Public/Uploads/2018-11-03/5bdd9cd62d1ff.jpg
INFO: [ app_init ] --START--
INFO: Run Behavior\BuildLiteBehavior [ RunTime:0.000037s ]
INFO: [ app_init ] --END-- [ RunTime:0.000730s ]
ERR: 无法加载模块:Public

[ 2018-12-12T19:30:52+08:00 ] ::1 /steel/Public/Uploads/2018-11-03/5bdd9cd62d1ff.jpg
INFO: [ app_init ] --START--
INFO: Run Behavior\BuildLiteBehavior [ RunTime:0.000016s ]
INFO: [ app_init ] --END-- [ RunTime:0.000743s ]
ERR: 无法加载模块:Public

[ 2018-12-12T19:30:52+08:00 ] ::1 /steel/Public/Uploads/2018-11-03/5bdd9cd62d1ff.jpg
INFO: [ app_init ] --START--
INFO: Run Behavior\BuildLiteBehavior [ RunTime:0.000015s ]
INFO: [ app_init ] --END-- [ RunTime:0.000591s ]
ERR: 无法加载模块:Public

[ 2018-12-12T19:30:53+08:00 ] ::1 /steel/Public/Uploads/2018-11-03/5bdd9cd62d1ff.jpg
INFO: [ app_init ] --START--
INFO: Run Behavior\BuildLiteBehavior [ RunTime:0.000026s ]
INFO: [ app_init ] --END-- [ RunTime:0.000569s ]
ERR: 无法加载模块:Public

[ 2018-12-12T19:30:55+08:00 ] ::1 /steel/Public/Uploads/2018-11-03/5bdd9cd62d1ff.jpg
INFO: [ app_init ] --START--
INFO: Run Behavior\BuildLiteBehavior [ RunTime:0.000019s ]
INFO: [ app_init ] --END-- [ RunTime:0.000665s ]
ERR: 无法加载模块:Public

[ 2018-12-12T19:30:56+08:00 ] ::1 /steel/Public/Uploads/2018-11-03/5bdd9cd62d1ff.jpg
INFO: [ app_init ] --START--
INFO: Run Behavior\BuildLiteBehavior [ RunTime:0.000023s ]
INFO: [ app_init ] --END-- [ RunTime:0.000753s ]
ERR: 无法加载模块:Public

[ 2018-12-12T19:34:25+08:00 ] ::1 /steel/Public/Uploads/2018-11-03/5bdd9cd62d1ff.jpg
INFO: [ app_init ] --START--
INFO: Run Behavior\BuildLiteBehavior [ RunTime:0.000017s ]
INFO: [ app_init ] --END-- [ RunTime:0.000606s ]
ERR: 无法加载模块:Public

[ 2018-12-12T19:39:21+08:00 ] ::1 /steel/Public/Uploads/2018-11-03/5bdd9cd62d1ff.jpg
INFO: [ app_init ] --START--
INFO: Run Behavior\BuildLiteBehavior [ RunTime:0.000014s ]
INFO: [ app_init ] --END-- [ RunTime:0.000545s ]
ERR: 无法加载模块:Public

[ 2018-12-12T19:46:12+08:00 ] ::1 /steel/Public/Uploads/2018-11-03/5bdd9b45542ea.jpg
INFO: [ app_init ] --START--
INFO: Run Behavior\BuildLiteBehavior [ RunTime:0.000016s ]
INFO: [ app_init ] --END-- [ RunTime:0.000596s ]
ERR: 无法加载模块:Public

[ 2018-12-12T20:06:44+08:00 ] ::1 /steel/Public/Uploads/2018-11-03/5bdd9c8df3a97.jpg
INFO: [ app_init ] --START--
INFO: Run Behavior\BuildLiteBehavior [ RunTime:0.000024s ]
INFO: [ app_init ] --END-- [ RunTime:0.000797s ]
ERR: 无法加载模块:Public

[ 2018-12-12T20:06:44+08:00 ] ::1 /steel/Public/Uploads/2018-11-03/5bdd9cd62d1ff.jpg
INFO: [ app_init ] --START--
INFO: Run Behavior\BuildLiteBehavior [ RunTime:0.000019s ]
INFO: [ app_init ] --END-- [ RunTime:0.000628s ]
ERR: 无法加载模块:Public

[ 2018-12-12T20:06:44+08:00 ] ::1 /steel/Public/Uploads/2018-11-03/5bdd9ce91772f.jpg
INFO: [ app_init ] --START--
INFO: Run Behavior\BuildLiteBehavior [ RunTime:0.000020s ]
INFO: [ app_init ] --END-- [ RunTime:0.000686s ]
ERR: 无法加载模块:Public

[ 2018-12-12T20:06:44+08:00 ] ::1 /steel/Public/Uploads/2018-11-03/5bdd9cf63e297.jpg
INFO: [ app_init ] --START--
INFO: Run Behavior\BuildLiteBehavior [ RunTime:0.000033s ]
INFO: [ app_init ] --END-- [ RunTime:0.000649s ]
ERR: 无法加载模块:Public

[ 2018-12-12T20:06:44+08:00 ] ::1 /steel/Public/Uploads/2018-11-03/5bdd9d051b402.jpg
INFO: [ app_init ] --START--
INFO: Run Behavior\BuildLiteBehavior [ RunTime:0.000013s ]
INFO: [ app_init ] --END-- [ RunTime:0.000479s ]
ERR: 无法加载模块:Public

[ 2018-12-12T20:07:27+08:00 ] ::1 /steel/Public/Uploads/2018-11-03/5bdd9c8df3a97.jpg
INFO: [ app_init ] --START--
INFO: Run Behavior\BuildLiteBehavior [ RunTime:0.000018s ]
INFO: [ app_init ] --END-- [ RunTime:0.000647s ]
ERR: 无法加载模块:Public

[ 2018-12-12T20:07:27+08:00 ] ::1 /steel/Public/Uploads/2018-11-03/5bdd9cd62d1ff.jpg
INFO: [ app_init ] --START--
INFO: Run Behavior\BuildLiteBehavior [ RunTime:0.000019s ]
INFO: [ app_init ] --END-- [ RunTime:0.000589s ]
ERR: 无法加载模块:Public

[ 2018-12-12T20:07:27+08:00 ] ::1 /steel/Public/Uploads/2018-11-03/5bdd9d051b402.jpg
INFO: [ app_init ] --START--
INFO: Run Behavior\BuildLiteBehavior [ RunTime:0.000013s ]
INFO: [ app_init ] --END-- [ RunTime:0.000472s ]
ERR: 无法加载模块:Public

[ 2018-12-12T20:07:27+08:00 ] ::1 /steel/Public/Uploads/2018-11-03/5bdd9ce91772f.jpg
INFO: [ app_init ] --START--
INFO: Run Behavior\BuildLiteBehavior [ RunTime:0.000017s ]
INFO: [ app_init ] --END-- [ RunTime:0.000542s ]
ERR: 无法加载模块:Public

[ 2018-12-12T20:07:27+08:00 ] ::1 /steel/Public/Uploads/2018-11-03/5bdd9cf63e297.jpg
INFO: [ app_init ] --START--
INFO: Run Behavior\BuildLiteBehavior [ RunTime:0.000018s ]
INFO: [ app_init ] --END-- [ RunTime:0.000539s ]
ERR: 无法加载模块:Public

[ 2018-12-12T20:08:06+08:00 ] ::1 /steel/Public/Uploads/2018-11-03/5bdd9cd62d1ff.jpg
INFO: [ app_init ] --START--
INFO: Run Behavior\BuildLiteBehavior [ RunTime:0.000021s ]
INFO: [ app_init ] --END-- [ RunTime:0.000690s ]
ERR: 无法加载模块:Public

[ 2018-12-12T20:09:49+08:00 ] ::1 /steel/Public/Uploads/2018-11-03/5bdd9cd62d1ff.jpg
INFO: [ app_init ] --START--
INFO: Run Behavior\BuildLiteBehavior [ RunTime:0.000012s ]
INFO: [ app_init ] --END-- [ RunTime:0.000421s ]
ERR: 无法加载模块:Public

[ 2018-12-12T20:09:50+08:00 ] ::1 /steel/Public/Uploads/2018-11-03/5bdd9cd62d1ff.jpg
INFO: [ app_init ] --START--
INFO: Run Behavior\BuildLiteBehavior [ RunTime:0.000024s ]
INFO: [ app_init ] --END-- [ RunTime:0.000924s ]
ERR: 无法加载模块:Public

[ 2018-12-12T20:09:54+08:00 ] ::1 /steel/Public/Uploads/2018-11-03/5bdd9cd62d1ff.jpg
INFO: [ app_init ] --START--
INFO: Run Behavior\BuildLiteBehavior [ RunTime:0.000018s ]
INFO: [ app_init ] --END-- [ RunTime:0.000632s ]
ERR: 无法加载模块:Public

[ 2018-12-12T20:10:35+08:00 ] ::1 /steel/Public/Uploads/2018-11-03/5bdd9cd62d1ff.jpg
INFO: [ app_init ] --START--
INFO: Run Behavior\BuildLiteBehavior [ RunTime:0.000019s ]
INFO: [ app_init ] --END-- [ RunTime:0.000654s ]
ERR: 无法加载模块:Public

[ 2018-12-12T20:10:38+08:00 ] ::1 /steel/Public/Uploads/2018-11-03/5bdd9cd62d1ff.jpg
INFO: [ app_init ] --START--
INFO: Run Behavior\BuildLiteBehavior [ RunTime:0.000021s ]
INFO: [ app_init ] --END-- [ RunTime:0.000662s ]
ERR: 无法加载模块:Public

[ 2018-12-12T20:10:44+08:00 ] ::1 /steel/Public/Uploads/2018-11-03/5bdd9cd62d1ff.jpg
INFO: [ app_init ] --START--
INFO: Run Behavior\BuildLiteBehavior [ RunTime:0.000014s ]
INFO: [ app_init ] --END-- [ RunTime:0.000517s ]
ERR: 无法加载模块:Public

[ 2018-12-12T20:11:29+08:00 ] ::1 /steel/Public/Uploads/2018-11-03/5bdd9cd62d1ff.jpg
INFO: [ app_init ] --START--
INFO: Run Behavior\BuildLiteBehavior [ RunTime:0.000020s ]
INFO: [ app_init ] --END-- [ RunTime:0.000770s ]
ERR: 无法加载模块:Public

[ 2018-12-12T20:12:28+08:00 ] ::1 /steel/Public/Uploads/2018-11-03/5bdd9cd62d1ff.jpg
INFO: [ app_init ] --START--
INFO: Run Behavior\BuildLiteBehavior [ RunTime:0.000016s ]
INFO: [ app_init ] --END-- [ RunTime:0.000567s ]
ERR: 无法加载模块:Public

[ 2018-12-12T20:12:33+08:00 ] ::1 /steel/Public/Uploads/2018-11-03/5bdd9cd62d1ff.jpg
INFO: [ app_init ] --START--
INFO: Run Behavior\BuildLiteBehavior [ RunTime:0.000019s ]
INFO: [ app_init ] --END-- [ RunTime:0.000677s ]
ERR: 无法加载模块:Public

[ 2018-12-12T20:13:34+08:00 ] ::1 /steel/Public/Uploads/2018-11-03/5bdd9cd62d1ff.jpg
INFO: [ app_init ] --START--
INFO: Run Behavior\BuildLiteBehavior [ RunTime:0.000017s ]
INFO: [ app_init ] --END-- [ RunTime:0.000599s ]
ERR: 无法加载模块:Public

[ 2018-12-12T20:16:37+08:00 ] ::1 /steel/Public/Uploads/2018-11-03/5bdd9c8df3a97.jpg
INFO: [ app_init ] --START--
INFO: Run Behavior\BuildLiteBehavior [ RunTime:0.000019s ]
INFO: [ app_init ] --END-- [ RunTime:0.000629s ]
ERR: 无法加载模块:Public

[ 2018-12-12T20:19:32+08:00 ] ::1 /steel/Public/Uploads/2018-11-03/5bdd9ce91772f.jpg
INFO: [ app_init ] --START--
INFO: Run Behavior\BuildLiteBehavior [ RunTime:0.000012s ]
INFO: [ app_init ] --END-- [ RunTime:0.000476s ]
ERR: 无法加载模块:Public

[ 2018-12-12T20:31:45+08:00 ] ::1 /steel/Public/Uploads/2018-11-03/5bdd9a1d5c2b3.jpg
INFO: [ app_init ] --START--
INFO: Run Behavior\BuildLiteBehavior [ RunTime:0.000019s ]
INFO: [ app_init ] --END-- [ RunTime:0.000641s ]
ERR: 无法加载模块:Public

[ 2018-12-12T20:31:45+08:00 ] ::1 /steel/Public/Uploads/2018-10-29/5bd6b02b09739.png
INFO: [ app_init ] --START--
INFO: Run Behavior\BuildLiteBehavior [ RunTime:0.000022s ]
INFO: [ app_init ] --END-- [ RunTime:0.000878s ]
ERR: 无法加载模块:Public

[ 2018-12-12T20:40:45+08:00 ] ::1 /steel/Public/Uploads/2018-11-03/5bdd9a1d5c2b3.jpg
INFO: [ app_init ] --START--
INFO: Run Behavior\BuildLiteBehavior [ RunTime:0.000014s ]
INFO: [ app_init ] --END-- [ RunTime:0.000488s ]
ERR: 无法加载模块:Public

[ 2018-12-12T20:44:53+08:00 ] ::1 /steel/Public/Uploads/2018-11-03/5bdd9a1d5c2b3.jpg
INFO: [ app_init ] --START--
INFO: Run Behavior\BuildLiteBehavior [ RunTime:0.000013s ]
INFO: [ app_init ] --END-- [ RunTime:0.000483s ]
ERR: 无法加载模块:Public

