[ 2018-11-12T11:23:07+08:00 ] 127.0.0.1 /steel/Public/Uploads/2018-11-02/5bdbec63a464f.jpg
INFO: [ app_init ] --START--
INFO: Run Behavior\BuildLiteBehavior [ RunTime:0.000023s ]
INFO: [ app_init ] --END-- [ RunTime:0.000669s ]
ERR: 无法加载模块:Public

[ 2018-11-12T11:23:07+08:00 ] 127.0.0.1 /steel/Public/Uploads/2018-11-07/5be2dd16afa99.jpg
INFO: [ app_init ] --START--
INFO: Run Behavior\BuildLiteBehavior [ RunTime:0.000223s ]
INFO: [ app_init ] --END-- [ RunTime:0.001739s ]
ERR: 无法加载模块:Public

[ 2018-11-12T11:23:07+08:00 ] 127.0.0.1 /steel/Public/Uploads/2018-11-02/5bdbecc47e4a4.jpg
INFO: [ app_init ] --START--
INFO: Run Behavior\BuildLiteBehavior [ RunTime:0.000018s ]
INFO: [ app_init ] --END-- [ RunTime:0.000611s ]
ERR: 无法加载模块:Public

[ 2018-11-12T11:23:07+08:00 ] 127.0.0.1 /steel/Public/Uploads/2018-11-02/5bdbeca7c71a2.jpg
INFO: [ app_init ] --START--
INFO: Run Behavior\BuildLiteBehavior [ RunTime:0.000021s ]
INFO: [ app_init ] --END-- [ RunTime:0.000794s ]
ERR: 无法加载模块:Public

[ 2018-11-12T11:23:07+08:00 ] 127.0.0.1 /steel/Public/Uploads/2018-11-02/5bdbec9d2e476.jpg
INFO: [ app_init ] --START--
INFO: Run Behavior\BuildLiteBehavior [ RunTime:0.000017s ]
INFO: [ app_init ] --END-- [ RunTime:0.000519s ]
ERR: 无法加载模块:Public

[ 2018-11-12T11:23:07+08:00 ] 127.0.0.1 /steel/Public/Uploads/2018-11-02/5bdbecd96943c.jpg
INFO: [ app_init ] --START--
INFO: Run Behavior\BuildLiteBehavior [ RunTime:0.000020s ]
INFO: [ app_init ] --END-- [ RunTime:0.000757s ]
ERR: 无法加载模块:Public

[ 2018-11-12T11:23:07+08:00 ] 127.0.0.1 /steel/Public/Uploads/2018-10-28/5bd50fae040ab.png
INFO: [ app_init ] --START--
INFO: Run Behavior\BuildLiteBehavior [ RunTime:0.000020s ]
INFO: [ app_init ] --END-- [ RunTime:0.000587s ]
ERR: 无法加载模块:Public

[ 2018-11-12T11:23:07+08:00 ] 127.0.0.1 /steel/Public/Uploads/2018-10-28/5bd514241bf44.jpg
INFO: [ app_init ] --START--
INFO: Run Behavior\BuildLiteBehavior [ RunTime:0.000019s ]
INFO: [ app_init ] --END-- [ RunTime:0.000902s ]
ERR: 无法加载模块:Public

[ 2018-11-12T11:23:07+08:00 ] 127.0.0.1 /steel/Public/Uploads/2018-11-03/5bdd997838ff9.jpg
INFO: [ app_init ] --START--
INFO: Run Behavior\BuildLiteBehavior [ RunTime:0.000017s ]
INFO: [ app_init ] --END-- [ RunTime:0.000551s ]
ERR: 无法加载模块:Public

[ 2018-11-12T11:23:07+08:00 ] 127.0.0.1 /steel/Public/Uploads/2018-11-10/5be6c26850694.jpg
INFO: [ app_init ] --START--
INFO: Run Behavior\BuildLiteBehavior [ RunTime:0.000021s ]
INFO: [ app_init ] --END-- [ RunTime:0.001049s ]
ERR: 无法加载模块:Public

[ 2018-11-12T11:23:07+08:00 ] 127.0.0.1 /steel/Public/Uploads/2018-10-28/5bd59f8a79504.jpg
INFO: [ app_init ] --START--
INFO: Run Behavior\BuildLiteBehavior [ RunTime:0.000017s ]
INFO: [ app_init ] --END-- [ RunTime:0.000533s ]
ERR: 无法加载模块:Public

[ 2018-11-12T11:23:07+08:00 ] 127.0.0.1 /steel/Public/Uploads/2018-10-29/5bd6af2622507.png
INFO: [ app_init ] --START--
INFO: Run Behavior\BuildLiteBehavior [ RunTime:0.000018s ]
INFO: [ app_init ] --END-- [ RunTime:0.000531s ]
ERR: 无法加载模块:Public

[ 2018-11-12T11:23:07+08:00 ] 127.0.0.1 /steel/Public/Uploads/2018-10-29/5bd6adb575af3.png
INFO: [ app_init ] --START--
INFO: Run Behavior\BuildLiteBehavior [ RunTime:0.000019s ]
INFO: [ app_init ] --END-- [ RunTime:0.000501s ]
ERR: 无法加载模块:Public

[ 2018-11-12T11:23:07+08:00 ] 127.0.0.1 /steel/Public/Uploads/2018-10-29/5bd6b02b09739.png
INFO: [ app_init ] --START--
INFO: Run Behavior\BuildLiteBehavior [ RunTime:0.000019s ]
INFO: [ app_init ] --END-- [ RunTime:0.000581s ]
ERR: 无法加载模块:Public

[ 2018-11-12T11:23:07+08:00 ] 127.0.0.1 /steel/Public/Uploads/2018-11-02/5bdbed00a18c5.png
INFO: [ app_init ] --START--
INFO: Run Behavior\BuildLiteBehavior [ RunTime:0.000019s ]
INFO: [ app_init ] --END-- [ RunTime:0.001121s ]
ERR: 无法加载模块:Public

[ 2018-11-12T11:23:14+08:00 ] 127.0.0.1 /steel/Public/Uploads/2018-11-02/5bdbec63a464f.jpg
INFO: [ app_init ] --START--
INFO: Run Behavior\BuildLiteBehavior [ RunTime:0.000026s ]
INFO: [ app_init ] --END-- [ RunTime:0.000569s ]
ERR: 无法加载模块:Public

[ 2018-11-12T11:23:14+08:00 ] 127.0.0.1 /steel/Public/Uploads/2018-11-07/5be2dd16afa99.jpg
INFO: [ app_init ] --START--
INFO: Run Behavior\BuildLiteBehavior [ RunTime:0.000021s ]
INFO: [ app_init ] --END-- [ RunTime:0.000701s ]
ERR: 无法加载模块:Public

[ 2018-11-12T11:23:14+08:00 ] 127.0.0.1 /steel/Public/Uploads/2018-11-02/5bdbeca7c71a2.jpg
INFO: [ app_init ] --START--
INFO: Run Behavior\BuildLiteBehavior [ RunTime:0.000018s ]
INFO: [ app_init ] --END-- [ RunTime:0.000534s ]
ERR: 无法加载模块:Public

[ 2018-11-12T11:23:14+08:00 ] 127.0.0.1 /steel/Public/Uploads/2018-11-02/5bdbec9d2e476.jpg
INFO: [ app_init ] --START--
INFO: Run Behavior\BuildLiteBehavior [ RunTime:0.000053s ]
INFO: [ app_init ] --END-- [ RunTime:0.000598s ]
ERR: 无法加载模块:Public

[ 2018-11-12T11:23:14+08:00 ] 127.0.0.1 /steel/Public/Uploads/2018-11-02/5bdbecd96943c.jpg
INFO: [ app_init ] --START--
INFO: Run Behavior\BuildLiteBehavior [ RunTime:0.000014s ]
INFO: [ app_init ] --END-- [ RunTime:0.000570s ]
ERR: 无法加载模块:Public

[ 2018-11-12T11:23:14+08:00 ] 127.0.0.1 /steel/Public/Uploads/2018-11-02/5bdbecc47e4a4.jpg
INFO: [ app_init ] --START--
INFO: Run Behavior\BuildLiteBehavior [ RunTime:0.000019s ]
INFO: [ app_init ] --END-- [ RunTime:0.000510s ]
ERR: 无法加载模块:Public

[ 2018-11-12T11:23:14+08:00 ] 127.0.0.1 /steel/Public/Uploads/2018-10-28/5bd50fae040ab.png
INFO: [ app_init ] --START--
INFO: Run Behavior\BuildLiteBehavior [ RunTime:0.000017s ]
INFO: [ app_init ] --END-- [ RunTime:0.000560s ]
ERR: 无法加载模块:Public

[ 2018-11-12T11:23:14+08:00 ] 127.0.0.1 /steel/Public/Uploads/2018-10-28/5bd514241bf44.jpg
INFO: [ app_init ] --START--
INFO: Run Behavior\BuildLiteBehavior [ RunTime:0.000015s ]
INFO: [ app_init ] --END-- [ RunTime:0.000487s ]
ERR: 无法加载模块:Public

[ 2018-11-12T11:23:14+08:00 ] 127.0.0.1 /steel/Public/Uploads/2018-11-10/5be6c26850694.jpg
INFO: [ app_init ] --START--
INFO: Run Behavior\BuildLiteBehavior [ RunTime:0.000014s ]
INFO: [ app_init ] --END-- [ RunTime:0.000471s ]
ERR: 无法加载模块:Public

[ 2018-11-12T11:23:14+08:00 ] 127.0.0.1 /steel/Public/Uploads/2018-10-28/5bd59f8a79504.jpg
INFO: [ app_init ] --START--
INFO: Run Behavior\BuildLiteBehavior [ RunTime:0.000017s ]
INFO: [ app_init ] --END-- [ RunTime:0.000458s ]
ERR: 无法加载模块:Public

[ 2018-11-12T11:23:14+08:00 ] 127.0.0.1 /steel/Public/Uploads/2018-10-29/5bd6adb575af3.png
INFO: [ app_init ] --START--
INFO: Run Behavior\BuildLiteBehavior [ RunTime:0.000012s ]
INFO: [ app_init ] --END-- [ RunTime:0.000465s ]
ERR: 无法加载模块:Public

[ 2018-11-12T11:23:14+08:00 ] 127.0.0.1 /steel/Public/Uploads/2018-10-29/5bd6b02b09739.png
INFO: [ app_init ] --START--
INFO: Run Behavior\BuildLiteBehavior [ RunTime:0.000027s ]
INFO: [ app_init ] --END-- [ RunTime:0.000753s ]
ERR: 无法加载模块:Public

[ 2018-11-12T11:23:14+08:00 ] 127.0.0.1 /steel/Public/Uploads/2018-10-29/5bd6af2622507.png
INFO: [ app_init ] --START--
INFO: Run Behavior\BuildLiteBehavior [ RunTime:0.000020s ]
INFO: [ app_init ] --END-- [ RunTime:0.001259s ]
ERR: 无法加载模块:Public

[ 2018-11-12T11:23:14+08:00 ] 127.0.0.1 /steel/Public/Uploads/2018-11-02/5bdbed00a18c5.png
INFO: [ app_init ] --START--
INFO: Run Behavior\BuildLiteBehavior [ RunTime:0.000020s ]
INFO: [ app_init ] --END-- [ RunTime:0.000577s ]
ERR: 无法加载模块:Public

[ 2018-11-12T11:23:20+08:00 ] 127.0.0.1 /steel/Public/Uploads/2018-11-02/5bdbec63a464f.jpg
INFO: [ app_init ] --START--
INFO: Run Behavior\BuildLiteBehavior [ RunTime:0.000024s ]
INFO: [ app_init ] --END-- [ RunTime:0.000696s ]
ERR: 无法加载模块:Public

[ 2018-11-12T11:23:20+08:00 ] 127.0.0.1 /steel/Public/Uploads/2018-11-07/5be2dd16afa99.jpg
INFO: [ app_init ] --START--
INFO: Run Behavior\BuildLiteBehavior [ RunTime:0.000019s ]
INFO: [ app_init ] --END-- [ RunTime:0.000666s ]
ERR: 无法加载模块:Public

[ 2018-11-12T11:23:20+08:00 ] 127.0.0.1 /steel/Public/Uploads/2018-11-02/5bdbec9d2e476.jpg
INFO: [ app_init ] --START--
INFO: Run Behavior\BuildLiteBehavior [ RunTime:0.000021s ]
INFO: [ app_init ] --END-- [ RunTime:0.000547s ]
ERR: 无法加载模块:Public

[ 2018-11-12T11:23:20+08:00 ] 127.0.0.1 /steel/Public/Uploads/2018-11-02/5bdbeca7c71a2.jpg
INFO: [ app_init ] --START--
INFO: Run Behavior\BuildLiteBehavior [ RunTime:0.000019s ]
INFO: [ app_init ] --END-- [ RunTime:0.000588s ]
ERR: 无法加载模块:Public

[ 2018-11-12T11:23:20+08:00 ] 127.0.0.1 /steel/Public/Uploads/2018-11-02/5bdbecd96943c.jpg
INFO: [ app_init ] --START--
INFO: Run Behavior\BuildLiteBehavior [ RunTime:0.000019s ]
INFO: [ app_init ] --END-- [ RunTime:0.000537s ]
ERR: 无法加载模块:Public

[ 2018-11-12T11:23:20+08:00 ] 127.0.0.1 /steel/Public/Uploads/2018-11-02/5bdbecc47e4a4.jpg
INFO: [ app_init ] --START--
INFO: Run Behavior\BuildLiteBehavior [ RunTime:0.000025s ]
INFO: [ app_init ] --END-- [ RunTime:0.000839s ]
ERR: 无法加载模块:Public

[ 2018-11-12T11:23:20+08:00 ] 127.0.0.1 /steel/Public/Uploads/2018-10-28/5bd50fae040ab.png
INFO: [ app_init ] --START--
INFO: Run Behavior\BuildLiteBehavior [ RunTime:0.000019s ]
INFO: [ app_init ] --END-- [ RunTime:0.000683s ]
ERR: 无法加载模块:Public

[ 2018-11-12T11:23:20+08:00 ] 127.0.0.1 /steel/Public/Uploads/2018-10-28/5bd514241bf44.jpg
INFO: [ app_init ] --START--
INFO: Run Behavior\BuildLiteBehavior [ RunTime:0.000017s ]
INFO: [ app_init ] --END-- [ RunTime:0.000512s ]
ERR: 无法加载模块:Public

[ 2018-11-12T11:23:20+08:00 ] 127.0.0.1 /steel/Public/Uploads/2018-11-10/5be6c26850694.jpg
INFO: [ app_init ] --START--
INFO: Run Behavior\BuildLiteBehavior [ RunTime:0.000026s ]
INFO: [ app_init ] --END-- [ RunTime:0.000913s ]
ERR: 无法加载模块:Public

[ 2018-11-12T11:23:20+08:00 ] 127.0.0.1 /steel/Public/Uploads/2018-11-03/5bdd997838ff9.jpg
INFO: [ app_init ] --START--
INFO: Run Behavior\BuildLiteBehavior [ RunTime:0.000022s ]
INFO: [ app_init ] --END-- [ RunTime:0.001991s ]
ERR: 无法加载模块:Public

[ 2018-11-12T11:23:20+08:00 ] 127.0.0.1 /steel/Public/Uploads/2018-10-28/5bd59f8a79504.jpg
INFO: [ app_init ] --START--
INFO: Run Behavior\BuildLiteBehavior [ RunTime:0.000016s ]
INFO: [ app_init ] --END-- [ RunTime:0.000498s ]
ERR: 无法加载模块:Public

[ 2018-11-12T11:23:20+08:00 ] 127.0.0.1 /steel/Public/Uploads/2018-10-29/5bd6af2622507.png
INFO: [ app_init ] --START--
INFO: Run Behavior\BuildLiteBehavior [ RunTime:0.000015s ]
INFO: [ app_init ] --END-- [ RunTime:0.000504s ]
ERR: 无法加载模块:Public

[ 2018-11-12T11:23:20+08:00 ] 127.0.0.1 /steel/Public/Uploads/2018-10-29/5bd6adb575af3.png
INFO: [ app_init ] --START--
INFO: Run Behavior\BuildLiteBehavior [ RunTime:0.000042s ]
INFO: [ app_init ] --END-- [ RunTime:0.000679s ]
ERR: 无法加载模块:Public

[ 2018-11-12T11:23:20+08:00 ] 127.0.0.1 /steel/Public/Uploads/2018-10-29/5bd6b02b09739.png
INFO: [ app_init ] --START--
INFO: Run Behavior\BuildLiteBehavior [ RunTime:0.000038s ]
INFO: [ app_init ] --END-- [ RunTime:0.002326s ]
ERR: 无法加载模块:Public

[ 2018-11-12T11:23:20+08:00 ] 127.0.0.1 /steel/Public/Uploads/2018-11-02/5bdbed00a18c5.png
INFO: [ app_init ] --START--
INFO: Run Behavior\BuildLiteBehavior [ RunTime:0.000028s ]
INFO: [ app_init ] --END-- [ RunTime:0.000701s ]
ERR: 无法加载模块:Public

[ 2018-11-12T11:24:18+08:00 ] 127.0.0.1 /steel/Public/Uploads/2018-11-02/5bdbec63a464f.jpg
INFO: [ app_init ] --START--
INFO: Run Behavior\BuildLiteBehavior [ RunTime:0.000018s ]
INFO: [ app_init ] --END-- [ RunTime:0.000526s ]
ERR: 无法加载模块:Public

[ 2018-11-12T11:24:18+08:00 ] 127.0.0.1 /steel/Public/Uploads/2018-11-07/5be2dd16afa99.jpg
INFO: [ app_init ] --START--
INFO: Run Behavior\BuildLiteBehavior [ RunTime:0.000022s ]
INFO: [ app_init ] --END-- [ RunTime:0.000690s ]
ERR: 无法加载模块:Public

[ 2018-11-12T11:24:18+08:00 ] 127.0.0.1 /steel/Public/Uploads/2018-11-02/5bdbec9d2e476.jpg
INFO: [ app_init ] --START--
INFO: Run Behavior\BuildLiteBehavior [ RunTime:0.000022s ]
INFO: [ app_init ] --END-- [ RunTime:0.000756s ]
ERR: 无法加载模块:Public

[ 2018-11-12T11:24:18+08:00 ] 127.0.0.1 /steel/Public/Uploads/2018-11-02/5bdbeca7c71a2.jpg
INFO: [ app_init ] --START--
INFO: Run Behavior\BuildLiteBehavior [ RunTime:0.000019s ]
INFO: [ app_init ] --END-- [ RunTime:0.000634s ]
ERR: 无法加载模块:Public

[ 2018-11-12T11:24:18+08:00 ] 127.0.0.1 /steel/Public/Uploads/2018-11-02/5bdbecc47e4a4.jpg
INFO: [ app_init ] --START--
INFO: Run Behavior\BuildLiteBehavior [ RunTime:0.000017s ]
INFO: [ app_init ] --END-- [ RunTime:0.000469s ]
ERR: 无法加载模块:Public

[ 2018-11-12T11:24:18+08:00 ] 127.0.0.1 /steel/Public/Uploads/2018-11-02/5bdbecd96943c.jpg
INFO: [ app_init ] --START--
INFO: Run Behavior\BuildLiteBehavior [ RunTime:0.000019s ]
INFO: [ app_init ] --END-- [ RunTime:0.000559s ]
ERR: 无法加载模块:Public

[ 2018-11-12T11:24:18+08:00 ] 127.0.0.1 /steel/Public/Uploads/2018-10-28/5bd50fae040ab.png
INFO: [ app_init ] --START--
INFO: Run Behavior\BuildLiteBehavior [ RunTime:0.000023s ]
INFO: [ app_init ] --END-- [ RunTime:0.000882s ]
ERR: 无法加载模块:Public

[ 2018-11-12T11:24:18+08:00 ] 127.0.0.1 /steel/Public/Uploads/2018-11-03/5bdd997838ff9.jpg
INFO: [ app_init ] --START--
INFO: Run Behavior\BuildLiteBehavior [ RunTime:0.000021s ]
INFO: [ app_init ] --END-- [ RunTime:0.000627s ]
ERR: 无法加载模块:Public

[ 2018-11-12T11:24:18+08:00 ] 127.0.0.1 /steel/Public/Uploads/2018-11-10/5be6c26850694.jpg
INFO: [ app_init ] --START--
INFO: Run Behavior\BuildLiteBehavior [ RunTime:0.000022s ]
INFO: [ app_init ] --END-- [ RunTime:0.000861s ]
ERR: 无法加载模块:Public

[ 2018-11-12T11:24:18+08:00 ] 127.0.0.1 /steel/Public/Uploads/2018-10-28/5bd514241bf44.jpg
INFO: [ app_init ] --START--
INFO: Run Behavior\BuildLiteBehavior [ RunTime:0.000018s ]
INFO: [ app_init ] --END-- [ RunTime:0.000596s ]
ERR: 无法加载模块:Public

[ 2018-11-12T11:24:18+08:00 ] 127.0.0.1 /steel/Public/Uploads/2018-10-29/5bd6af2622507.png
INFO: [ app_init ] --START--
INFO: Run Behavior\BuildLiteBehavior [ RunTime:0.000019s ]
INFO: [ app_init ] --END-- [ RunTime:0.000653s ]
ERR: 无法加载模块:Public

[ 2018-11-12T11:24:18+08:00 ] 127.0.0.1 /steel/Public/Uploads/2018-10-29/5bd6adb575af3.png
INFO: [ app_init ] --START--
INFO: Run Behavior\BuildLiteBehavior [ RunTime:0.000018s ]
INFO: [ app_init ] --END-- [ RunTime:0.000561s ]
ERR: 无法加载模块:Public

[ 2018-11-12T11:24:18+08:00 ] 127.0.0.1 /steel/Public/Uploads/2018-10-28/5bd59f8a79504.jpg
INFO: [ app_init ] --START--
INFO: Run Behavior\BuildLiteBehavior [ RunTime:0.000024s ]
INFO: [ app_init ] --END-- [ RunTime:0.000689s ]
ERR: 无法加载模块:Public

[ 2018-11-12T11:24:18+08:00 ] 127.0.0.1 /steel/Public/Uploads/2018-10-29/5bd6b02b09739.png
INFO: [ app_init ] --START--
INFO: Run Behavior\BuildLiteBehavior [ RunTime:0.000013s ]
INFO: [ app_init ] --END-- [ RunTime:0.000549s ]
ERR: 无法加载模块:Public

[ 2018-11-12T11:24:18+08:00 ] 127.0.0.1 /steel/Public/Uploads/2018-11-02/5bdbed00a18c5.png
INFO: [ app_init ] --START--
INFO: Run Behavior\BuildLiteBehavior [ RunTime:0.000015s ]
INFO: [ app_init ] --END-- [ RunTime:0.000569s ]
ERR: 无法加载模块:Public

[ 2018-11-12T18:26:08+08:00 ] 127.0.0.1 /steel/Public/Uploads/2018-11-07/5be2dd16afa99.jpg
INFO: [ app_init ] --START--
INFO: Run Behavior\BuildLiteBehavior [ RunTime:0.000013s ]
INFO: [ app_init ] --END-- [ RunTime:0.000982s ]
ERR: 无法加载模块:Public

[ 2018-11-12T18:26:08+08:00 ] 127.0.0.1 /steel/Public/Uploads/2018-11-02/5bdbecd96943c.jpg
INFO: [ app_init ] --START--
INFO: Run Behavior\BuildLiteBehavior [ RunTime:0.000023s ]
INFO: [ app_init ] --END-- [ RunTime:0.000713s ]
ERR: 无法加载模块:Public

[ 2018-11-12T18:26:08+08:00 ] 127.0.0.1 /steel/Public/Uploads/2018-11-03/5bdd997838ff9.jpg
INFO: [ app_init ] --START--
INFO: Run Behavior\BuildLiteBehavior [ RunTime:0.000016s ]
INFO: [ app_init ] --END-- [ RunTime:0.000580s ]
ERR: 无法加载模块:Public

[ 2018-11-12T18:26:08+08:00 ] 127.0.0.1 /steel/Public/Uploads/2018-10-28/5bd514241bf44.jpg
INFO: [ app_init ] --START--
INFO: Run Behavior\BuildLiteBehavior [ RunTime:0.000022s ]
INFO: [ app_init ] --END-- [ RunTime:0.000640s ]
ERR: 无法加载模块:Public

[ 2018-11-12T18:26:08+08:00 ] 127.0.0.1 /steel/Public/Uploads/2018-11-10/5be6c26850694.jpg
INFO: [ app_init ] --START--
INFO: Run Behavior\BuildLiteBehavior [ RunTime:0.000019s ]
INFO: [ app_init ] --END-- [ RunTime:0.000658s ]
ERR: 无法加载模块:Public

[ 2018-11-12T18:26:09+08:00 ] 127.0.0.1 /steel/Public/Uploads/2018-10-29/5bd6af2622507.png
INFO: [ app_init ] --START--
INFO: Run Behavior\BuildLiteBehavior [ RunTime:0.000020s ]
INFO: [ app_init ] --END-- [ RunTime:0.001291s ]
ERR: 无法加载模块:Public

[ 2018-11-12T18:26:09+08:00 ] 127.0.0.1 /steel/Public/Uploads/2018-11-02/5bdbed00a18c5.png
INFO: [ app_init ] --START--
INFO: Run Behavior\BuildLiteBehavior [ RunTime:0.000068s ]
INFO: [ app_init ] --END-- [ RunTime:0.000700s ]
ERR: 无法加载模块:Public

[ 2018-11-12T18:26:09+08:00 ] 127.0.0.1 /steel/Public/Uploads/2018-10-29/5bd6adb575af3.png
INFO: [ app_init ] --START--
INFO: Run Behavior\BuildLiteBehavior [ RunTime:0.000021s ]
INFO: [ app_init ] --END-- [ RunTime:0.000666s ]
ERR: 无法加载模块:Public

[ 2018-11-12T18:26:09+08:00 ] 127.0.0.1 /steel/Public/Uploads/2018-10-28/5bd50fae040ab.png
INFO: [ app_init ] --START--
INFO: Run Behavior\BuildLiteBehavior [ RunTime:0.000017s ]
INFO: [ app_init ] --END-- [ RunTime:0.000761s ]
ERR: 无法加载模块:Public

[ 2018-11-12T18:26:09+08:00 ] 127.0.0.1 /steel/Public/Uploads/2018-10-28/5bd59f8a79504.jpg
INFO: [ app_init ] --START--
INFO: Run Behavior\BuildLiteBehavior [ RunTime:0.000021s ]
INFO: [ app_init ] --END-- [ RunTime:0.002687s ]
ERR: 无法加载模块:Public

[ 2018-11-12T18:26:16+08:00 ] 127.0.0.1 /steel/Public/Uploads/2018-11-02/5bdbec63a464f.jpg
INFO: [ app_init ] --START--
INFO: Run Behavior\BuildLiteBehavior [ RunTime:0.000021s ]
INFO: [ app_init ] --END-- [ RunTime:0.000761s ]
ERR: 无法加载模块:Public

[ 2018-11-12T18:26:16+08:00 ] 127.0.0.1 /steel/Public/Uploads/2018-11-07/5be2dd16afa99.jpg
INFO: [ app_init ] --START--
INFO: Run Behavior\BuildLiteBehavior [ RunTime:0.000018s ]
INFO: [ app_init ] --END-- [ RunTime:0.000613s ]
ERR: 无法加载模块:Public

[ 2018-11-12T18:26:16+08:00 ] 127.0.0.1 /steel/Public/Uploads/2018-11-02/5bdbec9d2e476.jpg
INFO: [ app_init ] --START--
INFO: Run Behavior\BuildLiteBehavior [ RunTime:0.000021s ]
INFO: [ app_init ] --END-- [ RunTime:0.000827s ]
ERR: 无法加载模块:Public

[ 2018-11-12T18:26:16+08:00 ] 127.0.0.1 /steel/Public/Uploads/2018-11-02/5bdbecc47e4a4.jpg
INFO: [ app_init ] --START--
INFO: Run Behavior\BuildLiteBehavior [ RunTime:0.000019s ]
INFO: [ app_init ] --END-- [ RunTime:0.000599s ]
ERR: 无法加载模块:Public

[ 2018-11-12T18:26:16+08:00 ] 127.0.0.1 /steel/Public/Uploads/2018-11-02/5bdbeca7c71a2.jpg
INFO: [ app_init ] --START--
INFO: Run Behavior\BuildLiteBehavior [ RunTime:0.000026s ]
INFO: [ app_init ] --END-- [ RunTime:0.000647s ]
ERR: 无法加载模块:Public

[ 2018-11-12T18:26:16+08:00 ] 127.0.0.1 /steel/Public/Uploads/2018-10-28/5bd50fae040ab.png
INFO: [ app_init ] --START--
INFO: Run Behavior\BuildLiteBehavior [ RunTime:0.000016s ]
INFO: [ app_init ] --END-- [ RunTime:0.000541s ]
ERR: 无法加载模块:Public

[ 2018-11-12T18:26:16+08:00 ] 127.0.0.1 /steel/Public/Uploads/2018-11-02/5bdbecd96943c.jpg
INFO: [ app_init ] --START--
INFO: Run Behavior\BuildLiteBehavior [ RunTime:0.000017s ]
INFO: [ app_init ] --END-- [ RunTime:0.000584s ]
ERR: 无法加载模块:Public

[ 2018-11-12T18:26:16+08:00 ] 127.0.0.1 /steel/Public/Uploads/2018-11-03/5bdd997838ff9.jpg
INFO: [ app_init ] --START--
INFO: Run Behavior\BuildLiteBehavior [ RunTime:0.000039s ]
INFO: [ app_init ] --END-- [ RunTime:0.000541s ]
ERR: 无法加载模块:Public

[ 2018-11-12T18:26:16+08:00 ] 127.0.0.1 /steel/Public/Uploads/2018-11-10/5be6c26850694.jpg
INFO: [ app_init ] --START--
INFO: Run Behavior\BuildLiteBehavior [ RunTime:0.000018s ]
INFO: [ app_init ] --END-- [ RunTime:0.000567s ]
ERR: 无法加载模块:Public

[ 2018-11-12T18:26:16+08:00 ] 127.0.0.1 /steel/Public/Uploads/2018-10-29/5bd6af2622507.png
INFO: [ app_init ] --START--
INFO: Run Behavior\BuildLiteBehavior [ RunTime:0.000016s ]
INFO: [ app_init ] --END-- [ RunTime:0.000561s ]
ERR: 无法加载模块:Public

[ 2018-11-12T18:26:16+08:00 ] 127.0.0.1 /steel/Public/Uploads/2018-10-29/5bd6b02b09739.png
INFO: [ app_init ] --START--
INFO: Run Behavior\BuildLiteBehavior [ RunTime:0.000019s ]
INFO: [ app_init ] --END-- [ RunTime:0.000672s ]
ERR: 无法加载模块:Public

[ 2018-11-12T18:26:16+08:00 ] 127.0.0.1 /steel/Public/Uploads/2018-10-28/5bd514241bf44.jpg
INFO: [ app_init ] --START--
INFO: Run Behavior\BuildLiteBehavior [ RunTime:0.000020s ]
INFO: [ app_init ] --END-- [ RunTime:0.000783s ]
ERR: 无法加载模块:Public

[ 2018-11-12T18:26:16+08:00 ] 127.0.0.1 /steel/Public/Uploads/2018-10-28/5bd59f8a79504.jpg
INFO: [ app_init ] --START--
INFO: Run Behavior\BuildLiteBehavior [ RunTime:0.000021s ]
INFO: [ app_init ] --END-- [ RunTime:0.000934s ]
ERR: 无法加载模块:Public

[ 2018-11-12T18:26:16+08:00 ] 127.0.0.1 /steel/Public/Uploads/2018-10-29/5bd6adb575af3.png
INFO: [ app_init ] --START--
INFO: Run Behavior\BuildLiteBehavior [ RunTime:0.000045s ]
INFO: [ app_init ] --END-- [ RunTime:0.000613s ]
ERR: 无法加载模块:Public

[ 2018-11-12T18:26:16+08:00 ] 127.0.0.1 /steel/Public/Uploads/2018-11-02/5bdbed00a18c5.png
INFO: [ app_init ] --START--
INFO: Run Behavior\BuildLiteBehavior [ RunTime:0.000022s ]
INFO: [ app_init ] --END-- [ RunTime:0.000964s ]
ERR: 无法加载模块:Public

[ 2018-11-12T18:26:19+08:00 ] 127.0.0.1 /steel/Public/Uploads/2018-11-07/5be2dd16afa99.jpg
INFO: [ app_init ] --START--
INFO: Run Behavior\BuildLiteBehavior [ RunTime:0.000023s ]
INFO: [ app_init ] --END-- [ RunTime:0.002008s ]
ERR: 无法加载模块:Public

[ 2018-11-12T18:26:19+08:00 ] 127.0.0.1 /steel/Public/Uploads/2018-11-02/5bdbec9d2e476.jpg
INFO: [ app_init ] --START--
INFO: Run Behavior\BuildLiteBehavior [ RunTime:0.000016s ]
INFO: [ app_init ] --END-- [ RunTime:0.000694s ]
ERR: 无法加载模块:Public

[ 2018-11-12T18:26:19+08:00 ] 127.0.0.1 /steel/Public/Uploads/2018-11-02/5bdbeca7c71a2.jpg
INFO: [ app_init ] --START--
INFO: Run Behavior\BuildLiteBehavior [ RunTime:0.000020s ]
INFO: [ app_init ] --END-- [ RunTime:0.000539s ]
ERR: 无法加载模块:Public

[ 2018-11-12T18:26:19+08:00 ] 127.0.0.1 /steel/Public/Uploads/2018-11-10/5be6c26850694.jpg
INFO: [ app_init ] --START--
INFO: Run Behavior\BuildLiteBehavior [ RunTime:0.000017s ]
INFO: [ app_init ] --END-- [ RunTime:0.000575s ]
ERR: 无法加载模块:Public

[ 2018-11-12T18:26:19+08:00 ] 127.0.0.1 /steel/Public/Uploads/2018-10-28/5bd514241bf44.jpg
INFO: [ app_init ] --START--
INFO: Run Behavior\BuildLiteBehavior [ RunTime:0.000026s ]
INFO: [ app_init ] --END-- [ RunTime:0.000887s ]
ERR: 无法加载模块:Public

[ 2018-11-12T18:26:19+08:00 ] 127.0.0.1 /steel/Public/Uploads/2018-10-28/5bd50fae040ab.png
INFO: [ app_init ] --START--
INFO: Run Behavior\BuildLiteBehavior [ RunTime:0.000016s ]
INFO: [ app_init ] --END-- [ RunTime:0.000595s ]
ERR: 无法加载模块:Public

[ 2018-11-12T18:26:19+08:00 ] 127.0.0.1 /steel/Public/Uploads/2018-10-28/5bd59f8a79504.jpg
INFO: [ app_init ] --START--
INFO: Run Behavior\BuildLiteBehavior [ RunTime:0.000024s ]
INFO: [ app_init ] --END-- [ RunTime:0.001097s ]
ERR: 无法加载模块:Public

[ 2018-11-12T18:26:19+08:00 ] 127.0.0.1 /steel/Public/Uploads/2018-10-28/5bd59f8a79504.jpg
INFO: [ app_init ] --START--
INFO: Run Behavior\BuildLiteBehavior [ RunTime:0.000021s ]
INFO: [ app_init ] --END-- [ RunTime:0.000604s ]
ERR: 无法加载模块:Public

[ 2018-11-12T18:26:19+08:00 ] 127.0.0.1 /steel/Public/Uploads/2018-11-02/5bdbeca7c71a2.jpg
INFO: [ app_init ] --START--
INFO: Run Behavior\BuildLiteBehavior [ RunTime:0.000019s ]
INFO: [ app_init ] --END-- [ RunTime:0.000538s ]
ERR: 无法加载模块:Public

[ 2018-11-12T18:26:19+08:00 ] 127.0.0.1 /steel/Public/Uploads/2018-11-07/5be2dd16afa99.jpg
INFO: [ app_init ] --START--
INFO: Run Behavior\BuildLiteBehavior [ RunTime:0.000017s ]
INFO: [ app_init ] --END-- [ RunTime:0.000547s ]
ERR: 无法加载模块:Public

[ 2018-11-12T18:26:19+08:00 ] 127.0.0.1 /steel/Public/Uploads/2018-11-03/5bdd997838ff9.jpg
INFO: [ app_init ] --START--
INFO: Run Behavior\BuildLiteBehavior [ RunTime:0.000030s ]
INFO: [ app_init ] --END-- [ RunTime:0.000657s ]
ERR: 无法加载模块:Public

[ 2018-11-12T18:26:19+08:00 ] 127.0.0.1 /steel/Public/Uploads/2018-10-28/5bd514241bf44.jpg
INFO: [ app_init ] --START--
INFO: Run Behavior\BuildLiteBehavior [ RunTime:0.000018s ]
INFO: [ app_init ] --END-- [ RunTime:0.000612s ]
ERR: 无法加载模块:Public

[ 2018-11-12T18:26:19+08:00 ] 127.0.0.1 /steel/Public/Uploads/2018-11-10/5be6c26850694.jpg
INFO: [ app_init ] --START--
INFO: Run Behavior\BuildLiteBehavior [ RunTime:0.000021s ]
INFO: [ app_init ] --END-- [ RunTime:0.001245s ]
ERR: 无法加载模块:Public

[ 2018-11-12T18:26:19+08:00 ] 127.0.0.1 /steel/Public/Uploads/2018-10-28/5bd50fae040ab.png
INFO: [ app_init ] --START--
INFO: Run Behavior\BuildLiteBehavior [ RunTime:0.000104s ]
INFO: [ app_init ] --END-- [ RunTime:0.000889s ]
ERR: 无法加载模块:Public

