[ 2018-12-15T10:42:11+08:00 ] 39.70.29.47 /index.php/Login/Index/index.html
INFO: [ app_init ] --START--
INFO: Run Behavior\BuildLiteBehavior [ RunTime:0.000027s ]
INFO: [ app_init ] --END-- [ RunTime:0.000680s ]
INFO: [ app_begin ] --START--
INFO: Run Behavior\ReadHtmlCacheBehavior [ RunTime:0.000750s ]
INFO: [ app_begin ] --END-- [ RunTime:0.000826s ]
INFO: [ view_parse ] --START--
INFO: [ template_filter ] --START--
INFO: Run Behavior\ContentReplaceBehavior [ RunTime:0.000044s ]
INFO: [ template_filter ] --END-- [ RunTime:0.000100s ]
INFO: Run Behavior\ParseTemplateBehavior [ RunTime:0.006295s ]
INFO: [ view_parse ] --END-- [ RunTime:0.006360s ]
INFO: [ view_filter ] --START--
INFO: Run Behavior\WriteHtmlCacheBehavior [ RunTime:0.000298s ]
INFO: [ view_filter ] --END-- [ RunTime:0.000347s ]
INFO: [ app_end ] --START--
INFO: Run Behavior\ShowPageTraceBehavior [ RunTime:0.000524s ]
INFO: [ app_end ] --END-- [ RunTime:0.000571s ]

[ 2018-12-15T10:42:21+08:00 ] 39.70.29.47 /index.php/Login/Index/index.html
INFO: [ app_init ] --START--
INFO: Run Behavior\BuildLiteBehavior [ RunTime:0.000019s ]
INFO: [ app_init ] --END-- [ RunTime:0.000375s ]
INFO: [ app_begin ] --START--
INFO: Run Behavior\ReadHtmlCacheBehavior [ RunTime:0.000468s ]
INFO: [ app_begin ] --END-- [ RunTime:0.000524s ]
INFO: [ view_parse ] --START--
INFO: [ template_filter ] --START--
INFO: Run Behavior\ContentReplaceBehavior [ RunTime:0.000044s ]
INFO: [ template_filter ] --END-- [ RunTime:0.000100s ]
INFO: Run Behavior\ParseTemplateBehavior [ RunTime:0.004638s ]
INFO: [ view_parse ] --END-- [ RunTime:0.004692s ]
INFO: [ view_filter ] --START--
INFO: Run Behavior\WriteHtmlCacheBehavior [ RunTime:0.000317s ]
INFO: [ view_filter ] --END-- [ RunTime:0.000358s ]
INFO: [ app_end ] --START--
INFO: Run Behavior\ShowPageTraceBehavior [ RunTime:0.000484s ]
INFO: [ app_end ] --END-- [ RunTime:0.000532s ]

[ 2018-12-15T10:42:26+08:00 ] 39.70.29.47 /index.php/Login/Index/dl.html
INFO: [ app_init ] --START--
INFO: Run Behavior\BuildLiteBehavior [ RunTime:0.000022s ]
INFO: [ app_init ] --END-- [ RunTime:0.000494s ]
INFO: [ app_begin ] --START--
INFO: Run Behavior\ReadHtmlCacheBehavior [ RunTime:0.000670s ]
INFO: [ app_begin ] --END-- [ RunTime:0.000758s ]
NOTIC: [8] Use of undefined constant number - assumed 'number' C:\phpStudy4IIS\WWW\steel\Application\Login\Controller\IndexController.class.php 第 17 行.
NOTIC: [8] Use of undefined constant password - assumed 'password' C:\phpStudy4IIS\WWW\steel\Application\Login\Controller\IndexController.class.php 第 18 行.
SQL: SHOW COLUMNS FROM `user` [ RunTime:0.0028s ]
SQL: SHOW COLUMNS FROM `user` [ RunTime:0.0019s ]
SQL: SELECT * FROM `user` WHERE `number` LIKE '%admin%' LIMIT 1   [ RunTime:0.0003s ]
NOTIC: [8] Use of undefined constant password - assumed 'password' C:\phpStudy4IIS\WWW\steel\Application\Login\Controller\IndexController.class.php 第 21 行.

[ 2018-12-15T10:42:32+08:00 ] 42.236.10.117 /index.php/Login/Index/index.html
INFO: [ app_init ] --START--
INFO: Run Behavior\BuildLiteBehavior [ RunTime:0.000029s ]
INFO: [ app_init ] --END-- [ RunTime:0.000511s ]
INFO: [ app_begin ] --START--
INFO: Run Behavior\ReadHtmlCacheBehavior [ RunTime:0.000690s ]
INFO: [ app_begin ] --END-- [ RunTime:0.000768s ]
INFO: [ view_parse ] --START--
INFO: [ template_filter ] --START--
INFO: Run Behavior\ContentReplaceBehavior [ RunTime:0.000064s ]
INFO: [ template_filter ] --END-- [ RunTime:0.000151s ]
INFO: Run Behavior\ParseTemplateBehavior [ RunTime:0.006985s ]
INFO: [ view_parse ] --END-- [ RunTime:0.007065s ]
INFO: [ view_filter ] --START--
INFO: Run Behavior\WriteHtmlCacheBehavior [ RunTime:0.000336s ]
INFO: [ view_filter ] --END-- [ RunTime:0.000402s ]
INFO: [ app_end ] --START--
INFO: Run Behavior\ShowPageTraceBehavior [ RunTime:0.000793s ]
INFO: [ app_end ] --END-- [ RunTime:0.000865s ]

[ 2018-12-15T10:42:39+08:00 ] 42.236.10.124 /index.php/Login/Index/index.html
INFO: [ app_init ] --START--
INFO: Run Behavior\BuildLiteBehavior [ RunTime:0.000018s ]
INFO: [ app_init ] --END-- [ RunTime:0.000376s ]
INFO: [ app_begin ] --START--
INFO: Run Behavior\ReadHtmlCacheBehavior [ RunTime:0.000456s ]
INFO: [ app_begin ] --END-- [ RunTime:0.000511s ]
INFO: [ view_parse ] --START--
INFO: [ template_filter ] --START--
INFO: Run Behavior\ContentReplaceBehavior [ RunTime:0.000041s ]
INFO: [ template_filter ] --END-- [ RunTime:0.000097s ]
INFO: Run Behavior\ParseTemplateBehavior [ RunTime:0.004637s ]
INFO: [ view_parse ] --END-- [ RunTime:0.004689s ]
INFO: [ view_filter ] --START--
INFO: Run Behavior\WriteHtmlCacheBehavior [ RunTime:0.000240s ]
INFO: [ view_filter ] --END-- [ RunTime:0.000281s ]
INFO: [ app_end ] --START--
INFO: Run Behavior\ShowPageTraceBehavior [ RunTime:0.000480s ]
INFO: [ app_end ] --END-- [ RunTime:0.000527s ]

[ 2018-12-15T10:42:43+08:00 ] 210.209.72.19 /index.php/Login/Index/dl.html
INFO: [ app_init ] --START--
INFO: Run Behavior\BuildLiteBehavior [ RunTime:0.000020s ]
INFO: [ app_init ] --END-- [ RunTime:0.000401s ]
INFO: [ app_begin ] --START--
INFO: Run Behavior\ReadHtmlCacheBehavior [ RunTime:0.000484s ]
INFO: [ app_begin ] --END-- [ RunTime:0.000541s ]
NOTIC: [8] Use of undefined constant number - assumed 'number' C:\phpStudy4IIS\WWW\steel\Application\Login\Controller\IndexController.class.php 第 17 行.
NOTIC: [8] Undefined index: number C:\phpStudy4IIS\WWW\steel\Application\Login\Controller\IndexController.class.php 第 17 行.
NOTIC: [8] Use of undefined constant password - assumed 'password' C:\phpStudy4IIS\WWW\steel\Application\Login\Controller\IndexController.class.php 第 18 行.
NOTIC: [8] Undefined index: password C:\phpStudy4IIS\WWW\steel\Application\Login\Controller\IndexController.class.php 第 18 行.
SQL: SHOW COLUMNS FROM `user` [ RunTime:0.0021s ]
SQL: SHOW COLUMNS FROM `user` [ RunTime:0.0022s ]
SQL: SELECT * FROM `user` WHERE `number` LIKE '%%' LIMIT 1   [ RunTime:0.0003s ]
NOTIC: [8] Use of undefined constant password - assumed 'password' C:\phpStudy4IIS\WWW\steel\Application\Login\Controller\IndexController.class.php 第 21 行.
INFO: [ view_parse ] --START--
INFO: [ template_filter ] --START--
INFO: Run Behavior\ContentReplaceBehavior [ RunTime:0.000043s ]
INFO: [ template_filter ] --END-- [ RunTime:0.000100s ]
INFO: Run Behavior\ParseTemplateBehavior [ RunTime:0.004994s ]
INFO: [ view_parse ] --END-- [ RunTime:0.005051s ]
INFO: [ view_filter ] --START--
INFO: Run Behavior\WriteHtmlCacheBehavior [ RunTime:0.000243s ]
INFO: [ view_filter ] --END-- [ RunTime:0.000286s ]

[ 2018-12-15T10:43:11+08:00 ] 61.151.178.217 /index.php/Login/Index/index.html
INFO: [ app_init ] --START--
INFO: Run Behavior\BuildLiteBehavior [ RunTime:0.000021s ]
INFO: [ app_init ] --END-- [ RunTime:0.000427s ]
INFO: [ app_begin ] --START--
INFO: Run Behavior\ReadHtmlCacheBehavior [ RunTime:0.000472s ]
INFO: [ app_begin ] --END-- [ RunTime:0.000527s ]
INFO: [ view_parse ] --START--
INFO: [ template_filter ] --START--
INFO: Run Behavior\ContentReplaceBehavior [ RunTime:0.000042s ]
INFO: [ template_filter ] --END-- [ RunTime:0.000097s ]
INFO: Run Behavior\ParseTemplateBehavior [ RunTime:0.004672s ]
INFO: [ view_parse ] --END-- [ RunTime:0.004730s ]
INFO: [ view_filter ] --START--
INFO: Run Behavior\WriteHtmlCacheBehavior [ RunTime:0.000237s ]
INFO: [ view_filter ] --END-- [ RunTime:0.000278s ]
INFO: [ app_end ] --START--
INFO: Run Behavior\ShowPageTraceBehavior [ RunTime:0.000502s ]
INFO: [ app_end ] --END-- [ RunTime:0.000549s ]

[ 2018-12-15T10:43:21+08:00 ] 58.247.204.63 /index.php/Login/Index/index.html
INFO: [ app_init ] --START--
INFO: Run Behavior\BuildLiteBehavior [ RunTime:0.000021s ]
INFO: [ app_init ] --END-- [ RunTime:0.000754s ]
INFO: [ app_begin ] --START--
INFO: Run Behavior\ReadHtmlCacheBehavior [ RunTime:0.001183s ]
INFO: [ app_begin ] --END-- [ RunTime:0.001239s ]
INFO: [ view_parse ] --START--
INFO: [ template_filter ] --START--
INFO: Run Behavior\ContentReplaceBehavior [ RunTime:0.000047s ]
INFO: [ template_filter ] --END-- [ RunTime:0.000111s ]
INFO: Run Behavior\ParseTemplateBehavior [ RunTime:0.008292s ]
INFO: [ view_parse ] --END-- [ RunTime:0.008351s ]
INFO: [ view_filter ] --START--
INFO: Run Behavior\WriteHtmlCacheBehavior [ RunTime:0.000966s ]
INFO: [ view_filter ] --END-- [ RunTime:0.001011s ]
INFO: [ app_end ] --START--
INFO: Run Behavior\ShowPageTraceBehavior [ RunTime:0.001208s ]
INFO: [ app_end ] --END-- [ RunTime:0.001258s ]

[ 2018-12-15T11:38:47+08:00 ] 123.133.67.90 /index.php/Login/Index/index.html
INFO: [ app_init ] --START--
INFO: Run Behavior\BuildLiteBehavior [ RunTime:0.000019s ]
INFO: [ app_init ] --END-- [ RunTime:0.000383s ]
INFO: [ app_begin ] --START--
INFO: Run Behavior\ReadHtmlCacheBehavior [ RunTime:0.000529s ]
INFO: [ app_begin ] --END-- [ RunTime:0.000594s ]
INFO: [ view_parse ] --START--
INFO: [ template_filter ] --START--
INFO: Run Behavior\ContentReplaceBehavior [ RunTime:0.000042s ]
INFO: [ template_filter ] --END-- [ RunTime:0.000098s ]
INFO: Run Behavior\ParseTemplateBehavior [ RunTime:0.005677s ]
INFO: [ view_parse ] --END-- [ RunTime:0.005743s ]
INFO: [ view_filter ] --START--
INFO: Run Behavior\WriteHtmlCacheBehavior [ RunTime:0.000255s ]
INFO: [ view_filter ] --END-- [ RunTime:0.000299s ]
INFO: [ app_end ] --START--
INFO: Run Behavior\ShowPageTraceBehavior [ RunTime:0.000583s ]
INFO: [ app_end ] --END-- [ RunTime:0.000640s ]

[ 2018-12-15T11:39:41+08:00 ] 123.133.67.90 /index.php/Login/Index/index.html
INFO: [ app_init ] --START--
INFO: Run Behavior\BuildLiteBehavior [ RunTime:0.000020s ]
INFO: [ app_init ] --END-- [ RunTime:0.000423s ]
INFO: [ app_begin ] --START--
INFO: Run Behavior\ReadHtmlCacheBehavior [ RunTime:0.000483s ]
INFO: [ app_begin ] --END-- [ RunTime:0.000549s ]
INFO: [ view_parse ] --START--
INFO: [ template_filter ] --START--
INFO: Run Behavior\ContentReplaceBehavior [ RunTime:0.000043s ]
INFO: [ template_filter ] --END-- [ RunTime:0.000098s ]
INFO: Run Behavior\ParseTemplateBehavior [ RunTime:0.004801s ]
INFO: [ view_parse ] --END-- [ RunTime:0.004862s ]
INFO: [ view_filter ] --START--
INFO: Run Behavior\WriteHtmlCacheBehavior [ RunTime:0.000246s ]
INFO: [ view_filter ] --END-- [ RunTime:0.000286s ]
INFO: [ app_end ] --START--
INFO: Run Behavior\ShowPageTraceBehavior [ RunTime:0.000464s ]
INFO: [ app_end ] --END-- [ RunTime:0.000510s ]

[ 2018-12-15T11:39:48+08:00 ] 123.133.67.90 /index.php/Login/Index/dl.html
INFO: [ app_init ] --START--
INFO: Run Behavior\BuildLiteBehavior [ RunTime:0.000020s ]
INFO: [ app_init ] --END-- [ RunTime:0.000470s ]
INFO: [ app_begin ] --START--
INFO: Run Behavior\ReadHtmlCacheBehavior [ RunTime:0.000469s ]
INFO: [ app_begin ] --END-- [ RunTime:0.000526s ]
NOTIC: [8] Use of undefined constant number - assumed 'number' C:\phpStudy4IIS\WWW\steel\Application\Login\Controller\IndexController.class.php 第 17 行.
NOTIC: [8] Use of undefined constant password - assumed 'password' C:\phpStudy4IIS\WWW\steel\Application\Login\Controller\IndexController.class.php 第 18 行.
SQL: SHOW COLUMNS FROM `user` [ RunTime:0.0021s ]
SQL: SHOW COLUMNS FROM `user` [ RunTime:0.0018s ]
SQL: SELECT * FROM `user` WHERE `number` LIKE '%admin%' LIMIT 1   [ RunTime:0.0003s ]
NOTIC: [8] Use of undefined constant password - assumed 'password' C:\phpStudy4IIS\WWW\steel\Application\Login\Controller\IndexController.class.php 第 21 行.
INFO: [ view_parse ] --START--
INFO: [ template_filter ] --START--
INFO: Run Behavior\ContentReplaceBehavior [ RunTime:0.000042s ]
INFO: [ template_filter ] --END-- [ RunTime:0.000102s ]
INFO: Run Behavior\ParseTemplateBehavior [ RunTime:0.005117s ]
INFO: [ view_parse ] --END-- [ RunTime:0.005173s ]
INFO: [ view_filter ] --START--
INFO: Run Behavior\WriteHtmlCacheBehavior [ RunTime:0.000242s ]
INFO: [ view_filter ] --END-- [ RunTime:0.000283s ]

[ 2018-12-15T11:39:55+08:00 ] 123.133.67.90 /index.php/Login/Index/dl.html
INFO: [ app_init ] --START--
INFO: Run Behavior\BuildLiteBehavior [ RunTime:0.000019s ]
INFO: [ app_init ] --END-- [ RunTime:0.000386s ]
INFO: [ app_begin ] --START--
INFO: Run Behavior\ReadHtmlCacheBehavior [ RunTime:0.000489s ]
INFO: [ app_begin ] --END-- [ RunTime:0.000564s ]
NOTIC: [8] Use of undefined constant number - assumed 'number' C:\phpStudy4IIS\WWW\steel\Application\Login\Controller\IndexController.class.php 第 17 行.
NOTIC: [8] Use of undefined constant password - assumed 'password' C:\phpStudy4IIS\WWW\steel\Application\Login\Controller\IndexController.class.php 第 18 行.
SQL: SHOW COLUMNS FROM `user` [ RunTime:0.0026s ]
SQL: SHOW COLUMNS FROM `user` [ RunTime:0.0020s ]
SQL: SELECT * FROM `user` WHERE `number` LIKE '%admin%' LIMIT 1   [ RunTime:0.0002s ]
NOTIC: [8] Use of undefined constant password - assumed 'password' C:\phpStudy4IIS\WWW\steel\Application\Login\Controller\IndexController.class.php 第 21 行.

[ 2018-12-15T11:41:03+08:00 ] 42.236.99.9 /index.php/Login/Index/index.html
INFO: [ app_init ] --START--
INFO: Run Behavior\BuildLiteBehavior [ RunTime:0.000021s ]
INFO: [ app_init ] --END-- [ RunTime:0.000458s ]
INFO: [ app_begin ] --START--
INFO: Run Behavior\ReadHtmlCacheBehavior [ RunTime:0.000548s ]
INFO: [ app_begin ] --END-- [ RunTime:0.000603s ]
INFO: [ view_parse ] --START--
INFO: [ template_filter ] --START--
INFO: Run Behavior\ContentReplaceBehavior [ RunTime:0.000045s ]
INFO: [ template_filter ] --END-- [ RunTime:0.000104s ]
INFO: Run Behavior\ParseTemplateBehavior [ RunTime:0.005406s ]
INFO: [ view_parse ] --END-- [ RunTime:0.005463s ]
INFO: [ view_filter ] --START--
INFO: Run Behavior\WriteHtmlCacheBehavior [ RunTime:0.000308s ]
INFO: [ view_filter ] --END-- [ RunTime:0.000351s ]
INFO: [ app_end ] --START--
INFO: Run Behavior\ShowPageTraceBehavior [ RunTime:0.000555s ]
INFO: [ app_end ] --END-- [ RunTime:0.000603s ]

[ 2018-12-15T13:48:03+08:00 ] 112.37.127.71 /index.php/Login/Index/index.html
INFO: [ app_init ] --START--
INFO: Run Behavior\BuildLiteBehavior [ RunTime:0.000020s ]
INFO: [ app_init ] --END-- [ RunTime:0.000373s ]
INFO: [ app_begin ] --START--
INFO: Run Behavior\ReadHtmlCacheBehavior [ RunTime:0.000484s ]
INFO: [ app_begin ] --END-- [ RunTime:0.000539s ]
INFO: [ view_parse ] --START--
INFO: [ template_filter ] --START--
INFO: Run Behavior\ContentReplaceBehavior [ RunTime:0.000051s ]
INFO: [ template_filter ] --END-- [ RunTime:0.000117s ]
INFO: Run Behavior\ParseTemplateBehavior [ RunTime:0.005345s ]
INFO: [ view_parse ] --END-- [ RunTime:0.005400s ]
INFO: [ view_filter ] --START--
INFO: Run Behavior\WriteHtmlCacheBehavior [ RunTime:0.000241s ]
INFO: [ view_filter ] --END-- [ RunTime:0.000292s ]
INFO: [ app_end ] --START--
INFO: Run Behavior\ShowPageTraceBehavior [ RunTime:0.000468s ]
INFO: [ app_end ] --END-- [ RunTime:0.000514s ]

[ 2018-12-15T13:48:03+08:00 ] 112.37.127.71 /index.php/Login/Index/index.html
INFO: [ app_init ] --START--
INFO: Run Behavior\BuildLiteBehavior [ RunTime:0.000018s ]
INFO: [ app_init ] --END-- [ RunTime:0.000375s ]
INFO: [ app_begin ] --START--
INFO: Run Behavior\ReadHtmlCacheBehavior [ RunTime:0.000505s ]
INFO: [ app_begin ] --END-- [ RunTime:0.000559s ]
INFO: [ view_parse ] --START--
INFO: [ template_filter ] --START--
INFO: Run Behavior\ContentReplaceBehavior [ RunTime:0.000054s ]
INFO: [ template_filter ] --END-- [ RunTime:0.000127s ]
INFO: Run Behavior\ParseTemplateBehavior [ RunTime:0.004651s ]
INFO: [ view_parse ] --END-- [ RunTime:0.004715s ]
INFO: [ view_filter ] --START--
INFO: Run Behavior\WriteHtmlCacheBehavior [ RunTime:0.000260s ]
INFO: [ view_filter ] --END-- [ RunTime:0.000302s ]
INFO: [ app_end ] --START--
INFO: Run Behavior\ShowPageTraceBehavior [ RunTime:0.000465s ]
INFO: [ app_end ] --END-- [ RunTime:0.000512s ]

[ 2018-12-15T13:48:10+08:00 ] 112.37.127.71 /index.php/Login/Index/dl.html
INFO: [ app_init ] --START--
INFO: Run Behavior\BuildLiteBehavior [ RunTime:0.000019s ]
INFO: [ app_init ] --END-- [ RunTime:0.000384s ]
INFO: [ app_begin ] --START--
INFO: Run Behavior\ReadHtmlCacheBehavior [ RunTime:0.000482s ]
INFO: [ app_begin ] --END-- [ RunTime:0.000537s ]
NOTIC: [8] Use of undefined constant number - assumed 'number' C:\phpStudy4IIS\WWW\steel\Application\Login\Controller\IndexController.class.php 第 17 行.
NOTIC: [8] Use of undefined constant password - assumed 'password' C:\phpStudy4IIS\WWW\steel\Application\Login\Controller\IndexController.class.php 第 18 行.
SQL: SHOW COLUMNS FROM `user` [ RunTime:0.0023s ]
SQL: SHOW COLUMNS FROM `user` [ RunTime:0.0017s ]
SQL: SELECT * FROM `user` WHERE `number` LIKE '%admin%' LIMIT 1   [ RunTime:0.0003s ]
NOTIC: [8] Use of undefined constant password - assumed 'password' C:\phpStudy4IIS\WWW\steel\Application\Login\Controller\IndexController.class.php 第 21 行.

[ 2018-12-15T18:06:58+08:00 ] ::1 /steel/index.php/Login/Index/index.html
INFO: [ app_init ] --START--
INFO: Run Behavior\BuildLiteBehavior [ RunTime:0.000020s ]
INFO: [ app_init ] --END-- [ RunTime:0.000816s ]
INFO: [ app_begin ] --START--
INFO: Run Behavior\ReadHtmlCacheBehavior [ RunTime:0.001530s ]
INFO: [ app_begin ] --END-- [ RunTime:0.001621s ]
INFO: [ view_parse ] --START--
INFO: [ template_filter ] --START--
INFO: Run Behavior\ContentReplaceBehavior [ RunTime:0.000032s ]
INFO: [ template_filter ] --END-- [ RunTime:0.000074s ]
INFO: Run Behavior\ParseTemplateBehavior [ RunTime:0.006393s ]
INFO: [ view_parse ] --END-- [ RunTime:0.006448s ]
INFO: [ view_filter ] --START--
INFO: Run Behavior\WriteHtmlCacheBehavior [ RunTime:0.000574s ]
INFO: [ view_filter ] --END-- [ RunTime:0.000614s ]
INFO: [ app_end ] --START--
INFO: Run Behavior\ShowPageTraceBehavior [ RunTime:0.000809s ]
INFO: [ app_end ] --END-- [ RunTime:0.000842s ]

[ 2018-12-15T18:07:13+08:00 ] ::1 /steel/index.php/Login/Index/dl.html
INFO: [ app_init ] --START--
INFO: Run Behavior\BuildLiteBehavior [ RunTime:0.000015s ]
INFO: [ app_init ] --END-- [ RunTime:0.000772s ]
INFO: [ app_begin ] --START--
INFO: Run Behavior\ReadHtmlCacheBehavior [ RunTime:0.000764s ]
INFO: [ app_begin ] --END-- [ RunTime:0.000810s ]
NOTIC: [8] Use of undefined constant number - assumed 'number' D:\phpStudy\PHPTutorial\WWW\steel\Application\Login\Controller\IndexController.class.php 第 17 行.
NOTIC: [8] Use of undefined constant password - assumed 'password' D:\phpStudy\PHPTutorial\WWW\steel\Application\Login\Controller\IndexController.class.php 第 18 行.
SQL: SHOW COLUMNS FROM `user` [ RunTime:0.0043s ]
SQL: SHOW COLUMNS FROM `user` [ RunTime:0.0065s ]
SQL: SELECT * FROM `user` WHERE `number` LIKE '%admin%' LIMIT 1   [ RunTime:0.0004s ]
NOTIC: [8] Use of undefined constant password - assumed 'password' D:\phpStudy\PHPTutorial\WWW\steel\Application\Login\Controller\IndexController.class.php 第 21 行.

[ 2018-12-15T18:21:44+08:00 ] ::1 /steel/index.php/Login/Index/index.html
INFO: [ app_init ] --START--
INFO: Run Behavior\BuildLiteBehavior [ RunTime:0.000029s ]
INFO: [ app_init ] --END-- [ RunTime:0.001187s ]
INFO: [ app_begin ] --START--
INFO: Run Behavior\ReadHtmlCacheBehavior [ RunTime:0.001857s ]
INFO: [ app_begin ] --END-- [ RunTime:0.001973s ]
INFO: [ view_parse ] --START--
INFO: [ template_filter ] --START--
INFO: Run Behavior\ContentReplaceBehavior [ RunTime:0.000052s ]
INFO: [ template_filter ] --END-- [ RunTime:0.000121s ]
INFO: Run Behavior\ParseTemplateBehavior [ RunTime:0.009740s ]
INFO: [ view_parse ] --END-- [ RunTime:0.009823s ]
INFO: [ view_filter ] --START--
INFO: Run Behavior\WriteHtmlCacheBehavior [ RunTime:0.000763s ]
INFO: [ view_filter ] --END-- [ RunTime:0.000815s ]
INFO: [ app_end ] --START--
INFO: Run Behavior\ShowPageTraceBehavior [ RunTime:0.001212s ]
INFO: [ app_end ] --END-- [ RunTime:0.001269s ]

[ 2018-12-15T18:21:48+08:00 ] ::1 /steel/index.php/Login/Index/index.html
INFO: [ app_init ] --START--
INFO: Run Behavior\BuildLiteBehavior [ RunTime:0.000019s ]
INFO: [ app_init ] --END-- [ RunTime:0.000840s ]
INFO: [ app_begin ] --START--
INFO: Run Behavior\ReadHtmlCacheBehavior [ RunTime:0.001183s ]
INFO: [ app_begin ] --END-- [ RunTime:0.001269s ]
INFO: [ view_parse ] --START--
INFO: [ template_filter ] --START--
INFO: Run Behavior\ContentReplaceBehavior [ RunTime:0.000050s ]
INFO: [ template_filter ] --END-- [ RunTime:0.000114s ]
INFO: Run Behavior\ParseTemplateBehavior [ RunTime:0.008987s ]
INFO: [ view_parse ] --END-- [ RunTime:0.009055s ]
INFO: [ view_filter ] --START--
INFO: Run Behavior\WriteHtmlCacheBehavior [ RunTime:0.000895s ]
INFO: [ view_filter ] --END-- [ RunTime:0.000946s ]
INFO: [ app_end ] --START--
INFO: Run Behavior\ShowPageTraceBehavior [ RunTime:0.001270s ]
INFO: [ app_end ] --END-- [ RunTime:0.001325s ]

[ 2018-12-15T18:22:00+08:00 ] ::1 /steel/index.php/Login/Index/dl.html
INFO: [ app_init ] --START--
INFO: Run Behavior\BuildLiteBehavior [ RunTime:0.000012s ]
INFO: [ app_init ] --END-- [ RunTime:0.000477s ]
INFO: [ app_begin ] --START--
INFO: Run Behavior\ReadHtmlCacheBehavior [ RunTime:0.000663s ]
INFO: [ app_begin ] --END-- [ RunTime:0.000705s ]
NOTIC: [8] Use of undefined constant number - assumed 'number' D:\phpStudy\PHPTutorial\WWW\steel\Application\Login\Controller\IndexController.class.php 第 17 行.
NOTIC: [8] Use of undefined constant password - assumed 'password' D:\phpStudy\PHPTutorial\WWW\steel\Application\Login\Controller\IndexController.class.php 第 18 行.
SQL: SHOW COLUMNS FROM `user` [ RunTime:0.0042s ]
SQL: SHOW COLUMNS FROM `user` [ RunTime:0.0042s ]
SQL: SELECT * FROM `user` WHERE `number` LIKE '%admin%' LIMIT 1   [ RunTime:0.0005s ]
NOTIC: [8] Use of undefined constant password - assumed 'password' D:\phpStudy\PHPTutorial\WWW\steel\Application\Login\Controller\IndexController.class.php 第 21 行.

[ 2018-12-15T18:41:38+08:00 ] ::1 /steel/index.php/Login/Index/index.html
INFO: [ app_init ] --START--
INFO: Run Behavior\BuildLiteBehavior [ RunTime:0.000020s ]
INFO: [ app_init ] --END-- [ RunTime:0.000630s ]
INFO: [ app_begin ] --START--
INFO: Run Behavior\ReadHtmlCacheBehavior [ RunTime:0.000925s ]
INFO: [ app_begin ] --END-- [ RunTime:0.000985s ]
INFO: [ view_parse ] --START--
INFO: [ template_filter ] --START--
INFO: Run Behavior\ContentReplaceBehavior [ RunTime:0.000044s ]
INFO: [ template_filter ] --END-- [ RunTime:0.000101s ]
INFO: Run Behavior\ParseTemplateBehavior [ RunTime:0.008388s ]
INFO: [ view_parse ] --END-- [ RunTime:0.008448s ]
INFO: [ view_filter ] --START--
INFO: Run Behavior\WriteHtmlCacheBehavior [ RunTime:0.000781s ]
INFO: [ view_filter ] --END-- [ RunTime:0.000836s ]
INFO: [ app_end ] --START--
INFO: Run Behavior\ShowPageTraceBehavior [ RunTime:0.001626s ]
INFO: [ app_end ] --END-- [ RunTime:0.001689s ]

[ 2018-12-15T18:41:42+08:00 ] ::1 /steel/index.php/Login/Index/dl.html
INFO: [ app_init ] --START--
INFO: Run Behavior\BuildLiteBehavior [ RunTime:0.000014s ]
INFO: [ app_init ] --END-- [ RunTime:0.000526s ]
INFO: [ app_begin ] --START--
INFO: Run Behavior\ReadHtmlCacheBehavior [ RunTime:0.001025s ]
INFO: [ app_begin ] --END-- [ RunTime:0.001091s ]
NOTIC: [8] Use of undefined constant number - assumed 'number' D:\phpStudy\PHPTutorial\WWW\steel\Application\Login\Controller\IndexController.class.php 第 17 行.
NOTIC: [8] Use of undefined constant password - assumed 'password' D:\phpStudy\PHPTutorial\WWW\steel\Application\Login\Controller\IndexController.class.php 第 18 行.
SQL: SHOW COLUMNS FROM `user` [ RunTime:0.0051s ]
SQL: SHOW COLUMNS FROM `user` [ RunTime:0.0046s ]
SQL: SELECT * FROM `user` WHERE `number` LIKE '%admin%' LIMIT 1   [ RunTime:0.0004s ]
NOTIC: [8] Use of undefined constant password - assumed 'password' D:\phpStudy\PHPTutorial\WWW\steel\Application\Login\Controller\IndexController.class.php 第 21 行.

[ 2018-12-15T18:49:46+08:00 ] ::1 /steel/index.php/Login/Index/index.html
INFO: [ app_init ] --START--
INFO: Run Behavior\BuildLiteBehavior [ RunTime:0.000012s ]
INFO: [ app_init ] --END-- [ RunTime:0.000497s ]
INFO: [ app_begin ] --START--
INFO: Run Behavior\ReadHtmlCacheBehavior [ RunTime:0.000844s ]
INFO: [ app_begin ] --END-- [ RunTime:0.000886s ]
INFO: [ view_parse ] --START--
INFO: [ template_filter ] --START--
INFO: Run Behavior\ContentReplaceBehavior [ RunTime:0.000059s ]
INFO: [ template_filter ] --END-- [ RunTime:0.000145s ]
INFO: Run Behavior\ParseTemplateBehavior [ RunTime:0.007403s ]
INFO: [ view_parse ] --END-- [ RunTime:0.007454s ]
INFO: [ view_filter ] --START--
INFO: Run Behavior\WriteHtmlCacheBehavior [ RunTime:0.000788s ]
INFO: [ view_filter ] --END-- [ RunTime:0.000836s ]
INFO: [ app_end ] --START--
INFO: Run Behavior\ShowPageTraceBehavior [ RunTime:0.000985s ]
INFO: [ app_end ] --END-- [ RunTime:0.001020s ]

[ 2018-12-15T18:49:56+08:00 ] ::1 /steel/index.php/Login/Index/dl.html
INFO: [ app_init ] --START--
INFO: Run Behavior\BuildLiteBehavior [ RunTime:0.000024s ]
INFO: [ app_init ] --END-- [ RunTime:0.000506s ]
INFO: [ app_begin ] --START--
INFO: Run Behavior\ReadHtmlCacheBehavior [ RunTime:0.000733s ]
INFO: [ app_begin ] --END-- [ RunTime:0.000779s ]
NOTIC: [8] Use of undefined constant number - assumed 'number' D:\phpStudy\PHPTutorial\WWW\steel\Application\Login\Controller\IndexController.class.php 第 17 行.
NOTIC: [8] Use of undefined constant password - assumed 'password' D:\phpStudy\PHPTutorial\WWW\steel\Application\Login\Controller\IndexController.class.php 第 18 行.
SQL: SHOW COLUMNS FROM `user` [ RunTime:0.0044s ]
SQL: SHOW COLUMNS FROM `user` [ RunTime:0.0073s ]
SQL: SELECT * FROM `user` WHERE `number` LIKE '%admin%' LIMIT 1   [ RunTime:0.0004s ]
NOTIC: [8] Use of undefined constant password - assumed 'password' D:\phpStudy\PHPTutorial\WWW\steel\Application\Login\Controller\IndexController.class.php 第 21 行.

