[ 2018-11-07T21:46:40+08:00 ] ::1 /steel/Login/index
INFO: [ app_init ] --START--
INFO: Run Behavior\BuildLiteBehavior [ RunTime:0.000020s ]
INFO: [ app_init ] --END-- [ RunTime:0.000826s ]
INFO: [ app_begin ] --START--
INFO: Run Behavior\ReadHtmlCacheBehavior [ RunTime:0.001266s ]
INFO: [ app_begin ] --END-- [ RunTime:0.001339s ]
INFO: [ view_parse ] --START--
INFO: [ template_filter ] --START--
INFO: Run Behavior\ContentReplaceBehavior [ RunTime:0.000057s ]
INFO: [ template_filter ] --END-- [ RunTime:0.000125s ]
INFO: Run Behavior\ParseTemplateBehavior [ RunTime:0.109311s ]
INFO: [ view_parse ] --END-- [ RunTime:0.109412s ]
INFO: [ view_filter ] --START--
INFO: Run Behavior\WriteHtmlCacheBehavior [ RunTime:0.001608s ]
INFO: [ view_filter ] --END-- [ RunTime:0.001702s ]
INFO: [ app_end ] --START--
INFO: Run Behavior\ShowPageTraceBehavior [ RunTime:0.002122s ]
INFO: [ app_end ] --END-- [ RunTime:0.002219s ]

[ 2018-11-07T21:47:48+08:00 ] ::1 /steel/Login/index
INFO: [ app_init ] --START--
INFO: Run Behavior\BuildLiteBehavior [ RunTime:0.000021s ]
INFO: [ app_init ] --END-- [ RunTime:0.000783s ]
INFO: [ app_begin ] --START--
INFO: Run Behavior\ReadHtmlCacheBehavior [ RunTime:0.001331s ]
INFO: [ app_begin ] --END-- [ RunTime:0.001413s ]
INFO: [ view_parse ] --START--
INFO: [ template_filter ] --START--
INFO: Run Behavior\ContentReplaceBehavior [ RunTime:0.000058s ]
INFO: [ template_filter ] --END-- [ RunTime:0.000129s ]
INFO: Run Behavior\ParseTemplateBehavior [ RunTime:0.011591s ]
INFO: [ view_parse ] --END-- [ RunTime:0.011762s ]
INFO: [ view_filter ] --START--
INFO: Run Behavior\WriteHtmlCacheBehavior [ RunTime:0.001077s ]
INFO: [ view_filter ] --END-- [ RunTime:0.001157s ]
INFO: [ app_end ] --START--
INFO: Run Behavior\ShowPageTraceBehavior [ RunTime:0.001499s ]
INFO: [ app_end ] --END-- [ RunTime:0.001587s ]

[ 2018-11-07T21:49:10+08:00 ] ::1 /steel/Login/index
INFO: [ app_init ] --START--
INFO: Run Behavior\BuildLiteBehavior [ RunTime:0.000020s ]
INFO: [ app_init ] --END-- [ RunTime:0.000750s ]
INFO: [ app_begin ] --START--
INFO: Run Behavior\ReadHtmlCacheBehavior [ RunTime:0.001308s ]
INFO: [ app_begin ] --END-- [ RunTime:0.001405s ]
INFO: [ view_parse ] --START--
INFO: [ template_filter ] --START--
INFO: Run Behavior\ContentReplaceBehavior [ RunTime:0.000053s ]
INFO: [ template_filter ] --END-- [ RunTime:0.000125s ]
INFO: Run Behavior\ParseTemplateBehavior [ RunTime:0.010224s ]
INFO: [ view_parse ] --END-- [ RunTime:0.010326s ]
INFO: [ view_filter ] --START--
INFO: Run Behavior\WriteHtmlCacheBehavior [ RunTime:0.000999s ]
INFO: [ view_filter ] --END-- [ RunTime:0.001053s ]
INFO: [ app_end ] --START--
INFO: Run Behavior\ShowPageTraceBehavior [ RunTime:0.001184s ]
INFO: [ app_end ] --END-- [ RunTime:0.001245s ]

[ 2018-11-07T21:50:50+08:00 ] ::1 /steel/Login/index
INFO: [ app_init ] --START--
INFO: Run Behavior\BuildLiteBehavior [ RunTime:0.000020s ]
INFO: [ app_init ] --END-- [ RunTime:0.000924s ]
INFO: [ app_begin ] --START--
INFO: Run Behavior\ReadHtmlCacheBehavior [ RunTime:0.001515s ]
INFO: [ app_begin ] --END-- [ RunTime:0.001607s ]
INFO: [ view_parse ] --START--
INFO: [ template_filter ] --START--
INFO: Run Behavior\ContentReplaceBehavior [ RunTime:0.000063s ]
INFO: [ template_filter ] --END-- [ RunTime:0.000159s ]
INFO: Run Behavior\ParseTemplateBehavior [ RunTime:0.011208s ]
INFO: [ view_parse ] --END-- [ RunTime:0.011285s ]
INFO: [ view_filter ] --START--
INFO: Run Behavior\WriteHtmlCacheBehavior [ RunTime:0.001209s ]
INFO: [ view_filter ] --END-- [ RunTime:0.001265s ]
INFO: [ app_end ] --START--
INFO: Run Behavior\ShowPageTraceBehavior [ RunTime:0.001252s ]
INFO: [ app_end ] --END-- [ RunTime:0.001311s ]

[ 2018-11-07T21:54:56+08:00 ] ::1 /steel/Login/index
INFO: [ app_init ] --START--
INFO: Run Behavior\BuildLiteBehavior [ RunTime:0.000022s ]
INFO: [ app_init ] --END-- [ RunTime:0.000978s ]
INFO: [ app_begin ] --START--
INFO: Run Behavior\ReadHtmlCacheBehavior [ RunTime:0.001278s ]
INFO: [ app_begin ] --END-- [ RunTime:0.001356s ]
INFO: [ view_parse ] --START--
INFO: [ template_filter ] --START--
INFO: Run Behavior\ContentReplaceBehavior [ RunTime:0.000057s ]
INFO: [ template_filter ] --END-- [ RunTime:0.000131s ]
INFO: Run Behavior\ParseTemplateBehavior [ RunTime:0.010831s ]
INFO: [ view_parse ] --END-- [ RunTime:0.010927s ]
INFO: [ view_filter ] --START--
INFO: Run Behavior\WriteHtmlCacheBehavior [ RunTime:0.001321s ]
INFO: [ view_filter ] --END-- [ RunTime:0.001407s ]
INFO: [ app_end ] --START--
INFO: Run Behavior\ShowPageTraceBehavior [ RunTime:0.001546s ]
INFO: [ app_end ] --END-- [ RunTime:0.001621s ]

[ 2018-11-07T21:54:58+08:00 ] ::1 /steel/index.php/Login/Index/dl.html
INFO: [ app_init ] --START--
INFO: Run Behavior\BuildLiteBehavior [ RunTime:0.000022s ]
INFO: [ app_init ] --END-- [ RunTime:0.000827s ]
INFO: [ app_begin ] --START--
INFO: Run Behavior\ReadHtmlCacheBehavior [ RunTime:0.001085s ]
INFO: [ app_begin ] --END-- [ RunTime:0.001167s ]
NOTIC: [8] Use of undefined constant number - assumed 'number' D:\phpStudy\PHPTutorial\WWW\steel\Application\Login\Controller\IndexController.class.php 第 17 行.
NOTIC: [8] Use of undefined constant password - assumed 'password' D:\phpStudy\PHPTutorial\WWW\steel\Application\Login\Controller\IndexController.class.php 第 18 行.

[ 2018-11-07T21:55:21+08:00 ] ::1 /steel/index.php/Login/Index/dl.html
INFO: [ app_init ] --START--
INFO: Run Behavior\BuildLiteBehavior [ RunTime:0.000022s ]
INFO: [ app_init ] --END-- [ RunTime:0.001055s ]
INFO: [ app_begin ] --START--
INFO: Run Behavior\ReadHtmlCacheBehavior [ RunTime:0.001461s ]
INFO: [ app_begin ] --END-- [ RunTime:0.001542s ]
NOTIC: [8] Use of undefined constant number - assumed 'number' D:\phpStudy\PHPTutorial\WWW\steel\Application\Login\Controller\IndexController.class.php 第 17 行.
NOTIC: [8] Use of undefined constant password - assumed 'password' D:\phpStudy\PHPTutorial\WWW\steel\Application\Login\Controller\IndexController.class.php 第 18 行.
SQL: SHOW COLUMNS FROM `user` [ RunTime:0.0074s ]
SQL: SHOW COLUMNS FROM `user` [ RunTime:0.0064s ]
ERR: 1064:You have an error in your SQL syntax; check the manual that corresponds to your MySQL server version for the right syntax to use near ') LIMIT 1' at line 1
 [ SQL语句 ] : SELECT * FROM `user` WHERE ( number =  ) LIMIT 1  
ERR: 1064:You have an error in your SQL syntax; check the manual that corresponds to your MySQL server version for the right syntax to use near ') LIMIT 1' at line 1
 [ SQL语句 ] : SELECT * FROM `user` WHERE ( number =  ) LIMIT 1  

[ 2018-11-07T21:55:30+08:00 ] ::1 /steel/Login/index
INFO: [ app_init ] --START--
INFO: Run Behavior\BuildLiteBehavior [ RunTime:0.000019s ]
INFO: [ app_init ] --END-- [ RunTime:0.000763s ]
INFO: [ app_begin ] --START--
INFO: Run Behavior\ReadHtmlCacheBehavior [ RunTime:0.001156s ]
INFO: [ app_begin ] --END-- [ RunTime:0.001236s ]
INFO: [ view_parse ] --START--
INFO: [ template_filter ] --START--
INFO: Run Behavior\ContentReplaceBehavior [ RunTime:0.000052s ]
INFO: [ template_filter ] --END-- [ RunTime:0.000121s ]
INFO: Run Behavior\ParseTemplateBehavior [ RunTime:0.010270s ]
INFO: [ view_parse ] --END-- [ RunTime:0.010354s ]
INFO: [ view_filter ] --START--
INFO: Run Behavior\WriteHtmlCacheBehavior [ RunTime:0.000966s ]
INFO: [ view_filter ] --END-- [ RunTime:0.001023s ]
INFO: [ app_end ] --START--
INFO: Run Behavior\ShowPageTraceBehavior [ RunTime:0.001214s ]
INFO: [ app_end ] --END-- [ RunTime:0.001274s ]

[ 2018-11-07T21:55:32+08:00 ] ::1 /steel/index.php/Login/Index/dl.html
INFO: [ app_init ] --START--
INFO: Run Behavior\BuildLiteBehavior [ RunTime:0.000020s ]
INFO: [ app_init ] --END-- [ RunTime:0.000819s ]
INFO: [ app_begin ] --START--
INFO: Run Behavior\ReadHtmlCacheBehavior [ RunTime:0.001042s ]
INFO: [ app_begin ] --END-- [ RunTime:0.001119s ]
NOTIC: [8] Use of undefined constant number - assumed 'number' D:\phpStudy\PHPTutorial\WWW\steel\Application\Login\Controller\IndexController.class.php 第 17 行.
NOTIC: [8] Use of undefined constant password - assumed 'password' D:\phpStudy\PHPTutorial\WWW\steel\Application\Login\Controller\IndexController.class.php 第 18 行.
SQL: SHOW COLUMNS FROM `user` [ RunTime:0.0071s ]
SQL: SHOW COLUMNS FROM `user` [ RunTime:0.0088s ]
SQL: SELECT * FROM `user` WHERE ( number = 1 ) LIMIT 1   [ RunTime:0.0004s ]
NOTIC: [8] Use of undefined constant password - assumed 'password' D:\phpStudy\PHPTutorial\WWW\steel\Application\Login\Controller\IndexController.class.php 第 21 行.
INFO: [ view_parse ] --START--
INFO: [ template_filter ] --START--
INFO: Run Behavior\ContentReplaceBehavior [ RunTime:0.000046s ]
INFO: [ template_filter ] --END-- [ RunTime:0.000109s ]
INFO: Run Behavior\ParseTemplateBehavior [ RunTime:0.117226s ]
INFO: [ view_parse ] --END-- [ RunTime:0.117342s ]
INFO: [ view_filter ] --START--
INFO: Run Behavior\WriteHtmlCacheBehavior [ RunTime:0.001090s ]
INFO: [ view_filter ] --END-- [ RunTime:0.001158s ]

[ 2018-11-07T21:56:29+08:00 ] ::1 /steel/Login/index
INFO: [ app_init ] --START--
INFO: Run Behavior\BuildLiteBehavior [ RunTime:0.000031s ]
INFO: [ app_init ] --END-- [ RunTime:0.001025s ]
INFO: [ app_begin ] --START--
INFO: Run Behavior\ReadHtmlCacheBehavior [ RunTime:0.001380s ]
INFO: [ app_begin ] --END-- [ RunTime:0.001644s ]
INFO: [ view_parse ] --START--
INFO: [ template_filter ] --START--
INFO: Run Behavior\ContentReplaceBehavior [ RunTime:0.000074s ]
INFO: [ template_filter ] --END-- [ RunTime:0.000173s ]
INFO: Run Behavior\ParseTemplateBehavior [ RunTime:0.012965s ]
INFO: [ view_parse ] --END-- [ RunTime:0.013083s ]
INFO: [ view_filter ] --START--
INFO: Run Behavior\WriteHtmlCacheBehavior [ RunTime:0.001300s ]
INFO: [ view_filter ] --END-- [ RunTime:0.001436s ]
INFO: [ app_end ] --START--
INFO: Run Behavior\ShowPageTraceBehavior [ RunTime:0.001788s ]
INFO: [ app_end ] --END-- [ RunTime:0.001883s ]

[ 2018-11-07T21:56:31+08:00 ] ::1 /steel/index.php/Login/Index/dl.html
INFO: [ app_init ] --START--
INFO: Run Behavior\BuildLiteBehavior [ RunTime:0.000020s ]
INFO: [ app_init ] --END-- [ RunTime:0.000773s ]
INFO: [ app_begin ] --START--
INFO: Run Behavior\ReadHtmlCacheBehavior [ RunTime:0.001566s ]
INFO: [ app_begin ] --END-- [ RunTime:0.001684s ]
NOTIC: [8] Use of undefined constant number - assumed 'number' D:\phpStudy\PHPTutorial\WWW\steel\Application\Login\Controller\IndexController.class.php 第 17 行.
NOTIC: [8] Use of undefined constant password - assumed 'password' D:\phpStudy\PHPTutorial\WWW\steel\Application\Login\Controller\IndexController.class.php 第 18 行.
SQL: SHOW COLUMNS FROM `user` [ RunTime:0.0066s ]
SQL: SHOW COLUMNS FROM `user` [ RunTime:0.0082s ]
ERR: 1064:You have an error in your SQL syntax; check the manual that corresponds to your MySQL server version for the right syntax to use near ') LIMIT 1' at line 1
 [ SQL语句 ] : SELECT * FROM `user` WHERE ( number =  ) LIMIT 1  
ERR: 1064:You have an error in your SQL syntax; check the manual that corresponds to your MySQL server version for the right syntax to use near ') LIMIT 1' at line 1
 [ SQL语句 ] : SELECT * FROM `user` WHERE ( number =  ) LIMIT 1  

[ 2018-11-07T21:56:41+08:00 ] ::1 /steel/index.php/Login/Index/dl.html
INFO: [ app_init ] --START--
INFO: Run Behavior\BuildLiteBehavior [ RunTime:0.000086s ]
INFO: [ app_init ] --END-- [ RunTime:0.001185s ]
INFO: [ app_begin ] --START--
INFO: Run Behavior\ReadHtmlCacheBehavior [ RunTime:0.002260s ]
INFO: [ app_begin ] --END-- [ RunTime:0.002388s ]
NOTIC: [8] Use of undefined constant number - assumed 'number' D:\phpStudy\PHPTutorial\WWW\steel\Application\Login\Controller\IndexController.class.php 第 17 行.
NOTIC: [8] Use of undefined constant password - assumed 'password' D:\phpStudy\PHPTutorial\WWW\steel\Application\Login\Controller\IndexController.class.php 第 18 行.
SQL: SHOW COLUMNS FROM `user` [ RunTime:0.0073s ]
SQL: SHOW COLUMNS FROM `user` [ RunTime:0.0086s ]
ERR: 1064:You have an error in your SQL syntax; check the manual that corresponds to your MySQL server version for the right syntax to use near ') LIMIT 1' at line 1
 [ SQL语句 ] : SELECT * FROM `user` WHERE ( number =  ) LIMIT 1  
ERR: 1064:You have an error in your SQL syntax; check the manual that corresponds to your MySQL server version for the right syntax to use near ') LIMIT 1' at line 1
 [ SQL语句 ] : SELECT * FROM `user` WHERE ( number =  ) LIMIT 1  

[ 2018-11-07T21:56:43+08:00 ] ::1 /steel/Login/index
INFO: [ app_init ] --START--
INFO: Run Behavior\BuildLiteBehavior [ RunTime:0.000021s ]
INFO: [ app_init ] --END-- [ RunTime:0.000905s ]
INFO: [ app_begin ] --START--
INFO: Run Behavior\ReadHtmlCacheBehavior [ RunTime:0.001264s ]
INFO: [ app_begin ] --END-- [ RunTime:0.001352s ]
INFO: [ view_parse ] --START--
INFO: [ template_filter ] --START--
INFO: Run Behavior\ContentReplaceBehavior [ RunTime:0.000086s ]
INFO: [ template_filter ] --END-- [ RunTime:0.000539s ]
INFO: Run Behavior\ParseTemplateBehavior [ RunTime:0.011845s ]
INFO: [ view_parse ] --END-- [ RunTime:0.011929s ]
INFO: [ view_filter ] --START--
INFO: Run Behavior\WriteHtmlCacheBehavior [ RunTime:0.001027s ]
INFO: [ view_filter ] --END-- [ RunTime:0.001093s ]
INFO: [ app_end ] --START--
INFO: Run Behavior\ShowPageTraceBehavior [ RunTime:0.001567s ]
INFO: [ app_end ] --END-- [ RunTime:0.001644s ]

[ 2018-11-07T21:56:54+08:00 ] ::1 /steel/index.php/Login/Index/dl.html
INFO: [ app_init ] --START--
INFO: Run Behavior\BuildLiteBehavior [ RunTime:0.000019s ]
INFO: [ app_init ] --END-- [ RunTime:0.000773s ]
INFO: [ app_begin ] --START--
INFO: Run Behavior\ReadHtmlCacheBehavior [ RunTime:0.001113s ]
INFO: [ app_begin ] --END-- [ RunTime:0.001190s ]
NOTIC: [8] Use of undefined constant number - assumed 'number' D:\phpStudy\PHPTutorial\WWW\steel\Application\Login\Controller\IndexController.class.php 第 17 行.
NOTIC: [8] Use of undefined constant password - assumed 'password' D:\phpStudy\PHPTutorial\WWW\steel\Application\Login\Controller\IndexController.class.php 第 18 行.
SQL: SHOW COLUMNS FROM `user` [ RunTime:0.0080s ]
SQL: SHOW COLUMNS FROM `user` [ RunTime:0.0224s ]
ERR: 1054:Unknown column 'admin' in 'where clause'
 [ SQL语句 ] : SELECT * FROM `user` WHERE ( number = admin ) LIMIT 1  
ERR: 1054:Unknown column 'admin' in 'where clause'
 [ SQL语句 ] : SELECT * FROM `user` WHERE ( number = admin ) LIMIT 1  

[ 2018-11-07T21:57:14+08:00 ] ::1 /steel/index.php/Login/Index/dl.html
INFO: [ app_init ] --START--
INFO: Run Behavior\BuildLiteBehavior [ RunTime:0.000020s ]
INFO: [ app_init ] --END-- [ RunTime:0.000841s ]
INFO: [ app_begin ] --START--
INFO: Run Behavior\ReadHtmlCacheBehavior [ RunTime:0.001157s ]
INFO: [ app_begin ] --END-- [ RunTime:0.001231s ]
NOTIC: [8] Use of undefined constant number - assumed 'number' D:\phpStudy\PHPTutorial\WWW\steel\Application\Login\Controller\IndexController.class.php 第 17 行.
NOTIC: [8] Use of undefined constant password - assumed 'password' D:\phpStudy\PHPTutorial\WWW\steel\Application\Login\Controller\IndexController.class.php 第 18 行.
SQL: SHOW COLUMNS FROM `user` [ RunTime:0.0063s ]
SQL: SHOW COLUMNS FROM `user` [ RunTime:0.0079s ]
ERR: 1054:Unknown column 'admin' in 'where clause'
 [ SQL语句 ] : SELECT * FROM `user` WHERE ( number = admin ) LIMIT 1  
ERR: 1054:Unknown column 'admin' in 'where clause'
 [ SQL语句 ] : SELECT * FROM `user` WHERE ( number = admin ) LIMIT 1  

[ 2018-11-07T21:58:12+08:00 ] ::1 /steel/index.php/Login/Index/dl.html
INFO: [ app_init ] --START--
INFO: Run Behavior\BuildLiteBehavior [ RunTime:0.000022s ]
INFO: [ app_init ] --END-- [ RunTime:0.001126s ]
INFO: [ app_begin ] --START--
INFO: Run Behavior\ReadHtmlCacheBehavior [ RunTime:0.001319s ]
INFO: [ app_begin ] --END-- [ RunTime:0.001394s ]
NOTIC: [8] Use of undefined constant number - assumed 'number' D:\phpStudy\PHPTutorial\WWW\steel\Application\Login\Controller\IndexController.class.php 第 17 行.
NOTIC: [8] Use of undefined constant password - assumed 'password' D:\phpStudy\PHPTutorial\WWW\steel\Application\Login\Controller\IndexController.class.php 第 18 行.
SQL: SHOW COLUMNS FROM `user` [ RunTime:0.0076s ]
SQL: SHOW COLUMNS FROM `user` [ RunTime:0.0128s ]
SQL: SELECT * FROM `user` WHERE `number` LIKE '%admin%' LIMIT 1   [ RunTime:0.0005s ]
NOTIC: [8] Use of undefined constant password - assumed 'password' D:\phpStudy\PHPTutorial\WWW\steel\Application\Login\Controller\IndexController.class.php 第 21 行.

[ 2018-11-07T22:01:39+08:00 ] ::1 /steel/index.php/Login/Index/quit.html
INFO: [ app_init ] --START--
INFO: Run Behavior\BuildLiteBehavior [ RunTime:0.000029s ]
INFO: [ app_init ] --END-- [ RunTime:0.000885s ]
INFO: [ app_begin ] --START--
INFO: Run Behavior\ReadHtmlCacheBehavior [ RunTime:0.001083s ]
INFO: [ app_begin ] --END-- [ RunTime:0.001162s ]

[ 2018-11-07T22:01:39+08:00 ] ::1 /steel/index.php/Login/Index/index.html
INFO: [ app_init ] --START--
INFO: Run Behavior\BuildLiteBehavior [ RunTime:0.000025s ]
INFO: [ app_init ] --END-- [ RunTime:0.000805s ]
INFO: [ app_begin ] --START--
INFO: Run Behavior\ReadHtmlCacheBehavior [ RunTime:0.001097s ]
INFO: [ app_begin ] --END-- [ RunTime:0.001176s ]
INFO: [ view_parse ] --START--
INFO: [ template_filter ] --START--
INFO: Run Behavior\ContentReplaceBehavior [ RunTime:0.000055s ]
INFO: [ template_filter ] --END-- [ RunTime:0.000125s ]
INFO: Run Behavior\ParseTemplateBehavior [ RunTime:0.011649s ]
INFO: [ view_parse ] --END-- [ RunTime:0.011763s ]
INFO: [ view_filter ] --START--
INFO: Run Behavior\WriteHtmlCacheBehavior [ RunTime:0.001074s ]
INFO: [ view_filter ] --END-- [ RunTime:0.001141s ]
INFO: [ app_end ] --START--
INFO: Run Behavior\ShowPageTraceBehavior [ RunTime:0.001129s ]
INFO: [ app_end ] --END-- [ RunTime:0.001189s ]

[ 2018-11-07T22:01:45+08:00 ] ::1 /steel/index.php/Login/Index/dl.html
INFO: [ app_init ] --START--
INFO: Run Behavior\BuildLiteBehavior [ RunTime:0.000021s ]
INFO: [ app_init ] --END-- [ RunTime:0.001620s ]
INFO: [ app_begin ] --START--
INFO: Run Behavior\ReadHtmlCacheBehavior [ RunTime:0.001332s ]
INFO: [ app_begin ] --END-- [ RunTime:0.001414s ]
NOTIC: [8] Use of undefined constant number - assumed 'number' D:\phpStudy\PHPTutorial\WWW\steel\Application\Login\Controller\IndexController.class.php 第 17 行.
NOTIC: [8] Use of undefined constant password - assumed 'password' D:\phpStudy\PHPTutorial\WWW\steel\Application\Login\Controller\IndexController.class.php 第 18 行.
SQL: SHOW COLUMNS FROM `user` [ RunTime:0.0145s ]
SQL: SHOW COLUMNS FROM `user` [ RunTime:0.0063s ]
SQL: SELECT * FROM `user` WHERE `number` LIKE '%admin%' LIMIT 1   [ RunTime:0.0006s ]
NOTIC: [8] Use of undefined constant password - assumed 'password' D:\phpStudy\PHPTutorial\WWW\steel\Application\Login\Controller\IndexController.class.php 第 21 行.

