[ 2018-11-10T22:44:22+08:00 ] ::1 /steel/index.php/admin/Content/disNews/id/65.html
INFO: [ app_init ] --START--
INFO: Run Behavior\BuildLiteBehavior [ RunTime:0.000019s ]
INFO: [ app_init ] --END-- [ RunTime:0.000860s ]
INFO: [ app_begin ] --START--
INFO: Run Behavior\ReadHtmlCacheBehavior [ RunTime:0.001361s ]
INFO: [ app_begin ] --END-- [ RunTime:0.001442s ]
ERR: 无法加载控制器:Content

[ 2018-11-10T22:44:27+08:00 ] ::1 /steel/index.php/admin/
INFO: [ app_init ] --START--
INFO: Run Behavior\BuildLiteBehavior [ RunTime:0.000037s ]
INFO: [ app_init ] --END-- [ RunTime:0.001079s ]
INFO: [ app_begin ] --START--
INFO: Run Behavior\ReadHtmlCacheBehavior [ RunTime:0.001517s ]
INFO: [ app_begin ] --END-- [ RunTime:0.001639s ]
INFO: [ view_parse ] --START--
INFO: [ template_filter ] --START--
INFO: Run Behavior\ContentReplaceBehavior [ RunTime:0.000074s ]
INFO: [ template_filter ] --END-- [ RunTime:0.000173s ]
INFO: Run Behavior\ParseTemplateBehavior [ RunTime:0.030434s ]
INFO: [ view_parse ] --END-- [ RunTime:0.030584s ]
INFO: [ view_filter ] --START--
INFO: Run Behavior\WriteHtmlCacheBehavior [ RunTime:0.001706s ]
INFO: [ view_filter ] --END-- [ RunTime:0.001866s ]

[ 2018-11-10T22:44:38+08:00 ] 127.0.0.1 /steel/index.php/Admin/Index/index.html
INFO: [ app_init ] --START--
INFO: Run Behavior\BuildLiteBehavior [ RunTime:0.000035s ]
INFO: [ app_init ] --END-- [ RunTime:0.001908s ]
INFO: [ app_begin ] --START--
INFO: Run Behavior\ReadHtmlCacheBehavior [ RunTime:0.010481s ]
INFO: [ app_begin ] --END-- [ RunTime:0.010620s ]
INFO: [ view_parse ] --START--
INFO: [ template_filter ] --START--
INFO: Run Behavior\ContentReplaceBehavior [ RunTime:0.000233s ]
INFO: [ template_filter ] --END-- [ RunTime:0.000331s ]
INFO: Run Behavior\ParseTemplateBehavior [ RunTime:0.033211s ]
INFO: [ view_parse ] --END-- [ RunTime:0.033313s ]
INFO: [ view_filter ] --START--
INFO: Run Behavior\WriteHtmlCacheBehavior [ RunTime:0.001405s ]
INFO: [ view_filter ] --END-- [ RunTime:0.001486s ]
INFO: [ app_end ] --START--
INFO: Run Behavior\ShowPageTraceBehavior [ RunTime:0.002186s ]
INFO: [ app_end ] --END-- [ RunTime:0.002319s ]

[ 2018-11-10T22:44:50+08:00 ] 127.0.0.1 /steel/index.php/Admin/Index/picList.html
INFO: [ app_init ] --START--
INFO: Run Behavior\BuildLiteBehavior [ RunTime:0.000027s ]
INFO: [ app_init ] --END-- [ RunTime:0.001145s ]
INFO: [ app_begin ] --START--
INFO: Run Behavior\ReadHtmlCacheBehavior [ RunTime:0.002497s ]
INFO: [ app_begin ] --END-- [ RunTime:0.002651s ]
SQL: SHOW COLUMNS FROM `photo` [ RunTime:0.0096s ]
SQL: SHOW COLUMNS FROM `photo` [ RunTime:0.0084s ]
SQL: SELECT * FROM `photo`  [ RunTime:0.0007s ]
INFO: [ view_parse ] --START--
INFO: [ template_filter ] --START--
INFO: Run Behavior\ContentReplaceBehavior [ RunTime:0.000129s ]
INFO: [ template_filter ] --END-- [ RunTime:0.000229s ]
NOTIC: [8] Use of undefined constant id - assumed 'id' D:\phpStudy\PHPTutorial\WWW\steel\Application\Runtime\Cache\Admin\d00eab67c6b5e9df533c3759f6b97334.php 第 54 行.
NOTIC: [8] Use of undefined constant id - assumed 'id' D:\phpStudy\PHPTutorial\WWW\steel\Application\Runtime\Cache\Admin\d00eab67c6b5e9df533c3759f6b97334.php 第 54 行.
NOTIC: [8] Use of undefined constant id - assumed 'id' D:\phpStudy\PHPTutorial\WWW\steel\Application\Runtime\Cache\Admin\d00eab67c6b5e9df533c3759f6b97334.php 第 54 行.
NOTIC: [8] Use of undefined constant id - assumed 'id' D:\phpStudy\PHPTutorial\WWW\steel\Application\Runtime\Cache\Admin\d00eab67c6b5e9df533c3759f6b97334.php 第 54 行.
NOTIC: [8] Use of undefined constant id - assumed 'id' D:\phpStudy\PHPTutorial\WWW\steel\Application\Runtime\Cache\Admin\d00eab67c6b5e9df533c3759f6b97334.php 第 54 行.
NOTIC: [8] Use of undefined constant id - assumed 'id' D:\phpStudy\PHPTutorial\WWW\steel\Application\Runtime\Cache\Admin\d00eab67c6b5e9df533c3759f6b97334.php 第 54 行.
NOTIC: [8] Use of undefined constant id - assumed 'id' D:\phpStudy\PHPTutorial\WWW\steel\Application\Runtime\Cache\Admin\d00eab67c6b5e9df533c3759f6b97334.php 第 54 行.
NOTIC: [8] Use of undefined constant id - assumed 'id' D:\phpStudy\PHPTutorial\WWW\steel\Application\Runtime\Cache\Admin\d00eab67c6b5e9df533c3759f6b97334.php 第 54 行.
NOTIC: [8] Use of undefined constant id - assumed 'id' D:\phpStudy\PHPTutorial\WWW\steel\Application\Runtime\Cache\Admin\d00eab67c6b5e9df533c3759f6b97334.php 第 54 行.
NOTIC: [8] Use of undefined constant id - assumed 'id' D:\phpStudy\PHPTutorial\WWW\steel\Application\Runtime\Cache\Admin\d00eab67c6b5e9df533c3759f6b97334.php 第 54 行.
NOTIC: [8] Use of undefined constant id - assumed 'id' D:\phpStudy\PHPTutorial\WWW\steel\Application\Runtime\Cache\Admin\d00eab67c6b5e9df533c3759f6b97334.php 第 54 行.
NOTIC: [8] Use of undefined constant id - assumed 'id' D:\phpStudy\PHPTutorial\WWW\steel\Application\Runtime\Cache\Admin\d00eab67c6b5e9df533c3759f6b97334.php 第 54 行.
NOTIC: [8] Use of undefined constant id - assumed 'id' D:\phpStudy\PHPTutorial\WWW\steel\Application\Runtime\Cache\Admin\d00eab67c6b5e9df533c3759f6b97334.php 第 54 行.
NOTIC: [8] Use of undefined constant id - assumed 'id' D:\phpStudy\PHPTutorial\WWW\steel\Application\Runtime\Cache\Admin\d00eab67c6b5e9df533c3759f6b97334.php 第 54 行.
NOTIC: [8] Use of undefined constant id - assumed 'id' D:\phpStudy\PHPTutorial\WWW\steel\Application\Runtime\Cache\Admin\d00eab67c6b5e9df533c3759f6b97334.php 第 110 行.
INFO: Run Behavior\ParseTemplateBehavior [ RunTime:0.138029s ]
INFO: [ view_parse ] --END-- [ RunTime:0.138119s ]
INFO: [ view_filter ] --START--
INFO: Run Behavior\WriteHtmlCacheBehavior [ RunTime:0.001342s ]
INFO: [ view_filter ] --END-- [ RunTime:0.001420s ]
INFO: [ app_end ] --START--
INFO: Run Behavior\ShowPageTraceBehavior [ RunTime:0.002453s ]
INFO: [ app_end ] --END-- [ RunTime:0.002606s ]

[ 2018-11-10T22:44:50+08:00 ] 127.0.0.1 /steel/index.php/Admin/Index/save_info.html?action=config&&noCache=1541861090353
INFO: [ app_init ] --START--
INFO: Run Behavior\BuildLiteBehavior [ RunTime:0.000031s ]
INFO: [ app_init ] --END-- [ RunTime:0.000982s ]
INFO: [ app_begin ] --START--
INFO: Run Behavior\ReadHtmlCacheBehavior [ RunTime:0.001849s ]
INFO: [ app_begin ] --END-- [ RunTime:0.001971s ]
NOTIC: [2] file_get_contents(./Public/Ueditor/php/config.json): failed to open stream: No such file or directory D:\phpStudy\PHPTutorial\WWW\steel\Application\Admin\Controller\IndexController.class.php 第 398 行.
INFO: [ app_end ] --START--
INFO: Run Behavior\ShowPageTraceBehavior [ RunTime:0.001702s ]
INFO: [ app_end ] --END-- [ RunTime:0.001805s ]

[ 2018-11-10T22:46:27+08:00 ] 127.0.0.1 /steel/index.php/Admin/Index/index.html
INFO: [ app_init ] --START--
INFO: Run Behavior\BuildLiteBehavior [ RunTime:0.000031s ]
INFO: [ app_init ] --END-- [ RunTime:0.001267s ]
INFO: [ app_begin ] --START--
INFO: Run Behavior\ReadHtmlCacheBehavior [ RunTime:0.001492s ]
INFO: [ app_begin ] --END-- [ RunTime:0.001600s ]
INFO: [ view_parse ] --START--
INFO: [ template_filter ] --START--
INFO: Run Behavior\ContentReplaceBehavior [ RunTime:0.000255s ]
INFO: [ template_filter ] --END-- [ RunTime:0.000350s ]
INFO: Run Behavior\ParseTemplateBehavior [ RunTime:0.022071s ]
INFO: [ view_parse ] --END-- [ RunTime:0.022173s ]
INFO: [ view_filter ] --START--
INFO: Run Behavior\WriteHtmlCacheBehavior [ RunTime:0.001132s ]
INFO: [ view_filter ] --END-- [ RunTime:0.001197s ]
INFO: [ app_end ] --START--
INFO: Run Behavior\ShowPageTraceBehavior [ RunTime:0.001755s ]
INFO: [ app_end ] --END-- [ RunTime:0.001888s ]

[ 2018-11-10T22:46:31+08:00 ] 127.0.0.1 /steel/index.php/Admin/Index/fileList.html
INFO: [ app_init ] --START--
INFO: Run Behavior\BuildLiteBehavior [ RunTime:0.000028s ]
INFO: [ app_init ] --END-- [ RunTime:0.001004s ]
INFO: [ app_begin ] --START--
INFO: Run Behavior\ReadHtmlCacheBehavior [ RunTime:0.001322s ]
INFO: [ app_begin ] --END-- [ RunTime:0.001416s ]
SQL: SHOW COLUMNS FROM `file` [ RunTime:0.0069s ]
SQL: SHOW COLUMNS FROM `file` [ RunTime:0.0075s ]
SQL: SELECT * FROM `file`  [ RunTime:0.0005s ]
INFO: [ view_parse ] --START--
INFO: [ template_filter ] --START--
INFO: Run Behavior\ContentReplaceBehavior [ RunTime:0.000096s ]
INFO: [ template_filter ] --END-- [ RunTime:0.000179s ]
INFO: Run Behavior\ParseTemplateBehavior [ RunTime:0.119065s ]
INFO: [ view_parse ] --END-- [ RunTime:0.119161s ]
INFO: [ view_filter ] --START--
INFO: Run Behavior\WriteHtmlCacheBehavior [ RunTime:0.000883s ]
INFO: [ view_filter ] --END-- [ RunTime:0.000952s ]
INFO: [ app_end ] --START--
INFO: Run Behavior\ShowPageTraceBehavior [ RunTime:0.001357s ]
INFO: [ app_end ] --END-- [ RunTime:0.001426s ]

[ 2018-11-10T22:46:34+08:00 ] 127.0.0.1 /steel/index.php/Admin/Index/picList.html
INFO: [ app_init ] --START--
INFO: Run Behavior\BuildLiteBehavior [ RunTime:0.000060s ]
INFO: [ app_init ] --END-- [ RunTime:0.000994s ]
INFO: [ app_begin ] --START--
INFO: Run Behavior\ReadHtmlCacheBehavior [ RunTime:0.001135s ]
INFO: [ app_begin ] --END-- [ RunTime:0.001245s ]
SQL: SHOW COLUMNS FROM `photo` [ RunTime:0.0217s ]
SQL: SHOW COLUMNS FROM `photo` [ RunTime:0.0078s ]
SQL: SELECT * FROM `photo`  [ RunTime:0.0006s ]
INFO: [ view_parse ] --START--
INFO: [ template_filter ] --START--
INFO: Run Behavior\ContentReplaceBehavior [ RunTime:0.000083s ]
INFO: [ template_filter ] --END-- [ RunTime:0.000145s ]
NOTIC: [8] Use of undefined constant id - assumed 'id' D:\phpStudy\PHPTutorial\WWW\steel\Application\Runtime\Cache\Admin\d00eab67c6b5e9df533c3759f6b97334.php 第 54 行.
NOTIC: [8] Use of undefined constant id - assumed 'id' D:\phpStudy\PHPTutorial\WWW\steel\Application\Runtime\Cache\Admin\d00eab67c6b5e9df533c3759f6b97334.php 第 54 行.
NOTIC: [8] Use of undefined constant id - assumed 'id' D:\phpStudy\PHPTutorial\WWW\steel\Application\Runtime\Cache\Admin\d00eab67c6b5e9df533c3759f6b97334.php 第 54 行.
NOTIC: [8] Use of undefined constant id - assumed 'id' D:\phpStudy\PHPTutorial\WWW\steel\Application\Runtime\Cache\Admin\d00eab67c6b5e9df533c3759f6b97334.php 第 54 行.
NOTIC: [8] Use of undefined constant id - assumed 'id' D:\phpStudy\PHPTutorial\WWW\steel\Application\Runtime\Cache\Admin\d00eab67c6b5e9df533c3759f6b97334.php 第 54 行.
NOTIC: [8] Use of undefined constant id - assumed 'id' D:\phpStudy\PHPTutorial\WWW\steel\Application\Runtime\Cache\Admin\d00eab67c6b5e9df533c3759f6b97334.php 第 54 行.
NOTIC: [8] Use of undefined constant id - assumed 'id' D:\phpStudy\PHPTutorial\WWW\steel\Application\Runtime\Cache\Admin\d00eab67c6b5e9df533c3759f6b97334.php 第 54 行.
NOTIC: [8] Use of undefined constant id - assumed 'id' D:\phpStudy\PHPTutorial\WWW\steel\Application\Runtime\Cache\Admin\d00eab67c6b5e9df533c3759f6b97334.php 第 54 行.
NOTIC: [8] Use of undefined constant id - assumed 'id' D:\phpStudy\PHPTutorial\WWW\steel\Application\Runtime\Cache\Admin\d00eab67c6b5e9df533c3759f6b97334.php 第 54 行.
NOTIC: [8] Use of undefined constant id - assumed 'id' D:\phpStudy\PHPTutorial\WWW\steel\Application\Runtime\Cache\Admin\d00eab67c6b5e9df533c3759f6b97334.php 第 54 行.
NOTIC: [8] Use of undefined constant id - assumed 'id' D:\phpStudy\PHPTutorial\WWW\steel\Application\Runtime\Cache\Admin\d00eab67c6b5e9df533c3759f6b97334.php 第 54 行.
NOTIC: [8] Use of undefined constant id - assumed 'id' D:\phpStudy\PHPTutorial\WWW\steel\Application\Runtime\Cache\Admin\d00eab67c6b5e9df533c3759f6b97334.php 第 54 行.
NOTIC: [8] Use of undefined constant id - assumed 'id' D:\phpStudy\PHPTutorial\WWW\steel\Application\Runtime\Cache\Admin\d00eab67c6b5e9df533c3759f6b97334.php 第 54 行.
NOTIC: [8] Use of undefined constant id - assumed 'id' D:\phpStudy\PHPTutorial\WWW\steel\Application\Runtime\Cache\Admin\d00eab67c6b5e9df533c3759f6b97334.php 第 54 行.
NOTIC: [8] Use of undefined constant id - assumed 'id' D:\phpStudy\PHPTutorial\WWW\steel\Application\Runtime\Cache\Admin\d00eab67c6b5e9df533c3759f6b97334.php 第 54 行.
NOTIC: [8] Use of undefined constant id - assumed 'id' D:\phpStudy\PHPTutorial\WWW\steel\Application\Runtime\Cache\Admin\d00eab67c6b5e9df533c3759f6b97334.php 第 110 行.
INFO: Run Behavior\ParseTemplateBehavior [ RunTime:0.013888s ]
INFO: [ view_parse ] --END-- [ RunTime:0.013960s ]
INFO: [ view_filter ] --START--
INFO: Run Behavior\WriteHtmlCacheBehavior [ RunTime:0.000918s ]
INFO: [ view_filter ] --END-- [ RunTime:0.000979s ]
INFO: [ app_end ] --START--
INFO: Run Behavior\ShowPageTraceBehavior [ RunTime:0.001626s ]
INFO: [ app_end ] --END-- [ RunTime:0.001730s ]

[ 2018-11-10T22:46:34+08:00 ] 127.0.0.1 /steel/index.php/Admin/Index/save_info.html?action=config&&noCache=1541861194842
INFO: [ app_init ] --START--
INFO: Run Behavior\BuildLiteBehavior [ RunTime:0.000021s ]
INFO: [ app_init ] --END-- [ RunTime:0.000798s ]
INFO: [ app_begin ] --START--
INFO: Run Behavior\ReadHtmlCacheBehavior [ RunTime:0.001155s ]
INFO: [ app_begin ] --END-- [ RunTime:0.001341s ]
NOTIC: [2] file_get_contents(./Public/Ueditor/php/config.json): failed to open stream: No such file or directory D:\phpStudy\PHPTutorial\WWW\steel\Application\Admin\Controller\IndexController.class.php 第 398 行.
INFO: [ app_end ] --START--
INFO: Run Behavior\ShowPageTraceBehavior [ RunTime:0.001400s ]
INFO: [ app_end ] --END-- [ RunTime:0.001474s ]

[ 2018-11-10T22:46:46+08:00 ] 127.0.0.1 /steel/index.php/Admin/Index/picList.html
INFO: [ app_init ] --START--
INFO: Run Behavior\BuildLiteBehavior [ RunTime:0.000042s ]
INFO: [ app_init ] --END-- [ RunTime:0.001637s ]
INFO: [ app_begin ] --START--
INFO: Run Behavior\ReadHtmlCacheBehavior [ RunTime:0.001725s ]
INFO: [ app_begin ] --END-- [ RunTime:0.001844s ]
SQL: SHOW COLUMNS FROM `photo` [ RunTime:0.0097s ]
SQL: SHOW COLUMNS FROM `photo` [ RunTime:0.0092s ]
SQL: SELECT * FROM `photo`  [ RunTime:0.0011s ]
INFO: [ view_parse ] --START--
INFO: [ template_filter ] --START--
INFO: Run Behavior\ContentReplaceBehavior [ RunTime:0.000122s ]
INFO: [ template_filter ] --END-- [ RunTime:0.000216s ]
NOTIC: [8] Use of undefined constant id - assumed 'id' D:\phpStudy\PHPTutorial\WWW\steel\Application\Runtime\Cache\Admin\d00eab67c6b5e9df533c3759f6b97334.php 第 54 行.
NOTIC: [8] Use of undefined constant id - assumed 'id' D:\phpStudy\PHPTutorial\WWW\steel\Application\Runtime\Cache\Admin\d00eab67c6b5e9df533c3759f6b97334.php 第 54 行.
NOTIC: [8] Use of undefined constant id - assumed 'id' D:\phpStudy\PHPTutorial\WWW\steel\Application\Runtime\Cache\Admin\d00eab67c6b5e9df533c3759f6b97334.php 第 54 行.
NOTIC: [8] Use of undefined constant id - assumed 'id' D:\phpStudy\PHPTutorial\WWW\steel\Application\Runtime\Cache\Admin\d00eab67c6b5e9df533c3759f6b97334.php 第 54 行.
NOTIC: [8] Use of undefined constant id - assumed 'id' D:\phpStudy\PHPTutorial\WWW\steel\Application\Runtime\Cache\Admin\d00eab67c6b5e9df533c3759f6b97334.php 第 54 行.
NOTIC: [8] Use of undefined constant id - assumed 'id' D:\phpStudy\PHPTutorial\WWW\steel\Application\Runtime\Cache\Admin\d00eab67c6b5e9df533c3759f6b97334.php 第 54 行.
NOTIC: [8] Use of undefined constant id - assumed 'id' D:\phpStudy\PHPTutorial\WWW\steel\Application\Runtime\Cache\Admin\d00eab67c6b5e9df533c3759f6b97334.php 第 54 行.
NOTIC: [8] Use of undefined constant id - assumed 'id' D:\phpStudy\PHPTutorial\WWW\steel\Application\Runtime\Cache\Admin\d00eab67c6b5e9df533c3759f6b97334.php 第 54 行.
NOTIC: [8] Use of undefined constant id - assumed 'id' D:\phpStudy\PHPTutorial\WWW\steel\Application\Runtime\Cache\Admin\d00eab67c6b5e9df533c3759f6b97334.php 第 54 行.
NOTIC: [8] Use of undefined constant id - assumed 'id' D:\phpStudy\PHPTutorial\WWW\steel\Application\Runtime\Cache\Admin\d00eab67c6b5e9df533c3759f6b97334.php 第 54 行.
NOTIC: [8] Use of undefined constant id - assumed 'id' D:\phpStudy\PHPTutorial\WWW\steel\Application\Runtime\Cache\Admin\d00eab67c6b5e9df533c3759f6b97334.php 第 54 行.
NOTIC: [8] Use of undefined constant id - assumed 'id' D:\phpStudy\PHPTutorial\WWW\steel\Application\Runtime\Cache\Admin\d00eab67c6b5e9df533c3759f6b97334.php 第 54 行.
NOTIC: [8] Use of undefined constant id - assumed 'id' D:\phpStudy\PHPTutorial\WWW\steel\Application\Runtime\Cache\Admin\d00eab67c6b5e9df533c3759f6b97334.php 第 54 行.
NOTIC: [8] Use of undefined constant id - assumed 'id' D:\phpStudy\PHPTutorial\WWW\steel\Application\Runtime\Cache\Admin\d00eab67c6b5e9df533c3759f6b97334.php 第 54 行.
NOTIC: [8] Use of undefined constant id - assumed 'id' D:\phpStudy\PHPTutorial\WWW\steel\Application\Runtime\Cache\Admin\d00eab67c6b5e9df533c3759f6b97334.php 第 54 行.
NOTIC: [8] Use of undefined constant id - assumed 'id' D:\phpStudy\PHPTutorial\WWW\steel\Application\Runtime\Cache\Admin\d00eab67c6b5e9df533c3759f6b97334.php 第 54 行.
NOTIC: [8] Use of undefined constant id - assumed 'id' D:\phpStudy\PHPTutorial\WWW\steel\Application\Runtime\Cache\Admin\d00eab67c6b5e9df533c3759f6b97334.php 第 110 行.
INFO: Run Behavior\ParseTemplateBehavior [ RunTime:0.018100s ]
INFO: [ view_parse ] --END-- [ RunTime:0.018204s ]
INFO: [ view_filter ] --START--
INFO: Run Behavior\WriteHtmlCacheBehavior [ RunTime:0.001365s ]
INFO: [ view_filter ] --END-- [ RunTime:0.001471s ]
INFO: [ app_end ] --START--
INFO: Run Behavior\ShowPageTraceBehavior [ RunTime:0.002312s ]
INFO: [ app_end ] --END-- [ RunTime:0.002473s ]

[ 2018-11-10T22:46:47+08:00 ] 127.0.0.1 /steel/index.php/Admin/Index/save_info.html?action=config&&noCache=1541861207101
INFO: [ app_init ] --START--
INFO: Run Behavior\BuildLiteBehavior [ RunTime:0.000024s ]
INFO: [ app_init ] --END-- [ RunTime:0.000814s ]
INFO: [ app_begin ] --START--
INFO: Run Behavior\ReadHtmlCacheBehavior [ RunTime:0.001509s ]
INFO: [ app_begin ] --END-- [ RunTime:0.001620s ]
NOTIC: [2] file_get_contents(./Public/Ueditor/php/config.json): failed to open stream: No such file or directory D:\phpStudy\PHPTutorial\WWW\steel\Application\Admin\Controller\IndexController.class.php 第 398 行.
INFO: [ app_end ] --START--
INFO: Run Behavior\ShowPageTraceBehavior [ RunTime:0.001161s ]
INFO: [ app_end ] --END-- [ RunTime:0.001227s ]

