[ 2018-10-31T17:25:15+08:00 ] ::1 /steel/Admin/index/jianjie
INFO: [ app_init ] --START--
INFO: Run Behavior\BuildLiteBehavior [ RunTime:0.000012s ]
INFO: [ app_init ] --END-- [ RunTime:0.000502s ]
INFO: [ app_begin ] --START--
INFO: Run Behavior\ReadHtmlCacheBehavior [ RunTime:0.000745s ]
INFO: [ app_begin ] --END-- [ RunTime:0.000792s ]
SQL: SHOW COLUMNS FROM `article` [ RunTime:0.1057s ]
SQL: SHOW COLUMNS FROM `article` [ RunTime:0.0054s ]
SQL: SELECT * FROM `article` WHERE ( classification = 1 )  [ RunTime:0.0088s ]
INFO: [ view_parse ] --START--
INFO: [ template_filter ] --START--
INFO: Run Behavior\ContentReplaceBehavior [ RunTime:0.000121s ]
INFO: [ template_filter ] --END-- [ RunTime:0.000213s ]
NOTIC: [8] Use of undefined constant title - assumed 'title' D:\phpStudy\PHPTutorial\WWW\steel\Application\Runtime\Cache\Admin\8e83be7aa4a6754c946aeebcad56e06b.php 第 41 行.
NOTIC: [8] Use of undefined constant content - assumed 'content' D:\phpStudy\PHPTutorial\WWW\steel\Application\Runtime\Cache\Admin\8e83be7aa4a6754c946aeebcad56e06b.php 第 44 行.
NOTIC: [8] Use of undefined constant id - assumed 'id' D:\phpStudy\PHPTutorial\WWW\steel\Application\Runtime\Cache\Admin\8e83be7aa4a6754c946aeebcad56e06b.php 第 76 行.
INFO: Run Behavior\ParseTemplateBehavior [ RunTime:0.062664s ]
INFO: [ view_parse ] --END-- [ RunTime:0.062738s ]
INFO: [ view_filter ] --START--
INFO: Run Behavior\WriteHtmlCacheBehavior [ RunTime:0.000778s ]
INFO: [ view_filter ] --END-- [ RunTime:0.000820s ]
INFO: [ app_end ] --START--
INFO: Run Behavior\ShowPageTraceBehavior [ RunTime:0.001055s ]
INFO: [ app_end ] --END-- [ RunTime:0.001105s ]

[ 2018-10-31T17:25:15+08:00 ] ::1 /steel/index.php/Admin/Index/save_info.html?action=config&&noCache=1540977915812
INFO: [ app_init ] --START--
INFO: Run Behavior\BuildLiteBehavior [ RunTime:0.000025s ]
INFO: [ app_init ] --END-- [ RunTime:0.000629s ]
INFO: [ app_begin ] --START--
INFO: Run Behavior\ReadHtmlCacheBehavior [ RunTime:0.000767s ]
INFO: [ app_begin ] --END-- [ RunTime:0.000825s ]
NOTIC: [2] file_get_contents(./Public/Ueditor/php/config.json): failed to open stream: No such file or directory D:\phpStudy\PHPTutorial\WWW\steel\Application\Admin\Controller\IndexController.class.php 第 307 行.
INFO: [ app_end ] --START--
INFO: Run Behavior\ShowPageTraceBehavior [ RunTime:0.001042s ]
INFO: [ app_end ] --END-- [ RunTime:0.001114s ]

[ 2018-10-31T20:49:11+08:00 ] ::1 /steel/Admin/index/jianjie
INFO: [ app_init ] --START--
INFO: Run Behavior\BuildLiteBehavior [ RunTime:0.000017s ]
INFO: [ app_init ] --END-- [ RunTime:0.009999s ]
INFO: [ app_begin ] --START--
INFO: Run Behavior\ReadHtmlCacheBehavior [ RunTime:0.018351s ]
INFO: [ app_begin ] --END-- [ RunTime:0.018432s ]
SQL: SHOW COLUMNS FROM `article` [ RunTime:0.1338s ]
SQL: SHOW COLUMNS FROM `article` [ RunTime:0.0062s ]
SQL: SELECT * FROM `article` WHERE ( classification = 1 )  [ RunTime:0.0230s ]
INFO: [ view_parse ] --START--
INFO: [ template_filter ] --START--
INFO: Run Behavior\ContentReplaceBehavior [ RunTime:0.000383s ]
INFO: [ template_filter ] --END-- [ RunTime:0.000425s ]
NOTIC: [8] Use of undefined constant title - assumed 'title' D:\phpStudy\PHPTutorial\WWW\steel\Application\Runtime\Cache\Admin\8e83be7aa4a6754c946aeebcad56e06b.php 第 41 行.
NOTIC: [8] Use of undefined constant content - assumed 'content' D:\phpStudy\PHPTutorial\WWW\steel\Application\Runtime\Cache\Admin\8e83be7aa4a6754c946aeebcad56e06b.php 第 44 行.
NOTIC: [8] Use of undefined constant id - assumed 'id' D:\phpStudy\PHPTutorial\WWW\steel\Application\Runtime\Cache\Admin\8e83be7aa4a6754c946aeebcad56e06b.php 第 76 行.
INFO: Run Behavior\ParseTemplateBehavior [ RunTime:0.079308s ]
INFO: [ view_parse ] --END-- [ RunTime:0.079359s ]
INFO: [ view_filter ] --START--
INFO: Run Behavior\WriteHtmlCacheBehavior [ RunTime:0.026053s ]
INFO: [ view_filter ] --END-- [ RunTime:0.026293s ]
INFO: [ app_end ] --START--
INFO: Run Behavior\ShowPageTraceBehavior [ RunTime:0.002183s ]
INFO: [ app_end ] --END-- [ RunTime:0.002270s ]

[ 2018-10-31T20:49:12+08:00 ] ::1 /steel/index.php/Admin/Index/save_info.html?action=config&&noCache=1540990152175
INFO: [ app_init ] --START--
INFO: Run Behavior\BuildLiteBehavior [ RunTime:0.000014s ]
INFO: [ app_init ] --END-- [ RunTime:0.000588s ]
INFO: [ app_begin ] --START--
INFO: Run Behavior\ReadHtmlCacheBehavior [ RunTime:0.001000s ]
INFO: [ app_begin ] --END-- [ RunTime:0.001098s ]
NOTIC: [2] file_get_contents(./Public/Ueditor/php/config.json): failed to open stream: No such file or directory D:\phpStudy\PHPTutorial\WWW\steel\Application\Admin\Controller\IndexController.class.php 第 307 行.
INFO: [ app_end ] --START--
INFO: Run Behavior\ShowPageTraceBehavior [ RunTime:0.001291s ]
INFO: [ app_end ] --END-- [ RunTime:0.001349s ]

[ 2018-10-31T20:49:13+08:00 ] ::1 /steel/Admin/
INFO: [ app_init ] --START--
INFO: Run Behavior\BuildLiteBehavior [ RunTime:0.000022s ]
INFO: [ app_init ] --END-- [ RunTime:0.000690s ]
INFO: [ app_begin ] --START--
INFO: Run Behavior\ReadHtmlCacheBehavior [ RunTime:0.001149s ]
INFO: [ app_begin ] --END-- [ RunTime:0.001242s ]
INFO: [ view_parse ] --START--
INFO: [ template_filter ] --START--
INFO: Run Behavior\ContentReplaceBehavior [ RunTime:0.000101s ]
INFO: [ template_filter ] --END-- [ RunTime:0.000149s ]
INFO: Run Behavior\ParseTemplateBehavior [ RunTime:0.104482s ]
INFO: [ view_parse ] --END-- [ RunTime:0.104560s ]
INFO: [ view_filter ] --START--
INFO: Run Behavior\WriteHtmlCacheBehavior [ RunTime:0.000675s ]
INFO: [ view_filter ] --END-- [ RunTime:0.000710s ]
INFO: [ app_end ] --START--
INFO: Run Behavior\ShowPageTraceBehavior [ RunTime:0.001028s ]
INFO: [ app_end ] --END-- [ RunTime:0.001102s ]

[ 2018-10-31T20:49:14+08:00 ] ::1 /steel/Admin/home.html
INFO: [ app_init ] --START--
INFO: Run Behavior\BuildLiteBehavior [ RunTime:0.000024s ]
INFO: [ app_init ] --END-- [ RunTime:0.000985s ]
INFO: [ app_begin ] --START--
INFO: Run Behavior\ReadHtmlCacheBehavior [ RunTime:0.001107s ]
INFO: [ app_begin ] --END-- [ RunTime:0.001193s ]
ERR: 无法加载控制器:Home

[ 2018-10-31T20:49:16+08:00 ] ::1 /steel/Admin/home.html
INFO: [ app_init ] --START--
INFO: Run Behavior\BuildLiteBehavior [ RunTime:0.000033s ]
INFO: [ app_init ] --END-- [ RunTime:0.000852s ]
INFO: [ app_begin ] --START--
INFO: Run Behavior\ReadHtmlCacheBehavior [ RunTime:0.001095s ]
INFO: [ app_begin ] --END-- [ RunTime:0.001177s ]
ERR: 无法加载控制器:Home

[ 2018-10-31T20:49:18+08:00 ] ::1 /steel/index.php/Admin/Index/wufeng.html
INFO: [ app_init ] --START--
INFO: Run Behavior\BuildLiteBehavior [ RunTime:0.000017s ]
INFO: [ app_init ] --END-- [ RunTime:0.000607s ]
INFO: [ app_begin ] --START--
INFO: Run Behavior\ReadHtmlCacheBehavior [ RunTime:0.000850s ]
INFO: [ app_begin ] --END-- [ RunTime:0.000918s ]
SQL: SHOW COLUMNS FROM `article` [ RunTime:0.0053s ]
SQL: SHOW COLUMNS FROM `picture` [ RunTime:0.0568s ]
SQL: SHOW COLUMNS FROM `picture` [ RunTime:0.0038s ]
SQL: SELECT * FROM `picture` WHERE ( fenlei = 1 )  [ RunTime:0.0004s ]
SQL: SHOW COLUMNS FROM `article` [ RunTime:0.0063s ]
SQL: SELECT * FROM `article` WHERE ( classification = 3 )  [ RunTime:0.0005s ]
INFO: [ view_parse ] --START--
INFO: [ template_filter ] --START--
INFO: Run Behavior\ContentReplaceBehavior [ RunTime:0.000083s ]
INFO: [ template_filter ] --END-- [ RunTime:0.000145s ]
NOTIC: [8] Use of undefined constant title - assumed 'title' D:\phpStudy\PHPTutorial\WWW\steel\Application\Runtime\Cache\Admin\606d43f89daaef201cbfd7778fdc5784.php 第 41 行.
NOTIC: [8] Use of undefined constant content - assumed 'content' D:\phpStudy\PHPTutorial\WWW\steel\Application\Runtime\Cache\Admin\606d43f89daaef201cbfd7778fdc5784.php 第 44 行.
NOTIC: [8] Use of undefined constant id - assumed 'id' D:\phpStudy\PHPTutorial\WWW\steel\Application\Runtime\Cache\Admin\606d43f89daaef201cbfd7778fdc5784.php 第 86 行.
NOTIC: [8] Use of undefined constant id - assumed 'id' D:\phpStudy\PHPTutorial\WWW\steel\Application\Runtime\Cache\Admin\606d43f89daaef201cbfd7778fdc5784.php 第 86 行.
NOTIC: [8] Use of undefined constant id - assumed 'id' D:\phpStudy\PHPTutorial\WWW\steel\Application\Runtime\Cache\Admin\606d43f89daaef201cbfd7778fdc5784.php 第 145 行.
INFO: Run Behavior\ParseTemplateBehavior [ RunTime:0.042480s ]
INFO: [ view_parse ] --END-- [ RunTime:0.042537s ]
INFO: [ view_filter ] --START--
INFO: Run Behavior\WriteHtmlCacheBehavior [ RunTime:0.000661s ]
INFO: [ view_filter ] --END-- [ RunTime:0.000702s ]
INFO: [ app_end ] --START--
INFO: Run Behavior\ShowPageTraceBehavior [ RunTime:0.000908s ]
INFO: [ app_end ] --END-- [ RunTime:0.000953s ]

[ 2018-10-31T20:49:18+08:00 ] ::1 /steel/index.php/Admin/Index/save_info.html?action=config&&noCache=1540990158789
INFO: [ app_init ] --START--
INFO: Run Behavior\BuildLiteBehavior [ RunTime:0.000019s ]
INFO: [ app_init ] --END-- [ RunTime:0.000626s ]
INFO: [ app_begin ] --START--
INFO: Run Behavior\ReadHtmlCacheBehavior [ RunTime:0.001095s ]
INFO: [ app_begin ] --END-- [ RunTime:0.001201s ]
NOTIC: [2] file_get_contents(./Public/Ueditor/php/config.json): failed to open stream: No such file or directory D:\phpStudy\PHPTutorial\WWW\steel\Application\Admin\Controller\IndexController.class.php 第 307 行.
INFO: [ app_end ] --START--
INFO: Run Behavior\ShowPageTraceBehavior [ RunTime:0.001292s ]
INFO: [ app_end ] --END-- [ RunTime:0.001374s ]

[ 2018-10-31T20:49:19+08:00 ] ::1 /steel/index.php/Admin/Index/jingmi.html
INFO: [ app_init ] --START--
INFO: Run Behavior\BuildLiteBehavior [ RunTime:0.000015s ]
INFO: [ app_init ] --END-- [ RunTime:0.000580s ]
INFO: [ app_begin ] --START--
INFO: Run Behavior\ReadHtmlCacheBehavior [ RunTime:0.000893s ]
INFO: [ app_begin ] --END-- [ RunTime:0.000954s ]
SQL: SHOW COLUMNS FROM `article` [ RunTime:0.0050s ]
SQL: SHOW COLUMNS FROM `picture` [ RunTime:0.0039s ]
SQL: SHOW COLUMNS FROM `picture` [ RunTime:0.0214s ]
SQL: SELECT * FROM `picture` WHERE ( fenlei = 2 )  [ RunTime:0.0003s ]
SQL: SHOW COLUMNS FROM `article` [ RunTime:0.0036s ]
SQL: SELECT * FROM `article` WHERE ( classification = 4 )  [ RunTime:0.0003s ]
INFO: [ view_parse ] --START--
INFO: [ template_filter ] --START--
INFO: Run Behavior\ContentReplaceBehavior [ RunTime:0.000079s ]
INFO: [ template_filter ] --END-- [ RunTime:0.000134s ]
NOTIC: [8] Use of undefined constant title - assumed 'title' D:\phpStudy\PHPTutorial\WWW\steel\Application\Runtime\Cache\Admin\5da622cba1f67c18a92c7280617740d7.php 第 41 行.
NOTIC: [8] Use of undefined constant content - assumed 'content' D:\phpStudy\PHPTutorial\WWW\steel\Application\Runtime\Cache\Admin\5da622cba1f67c18a92c7280617740d7.php 第 44 行.
NOTIC: [8] Use of undefined constant id - assumed 'id' D:\phpStudy\PHPTutorial\WWW\steel\Application\Runtime\Cache\Admin\5da622cba1f67c18a92c7280617740d7.php 第 86 行.
NOTIC: [8] Use of undefined constant id - assumed 'id' D:\phpStudy\PHPTutorial\WWW\steel\Application\Runtime\Cache\Admin\5da622cba1f67c18a92c7280617740d7.php 第 145 行.
INFO: Run Behavior\ParseTemplateBehavior [ RunTime:0.100816s ]
INFO: [ view_parse ] --END-- [ RunTime:0.100873s ]
INFO: [ view_filter ] --START--
INFO: Run Behavior\WriteHtmlCacheBehavior [ RunTime:0.000556s ]
INFO: [ view_filter ] --END-- [ RunTime:0.000596s ]
INFO: [ app_end ] --START--
INFO: Run Behavior\ShowPageTraceBehavior [ RunTime:0.000935s ]
INFO: [ app_end ] --END-- [ RunTime:0.000986s ]

[ 2018-10-31T20:49:19+08:00 ] ::1 /steel/index.php/Admin/Index/save_info.html?action=config&&noCache=1540990159600
INFO: [ app_init ] --START--
INFO: Run Behavior\BuildLiteBehavior [ RunTime:0.000011s ]
INFO: [ app_init ] --END-- [ RunTime:0.000382s ]
INFO: [ app_begin ] --START--
INFO: Run Behavior\ReadHtmlCacheBehavior [ RunTime:0.000583s ]
INFO: [ app_begin ] --END-- [ RunTime:0.000622s ]
NOTIC: [2] file_get_contents(./Public/Ueditor/php/config.json): failed to open stream: No such file or directory D:\phpStudy\PHPTutorial\WWW\steel\Application\Admin\Controller\IndexController.class.php 第 307 行.
INFO: [ app_end ] --START--
INFO: Run Behavior\ShowPageTraceBehavior [ RunTime:0.000709s ]
INFO: [ app_end ] --END-- [ RunTime:0.000749s ]

[ 2018-10-31T20:49:21+08:00 ] ::1 /steel/index.php/Admin/Index/setup.html
INFO: [ app_init ] --START--
INFO: Run Behavior\BuildLiteBehavior [ RunTime:0.000026s ]
INFO: [ app_init ] --END-- [ RunTime:0.000954s ]
INFO: [ app_begin ] --START--
INFO: Run Behavior\ReadHtmlCacheBehavior [ RunTime:0.001129s ]
INFO: [ app_begin ] --END-- [ RunTime:0.001213s ]
SQL: SHOW COLUMNS FROM `information` [ RunTime:0.1216s ]
SQL: SHOW COLUMNS FROM `information` [ RunTime:0.0049s ]
SQL: SELECT * FROM `information` LIMIT 1   [ RunTime:0.0128s ]
INFO: [ view_parse ] --START--
INFO: [ template_filter ] --START--
INFO: Run Behavior\ContentReplaceBehavior [ RunTime:0.000071s ]
INFO: [ template_filter ] --END-- [ RunTime:0.000126s ]
INFO: Run Behavior\ParseTemplateBehavior [ RunTime:0.016514s ]
INFO: [ view_parse ] --END-- [ RunTime:0.016576s ]
INFO: [ view_filter ] --START--
INFO: Run Behavior\WriteHtmlCacheBehavior [ RunTime:0.000800s ]
INFO: [ view_filter ] --END-- [ RunTime:0.000861s ]
INFO: [ app_end ] --START--
INFO: Run Behavior\ShowPageTraceBehavior [ RunTime:0.001797s ]
INFO: [ app_end ] --END-- [ RunTime:0.002230s ]

[ 2018-10-31T20:49:27+08:00 ] ::1 /steel/index.php/Admin/Index/jianjie.html
INFO: [ app_init ] --START--
INFO: Run Behavior\BuildLiteBehavior [ RunTime:0.000020s ]
INFO: [ app_init ] --END-- [ RunTime:0.000655s ]
INFO: [ app_begin ] --START--
INFO: Run Behavior\ReadHtmlCacheBehavior [ RunTime:0.001313s ]
INFO: [ app_begin ] --END-- [ RunTime:0.001417s ]
SQL: SHOW COLUMNS FROM `article` [ RunTime:0.0043s ]
SQL: SHOW COLUMNS FROM `article` [ RunTime:0.0036s ]
SQL: SELECT * FROM `article` WHERE ( classification = 1 )  [ RunTime:0.0003s ]
INFO: [ view_parse ] --START--
INFO: [ template_filter ] --START--
INFO: Run Behavior\ContentReplaceBehavior [ RunTime:0.000051s ]
INFO: [ template_filter ] --END-- [ RunTime:0.000091s ]
NOTIC: [8] Use of undefined constant title - assumed 'title' D:\phpStudy\PHPTutorial\WWW\steel\Application\Runtime\Cache\Admin\8e83be7aa4a6754c946aeebcad56e06b.php 第 41 行.
NOTIC: [8] Use of undefined constant content - assumed 'content' D:\phpStudy\PHPTutorial\WWW\steel\Application\Runtime\Cache\Admin\8e83be7aa4a6754c946aeebcad56e06b.php 第 44 行.
NOTIC: [8] Use of undefined constant id - assumed 'id' D:\phpStudy\PHPTutorial\WWW\steel\Application\Runtime\Cache\Admin\8e83be7aa4a6754c946aeebcad56e06b.php 第 76 行.
INFO: Run Behavior\ParseTemplateBehavior [ RunTime:0.007634s ]
INFO: [ view_parse ] --END-- [ RunTime:0.007737s ]
INFO: [ view_filter ] --START--
INFO: Run Behavior\WriteHtmlCacheBehavior [ RunTime:0.001747s ]
INFO: [ view_filter ] --END-- [ RunTime:0.001847s ]
INFO: [ app_end ] --START--
INFO: Run Behavior\ShowPageTraceBehavior [ RunTime:0.000867s ]
INFO: [ app_end ] --END-- [ RunTime:0.000909s ]

[ 2018-10-31T20:49:27+08:00 ] ::1 /steel/index.php/Admin/Index/save_info.html?action=config&&noCache=1540990167812
INFO: [ app_init ] --START--
INFO: Run Behavior\BuildLiteBehavior [ RunTime:0.000013s ]
INFO: [ app_init ] --END-- [ RunTime:0.000476s ]
INFO: [ app_begin ] --START--
INFO: Run Behavior\ReadHtmlCacheBehavior [ RunTime:0.000765s ]
INFO: [ app_begin ] --END-- [ RunTime:0.000820s ]
NOTIC: [2] file_get_contents(./Public/Ueditor/php/config.json): failed to open stream: No such file or directory D:\phpStudy\PHPTutorial\WWW\steel\Application\Admin\Controller\IndexController.class.php 第 307 行.
INFO: [ app_end ] --START--
INFO: Run Behavior\ShowPageTraceBehavior [ RunTime:0.001048s ]
INFO: [ app_end ] --END-- [ RunTime:0.001336s ]

[ 2018-10-31T20:49:28+08:00 ] ::1 /steel/index.php/Admin/Index/speech.html
INFO: [ app_init ] --START--
INFO: Run Behavior\BuildLiteBehavior [ RunTime:0.000012s ]
INFO: [ app_init ] --END-- [ RunTime:0.000505s ]
INFO: [ app_begin ] --START--
INFO: Run Behavior\ReadHtmlCacheBehavior [ RunTime:0.000696s ]
INFO: [ app_begin ] --END-- [ RunTime:0.000746s ]
SQL: SHOW COLUMNS FROM `article` [ RunTime:0.0041s ]
SQL: SHOW COLUMNS FROM `article` [ RunTime:0.0039s ]
SQL: SELECT * FROM `article` WHERE ( classification = 2 )  [ RunTime:0.0003s ]
INFO: [ view_parse ] --START--
INFO: [ template_filter ] --START--
INFO: Run Behavior\ContentReplaceBehavior [ RunTime:0.000047s ]
INFO: [ template_filter ] --END-- [ RunTime:0.000085s ]
NOTIC: [8] Use of undefined constant title - assumed 'title' D:\phpStudy\PHPTutorial\WWW\steel\Application\Runtime\Cache\Admin\4ac0e7cc6b4b9f0ca8b9bcff19775989.php 第 41 行.
NOTIC: [8] Use of undefined constant content - assumed 'content' D:\phpStudy\PHPTutorial\WWW\steel\Application\Runtime\Cache\Admin\4ac0e7cc6b4b9f0ca8b9bcff19775989.php 第 44 行.
NOTIC: [8] Use of undefined constant id - assumed 'id' D:\phpStudy\PHPTutorial\WWW\steel\Application\Runtime\Cache\Admin\4ac0e7cc6b4b9f0ca8b9bcff19775989.php 第 76 行.
INFO: Run Behavior\ParseTemplateBehavior [ RunTime:0.016473s ]
INFO: [ view_parse ] --END-- [ RunTime:0.016517s ]
INFO: [ view_filter ] --START--
INFO: Run Behavior\WriteHtmlCacheBehavior [ RunTime:0.000508s ]
INFO: [ view_filter ] --END-- [ RunTime:0.000537s ]
INFO: [ app_end ] --START--
INFO: Run Behavior\ShowPageTraceBehavior [ RunTime:0.000730s ]
INFO: [ app_end ] --END-- [ RunTime:0.000760s ]

[ 2018-10-31T20:49:28+08:00 ] ::1 /steel/index.php/Admin/Index/save_info.html?action=config&&noCache=1540990168743
INFO: [ app_init ] --START--
INFO: Run Behavior\BuildLiteBehavior [ RunTime:0.000047s ]
INFO: [ app_init ] --END-- [ RunTime:0.000722s ]
INFO: [ app_begin ] --START--
INFO: Run Behavior\ReadHtmlCacheBehavior [ RunTime:0.001133s ]
INFO: [ app_begin ] --END-- [ RunTime:0.001242s ]
NOTIC: [2] file_get_contents(./Public/Ueditor/php/config.json): failed to open stream: No such file or directory D:\phpStudy\PHPTutorial\WWW\steel\Application\Admin\Controller\IndexController.class.php 第 307 行.
INFO: [ app_end ] --START--
INFO: Run Behavior\ShowPageTraceBehavior [ RunTime:0.001271s ]
INFO: [ app_end ] --END-- [ RunTime:0.001357s ]

[ 2018-10-31T20:49:32+08:00 ] ::1 /steel/index.php/Admin/Index/addNews.html
INFO: [ app_init ] --START--
INFO: Run Behavior\BuildLiteBehavior [ RunTime:0.000015s ]
INFO: [ app_init ] --END-- [ RunTime:0.001635s ]
INFO: [ app_begin ] --START--
INFO: Run Behavior\ReadHtmlCacheBehavior [ RunTime:0.000648s ]
INFO: [ app_begin ] --END-- [ RunTime:0.000690s ]
INFO: [ view_parse ] --START--
INFO: [ template_filter ] --START--
INFO: Run Behavior\ContentReplaceBehavior [ RunTime:0.000059s ]
INFO: [ template_filter ] --END-- [ RunTime:0.000124s ]
INFO: Run Behavior\ParseTemplateBehavior [ RunTime:0.019266s ]
INFO: [ view_parse ] --END-- [ RunTime:0.019327s ]
INFO: [ view_filter ] --START--
INFO: Run Behavior\WriteHtmlCacheBehavior [ RunTime:0.000495s ]
INFO: [ view_filter ] --END-- [ RunTime:0.000527s ]
INFO: [ app_end ] --START--
INFO: Run Behavior\ShowPageTraceBehavior [ RunTime:0.000758s ]
INFO: [ app_end ] --END-- [ RunTime:0.000796s ]

[ 2018-10-31T20:49:39+08:00 ] ::1 /steel/index.php/Admin/Index/newslist.html
INFO: [ app_init ] --START--
INFO: Run Behavior\BuildLiteBehavior [ RunTime:0.000015s ]
INFO: [ app_init ] --END-- [ RunTime:0.000626s ]
INFO: [ app_begin ] --START--
INFO: Run Behavior\ReadHtmlCacheBehavior [ RunTime:0.000772s ]
INFO: [ app_begin ] --END-- [ RunTime:0.000828s ]
SQL: SHOW COLUMNS FROM `article` [ RunTime:0.0103s ]
SQL: SHOW COLUMNS FROM `article` [ RunTime:0.0038s ]
SQL: SELECT * FROM `article` WHERE ( classification = 6 || classification = 7 )  [ RunTime:0.0005s ]
INFO: [ view_parse ] --START--
INFO: [ template_filter ] --START--
INFO: Run Behavior\ContentReplaceBehavior [ RunTime:0.000041s ]
INFO: [ template_filter ] --END-- [ RunTime:0.000078s ]
NOTIC: [8] Use of undefined constant id - assumed 'id' D:\phpStudy\PHPTutorial\WWW\steel\Application\Runtime\Cache\Admin\c72f4ae3a3b9df57b6af1d5e37015864.php 第 62 行.
NOTIC: [8] Use of undefined constant id - assumed 'id' D:\phpStudy\PHPTutorial\WWW\steel\Application\Runtime\Cache\Admin\c72f4ae3a3b9df57b6af1d5e37015864.php 第 62 行.
NOTIC: [8] Use of undefined constant id - assumed 'id' D:\phpStudy\PHPTutorial\WWW\steel\Application\Runtime\Cache\Admin\c72f4ae3a3b9df57b6af1d5e37015864.php 第 62 行.
NOTIC: [8] Use of undefined constant id - assumed 'id' D:\phpStudy\PHPTutorial\WWW\steel\Application\Runtime\Cache\Admin\c72f4ae3a3b9df57b6af1d5e37015864.php 第 62 行.
NOTIC: [8] Use of undefined constant id - assumed 'id' D:\phpStudy\PHPTutorial\WWW\steel\Application\Runtime\Cache\Admin\c72f4ae3a3b9df57b6af1d5e37015864.php 第 62 行.
NOTIC: [8] Use of undefined constant id - assumed 'id' D:\phpStudy\PHPTutorial\WWW\steel\Application\Runtime\Cache\Admin\c72f4ae3a3b9df57b6af1d5e37015864.php 第 62 行.
NOTIC: [8] Use of undefined constant id - assumed 'id' D:\phpStudy\PHPTutorial\WWW\steel\Application\Runtime\Cache\Admin\c72f4ae3a3b9df57b6af1d5e37015864.php 第 62 行.
NOTIC: [8] Use of undefined constant id - assumed 'id' D:\phpStudy\PHPTutorial\WWW\steel\Application\Runtime\Cache\Admin\c72f4ae3a3b9df57b6af1d5e37015864.php 第 62 行.
NOTIC: [8] Use of undefined constant id - assumed 'id' D:\phpStudy\PHPTutorial\WWW\steel\Application\Runtime\Cache\Admin\c72f4ae3a3b9df57b6af1d5e37015864.php 第 62 行.
NOTIC: [8] Use of undefined constant id - assumed 'id' D:\phpStudy\PHPTutorial\WWW\steel\Application\Runtime\Cache\Admin\c72f4ae3a3b9df57b6af1d5e37015864.php 第 62 行.
NOTIC: [8] Use of undefined constant id - assumed 'id' D:\phpStudy\PHPTutorial\WWW\steel\Application\Runtime\Cache\Admin\c72f4ae3a3b9df57b6af1d5e37015864.php 第 62 行.
NOTIC: [8] Use of undefined constant id - assumed 'id' D:\phpStudy\PHPTutorial\WWW\steel\Application\Runtime\Cache\Admin\c72f4ae3a3b9df57b6af1d5e37015864.php 第 62 行.
NOTIC: [8] Use of undefined constant id - assumed 'id' D:\phpStudy\PHPTutorial\WWW\steel\Application\Runtime\Cache\Admin\c72f4ae3a3b9df57b6af1d5e37015864.php 第 62 行.
NOTIC: [8] Use of undefined constant id - assumed 'id' D:\phpStudy\PHPTutorial\WWW\steel\Application\Runtime\Cache\Admin\c72f4ae3a3b9df57b6af1d5e37015864.php 第 62 行.
NOTIC: [8] Use of undefined constant id - assumed 'id' D:\phpStudy\PHPTutorial\WWW\steel\Application\Runtime\Cache\Admin\c72f4ae3a3b9df57b6af1d5e37015864.php 第 62 行.
NOTIC: [8] Use of undefined constant id - assumed 'id' D:\phpStudy\PHPTutorial\WWW\steel\Application\Runtime\Cache\Admin\c72f4ae3a3b9df57b6af1d5e37015864.php 第 62 行.
NOTIC: [8] Use of undefined constant id - assumed 'id' D:\phpStudy\PHPTutorial\WWW\steel\Application\Runtime\Cache\Admin\c72f4ae3a3b9df57b6af1d5e37015864.php 第 62 行.
NOTIC: [8] Use of undefined constant id - assumed 'id' D:\phpStudy\PHPTutorial\WWW\steel\Application\Runtime\Cache\Admin\c72f4ae3a3b9df57b6af1d5e37015864.php 第 62 行.
NOTIC: [8] Use of undefined constant id - assumed 'id' D:\phpStudy\PHPTutorial\WWW\steel\Application\Runtime\Cache\Admin\c72f4ae3a3b9df57b6af1d5e37015864.php 第 62 行.
NOTIC: [8] Use of undefined constant id - assumed 'id' D:\phpStudy\PHPTutorial\WWW\steel\Application\Runtime\Cache\Admin\c72f4ae3a3b9df57b6af1d5e37015864.php 第 62 行.
NOTIC: [8] Use of undefined constant id - assumed 'id' D:\phpStudy\PHPTutorial\WWW\steel\Application\Runtime\Cache\Admin\c72f4ae3a3b9df57b6af1d5e37015864.php 第 62 行.
NOTIC: [8] Use of undefined constant id - assumed 'id' D:\phpStudy\PHPTutorial\WWW\steel\Application\Runtime\Cache\Admin\c72f4ae3a3b9df57b6af1d5e37015864.php 第 62 行.
NOTIC: [8] Use of undefined constant id - assumed 'id' D:\phpStudy\PHPTutorial\WWW\steel\Application\Runtime\Cache\Admin\c72f4ae3a3b9df57b6af1d5e37015864.php 第 62 行.
NOTIC: [8] Use of undefined constant id - assumed 'id' D:\phpStudy\PHPTutorial\WWW\steel\Application\Runtime\Cache\Admin\c72f4ae3a3b9df57b6af1d5e37015864.php 第 62 行.
NOTIC: [8] Use of undefined constant id - assumed 'id' D:\phpStudy\PHPTutorial\WWW\steel\Application\Runtime\Cache\Admin\c72f4ae3a3b9df57b6af1d5e37015864.php 第 62 行.
NOTIC: [8] Use of undefined constant id - assumed 'id' D:\phpStudy\PHPTutorial\WWW\steel\Application\Runtime\Cache\Admin\c72f4ae3a3b9df57b6af1d5e37015864.php 第 62 行.
NOTIC: [8] Use of undefined constant id - assumed 'id' D:\phpStudy\PHPTutorial\WWW\steel\Application\Runtime\Cache\Admin\c72f4ae3a3b9df57b6af1d5e37015864.php 第 62 行.
NOTIC: [8] Use of undefined constant id - assumed 'id' D:\phpStudy\PHPTutorial\WWW\steel\Application\Runtime\Cache\Admin\c72f4ae3a3b9df57b6af1d5e37015864.php 第 62 行.
NOTIC: [8] Use of undefined constant id - assumed 'id' D:\phpStudy\PHPTutorial\WWW\steel\Application\Runtime\Cache\Admin\c72f4ae3a3b9df57b6af1d5e37015864.php 第 62 行.
NOTIC: [8] Use of undefined constant id - assumed 'id' D:\phpStudy\PHPTutorial\WWW\steel\Application\Runtime\Cache\Admin\c72f4ae3a3b9df57b6af1d5e37015864.php 第 62 行.
NOTIC: [8] Use of undefined constant id - assumed 'id' D:\phpStudy\PHPTutorial\WWW\steel\Application\Runtime\Cache\Admin\c72f4ae3a3b9df57b6af1d5e37015864.php 第 62 行.
NOTIC: [8] Use of undefined constant id - assumed 'id' D:\phpStudy\PHPTutorial\WWW\steel\Application\Runtime\Cache\Admin\c72f4ae3a3b9df57b6af1d5e37015864.php 第 62 行.
NOTIC: [8] Use of undefined constant id - assumed 'id' D:\phpStudy\PHPTutorial\WWW\steel\Application\Runtime\Cache\Admin\c72f4ae3a3b9df57b6af1d5e37015864.php 第 62 行.
NOTIC: [8] Use of undefined constant id - assumed 'id' D:\phpStudy\PHPTutorial\WWW\steel\Application\Runtime\Cache\Admin\c72f4ae3a3b9df57b6af1d5e37015864.php 第 62 行.
NOTIC: [8] Use of undefined constant id - assumed 'id' D:\phpStudy\PHPTutorial\WWW\steel\Application\Runtime\Cache\Admin\c72f4ae3a3b9df57b6af1d5e37015864.php 第 62 行.
NOTIC: [8] Use of undefined constant id - assumed 'id' D:\phpStudy\PHPTutorial\WWW\steel\Application\Runtime\Cache\Admin\c72f4ae3a3b9df57b6af1d5e37015864.php 第 62 行.
NOTIC: [8] Use of undefined constant id - assumed 'id' D:\phpStudy\PHPTutorial\WWW\steel\Application\Runtime\Cache\Admin\c72f4ae3a3b9df57b6af1d5e37015864.php 第 62 行.
NOTIC: [8] Use of undefined constant id - assumed 'id' D:\phpStudy\PHPTutorial\WWW\steel\Application\Runtime\Cache\Admin\c72f4ae3a3b9df57b6af1d5e37015864.php 第 62 行.
NOTIC: [8] Use of undefined constant id - assumed 'id' D:\phpStudy\PHPTutorial\WWW\steel\Application\Runtime\Cache\Admin\c72f4ae3a3b9df57b6af1d5e37015864.php 第 62 行.
NOTIC: [8] Use of undefined constant id - assumed 'id' D:\phpStudy\PHPTutorial\WWW\steel\Application\Runtime\Cache\Admin\c72f4ae3a3b9df57b6af1d5e37015864.php 第 62 行.
NOTIC: [8] Use of undefined constant id - assumed 'id' D:\phpStudy\PHPTutorial\WWW\steel\Application\Runtime\Cache\Admin\c72f4ae3a3b9df57b6af1d5e37015864.php 第 62 行.
NOTIC: [8] Use of undefined constant id - assumed 'id' D:\phpStudy\PHPTutorial\WWW\steel\Application\Runtime\Cache\Admin\c72f4ae3a3b9df57b6af1d5e37015864.php 第 62 行.
NOTIC: [8] Use of undefined constant id - assumed 'id' D:\phpStudy\PHPTutorial\WWW\steel\Application\Runtime\Cache\Admin\c72f4ae3a3b9df57b6af1d5e37015864.php 第 62 行.
NOTIC: [8] Use of undefined constant id - assumed 'id' D:\phpStudy\PHPTutorial\WWW\steel\Application\Runtime\Cache\Admin\c72f4ae3a3b9df57b6af1d5e37015864.php 第 62 行.
NOTIC: [8] Use of undefined constant id - assumed 'id' D:\phpStudy\PHPTutorial\WWW\steel\Application\Runtime\Cache\Admin\c72f4ae3a3b9df57b6af1d5e37015864.php 第 62 行.
NOTIC: [8] Use of undefined constant id - assumed 'id' D:\phpStudy\PHPTutorial\WWW\steel\Application\Runtime\Cache\Admin\c72f4ae3a3b9df57b6af1d5e37015864.php 第 62 行.
NOTIC: [8] Use of undefined constant id - assumed 'id' D:\phpStudy\PHPTutorial\WWW\steel\Application\Runtime\Cache\Admin\c72f4ae3a3b9df57b6af1d5e37015864.php 第 62 行.
NOTIC: [8] Use of undefined constant id - assumed 'id' D:\phpStudy\PHPTutorial\WWW\steel\Application\Runtime\Cache\Admin\c72f4ae3a3b9df57b6af1d5e37015864.php 第 62 行.
NOTIC: [8] Use of undefined constant id - assumed 'id' D:\phpStudy\PHPTutorial\WWW\steel\Application\Runtime\Cache\Admin\c72f4ae3a3b9df57b6af1d5e37015864.php 第 62 行.
NOTIC: [8] Use of undefined constant id - assumed 'id' D:\phpStudy\PHPTutorial\WWW\steel\Application\Runtime\Cache\Admin\c72f4ae3a3b9df57b6af1d5e37015864.php 第 62 行.
NOTIC: [8] Use of undefined constant id - assumed 'id' D:\phpStudy\PHPTutorial\WWW\steel\Application\Runtime\Cache\Admin\c72f4ae3a3b9df57b6af1d5e37015864.php 第 62 行.
NOTIC: [8] Use of undefined constant id - assumed 'id' D:\phpStudy\PHPTutorial\WWW\steel\Application\Runtime\Cache\Admin\c72f4ae3a3b9df57b6af1d5e37015864.php 第 62 行.
NOTIC: [8] Use of undefined constant id - assumed 'id' D:\phpStudy\PHPTutorial\WWW\steel\Application\Runtime\Cache\Admin\c72f4ae3a3b9df57b6af1d5e37015864.php 第 62 行.
NOTIC: [8] Use of undefined constant id - assumed 'id' D:\phpStudy\PHPTutorial\WWW\steel\Application\Runtime\Cache\Admin\c72f4ae3a3b9df57b6af1d5e37015864.php 第 62 行.
NOTIC: [8] Use of undefined constant id - assumed 'id' D:\phpStudy\PHPTutorial\WWW\steel\Application\Runtime\Cache\Admin\c72f4ae3a3b9df57b6af1d5e37015864.php 第 62 行.
NOTIC: [8] Use of undefined constant id - assumed 'id' D:\phpStudy\PHPTutorial\WWW\steel\Application\Runtime\Cache\Admin\c72f4ae3a3b9df57b6af1d5e37015864.php 第 62 行.
NOTIC: [8] Use of undefined constant id - assumed 'id' D:\phpStudy\PHPTutorial\WWW\steel\Application\Runtime\Cache\Admin\c72f4ae3a3b9df57b6af1d5e37015864.php 第 62 行.
NOTIC: [8] Use of undefined constant id - assumed 'id' D:\phpStudy\PHPTutorial\WWW\steel\Application\Runtime\Cache\Admin\c72f4ae3a3b9df57b6af1d5e37015864.php 第 62 行.
NOTIC: [8] Use of undefined constant id - assumed 'id' D:\phpStudy\PHPTutorial\WWW\steel\Application\Runtime\Cache\Admin\c72f4ae3a3b9df57b6af1d5e37015864.php 第 62 行.
NOTIC: [8] Use of undefined constant id - assumed 'id' D:\phpStudy\PHPTutorial\WWW\steel\Application\Runtime\Cache\Admin\c72f4ae3a3b9df57b6af1d5e37015864.php 第 62 行.
NOTIC: [8] Use of undefined constant id - assumed 'id' D:\phpStudy\PHPTutorial\WWW\steel\Application\Runtime\Cache\Admin\c72f4ae3a3b9df57b6af1d5e37015864.php 第 62 行.
NOTIC: [8] Use of undefined constant id - assumed 'id' D:\phpStudy\PHPTutorial\WWW\steel\Application\Runtime\Cache\Admin\c72f4ae3a3b9df57b6af1d5e37015864.php 第 62 行.
NOTIC: [8] Use of undefined constant id - assumed 'id' D:\phpStudy\PHPTutorial\WWW\steel\Application\Runtime\Cache\Admin\c72f4ae3a3b9df57b6af1d5e37015864.php 第 62 行.
NOTIC: [8] Use of undefined constant id - assumed 'id' D:\phpStudy\PHPTutorial\WWW\steel\Application\Runtime\Cache\Admin\c72f4ae3a3b9df57b6af1d5e37015864.php 第 62 行.
NOTIC: [8] Use of undefined constant id - assumed 'id' D:\phpStudy\PHPTutorial\WWW\steel\Application\Runtime\Cache\Admin\c72f4ae3a3b9df57b6af1d5e37015864.php 第 62 行.
NOTIC: [8] Use of undefined constant id - assumed 'id' D:\phpStudy\PHPTutorial\WWW\steel\Application\Runtime\Cache\Admin\c72f4ae3a3b9df57b6af1d5e37015864.php 第 62 行.
NOTIC: [8] Use of undefined constant id - assumed 'id' D:\phpStudy\PHPTutorial\WWW\steel\Application\Runtime\Cache\Admin\c72f4ae3a3b9df57b6af1d5e37015864.php 第 62 行.
NOTIC: [8] Use of undefined constant id - assumed 'id' D:\phpStudy\PHPTutorial\WWW\steel\Application\Runtime\Cache\Admin\c72f4ae3a3b9df57b6af1d5e37015864.php 第 62 行.
NOTIC: [8] Use of undefined constant id - assumed 'id' D:\phpStudy\PHPTutorial\WWW\steel\Application\Runtime\Cache\Admin\c72f4ae3a3b9df57b6af1d5e37015864.php 第 62 行.
NOTIC: [8] Use of undefined constant id - assumed 'id' D:\phpStudy\PHPTutorial\WWW\steel\Application\Runtime\Cache\Admin\c72f4ae3a3b9df57b6af1d5e37015864.php 第 62 行.
INFO: Run Behavior\ParseTemplateBehavior [ RunTime:0.109469s ]
INFO: [ view_parse ] --END-- [ RunTime:0.109522s ]
INFO: [ view_filter ] --START--
INFO: Run Behavior\WriteHtmlCacheBehavior [ RunTime:0.000540s ]
INFO: [ view_filter ] --END-- [ RunTime:0.000575s ]
INFO: [ app_end ] --START--
INFO: Run Behavior\ShowPageTraceBehavior [ RunTime:0.001000s ]
INFO: [ app_end ] --END-- [ RunTime:0.001064s ]

[ 2018-10-31T20:49:47+08:00 ] ::1 /steel/index.php/Admin/Index/exitNews/id/6.html
INFO: [ app_init ] --START--
INFO: Run Behavior\BuildLiteBehavior [ RunTime:0.000011s ]
INFO: [ app_init ] --END-- [ RunTime:0.000457s ]
INFO: [ app_begin ] --START--
INFO: Run Behavior\ReadHtmlCacheBehavior [ RunTime:0.000912s ]
INFO: [ app_begin ] --END-- [ RunTime:0.000974s ]
SQL: SHOW COLUMNS FROM `article` [ RunTime:0.0057s ]
NOTIC: [8] Use of undefined constant id - assumed 'id' D:\phpStudy\PHPTutorial\WWW\steel\Application\Admin\Controller\IndexController.class.php 第 219 行.
SQL: SHOW COLUMNS FROM `article` [ RunTime:0.0069s ]
SQL: SELECT * FROM `article` WHERE ( id = 6 ) LIMIT 1   [ RunTime:0.0005s ]
INFO: [ view_parse ] --START--
INFO: [ template_filter ] --START--
INFO: Run Behavior\ContentReplaceBehavior [ RunTime:0.000078s ]
INFO: [ template_filter ] --END-- [ RunTime:0.000129s ]
INFO: Run Behavior\ParseTemplateBehavior [ RunTime:0.124642s ]
INFO: [ view_parse ] --END-- [ RunTime:0.124709s ]
INFO: [ view_filter ] --START--
INFO: Run Behavior\WriteHtmlCacheBehavior [ RunTime:0.000451s ]
INFO: [ view_filter ] --END-- [ RunTime:0.000485s ]
INFO: [ app_end ] --START--
INFO: Run Behavior\ShowPageTraceBehavior [ RunTime:0.000580s ]
INFO: [ app_end ] --END-- [ RunTime:0.000611s ]

