[ 2018-12-12T19:31:16+08:00 ] ::1 /steel/admin
INFO: [ app_init ] --START--
INFO: Run Behavior\BuildLiteBehavior [ RunTime:0.000013s ]
INFO: [ app_init ] --END-- [ RunTime:0.000479s ]
INFO: [ app_begin ] --START--
INFO: Run Behavior\ReadHtmlCacheBehavior [ RunTime:0.000717s ]
INFO: [ app_begin ] --END-- [ RunTime:0.000767s ]
INFO: [ view_parse ] --START--
INFO: [ template_filter ] --START--
INFO: Run Behavior\ContentReplaceBehavior [ RunTime:0.000042s ]
INFO: [ template_filter ] --END-- [ RunTime:0.000106s ]
INFO: Run Behavior\ParseTemplateBehavior [ RunTime:0.010842s ]
INFO: [ view_parse ] --END-- [ RunTime:0.010971s ]
INFO: [ view_filter ] --START--
INFO: Run Behavior\WriteHtmlCacheBehavior [ RunTime:0.000762s ]
INFO: [ view_filter ] --END-- [ RunTime:0.000824s ]

[ 2018-12-12T19:32:42+08:00 ] ::1 /steel/index.php/Admin/Index/index.html
INFO: [ app_init ] --START--
INFO: Run Behavior\BuildLiteBehavior [ RunTime:0.000013s ]
INFO: [ app_init ] --END-- [ RunTime:0.000468s ]
INFO: [ app_begin ] --START--
INFO: Run Behavior\ReadHtmlCacheBehavior [ RunTime:0.000649s ]
INFO: [ app_begin ] --END-- [ RunTime:0.000689s ]
INFO: [ view_parse ] --START--
INFO: [ template_filter ] --START--
INFO: Run Behavior\ContentReplaceBehavior [ RunTime:0.000092s ]
INFO: [ template_filter ] --END-- [ RunTime:0.000137s ]
INFO: Run Behavior\ParseTemplateBehavior [ RunTime:0.009431s ]
INFO: [ view_parse ] --END-- [ RunTime:0.009473s ]
INFO: [ view_filter ] --START--
INFO: Run Behavior\WriteHtmlCacheBehavior [ RunTime:0.000598s ]
INFO: [ view_filter ] --END-- [ RunTime:0.000627s ]
INFO: [ app_end ] --START--
INFO: Run Behavior\ShowPageTraceBehavior [ RunTime:0.000982s ]
INFO: [ app_end ] --END-- [ RunTime:0.001045s ]

[ 2018-12-12T19:32:45+08:00 ] ::1 /steel/index.php/Admin/Index/addNews.html
INFO: [ app_init ] --START--
INFO: Run Behavior\BuildLiteBehavior [ RunTime:0.000012s ]
INFO: [ app_init ] --END-- [ RunTime:0.000490s ]
INFO: [ app_begin ] --START--
INFO: Run Behavior\ReadHtmlCacheBehavior [ RunTime:0.000683s ]
INFO: [ app_begin ] --END-- [ RunTime:0.000731s ]
INFO: [ view_parse ] --START--
INFO: [ template_filter ] --START--
INFO: Run Behavior\ContentReplaceBehavior [ RunTime:0.000063s ]
INFO: [ template_filter ] --END-- [ RunTime:0.000104s ]
INFO: Run Behavior\ParseTemplateBehavior [ RunTime:0.006703s ]
INFO: [ view_parse ] --END-- [ RunTime:0.006748s ]
INFO: [ view_filter ] --START--
INFO: Run Behavior\WriteHtmlCacheBehavior [ RunTime:0.000542s ]
INFO: [ view_filter ] --END-- [ RunTime:0.000574s ]
INFO: [ app_end ] --START--
INFO: Run Behavior\ShowPageTraceBehavior [ RunTime:0.000779s ]
INFO: [ app_end ] --END-- [ RunTime:0.000811s ]

[ 2018-12-12T19:32:46+08:00 ] ::1 /steel/index.php/Admin/Index/newslist.html
INFO: [ app_init ] --START--
INFO: Run Behavior\BuildLiteBehavior [ RunTime:0.000013s ]
INFO: [ app_init ] --END-- [ RunTime:0.000505s ]
INFO: [ app_begin ] --START--
INFO: Run Behavior\ReadHtmlCacheBehavior [ RunTime:0.000726s ]
INFO: [ app_begin ] --END-- [ RunTime:0.000771s ]
SQL: SHOW COLUMNS FROM `article` [ RunTime:0.0053s ]
SQL: SHOW COLUMNS FROM `article` [ RunTime:0.0063s ]
SQL: SELECT * FROM `article` WHERE ( classification = 6 || classification = 7 )  [ RunTime:0.0004s ]
INFO: [ view_parse ] --START--
INFO: [ template_filter ] --START--
INFO: Run Behavior\ContentReplaceBehavior [ RunTime:0.000045s ]
INFO: [ template_filter ] --END-- [ RunTime:0.000089s ]
INFO: Run Behavior\ParseTemplateBehavior [ RunTime:0.008096s ]
INFO: [ view_parse ] --END-- [ RunTime:0.008143s ]
INFO: [ view_filter ] --START--
INFO: Run Behavior\WriteHtmlCacheBehavior [ RunTime:0.000513s ]
INFO: [ view_filter ] --END-- [ RunTime:0.000546s ]
INFO: [ app_end ] --START--
INFO: Run Behavior\ShowPageTraceBehavior [ RunTime:0.000721s ]
INFO: [ app_end ] --END-- [ RunTime:0.000753s ]

[ 2018-12-12T19:32:47+08:00 ] ::1 /steel/index.php/Admin/Index/addNews.html
INFO: [ app_init ] --START--
INFO: Run Behavior\BuildLiteBehavior [ RunTime:0.000011s ]
INFO: [ app_init ] --END-- [ RunTime:0.000455s ]
INFO: [ app_begin ] --START--
INFO: Run Behavior\ReadHtmlCacheBehavior [ RunTime:0.000659s ]
INFO: [ app_begin ] --END-- [ RunTime:0.000709s ]
INFO: [ view_parse ] --START--
INFO: [ template_filter ] --START--
INFO: Run Behavior\ContentReplaceBehavior [ RunTime:0.000052s ]
INFO: [ template_filter ] --END-- [ RunTime:0.000093s ]
INFO: Run Behavior\ParseTemplateBehavior [ RunTime:0.006358s ]
INFO: [ view_parse ] --END-- [ RunTime:0.006399s ]
INFO: [ view_filter ] --START--
INFO: Run Behavior\WriteHtmlCacheBehavior [ RunTime:0.000471s ]
INFO: [ view_filter ] --END-- [ RunTime:0.000500s ]
INFO: [ app_end ] --START--
INFO: Run Behavior\ShowPageTraceBehavior [ RunTime:0.000653s ]
INFO: [ app_end ] --END-- [ RunTime:0.000683s ]

[ 2018-12-12T19:32:49+08:00 ] ::1 /steel/index.php/Admin/Index/addNews.html
INFO: [ app_init ] --START--
INFO: Run Behavior\BuildLiteBehavior [ RunTime:0.000017s ]
INFO: [ app_init ] --END-- [ RunTime:0.000747s ]
INFO: [ app_begin ] --START--
INFO: Run Behavior\ReadHtmlCacheBehavior [ RunTime:0.001174s ]
INFO: [ app_begin ] --END-- [ RunTime:0.001266s ]
INFO: [ view_parse ] --START--
INFO: [ template_filter ] --START--
INFO: Run Behavior\ContentReplaceBehavior [ RunTime:0.000082s ]
INFO: [ template_filter ] --END-- [ RunTime:0.000142s ]
INFO: Run Behavior\ParseTemplateBehavior [ RunTime:0.008788s ]
INFO: [ view_parse ] --END-- [ RunTime:0.008849s ]
INFO: [ view_filter ] --START--
INFO: Run Behavior\WriteHtmlCacheBehavior [ RunTime:0.000638s ]
INFO: [ view_filter ] --END-- [ RunTime:0.000691s ]
INFO: [ app_end ] --START--
INFO: Run Behavior\ShowPageTraceBehavior [ RunTime:0.001173s ]
INFO: [ app_end ] --END-- [ RunTime:0.001242s ]

[ 2018-12-12T19:33:33+08:00 ] ::1 /steel/index.php/Admin/Index/index.html
INFO: [ app_init ] --START--
INFO: Run Behavior\BuildLiteBehavior [ RunTime:0.000012s ]
INFO: [ app_init ] --END-- [ RunTime:0.000455s ]
INFO: [ app_begin ] --START--
INFO: Run Behavior\ReadHtmlCacheBehavior [ RunTime:0.000653s ]
INFO: [ app_begin ] --END-- [ RunTime:0.000695s ]
INFO: [ view_parse ] --START--
INFO: [ template_filter ] --START--
INFO: Run Behavior\ContentReplaceBehavior [ RunTime:0.000204s ]
INFO: [ template_filter ] --END-- [ RunTime:0.000417s ]
INFO: Run Behavior\ParseTemplateBehavior [ RunTime:0.009571s ]
INFO: [ view_parse ] --END-- [ RunTime:0.009616s ]
INFO: [ view_filter ] --START--
INFO: Run Behavior\WriteHtmlCacheBehavior [ RunTime:0.000491s ]
INFO: [ view_filter ] --END-- [ RunTime:0.000520s ]
INFO: [ app_end ] --START--
INFO: Run Behavior\ShowPageTraceBehavior [ RunTime:0.000800s ]
INFO: [ app_end ] --END-- [ RunTime:0.000858s ]

[ 2018-12-12T19:33:35+08:00 ] ::1 /steel/index.php/Admin/Index/addNews.html
INFO: [ app_init ] --START--
INFO: Run Behavior\BuildLiteBehavior [ RunTime:0.000015s ]
INFO: [ app_init ] --END-- [ RunTime:0.000545s ]
INFO: [ app_begin ] --START--
INFO: Run Behavior\ReadHtmlCacheBehavior [ RunTime:0.000660s ]
INFO: [ app_begin ] --END-- [ RunTime:0.000705s ]
INFO: [ view_parse ] --START--
INFO: [ template_filter ] --START--
INFO: Run Behavior\ContentReplaceBehavior [ RunTime:0.000075s ]
INFO: [ template_filter ] --END-- [ RunTime:0.000131s ]
INFO: Run Behavior\ParseTemplateBehavior [ RunTime:0.007488s ]
INFO: [ view_parse ] --END-- [ RunTime:0.007539s ]
INFO: [ view_filter ] --START--
INFO: Run Behavior\WriteHtmlCacheBehavior [ RunTime:0.000517s ]
INFO: [ view_filter ] --END-- [ RunTime:0.000558s ]
INFO: [ app_end ] --START--
INFO: Run Behavior\ShowPageTraceBehavior [ RunTime:0.000870s ]
INFO: [ app_end ] --END-- [ RunTime:0.000915s ]

[ 2018-12-12T19:34:17+08:00 ] ::1 /steel/index.php/Admin/Index/addnewsCon.html
INFO: [ app_init ] --START--
INFO: Run Behavior\BuildLiteBehavior [ RunTime:0.000012s ]
INFO: [ app_init ] --END-- [ RunTime:0.000466s ]
INFO: [ app_begin ] --START--
INFO: Run Behavior\ReadHtmlCacheBehavior [ RunTime:0.000656s ]
INFO: [ app_begin ] --END-- [ RunTime:0.000696s ]
NOTIC: [8] Use of undefined constant title - assumed 'title' D:\phpStudy\PHPTutorial\WWW\steel\Application\Admin\Controller\IndexController.class.php 第 204 行.
NOTIC: [8] Use of undefined constant title - assumed 'title' D:\phpStudy\PHPTutorial\WWW\steel\Application\Admin\Controller\IndexController.class.php 第 204 行.
NOTIC: [8] Use of undefined constant time - assumed 'time' D:\phpStudy\PHPTutorial\WWW\steel\Application\Admin\Controller\IndexController.class.php 第 205 行.
NOTIC: [8] Use of undefined constant time - assumed 'time' D:\phpStudy\PHPTutorial\WWW\steel\Application\Admin\Controller\IndexController.class.php 第 205 行.
NOTIC: [8] Use of undefined constant content - assumed 'content' D:\phpStudy\PHPTutorial\WWW\steel\Application\Admin\Controller\IndexController.class.php 第 206 行.
NOTIC: [8] Use of undefined constant content - assumed 'content' D:\phpStudy\PHPTutorial\WWW\steel\Application\Admin\Controller\IndexController.class.php 第 206 行.
NOTIC: [8] Use of undefined constant settop - assumed 'settop' D:\phpStudy\PHPTutorial\WWW\steel\Application\Admin\Controller\IndexController.class.php 第 207 行.
NOTIC: [8] Use of undefined constant settop - assumed 'settop' D:\phpStudy\PHPTutorial\WWW\steel\Application\Admin\Controller\IndexController.class.php 第 207 行.
NOTIC: [8] Use of undefined constant classification - assumed 'classification' D:\phpStudy\PHPTutorial\WWW\steel\Application\Admin\Controller\IndexController.class.php 第 208 行.
NOTIC: [8] Use of undefined constant classification - assumed 'classification' D:\phpStudy\PHPTutorial\WWW\steel\Application\Admin\Controller\IndexController.class.php 第 208 行.
SQL: SHOW COLUMNS FROM `article` [ RunTime:0.0047s ]
SQL: SHOW COLUMNS FROM `article` [ RunTime:0.0183s ]
SQL: INSERT INTO `article` (`title`,`time`,`content`,`settop`,`classification`) VALUES ('热点资讯','2018/12/14','<p>热点资讯热点资讯热点资讯热点资讯热点资讯热点资讯热点资讯热点资讯热点资讯热点资讯热点资讯热点资讯热点资讯热点资讯热点资讯热点资讯热点资讯热点资讯热点资讯热点资讯热点资讯热点资讯热点资讯热点资讯热点资讯热点资讯热点资讯热点资讯热点资讯热点资讯热点资讯热点资讯热点资讯热点资讯热点资讯热点资讯热点资讯热点资讯热点资讯热点资讯热点资讯热点资讯热点资讯热点资讯热点资讯热点资讯热点资讯热点资讯热点资讯热点资讯热点资讯热点资讯热点资讯热点资讯热点资讯热点资讯热点资讯热点资讯热点资讯热点资讯热点资讯热点资讯热点资讯热点资讯热点资讯热点资讯热点资讯热点资讯热点资讯热点资讯热点资讯热点资讯热点资讯热点资讯热点资讯热点资讯热点资讯热点资讯热点资讯热点资讯热点资讯热点资讯热点资讯热点资讯热点资讯热点资讯热点资讯热点资讯热点资讯热点资讯热点资讯热点资讯热点资讯热点资讯热点资讯热点资讯热点资讯热点资讯热点资讯热点资讯热点资讯热点资讯热点资讯热点资讯热点资讯热点资讯热点资讯热点资讯热点资讯热点资讯热点资讯热点资讯热点资讯热点资讯热点资讯热点资讯热点资讯热点资讯热点资讯热点资讯</p>','0','17') [ RunTime:0.0003s ]

[ 2018-12-12T19:34:17+08:00 ] ::1 /steel/index.php/Admin/Index/addnewsCon.html
INFO: [ app_init ] --START--
INFO: Run Behavior\BuildLiteBehavior [ RunTime:0.000012s ]
INFO: [ app_init ] --END-- [ RunTime:0.000438s ]
INFO: [ app_begin ] --START--
INFO: Run Behavior\ReadHtmlCacheBehavior [ RunTime:0.000647s ]
INFO: [ app_begin ] --END-- [ RunTime:0.000687s ]
NOTIC: [8] Use of undefined constant title - assumed 'title' D:\phpStudy\PHPTutorial\WWW\steel\Application\Admin\Controller\IndexController.class.php 第 204 行.
NOTIC: [8] Use of undefined constant title - assumed 'title' D:\phpStudy\PHPTutorial\WWW\steel\Application\Admin\Controller\IndexController.class.php 第 204 行.
NOTIC: [8] Use of undefined constant time - assumed 'time' D:\phpStudy\PHPTutorial\WWW\steel\Application\Admin\Controller\IndexController.class.php 第 205 行.
NOTIC: [8] Use of undefined constant time - assumed 'time' D:\phpStudy\PHPTutorial\WWW\steel\Application\Admin\Controller\IndexController.class.php 第 205 行.
NOTIC: [8] Use of undefined constant content - assumed 'content' D:\phpStudy\PHPTutorial\WWW\steel\Application\Admin\Controller\IndexController.class.php 第 206 行.
NOTIC: [8] Use of undefined constant content - assumed 'content' D:\phpStudy\PHPTutorial\WWW\steel\Application\Admin\Controller\IndexController.class.php 第 206 行.
NOTIC: [8] Use of undefined constant settop - assumed 'settop' D:\phpStudy\PHPTutorial\WWW\steel\Application\Admin\Controller\IndexController.class.php 第 207 行.
NOTIC: [8] Use of undefined constant settop - assumed 'settop' D:\phpStudy\PHPTutorial\WWW\steel\Application\Admin\Controller\IndexController.class.php 第 207 行.
NOTIC: [8] Use of undefined constant classification - assumed 'classification' D:\phpStudy\PHPTutorial\WWW\steel\Application\Admin\Controller\IndexController.class.php 第 208 行.
NOTIC: [8] Use of undefined constant classification - assumed 'classification' D:\phpStudy\PHPTutorial\WWW\steel\Application\Admin\Controller\IndexController.class.php 第 208 行.
SQL: SHOW COLUMNS FROM `article` [ RunTime:0.0068s ]
SQL: SHOW COLUMNS FROM `article` [ RunTime:0.0057s ]
SQL: INSERT INTO `article` (`title`,`time`,`content`,`settop`,`classification`) VALUES ('热点资讯','2018/12/14','<p>热点资讯热点资讯热点资讯热点资讯热点资讯热点资讯热点资讯热点资讯热点资讯热点资讯热点资讯热点资讯热点资讯热点资讯热点资讯热点资讯热点资讯热点资讯热点资讯热点资讯热点资讯热点资讯热点资讯热点资讯热点资讯热点资讯热点资讯热点资讯热点资讯热点资讯热点资讯热点资讯热点资讯热点资讯热点资讯热点资讯热点资讯热点资讯热点资讯热点资讯热点资讯热点资讯热点资讯热点资讯热点资讯热点资讯热点资讯热点资讯热点资讯热点资讯热点资讯热点资讯热点资讯热点资讯热点资讯热点资讯热点资讯热点资讯热点资讯热点资讯热点资讯热点资讯热点资讯热点资讯热点资讯热点资讯热点资讯热点资讯热点资讯热点资讯热点资讯热点资讯热点资讯热点资讯热点资讯热点资讯热点资讯热点资讯热点资讯热点资讯热点资讯热点资讯热点资讯热点资讯热点资讯热点资讯热点资讯热点资讯热点资讯热点资讯热点资讯热点资讯热点资讯热点资讯热点资讯热点资讯热点资讯热点资讯热点资讯热点资讯热点资讯热点资讯热点资讯热点资讯热点资讯热点资讯热点资讯热点资讯热点资讯热点资讯热点资讯热点资讯热点资讯热点资讯热点资讯热点资讯热点资讯热点资讯热点资讯热点资讯</p>','0','17') [ RunTime:0.0005s ]

[ 2018-12-12T19:34:19+08:00 ] ::1 /steel/index.php/Admin/Index/newslist.html
INFO: [ app_init ] --START--
INFO: Run Behavior\BuildLiteBehavior [ RunTime:0.000013s ]
INFO: [ app_init ] --END-- [ RunTime:0.000563s ]
INFO: [ app_begin ] --START--
INFO: Run Behavior\ReadHtmlCacheBehavior [ RunTime:0.000855s ]
INFO: [ app_begin ] --END-- [ RunTime:0.000918s ]
SQL: SHOW COLUMNS FROM `article` [ RunTime:0.0052s ]
SQL: SHOW COLUMNS FROM `article` [ RunTime:0.0055s ]
SQL: SELECT * FROM `article` WHERE ( classification = 6 || classification = 7 )  [ RunTime:0.0004s ]
INFO: [ view_parse ] --START--
INFO: [ template_filter ] --START--
INFO: Run Behavior\ContentReplaceBehavior [ RunTime:0.000060s ]
INFO: [ template_filter ] --END-- [ RunTime:0.000107s ]
INFO: Run Behavior\ParseTemplateBehavior [ RunTime:0.008705s ]
INFO: [ view_parse ] --END-- [ RunTime:0.008777s ]
INFO: [ view_filter ] --START--
INFO: Run Behavior\WriteHtmlCacheBehavior [ RunTime:0.000552s ]
INFO: [ view_filter ] --END-- [ RunTime:0.000596s ]
INFO: [ app_end ] --START--
INFO: Run Behavior\ShowPageTraceBehavior [ RunTime:0.000737s ]
INFO: [ app_end ] --END-- [ RunTime:0.000775s ]

[ 2018-12-12T19:34:22+08:00 ] ::1 /steel/index.php/Admin/Index/newslist.html
INFO: [ app_init ] --START--
INFO: Run Behavior\BuildLiteBehavior [ RunTime:0.000013s ]
INFO: [ app_init ] --END-- [ RunTime:0.000495s ]
INFO: [ app_begin ] --START--
INFO: Run Behavior\ReadHtmlCacheBehavior [ RunTime:0.000652s ]
INFO: [ app_begin ] --END-- [ RunTime:0.000695s ]
SQL: SHOW COLUMNS FROM `article` [ RunTime:0.0048s ]
SQL: SHOW COLUMNS FROM `article` [ RunTime:0.0082s ]
SQL: SELECT * FROM `article` WHERE ( classification = 6 || classification = 7 )  [ RunTime:0.0004s ]
INFO: [ view_parse ] --START--
INFO: [ template_filter ] --START--
INFO: Run Behavior\ContentReplaceBehavior [ RunTime:0.000040s ]
INFO: [ template_filter ] --END-- [ RunTime:0.000078s ]
INFO: Run Behavior\ParseTemplateBehavior [ RunTime:0.009695s ]
INFO: [ view_parse ] --END-- [ RunTime:0.009739s ]
INFO: [ view_filter ] --START--
INFO: Run Behavior\WriteHtmlCacheBehavior [ RunTime:0.000445s ]
INFO: [ view_filter ] --END-- [ RunTime:0.000476s ]
INFO: [ app_end ] --START--
INFO: Run Behavior\ShowPageTraceBehavior [ RunTime:0.000660s ]
INFO: [ app_end ] --END-- [ RunTime:0.000693s ]

[ 2018-12-12T19:34:23+08:00 ] ::1 /steel/index.php/Admin/Index/addNews.html
INFO: [ app_init ] --START--
INFO: Run Behavior\BuildLiteBehavior [ RunTime:0.000011s ]
INFO: [ app_init ] --END-- [ RunTime:0.000474s ]
INFO: [ app_begin ] --START--
INFO: Run Behavior\ReadHtmlCacheBehavior [ RunTime:0.000762s ]
INFO: [ app_begin ] --END-- [ RunTime:0.000814s ]
INFO: [ view_parse ] --START--
INFO: [ template_filter ] --START--
INFO: Run Behavior\ContentReplaceBehavior [ RunTime:0.000053s ]
INFO: [ template_filter ] --END-- [ RunTime:0.000097s ]
INFO: Run Behavior\ParseTemplateBehavior [ RunTime:0.006184s ]
INFO: [ view_parse ] --END-- [ RunTime:0.006228s ]
INFO: [ view_filter ] --START--
INFO: Run Behavior\WriteHtmlCacheBehavior [ RunTime:0.000475s ]
INFO: [ view_filter ] --END-- [ RunTime:0.000506s ]
INFO: [ app_end ] --START--
INFO: Run Behavior\ShowPageTraceBehavior [ RunTime:0.000669s ]
INFO: [ app_end ] --END-- [ RunTime:0.000701s ]

[ 2018-12-12T19:34:23+08:00 ] ::1 /steel/index.php/Admin/Index/newslist.html
INFO: [ app_init ] --START--
INFO: Run Behavior\BuildLiteBehavior [ RunTime:0.000012s ]
INFO: [ app_init ] --END-- [ RunTime:0.000491s ]
INFO: [ app_begin ] --START--
INFO: Run Behavior\ReadHtmlCacheBehavior [ RunTime:0.000650s ]
INFO: [ app_begin ] --END-- [ RunTime:0.000690s ]
SQL: SHOW COLUMNS FROM `article` [ RunTime:0.0046s ]
SQL: SHOW COLUMNS FROM `article` [ RunTime:0.0046s ]
SQL: SELECT * FROM `article` WHERE ( classification = 6 || classification = 7 )  [ RunTime:0.0003s ]
INFO: [ view_parse ] --START--
INFO: [ template_filter ] --START--
INFO: Run Behavior\ContentReplaceBehavior [ RunTime:0.000050s ]
INFO: [ template_filter ] --END-- [ RunTime:0.000086s ]
INFO: Run Behavior\ParseTemplateBehavior [ RunTime:0.006383s ]
INFO: [ view_parse ] --END-- [ RunTime:0.006425s ]
INFO: [ view_filter ] --START--
INFO: Run Behavior\WriteHtmlCacheBehavior [ RunTime:0.000463s ]
INFO: [ view_filter ] --END-- [ RunTime:0.000493s ]
INFO: [ app_end ] --START--
INFO: Run Behavior\ShowPageTraceBehavior [ RunTime:0.000651s ]
INFO: [ app_end ] --END-- [ RunTime:0.000684s ]

[ 2018-12-12T19:34:47+08:00 ] ::1 /steel/index.php/Admin/Index/newslist.html
INFO: [ app_init ] --START--
INFO: Run Behavior\BuildLiteBehavior [ RunTime:0.000021s ]
INFO: [ app_init ] --END-- [ RunTime:0.000579s ]
INFO: [ app_begin ] --START--
INFO: Run Behavior\ReadHtmlCacheBehavior [ RunTime:0.000747s ]
INFO: [ app_begin ] --END-- [ RunTime:0.000792s ]
SQL: SHOW COLUMNS FROM `article` [ RunTime:0.0060s ]
SQL: SHOW COLUMNS FROM `article` [ RunTime:0.0043s ]
SQL: SELECT * FROM `article` WHERE ( classification = 6 || classification = 7 )  [ RunTime:0.0003s ]
INFO: [ view_parse ] --START--
INFO: [ template_filter ] --START--
INFO: Run Behavior\ContentReplaceBehavior [ RunTime:0.000040s ]
INFO: [ template_filter ] --END-- [ RunTime:0.000078s ]
INFO: Run Behavior\ParseTemplateBehavior [ RunTime:0.007093s ]
INFO: [ view_parse ] --END-- [ RunTime:0.007159s ]
INFO: [ view_filter ] --START--
INFO: Run Behavior\WriteHtmlCacheBehavior [ RunTime:0.001017s ]
INFO: [ view_filter ] --END-- [ RunTime:0.001060s ]
INFO: [ app_end ] --START--
INFO: Run Behavior\ShowPageTraceBehavior [ RunTime:0.000814s ]
INFO: [ app_end ] --END-- [ RunTime:0.000848s ]

[ 2018-12-12T19:36:35+08:00 ] ::1 /steel/index.php/Admin/Index/newslist.html
INFO: [ app_init ] --START--
INFO: Run Behavior\BuildLiteBehavior [ RunTime:0.000013s ]
INFO: [ app_init ] --END-- [ RunTime:0.000473s ]
INFO: [ app_begin ] --START--
INFO: Run Behavior\ReadHtmlCacheBehavior [ RunTime:0.000678s ]
INFO: [ app_begin ] --END-- [ RunTime:0.000725s ]
SQL: SHOW COLUMNS FROM `article` [ RunTime:0.0054s ]
SQL: SHOW COLUMNS FROM `article` [ RunTime:0.0050s ]
SQL: SELECT * FROM `article` WHERE ( classification = 6 || classification = 7 || classification=17 )  [ RunTime:0.0003s ]
INFO: [ view_parse ] --START--
INFO: [ template_filter ] --START--
INFO: Run Behavior\ContentReplaceBehavior [ RunTime:0.000057s ]
INFO: [ template_filter ] --END-- [ RunTime:0.000093s ]
NOTIC: [8] Use of undefined constant id - assumed 'id' D:\phpStudy\PHPTutorial\WWW\steel\Application\Runtime\Cache\Admin\c72f4ae3a3b9df57b6af1d5e37015864.php 第 61 行.
NOTIC: [8] Use of undefined constant id - assumed 'id' D:\phpStudy\PHPTutorial\WWW\steel\Application\Runtime\Cache\Admin\c72f4ae3a3b9df57b6af1d5e37015864.php 第 62 行.
NOTIC: [8] Use of undefined constant id - assumed 'id' D:\phpStudy\PHPTutorial\WWW\steel\Application\Runtime\Cache\Admin\c72f4ae3a3b9df57b6af1d5e37015864.php 第 62 行.
NOTIC: [8] Use of undefined constant id - assumed 'id' D:\phpStudy\PHPTutorial\WWW\steel\Application\Runtime\Cache\Admin\c72f4ae3a3b9df57b6af1d5e37015864.php 第 63 行.
NOTIC: [8] Use of undefined constant id - assumed 'id' D:\phpStudy\PHPTutorial\WWW\steel\Application\Runtime\Cache\Admin\c72f4ae3a3b9df57b6af1d5e37015864.php 第 63 行.
NOTIC: [8] Use of undefined constant id - assumed 'id' D:\phpStudy\PHPTutorial\WWW\steel\Application\Runtime\Cache\Admin\c72f4ae3a3b9df57b6af1d5e37015864.php 第 61 行.
NOTIC: [8] Use of undefined constant id - assumed 'id' D:\phpStudy\PHPTutorial\WWW\steel\Application\Runtime\Cache\Admin\c72f4ae3a3b9df57b6af1d5e37015864.php 第 62 行.
NOTIC: [8] Use of undefined constant id - assumed 'id' D:\phpStudy\PHPTutorial\WWW\steel\Application\Runtime\Cache\Admin\c72f4ae3a3b9df57b6af1d5e37015864.php 第 62 行.
NOTIC: [8] Use of undefined constant id - assumed 'id' D:\phpStudy\PHPTutorial\WWW\steel\Application\Runtime\Cache\Admin\c72f4ae3a3b9df57b6af1d5e37015864.php 第 63 行.
NOTIC: [8] Use of undefined constant id - assumed 'id' D:\phpStudy\PHPTutorial\WWW\steel\Application\Runtime\Cache\Admin\c72f4ae3a3b9df57b6af1d5e37015864.php 第 63 行.
INFO: Run Behavior\ParseTemplateBehavior [ RunTime:0.007605s ]
INFO: [ view_parse ] --END-- [ RunTime:0.007641s ]
INFO: [ view_filter ] --START--
INFO: Run Behavior\WriteHtmlCacheBehavior [ RunTime:0.000548s ]
INFO: [ view_filter ] --END-- [ RunTime:0.000577s ]
INFO: [ app_end ] --START--
INFO: Run Behavior\ShowPageTraceBehavior [ RunTime:0.000809s ]
INFO: [ app_end ] --END-- [ RunTime:0.000848s ]

[ 2018-12-12T19:36:42+08:00 ] ::1 /steel/index.php/Admin/Index/exitNews/id/83.html
INFO: [ app_init ] --START--
INFO: Run Behavior\BuildLiteBehavior [ RunTime:0.000027s ]
INFO: [ app_init ] --END-- [ RunTime:0.000850s ]
INFO: [ app_begin ] --START--
INFO: Run Behavior\ReadHtmlCacheBehavior [ RunTime:0.000786s ]
INFO: [ app_begin ] --END-- [ RunTime:0.000837s ]
SQL: SHOW COLUMNS FROM `article` [ RunTime:0.0051s ]
NOTIC: [8] Use of undefined constant id - assumed 'id' D:\phpStudy\PHPTutorial\WWW\steel\Application\Admin\Controller\IndexController.class.php 第 224 行.
SQL: SHOW COLUMNS FROM `article` [ RunTime:0.0065s ]
SQL: SELECT * FROM `article` WHERE ( id = 83 ) LIMIT 1   [ RunTime:0.0004s ]
INFO: [ view_parse ] --START--
INFO: [ template_filter ] --START--
INFO: Run Behavior\ContentReplaceBehavior [ RunTime:0.000057s ]
INFO: [ template_filter ] --END-- [ RunTime:0.000100s ]
INFO: Run Behavior\ParseTemplateBehavior [ RunTime:0.008419s ]
INFO: [ view_parse ] --END-- [ RunTime:0.008465s ]
INFO: [ view_filter ] --START--
INFO: Run Behavior\WriteHtmlCacheBehavior [ RunTime:0.000554s ]
INFO: [ view_filter ] --END-- [ RunTime:0.000601s ]
INFO: [ app_end ] --START--
INFO: Run Behavior\ShowPageTraceBehavior [ RunTime:0.001452s ]
INFO: [ app_end ] --END-- [ RunTime:0.001913s ]

[ 2018-12-12T19:38:08+08:00 ] ::1 /steel/index.php/Admin/Index/newslist.html
INFO: [ app_init ] --START--
INFO: Run Behavior\BuildLiteBehavior [ RunTime:0.000020s ]
INFO: [ app_init ] --END-- [ RunTime:0.000627s ]
INFO: [ app_begin ] --START--
INFO: Run Behavior\ReadHtmlCacheBehavior [ RunTime:0.001037s ]
INFO: [ app_begin ] --END-- [ RunTime:0.001118s ]
SQL: SHOW COLUMNS FROM `article` [ RunTime:0.0050s ]
SQL: SHOW COLUMNS FROM `article` [ RunTime:0.0045s ]
SQL: SELECT * FROM `article` WHERE ( classification = 6 || classification = 7 || classification=17 )  [ RunTime:0.0004s ]
INFO: [ view_parse ] --START--
INFO: [ template_filter ] --START--
INFO: Run Behavior\ContentReplaceBehavior [ RunTime:0.000055s ]
INFO: [ template_filter ] --END-- [ RunTime:0.000102s ]
NOTIC: [8] Use of undefined constant id - assumed 'id' D:\phpStudy\PHPTutorial\WWW\steel\Application\Runtime\Cache\Admin\c72f4ae3a3b9df57b6af1d5e37015864.php 第 61 行.
NOTIC: [8] Use of undefined constant id - assumed 'id' D:\phpStudy\PHPTutorial\WWW\steel\Application\Runtime\Cache\Admin\c72f4ae3a3b9df57b6af1d5e37015864.php 第 62 行.
NOTIC: [8] Use of undefined constant id - assumed 'id' D:\phpStudy\PHPTutorial\WWW\steel\Application\Runtime\Cache\Admin\c72f4ae3a3b9df57b6af1d5e37015864.php 第 62 行.
NOTIC: [8] Use of undefined constant id - assumed 'id' D:\phpStudy\PHPTutorial\WWW\steel\Application\Runtime\Cache\Admin\c72f4ae3a3b9df57b6af1d5e37015864.php 第 63 行.
NOTIC: [8] Use of undefined constant id - assumed 'id' D:\phpStudy\PHPTutorial\WWW\steel\Application\Runtime\Cache\Admin\c72f4ae3a3b9df57b6af1d5e37015864.php 第 63 行.
NOTIC: [8] Use of undefined constant id - assumed 'id' D:\phpStudy\PHPTutorial\WWW\steel\Application\Runtime\Cache\Admin\c72f4ae3a3b9df57b6af1d5e37015864.php 第 61 行.
NOTIC: [8] Use of undefined constant id - assumed 'id' D:\phpStudy\PHPTutorial\WWW\steel\Application\Runtime\Cache\Admin\c72f4ae3a3b9df57b6af1d5e37015864.php 第 62 行.
NOTIC: [8] Use of undefined constant id - assumed 'id' D:\phpStudy\PHPTutorial\WWW\steel\Application\Runtime\Cache\Admin\c72f4ae3a3b9df57b6af1d5e37015864.php 第 62 行.
NOTIC: [8] Use of undefined constant id - assumed 'id' D:\phpStudy\PHPTutorial\WWW\steel\Application\Runtime\Cache\Admin\c72f4ae3a3b9df57b6af1d5e37015864.php 第 63 行.
NOTIC: [8] Use of undefined constant id - assumed 'id' D:\phpStudy\PHPTutorial\WWW\steel\Application\Runtime\Cache\Admin\c72f4ae3a3b9df57b6af1d5e37015864.php 第 63 行.
INFO: Run Behavior\ParseTemplateBehavior [ RunTime:0.009912s ]
INFO: [ view_parse ] --END-- [ RunTime:0.009949s ]
INFO: [ view_filter ] --START--
INFO: Run Behavior\WriteHtmlCacheBehavior [ RunTime:0.000595s ]
INFO: [ view_filter ] --END-- [ RunTime:0.000631s ]
INFO: [ app_end ] --START--
INFO: Run Behavior\ShowPageTraceBehavior [ RunTime:0.000948s ]
INFO: [ app_end ] --END-- [ RunTime:0.000992s ]

[ 2018-12-12T19:38:09+08:00 ] ::1 /steel/index.php/Admin/Index/newslist.html
INFO: [ app_init ] --START--
INFO: Run Behavior\BuildLiteBehavior [ RunTime:0.000011s ]
INFO: [ app_init ] --END-- [ RunTime:0.000452s ]
INFO: [ app_begin ] --START--
INFO: Run Behavior\ReadHtmlCacheBehavior [ RunTime:0.000645s ]
INFO: [ app_begin ] --END-- [ RunTime:0.000698s ]
SQL: SHOW COLUMNS FROM `article` [ RunTime:0.0050s ]
SQL: SHOW COLUMNS FROM `article` [ RunTime:0.0048s ]
SQL: SELECT * FROM `article` WHERE ( classification = 6 || classification = 7 || classification=17 )  [ RunTime:0.0004s ]
INFO: [ view_parse ] --START--
INFO: [ template_filter ] --START--
INFO: Run Behavior\ContentReplaceBehavior [ RunTime:0.000043s ]
INFO: [ template_filter ] --END-- [ RunTime:0.000083s ]
NOTIC: [8] Use of undefined constant id - assumed 'id' D:\phpStudy\PHPTutorial\WWW\steel\Application\Runtime\Cache\Admin\c72f4ae3a3b9df57b6af1d5e37015864.php 第 61 行.
NOTIC: [8] Use of undefined constant id - assumed 'id' D:\phpStudy\PHPTutorial\WWW\steel\Application\Runtime\Cache\Admin\c72f4ae3a3b9df57b6af1d5e37015864.php 第 62 行.
NOTIC: [8] Use of undefined constant id - assumed 'id' D:\phpStudy\PHPTutorial\WWW\steel\Application\Runtime\Cache\Admin\c72f4ae3a3b9df57b6af1d5e37015864.php 第 62 行.
NOTIC: [8] Use of undefined constant id - assumed 'id' D:\phpStudy\PHPTutorial\WWW\steel\Application\Runtime\Cache\Admin\c72f4ae3a3b9df57b6af1d5e37015864.php 第 63 行.
NOTIC: [8] Use of undefined constant id - assumed 'id' D:\phpStudy\PHPTutorial\WWW\steel\Application\Runtime\Cache\Admin\c72f4ae3a3b9df57b6af1d5e37015864.php 第 63 行.
NOTIC: [8] Use of undefined constant id - assumed 'id' D:\phpStudy\PHPTutorial\WWW\steel\Application\Runtime\Cache\Admin\c72f4ae3a3b9df57b6af1d5e37015864.php 第 61 行.
NOTIC: [8] Use of undefined constant id - assumed 'id' D:\phpStudy\PHPTutorial\WWW\steel\Application\Runtime\Cache\Admin\c72f4ae3a3b9df57b6af1d5e37015864.php 第 62 行.
NOTIC: [8] Use of undefined constant id - assumed 'id' D:\phpStudy\PHPTutorial\WWW\steel\Application\Runtime\Cache\Admin\c72f4ae3a3b9df57b6af1d5e37015864.php 第 62 行.
NOTIC: [8] Use of undefined constant id - assumed 'id' D:\phpStudy\PHPTutorial\WWW\steel\Application\Runtime\Cache\Admin\c72f4ae3a3b9df57b6af1d5e37015864.php 第 63 行.
NOTIC: [8] Use of undefined constant id - assumed 'id' D:\phpStudy\PHPTutorial\WWW\steel\Application\Runtime\Cache\Admin\c72f4ae3a3b9df57b6af1d5e37015864.php 第 63 行.
INFO: Run Behavior\ParseTemplateBehavior [ RunTime:0.009313s ]
INFO: [ view_parse ] --END-- [ RunTime:0.009375s ]
INFO: [ view_filter ] --START--
INFO: Run Behavior\WriteHtmlCacheBehavior [ RunTime:0.000771s ]
INFO: [ view_filter ] --END-- [ RunTime:0.000816s ]
INFO: [ app_end ] --START--
INFO: Run Behavior\ShowPageTraceBehavior [ RunTime:0.000989s ]
INFO: [ app_end ] --END-- [ RunTime:0.001038s ]

[ 2018-12-12T19:38:10+08:00 ] ::1 /steel/index.php/Admin/Index/exitNews/id/83.html
INFO: [ app_init ] --START--
INFO: Run Behavior\BuildLiteBehavior [ RunTime:0.000016s ]
INFO: [ app_init ] --END-- [ RunTime:0.000523s ]
INFO: [ app_begin ] --START--
INFO: Run Behavior\ReadHtmlCacheBehavior [ RunTime:0.000669s ]
INFO: [ app_begin ] --END-- [ RunTime:0.000714s ]
SQL: SHOW COLUMNS FROM `article` [ RunTime:0.0047s ]
NOTIC: [8] Use of undefined constant id - assumed 'id' D:\phpStudy\PHPTutorial\WWW\steel\Application\Admin\Controller\IndexController.class.php 第 224 行.
SQL: SHOW COLUMNS FROM `article` [ RunTime:0.0065s ]
SQL: SELECT * FROM `article` WHERE ( id = 83 ) LIMIT 1   [ RunTime:0.0003s ]
INFO: [ view_parse ] --START--
INFO: [ template_filter ] --START--
INFO: Run Behavior\ContentReplaceBehavior [ RunTime:0.000070s ]
INFO: [ template_filter ] --END-- [ RunTime:0.000120s ]
INFO: Run Behavior\ParseTemplateBehavior [ RunTime:0.007580s ]
INFO: [ view_parse ] --END-- [ RunTime:0.007655s ]
INFO: [ view_filter ] --START--
INFO: Run Behavior\WriteHtmlCacheBehavior [ RunTime:0.000806s ]
INFO: [ view_filter ] --END-- [ RunTime:0.000858s ]
INFO: [ app_end ] --START--
INFO: Run Behavior\ShowPageTraceBehavior [ RunTime:0.001280s ]
INFO: [ app_end ] --END-- [ RunTime:0.001371s ]

[ 2018-12-12T19:38:14+08:00 ] ::1 /steel/index.php/Admin/Index/addNews.html
INFO: [ app_init ] --START--
INFO: Run Behavior\BuildLiteBehavior [ RunTime:0.000012s ]
INFO: [ app_init ] --END-- [ RunTime:0.000542s ]
INFO: [ app_begin ] --START--
INFO: Run Behavior\ReadHtmlCacheBehavior [ RunTime:0.000687s ]
INFO: [ app_begin ] --END-- [ RunTime:0.000735s ]
INFO: [ view_parse ] --START--
INFO: [ template_filter ] --START--
INFO: Run Behavior\ContentReplaceBehavior [ RunTime:0.000075s ]
INFO: [ template_filter ] --END-- [ RunTime:0.000144s ]
INFO: Run Behavior\ParseTemplateBehavior [ RunTime:0.007741s ]
INFO: [ view_parse ] --END-- [ RunTime:0.007801s ]
INFO: [ view_filter ] --START--
INFO: Run Behavior\WriteHtmlCacheBehavior [ RunTime:0.000709s ]
INFO: [ view_filter ] --END-- [ RunTime:0.000748s ]
INFO: [ app_end ] --START--
INFO: Run Behavior\ShowPageTraceBehavior [ RunTime:0.000784s ]
INFO: [ app_end ] --END-- [ RunTime:0.000817s ]

[ 2018-12-12T19:38:15+08:00 ] ::1 /steel/index.php/Admin/Index/newslist.html
INFO: [ app_init ] --START--
INFO: Run Behavior\BuildLiteBehavior [ RunTime:0.000015s ]
INFO: [ app_init ] --END-- [ RunTime:0.000559s ]
INFO: [ app_begin ] --START--
INFO: Run Behavior\ReadHtmlCacheBehavior [ RunTime:0.000820s ]
INFO: [ app_begin ] --END-- [ RunTime:0.000883s ]
SQL: SHOW COLUMNS FROM `article` [ RunTime:0.0057s ]
SQL: SHOW COLUMNS FROM `article` [ RunTime:0.0052s ]
SQL: SELECT * FROM `article` WHERE ( classification = 6 || classification = 7 || classification=17 )  [ RunTime:0.0006s ]
INFO: [ view_parse ] --START--
INFO: [ template_filter ] --START--
INFO: Run Behavior\ContentReplaceBehavior [ RunTime:0.000041s ]
INFO: [ template_filter ] --END-- [ RunTime:0.000077s ]
NOTIC: [8] Use of undefined constant id - assumed 'id' D:\phpStudy\PHPTutorial\WWW\steel\Application\Runtime\Cache\Admin\c72f4ae3a3b9df57b6af1d5e37015864.php 第 61 行.
NOTIC: [8] Use of undefined constant id - assumed 'id' D:\phpStudy\PHPTutorial\WWW\steel\Application\Runtime\Cache\Admin\c72f4ae3a3b9df57b6af1d5e37015864.php 第 62 行.
NOTIC: [8] Use of undefined constant id - assumed 'id' D:\phpStudy\PHPTutorial\WWW\steel\Application\Runtime\Cache\Admin\c72f4ae3a3b9df57b6af1d5e37015864.php 第 62 行.
NOTIC: [8] Use of undefined constant id - assumed 'id' D:\phpStudy\PHPTutorial\WWW\steel\Application\Runtime\Cache\Admin\c72f4ae3a3b9df57b6af1d5e37015864.php 第 63 行.
NOTIC: [8] Use of undefined constant id - assumed 'id' D:\phpStudy\PHPTutorial\WWW\steel\Application\Runtime\Cache\Admin\c72f4ae3a3b9df57b6af1d5e37015864.php 第 63 行.
NOTIC: [8] Use of undefined constant id - assumed 'id' D:\phpStudy\PHPTutorial\WWW\steel\Application\Runtime\Cache\Admin\c72f4ae3a3b9df57b6af1d5e37015864.php 第 61 行.
NOTIC: [8] Use of undefined constant id - assumed 'id' D:\phpStudy\PHPTutorial\WWW\steel\Application\Runtime\Cache\Admin\c72f4ae3a3b9df57b6af1d5e37015864.php 第 62 行.
NOTIC: [8] Use of undefined constant id - assumed 'id' D:\phpStudy\PHPTutorial\WWW\steel\Application\Runtime\Cache\Admin\c72f4ae3a3b9df57b6af1d5e37015864.php 第 62 行.
NOTIC: [8] Use of undefined constant id - assumed 'id' D:\phpStudy\PHPTutorial\WWW\steel\Application\Runtime\Cache\Admin\c72f4ae3a3b9df57b6af1d5e37015864.php 第 63 行.
NOTIC: [8] Use of undefined constant id - assumed 'id' D:\phpStudy\PHPTutorial\WWW\steel\Application\Runtime\Cache\Admin\c72f4ae3a3b9df57b6af1d5e37015864.php 第 63 行.
INFO: Run Behavior\ParseTemplateBehavior [ RunTime:0.020199s ]
INFO: [ view_parse ] --END-- [ RunTime:0.020249s ]
INFO: [ view_filter ] --START--
INFO: Run Behavior\WriteHtmlCacheBehavior [ RunTime:0.000646s ]
INFO: [ view_filter ] --END-- [ RunTime:0.000684s ]
INFO: [ app_end ] --START--
INFO: Run Behavior\ShowPageTraceBehavior [ RunTime:0.001059s ]
INFO: [ app_end ] --END-- [ RunTime:0.001113s ]

[ 2018-12-12T19:39:10+08:00 ] ::1 /steel/index.php/Admin/Index/addNews.html
INFO: [ app_init ] --START--
INFO: Run Behavior\BuildLiteBehavior [ RunTime:0.000016s ]
INFO: [ app_init ] --END-- [ RunTime:0.000630s ]
INFO: [ app_begin ] --START--
INFO: Run Behavior\ReadHtmlCacheBehavior [ RunTime:0.000703s ]
INFO: [ app_begin ] --END-- [ RunTime:0.000910s ]
INFO: [ view_parse ] --START--
INFO: [ template_filter ] --START--
INFO: Run Behavior\ContentReplaceBehavior [ RunTime:0.000055s ]
INFO: [ template_filter ] --END-- [ RunTime:0.000096s ]
INFO: Run Behavior\ParseTemplateBehavior [ RunTime:0.006144s ]
INFO: [ view_parse ] --END-- [ RunTime:0.006183s ]
INFO: [ view_filter ] --START--
INFO: Run Behavior\WriteHtmlCacheBehavior [ RunTime:0.000534s ]
INFO: [ view_filter ] --END-- [ RunTime:0.000564s ]
INFO: [ app_end ] --START--
INFO: Run Behavior\ShowPageTraceBehavior [ RunTime:0.000750s ]
INFO: [ app_end ] --END-- [ RunTime:0.000781s ]

[ 2018-12-12T19:39:11+08:00 ] ::1 /steel/index.php/Admin/Index/newslist.html
INFO: [ app_init ] --START--
INFO: Run Behavior\BuildLiteBehavior [ RunTime:0.000013s ]
INFO: [ app_init ] --END-- [ RunTime:0.000467s ]
INFO: [ app_begin ] --START--
INFO: Run Behavior\ReadHtmlCacheBehavior [ RunTime:0.000669s ]
INFO: [ app_begin ] --END-- [ RunTime:0.000715s ]
SQL: SHOW COLUMNS FROM `article` [ RunTime:0.0046s ]
SQL: SHOW COLUMNS FROM `article` [ RunTime:0.0045s ]
SQL: SELECT * FROM `article` WHERE ( classification = 6 || classification = 7 || classification=17 )  [ RunTime:0.0004s ]
INFO: [ view_parse ] --START--
INFO: [ template_filter ] --START--
INFO: Run Behavior\ContentReplaceBehavior [ RunTime:0.000045s ]
INFO: [ template_filter ] --END-- [ RunTime:0.000086s ]
NOTIC: [8] Use of undefined constant id - assumed 'id' D:\phpStudy\PHPTutorial\WWW\steel\Application\Runtime\Cache\Admin\c72f4ae3a3b9df57b6af1d5e37015864.php 第 61 行.
NOTIC: [8] Use of undefined constant id - assumed 'id' D:\phpStudy\PHPTutorial\WWW\steel\Application\Runtime\Cache\Admin\c72f4ae3a3b9df57b6af1d5e37015864.php 第 62 行.
NOTIC: [8] Use of undefined constant id - assumed 'id' D:\phpStudy\PHPTutorial\WWW\steel\Application\Runtime\Cache\Admin\c72f4ae3a3b9df57b6af1d5e37015864.php 第 62 行.
NOTIC: [8] Use of undefined constant id - assumed 'id' D:\phpStudy\PHPTutorial\WWW\steel\Application\Runtime\Cache\Admin\c72f4ae3a3b9df57b6af1d5e37015864.php 第 63 行.
NOTIC: [8] Use of undefined constant id - assumed 'id' D:\phpStudy\PHPTutorial\WWW\steel\Application\Runtime\Cache\Admin\c72f4ae3a3b9df57b6af1d5e37015864.php 第 63 行.
NOTIC: [8] Use of undefined constant id - assumed 'id' D:\phpStudy\PHPTutorial\WWW\steel\Application\Runtime\Cache\Admin\c72f4ae3a3b9df57b6af1d5e37015864.php 第 61 行.
NOTIC: [8] Use of undefined constant id - assumed 'id' D:\phpStudy\PHPTutorial\WWW\steel\Application\Runtime\Cache\Admin\c72f4ae3a3b9df57b6af1d5e37015864.php 第 62 行.
NOTIC: [8] Use of undefined constant id - assumed 'id' D:\phpStudy\PHPTutorial\WWW\steel\Application\Runtime\Cache\Admin\c72f4ae3a3b9df57b6af1d5e37015864.php 第 62 行.
NOTIC: [8] Use of undefined constant id - assumed 'id' D:\phpStudy\PHPTutorial\WWW\steel\Application\Runtime\Cache\Admin\c72f4ae3a3b9df57b6af1d5e37015864.php 第 63 行.
NOTIC: [8] Use of undefined constant id - assumed 'id' D:\phpStudy\PHPTutorial\WWW\steel\Application\Runtime\Cache\Admin\c72f4ae3a3b9df57b6af1d5e37015864.php 第 63 行.
INFO: Run Behavior\ParseTemplateBehavior [ RunTime:0.007722s ]
INFO: [ view_parse ] --END-- [ RunTime:0.007759s ]
INFO: [ view_filter ] --START--
INFO: Run Behavior\WriteHtmlCacheBehavior [ RunTime:0.000551s ]
INFO: [ view_filter ] --END-- [ RunTime:0.000581s ]
INFO: [ app_end ] --START--
INFO: Run Behavior\ShowPageTraceBehavior [ RunTime:0.000786s ]
INFO: [ app_end ] --END-- [ RunTime:0.000819s ]

[ 2018-12-12T20:06:43+08:00 ] ::1 /steel/index.php/Admin/Index/picList.html
INFO: [ app_init ] --START--
INFO: Run Behavior\BuildLiteBehavior [ RunTime:0.000013s ]
INFO: [ app_init ] --END-- [ RunTime:0.000464s ]
INFO: [ app_begin ] --START--
INFO: Run Behavior\ReadHtmlCacheBehavior [ RunTime:0.000641s ]
INFO: [ app_begin ] --END-- [ RunTime:0.000694s ]
SQL: SHOW COLUMNS FROM `photo` [ RunTime:0.0043s ]
SQL: SHOW COLUMNS FROM `photo` [ RunTime:0.0041s ]
SQL: SELECT * FROM `photo`  [ RunTime:0.0004s ]
INFO: [ view_parse ] --START--
INFO: [ template_filter ] --START--
INFO: Run Behavior\ContentReplaceBehavior [ RunTime:0.000051s ]
INFO: [ template_filter ] --END-- [ RunTime:0.000089s ]
NOTIC: [8] Use of undefined constant id - assumed 'id' D:\phpStudy\PHPTutorial\WWW\steel\Application\Runtime\Cache\Admin\d00eab67c6b5e9df533c3759f6b97334.php 第 54 行.
NOTIC: [8] Use of undefined constant id - assumed 'id' D:\phpStudy\PHPTutorial\WWW\steel\Application\Runtime\Cache\Admin\d00eab67c6b5e9df533c3759f6b97334.php 第 54 行.
NOTIC: [8] Use of undefined constant id - assumed 'id' D:\phpStudy\PHPTutorial\WWW\steel\Application\Runtime\Cache\Admin\d00eab67c6b5e9df533c3759f6b97334.php 第 54 行.
NOTIC: [8] Use of undefined constant id - assumed 'id' D:\phpStudy\PHPTutorial\WWW\steel\Application\Runtime\Cache\Admin\d00eab67c6b5e9df533c3759f6b97334.php 第 54 行.
NOTIC: [8] Use of undefined constant id - assumed 'id' D:\phpStudy\PHPTutorial\WWW\steel\Application\Runtime\Cache\Admin\d00eab67c6b5e9df533c3759f6b97334.php 第 54 行.
NOTIC: [8] Use of undefined constant id - assumed 'id' D:\phpStudy\PHPTutorial\WWW\steel\Application\Runtime\Cache\Admin\d00eab67c6b5e9df533c3759f6b97334.php 第 54 行.
NOTIC: [8] Use of undefined constant id - assumed 'id' D:\phpStudy\PHPTutorial\WWW\steel\Application\Runtime\Cache\Admin\d00eab67c6b5e9df533c3759f6b97334.php 第 54 行.
NOTIC: [8] Use of undefined constant id - assumed 'id' D:\phpStudy\PHPTutorial\WWW\steel\Application\Runtime\Cache\Admin\d00eab67c6b5e9df533c3759f6b97334.php 第 54 行.
NOTIC: [8] Use of undefined constant id - assumed 'id' D:\phpStudy\PHPTutorial\WWW\steel\Application\Runtime\Cache\Admin\d00eab67c6b5e9df533c3759f6b97334.php 第 54 行.
NOTIC: [8] Use of undefined constant id - assumed 'id' D:\phpStudy\PHPTutorial\WWW\steel\Application\Runtime\Cache\Admin\d00eab67c6b5e9df533c3759f6b97334.php 第 54 行.
NOTIC: [8] Use of undefined constant id - assumed 'id' D:\phpStudy\PHPTutorial\WWW\steel\Application\Runtime\Cache\Admin\d00eab67c6b5e9df533c3759f6b97334.php 第 54 行.
NOTIC: [8] Use of undefined constant id - assumed 'id' D:\phpStudy\PHPTutorial\WWW\steel\Application\Runtime\Cache\Admin\d00eab67c6b5e9df533c3759f6b97334.php 第 54 行.
NOTIC: [8] Use of undefined constant id - assumed 'id' D:\phpStudy\PHPTutorial\WWW\steel\Application\Runtime\Cache\Admin\d00eab67c6b5e9df533c3759f6b97334.php 第 54 行.
NOTIC: [8] Use of undefined constant id - assumed 'id' D:\phpStudy\PHPTutorial\WWW\steel\Application\Runtime\Cache\Admin\d00eab67c6b5e9df533c3759f6b97334.php 第 54 行.
NOTIC: [8] Use of undefined constant id - assumed 'id' D:\phpStudy\PHPTutorial\WWW\steel\Application\Runtime\Cache\Admin\d00eab67c6b5e9df533c3759f6b97334.php 第 54 行.
NOTIC: [8] Use of undefined constant id - assumed 'id' D:\phpStudy\PHPTutorial\WWW\steel\Application\Runtime\Cache\Admin\d00eab67c6b5e9df533c3759f6b97334.php 第 54 行.
NOTIC: [8] Use of undefined constant id - assumed 'id' D:\phpStudy\PHPTutorial\WWW\steel\Application\Runtime\Cache\Admin\d00eab67c6b5e9df533c3759f6b97334.php 第 54 行.
NOTIC: [8] Use of undefined constant id - assumed 'id' D:\phpStudy\PHPTutorial\WWW\steel\Application\Runtime\Cache\Admin\d00eab67c6b5e9df533c3759f6b97334.php 第 54 行.
NOTIC: [8] Use of undefined constant id - assumed 'id' D:\phpStudy\PHPTutorial\WWW\steel\Application\Runtime\Cache\Admin\d00eab67c6b5e9df533c3759f6b97334.php 第 54 行.
NOTIC: [8] Use of undefined constant id - assumed 'id' D:\phpStudy\PHPTutorial\WWW\steel\Application\Runtime\Cache\Admin\d00eab67c6b5e9df533c3759f6b97334.php 第 54 行.
NOTIC: [8] Use of undefined constant id - assumed 'id' D:\phpStudy\PHPTutorial\WWW\steel\Application\Runtime\Cache\Admin\d00eab67c6b5e9df533c3759f6b97334.php 第 54 行.
NOTIC: [8] Use of undefined constant id - assumed 'id' D:\phpStudy\PHPTutorial\WWW\steel\Application\Runtime\Cache\Admin\d00eab67c6b5e9df533c3759f6b97334.php 第 54 行.
NOTIC: [8] Use of undefined constant id - assumed 'id' D:\phpStudy\PHPTutorial\WWW\steel\Application\Runtime\Cache\Admin\d00eab67c6b5e9df533c3759f6b97334.php 第 54 行.
NOTIC: [8] Use of undefined constant id - assumed 'id' D:\phpStudy\PHPTutorial\WWW\steel\Application\Runtime\Cache\Admin\d00eab67c6b5e9df533c3759f6b97334.php 第 54 行.
NOTIC: [8] Use of undefined constant id - assumed 'id' D:\phpStudy\PHPTutorial\WWW\steel\Application\Runtime\Cache\Admin\d00eab67c6b5e9df533c3759f6b97334.php 第 54 行.
NOTIC: [8] Use of undefined constant id - assumed 'id' D:\phpStudy\PHPTutorial\WWW\steel\Application\Runtime\Cache\Admin\d00eab67c6b5e9df533c3759f6b97334.php 第 54 行.
NOTIC: [8] Use of undefined constant id - assumed 'id' D:\phpStudy\PHPTutorial\WWW\steel\Application\Runtime\Cache\Admin\d00eab67c6b5e9df533c3759f6b97334.php 第 54 行.
NOTIC: [8] Use of undefined constant id - assumed 'id' D:\phpStudy\PHPTutorial\WWW\steel\Application\Runtime\Cache\Admin\d00eab67c6b5e9df533c3759f6b97334.php 第 54 行.
NOTIC: [8] Use of undefined constant id - assumed 'id' D:\phpStudy\PHPTutorial\WWW\steel\Application\Runtime\Cache\Admin\d00eab67c6b5e9df533c3759f6b97334.php 第 54 行.
NOTIC: [8] Use of undefined constant id - assumed 'id' D:\phpStudy\PHPTutorial\WWW\steel\Application\Runtime\Cache\Admin\d00eab67c6b5e9df533c3759f6b97334.php 第 54 行.
NOTIC: [8] Use of undefined constant id - assumed 'id' D:\phpStudy\PHPTutorial\WWW\steel\Application\Runtime\Cache\Admin\d00eab67c6b5e9df533c3759f6b97334.php 第 54 行.
NOTIC: [8] Use of undefined constant id - assumed 'id' D:\phpStudy\PHPTutorial\WWW\steel\Application\Runtime\Cache\Admin\d00eab67c6b5e9df533c3759f6b97334.php 第 54 行.
NOTIC: [8] Use of undefined constant id - assumed 'id' D:\phpStudy\PHPTutorial\WWW\steel\Application\Runtime\Cache\Admin\d00eab67c6b5e9df533c3759f6b97334.php 第 54 行.
NOTIC: [8] Use of undefined constant id - assumed 'id' D:\phpStudy\PHPTutorial\WWW\steel\Application\Runtime\Cache\Admin\d00eab67c6b5e9df533c3759f6b97334.php 第 54 行.
NOTIC: [8] Use of undefined constant id - assumed 'id' D:\phpStudy\PHPTutorial\WWW\steel\Application\Runtime\Cache\Admin\d00eab67c6b5e9df533c3759f6b97334.php 第 54 行.
NOTIC: [8] Use of undefined constant id - assumed 'id' D:\phpStudy\PHPTutorial\WWW\steel\Application\Runtime\Cache\Admin\d00eab67c6b5e9df533c3759f6b97334.php 第 54 行.
NOTIC: [8] Use of undefined constant id - assumed 'id' D:\phpStudy\PHPTutorial\WWW\steel\Application\Runtime\Cache\Admin\d00eab67c6b5e9df533c3759f6b97334.php 第 54 行.
NOTIC: [8] Use of undefined constant id - assumed 'id' D:\phpStudy\PHPTutorial\WWW\steel\Application\Runtime\Cache\Admin\d00eab67c6b5e9df533c3759f6b97334.php 第 54 行.
NOTIC: [8] Use of undefined constant id - assumed 'id' D:\phpStudy\PHPTutorial\WWW\steel\Application\Runtime\Cache\Admin\d00eab67c6b5e9df533c3759f6b97334.php 第 54 行.
NOTIC: [8] Use of undefined constant id - assumed 'id' D:\phpStudy\PHPTutorial\WWW\steel\Application\Runtime\Cache\Admin\d00eab67c6b5e9df533c3759f6b97334.php 第 54 行.
NOTIC: [8] Use of undefined constant id - assumed 'id' D:\phpStudy\PHPTutorial\WWW\steel\Application\Runtime\Cache\Admin\d00eab67c6b5e9df533c3759f6b97334.php 第 110 行.
INFO: Run Behavior\ParseTemplateBehavior [ RunTime:0.008638s ]
INFO: [ view_parse ] --END-- [ RunTime:0.008673s ]
INFO: [ view_filter ] --START--
INFO: Run Behavior\WriteHtmlCacheBehavior [ RunTime:0.000537s ]
INFO: [ view_filter ] --END-- [ RunTime:0.000567s ]
INFO: [ app_end ] --START--
INFO: Run Behavior\ShowPageTraceBehavior [ RunTime:0.000994s ]
INFO: [ app_end ] --END-- [ RunTime:0.001048s ]

[ 2018-12-12T20:06:44+08:00 ] ::1 /steel/index.php/Admin/Index/save_info.html?action=config&&noCache=1544616404153
INFO: [ app_init ] --START--
INFO: Run Behavior\BuildLiteBehavior [ RunTime:0.000018s ]
INFO: [ app_init ] --END-- [ RunTime:0.000597s ]
INFO: [ app_begin ] --START--
INFO: Run Behavior\ReadHtmlCacheBehavior [ RunTime:0.001150s ]
INFO: [ app_begin ] --END-- [ RunTime:0.001223s ]
NOTIC: [2] file_get_contents(./Public/Ueditor/php/config.json): failed to open stream: No such file or directory D:\phpStudy\PHPTutorial\WWW\steel\Application\Admin\Controller\IndexController.class.php 第 407 行.
INFO: [ app_end ] --START--
INFO: Run Behavior\ShowPageTraceBehavior [ RunTime:0.001167s ]
INFO: [ app_end ] --END-- [ RunTime:0.001239s ]

[ 2018-12-12T20:07:17+08:00 ] ::1 /steel/index.php/Admin/Index/addNews.html
INFO: [ app_init ] --START--
INFO: Run Behavior\BuildLiteBehavior [ RunTime:0.000012s ]
INFO: [ app_init ] --END-- [ RunTime:0.000428s ]
INFO: [ app_begin ] --START--
INFO: Run Behavior\ReadHtmlCacheBehavior [ RunTime:0.000644s ]
INFO: [ app_begin ] --END-- [ RunTime:0.000686s ]
INFO: [ view_parse ] --START--
INFO: [ template_filter ] --START--
INFO: Run Behavior\ContentReplaceBehavior [ RunTime:0.000055s ]
INFO: [ template_filter ] --END-- [ RunTime:0.000102s ]
INFO: Run Behavior\ParseTemplateBehavior [ RunTime:0.006596s ]
INFO: [ view_parse ] --END-- [ RunTime:0.006651s ]
INFO: [ view_filter ] --START--
INFO: Run Behavior\WriteHtmlCacheBehavior [ RunTime:0.000736s ]
INFO: [ view_filter ] --END-- [ RunTime:0.000771s ]
INFO: [ app_end ] --START--
INFO: Run Behavior\ShowPageTraceBehavior [ RunTime:0.000668s ]
INFO: [ app_end ] --END-- [ RunTime:0.000701s ]

[ 2018-12-12T20:07:27+08:00 ] ::1 /steel/index.php/Admin/Index/picList.html
INFO: [ app_init ] --START--
INFO: Run Behavior\BuildLiteBehavior [ RunTime:0.000013s ]
INFO: [ app_init ] --END-- [ RunTime:0.000460s ]
INFO: [ app_begin ] --START--
INFO: Run Behavior\ReadHtmlCacheBehavior [ RunTime:0.000681s ]
INFO: [ app_begin ] --END-- [ RunTime:0.000727s ]
SQL: SHOW COLUMNS FROM `photo` [ RunTime:0.0042s ]
SQL: SHOW COLUMNS FROM `photo` [ RunTime:0.0042s ]
SQL: SELECT * FROM `photo`  [ RunTime:0.0004s ]
INFO: [ view_parse ] --START--
INFO: [ template_filter ] --START--
INFO: Run Behavior\ContentReplaceBehavior [ RunTime:0.000050s ]
INFO: [ template_filter ] --END-- [ RunTime:0.000087s ]
NOTIC: [8] Use of undefined constant id - assumed 'id' D:\phpStudy\PHPTutorial\WWW\steel\Application\Runtime\Cache\Admin\d00eab67c6b5e9df533c3759f6b97334.php 第 54 行.
NOTIC: [8] Use of undefined constant id - assumed 'id' D:\phpStudy\PHPTutorial\WWW\steel\Application\Runtime\Cache\Admin\d00eab67c6b5e9df533c3759f6b97334.php 第 54 行.
NOTIC: [8] Use of undefined constant id - assumed 'id' D:\phpStudy\PHPTutorial\WWW\steel\Application\Runtime\Cache\Admin\d00eab67c6b5e9df533c3759f6b97334.php 第 54 行.
NOTIC: [8] Use of undefined constant id - assumed 'id' D:\phpStudy\PHPTutorial\WWW\steel\Application\Runtime\Cache\Admin\d00eab67c6b5e9df533c3759f6b97334.php 第 54 行.
NOTIC: [8] Use of undefined constant id - assumed 'id' D:\phpStudy\PHPTutorial\WWW\steel\Application\Runtime\Cache\Admin\d00eab67c6b5e9df533c3759f6b97334.php 第 54 行.
NOTIC: [8] Use of undefined constant id - assumed 'id' D:\phpStudy\PHPTutorial\WWW\steel\Application\Runtime\Cache\Admin\d00eab67c6b5e9df533c3759f6b97334.php 第 54 行.
NOTIC: [8] Use of undefined constant id - assumed 'id' D:\phpStudy\PHPTutorial\WWW\steel\Application\Runtime\Cache\Admin\d00eab67c6b5e9df533c3759f6b97334.php 第 54 行.
NOTIC: [8] Use of undefined constant id - assumed 'id' D:\phpStudy\PHPTutorial\WWW\steel\Application\Runtime\Cache\Admin\d00eab67c6b5e9df533c3759f6b97334.php 第 54 行.
NOTIC: [8] Use of undefined constant id - assumed 'id' D:\phpStudy\PHPTutorial\WWW\steel\Application\Runtime\Cache\Admin\d00eab67c6b5e9df533c3759f6b97334.php 第 54 行.
NOTIC: [8] Use of undefined constant id - assumed 'id' D:\phpStudy\PHPTutorial\WWW\steel\Application\Runtime\Cache\Admin\d00eab67c6b5e9df533c3759f6b97334.php 第 54 行.
NOTIC: [8] Use of undefined constant id - assumed 'id' D:\phpStudy\PHPTutorial\WWW\steel\Application\Runtime\Cache\Admin\d00eab67c6b5e9df533c3759f6b97334.php 第 54 行.
NOTIC: [8] Use of undefined constant id - assumed 'id' D:\phpStudy\PHPTutorial\WWW\steel\Application\Runtime\Cache\Admin\d00eab67c6b5e9df533c3759f6b97334.php 第 54 行.
NOTIC: [8] Use of undefined constant id - assumed 'id' D:\phpStudy\PHPTutorial\WWW\steel\Application\Runtime\Cache\Admin\d00eab67c6b5e9df533c3759f6b97334.php 第 54 行.
NOTIC: [8] Use of undefined constant id - assumed 'id' D:\phpStudy\PHPTutorial\WWW\steel\Application\Runtime\Cache\Admin\d00eab67c6b5e9df533c3759f6b97334.php 第 54 行.
NOTIC: [8] Use of undefined constant id - assumed 'id' D:\phpStudy\PHPTutorial\WWW\steel\Application\Runtime\Cache\Admin\d00eab67c6b5e9df533c3759f6b97334.php 第 54 行.
NOTIC: [8] Use of undefined constant id - assumed 'id' D:\phpStudy\PHPTutorial\WWW\steel\Application\Runtime\Cache\Admin\d00eab67c6b5e9df533c3759f6b97334.php 第 54 行.
NOTIC: [8] Use of undefined constant id - assumed 'id' D:\phpStudy\PHPTutorial\WWW\steel\Application\Runtime\Cache\Admin\d00eab67c6b5e9df533c3759f6b97334.php 第 54 行.
NOTIC: [8] Use of undefined constant id - assumed 'id' D:\phpStudy\PHPTutorial\WWW\steel\Application\Runtime\Cache\Admin\d00eab67c6b5e9df533c3759f6b97334.php 第 54 行.
NOTIC: [8] Use of undefined constant id - assumed 'id' D:\phpStudy\PHPTutorial\WWW\steel\Application\Runtime\Cache\Admin\d00eab67c6b5e9df533c3759f6b97334.php 第 54 行.
NOTIC: [8] Use of undefined constant id - assumed 'id' D:\phpStudy\PHPTutorial\WWW\steel\Application\Runtime\Cache\Admin\d00eab67c6b5e9df533c3759f6b97334.php 第 54 行.
NOTIC: [8] Use of undefined constant id - assumed 'id' D:\phpStudy\PHPTutorial\WWW\steel\Application\Runtime\Cache\Admin\d00eab67c6b5e9df533c3759f6b97334.php 第 54 行.
NOTIC: [8] Use of undefined constant id - assumed 'id' D:\phpStudy\PHPTutorial\WWW\steel\Application\Runtime\Cache\Admin\d00eab67c6b5e9df533c3759f6b97334.php 第 54 行.
NOTIC: [8] Use of undefined constant id - assumed 'id' D:\phpStudy\PHPTutorial\WWW\steel\Application\Runtime\Cache\Admin\d00eab67c6b5e9df533c3759f6b97334.php 第 54 行.
NOTIC: [8] Use of undefined constant id - assumed 'id' D:\phpStudy\PHPTutorial\WWW\steel\Application\Runtime\Cache\Admin\d00eab67c6b5e9df533c3759f6b97334.php 第 54 行.
NOTIC: [8] Use of undefined constant id - assumed 'id' D:\phpStudy\PHPTutorial\WWW\steel\Application\Runtime\Cache\Admin\d00eab67c6b5e9df533c3759f6b97334.php 第 54 行.
NOTIC: [8] Use of undefined constant id - assumed 'id' D:\phpStudy\PHPTutorial\WWW\steel\Application\Runtime\Cache\Admin\d00eab67c6b5e9df533c3759f6b97334.php 第 54 行.
NOTIC: [8] Use of undefined constant id - assumed 'id' D:\phpStudy\PHPTutorial\WWW\steel\Application\Runtime\Cache\Admin\d00eab67c6b5e9df533c3759f6b97334.php 第 54 行.
NOTIC: [8] Use of undefined constant id - assumed 'id' D:\phpStudy\PHPTutorial\WWW\steel\Application\Runtime\Cache\Admin\d00eab67c6b5e9df533c3759f6b97334.php 第 54 行.
NOTIC: [8] Use of undefined constant id - assumed 'id' D:\phpStudy\PHPTutorial\WWW\steel\Application\Runtime\Cache\Admin\d00eab67c6b5e9df533c3759f6b97334.php 第 54 行.
NOTIC: [8] Use of undefined constant id - assumed 'id' D:\phpStudy\PHPTutorial\WWW\steel\Application\Runtime\Cache\Admin\d00eab67c6b5e9df533c3759f6b97334.php 第 54 行.
NOTIC: [8] Use of undefined constant id - assumed 'id' D:\phpStudy\PHPTutorial\WWW\steel\Application\Runtime\Cache\Admin\d00eab67c6b5e9df533c3759f6b97334.php 第 54 行.
NOTIC: [8] Use of undefined constant id - assumed 'id' D:\phpStudy\PHPTutorial\WWW\steel\Application\Runtime\Cache\Admin\d00eab67c6b5e9df533c3759f6b97334.php 第 54 行.
NOTIC: [8] Use of undefined constant id - assumed 'id' D:\phpStudy\PHPTutorial\WWW\steel\Application\Runtime\Cache\Admin\d00eab67c6b5e9df533c3759f6b97334.php 第 54 行.
NOTIC: [8] Use of undefined constant id - assumed 'id' D:\phpStudy\PHPTutorial\WWW\steel\Application\Runtime\Cache\Admin\d00eab67c6b5e9df533c3759f6b97334.php 第 54 行.
NOTIC: [8] Use of undefined constant id - assumed 'id' D:\phpStudy\PHPTutorial\WWW\steel\Application\Runtime\Cache\Admin\d00eab67c6b5e9df533c3759f6b97334.php 第 54 行.
NOTIC: [8] Use of undefined constant id - assumed 'id' D:\phpStudy\PHPTutorial\WWW\steel\Application\Runtime\Cache\Admin\d00eab67c6b5e9df533c3759f6b97334.php 第 54 行.
NOTIC: [8] Use of undefined constant id - assumed 'id' D:\phpStudy\PHPTutorial\WWW\steel\Application\Runtime\Cache\Admin\d00eab67c6b5e9df533c3759f6b97334.php 第 54 行.
NOTIC: [8] Use of undefined constant id - assumed 'id' D:\phpStudy\PHPTutorial\WWW\steel\Application\Runtime\Cache\Admin\d00eab67c6b5e9df533c3759f6b97334.php 第 54 行.
NOTIC: [8] Use of undefined constant id - assumed 'id' D:\phpStudy\PHPTutorial\WWW\steel\Application\Runtime\Cache\Admin\d00eab67c6b5e9df533c3759f6b97334.php 第 54 行.
NOTIC: [8] Use of undefined constant id - assumed 'id' D:\phpStudy\PHPTutorial\WWW\steel\Application\Runtime\Cache\Admin\d00eab67c6b5e9df533c3759f6b97334.php 第 54 行.
NOTIC: [8] Use of undefined constant id - assumed 'id' D:\phpStudy\PHPTutorial\WWW\steel\Application\Runtime\Cache\Admin\d00eab67c6b5e9df533c3759f6b97334.php 第 110 行.
INFO: Run Behavior\ParseTemplateBehavior [ RunTime:0.007830s ]
INFO: [ view_parse ] --END-- [ RunTime:0.007868s ]
INFO: [ view_filter ] --START--
INFO: Run Behavior\WriteHtmlCacheBehavior [ RunTime:0.000555s ]
INFO: [ view_filter ] --END-- [ RunTime:0.000585s ]
INFO: [ app_end ] --START--
INFO: Run Behavior\ShowPageTraceBehavior [ RunTime:0.000751s ]
INFO: [ app_end ] --END-- [ RunTime:0.000795s ]

[ 2018-12-12T20:07:27+08:00 ] ::1 /steel/index.php/Admin/Index/save_info.html?action=config&&noCache=1544616447468
INFO: [ app_init ] --START--
INFO: Run Behavior\BuildLiteBehavior [ RunTime:0.000014s ]
INFO: [ app_init ] --END-- [ RunTime:0.000566s ]
INFO: [ app_begin ] --START--
INFO: Run Behavior\ReadHtmlCacheBehavior [ RunTime:0.000706s ]
INFO: [ app_begin ] --END-- [ RunTime:0.000770s ]
NOTIC: [2] file_get_contents(./Public/Ueditor/php/config.json): failed to open stream: No such file or directory D:\phpStudy\PHPTutorial\WWW\steel\Application\Admin\Controller\IndexController.class.php 第 407 行.
INFO: [ app_end ] --START--
INFO: Run Behavior\ShowPageTraceBehavior [ RunTime:0.000920s ]
INFO: [ app_end ] --END-- [ RunTime:0.000983s ]

[ 2018-12-12T20:16:37+08:00 ] ::1 /steel/index.php/Admin/Index/exitPic/id/8.html
INFO: [ app_init ] --START--
INFO: Run Behavior\BuildLiteBehavior [ RunTime:0.000013s ]
INFO: [ app_init ] --END-- [ RunTime:0.000557s ]
INFO: [ app_begin ] --START--
INFO: Run Behavior\ReadHtmlCacheBehavior [ RunTime:0.001080s ]
INFO: [ app_begin ] --END-- [ RunTime:0.001179s ]
NOTIC: [8] Use of undefined constant id - assumed 'id' D:\phpStudy\PHPTutorial\WWW\steel\Application\Admin\Controller\IndexController.class.php 第 334 行.
SQL: SHOW COLUMNS FROM `photo` [ RunTime:0.0043s ]
SQL: SHOW COLUMNS FROM `photo` [ RunTime:0.0050s ]
SQL: SELECT * FROM `photo` WHERE ( id=8 ) LIMIT 1   [ RunTime:0.0004s ]
INFO: [ view_parse ] --START--
INFO: [ template_filter ] --START--
INFO: Run Behavior\ContentReplaceBehavior [ RunTime:0.000049s ]
INFO: [ template_filter ] --END-- [ RunTime:0.000092s ]
NOTIC: [8] Use of undefined constant id - assumed 'id' D:\phpStudy\PHPTutorial\WWW\steel\Application\Runtime\Cache\Admin\8f99947cdf4511501bd61b68ad464b12.php 第 45 行.
NOTIC: [8] Use of undefined constant photouri - assumed 'photouri' D:\phpStudy\PHPTutorial\WWW\steel\Application\Runtime\Cache\Admin\8f99947cdf4511501bd61b68ad464b12.php 第 50 行.
NOTIC: [8] Use of undefined constant id - assumed 'id' D:\phpStudy\PHPTutorial\WWW\steel\Application\Runtime\Cache\Admin\8f99947cdf4511501bd61b68ad464b12.php 第 102 行.
NOTIC: [8] Undefined offset: 0 D:\phpStudy\PHPTutorial\WWW\steel\Application\Runtime\Cache\Admin\8f99947cdf4511501bd61b68ad464b12.php 第 102 行.
INFO: Run Behavior\ParseTemplateBehavior [ RunTime:0.007050s ]
INFO: [ view_parse ] --END-- [ RunTime:0.007094s ]
INFO: [ view_filter ] --START--
INFO: Run Behavior\WriteHtmlCacheBehavior [ RunTime:0.000555s ]
INFO: [ view_filter ] --END-- [ RunTime:0.000586s ]
INFO: [ app_end ] --START--
INFO: Run Behavior\ShowPageTraceBehavior [ RunTime:0.000723s ]
INFO: [ app_end ] --END-- [ RunTime:0.000754s ]

[ 2018-12-12T20:16:37+08:00 ] ::1 /steel/index.php/Admin/Index/save_info.html?action=config&&noCache=1544616997955
INFO: [ app_init ] --START--
INFO: Run Behavior\BuildLiteBehavior [ RunTime:0.000022s ]
INFO: [ app_init ] --END-- [ RunTime:0.000826s ]
INFO: [ app_begin ] --START--
INFO: Run Behavior\ReadHtmlCacheBehavior [ RunTime:0.001124s ]
INFO: [ app_begin ] --END-- [ RunTime:0.001212s ]
NOTIC: [2] file_get_contents(./Public/Ueditor/php/config.json): failed to open stream: No such file or directory D:\phpStudy\PHPTutorial\WWW\steel\Application\Admin\Controller\IndexController.class.php 第 407 行.
INFO: [ app_end ] --START--
INFO: Run Behavior\ShowPageTraceBehavior [ RunTime:0.001099s ]
INFO: [ app_end ] --END-- [ RunTime:0.001169s ]

[ 2018-12-12T20:16:43+08:00 ] ::1 /steel/index.php/Admin/Index/upphoto.html
INFO: [ app_init ] --START--
INFO: Run Behavior\BuildLiteBehavior [ RunTime:0.000019s ]
INFO: [ app_init ] --END-- [ RunTime:0.000531s ]
INFO: [ app_begin ] --START--
INFO: Run Behavior\ReadHtmlCacheBehavior [ RunTime:0.000858s ]
INFO: [ app_begin ] --END-- [ RunTime:0.000916s ]
NOTIC: [8] Use of undefined constant id - assumed 'id' D:\phpStudy\PHPTutorial\WWW\steel\Application\Admin\Controller\IndexController.class.php 第 341 行.
NOTIC: [8] Use of undefined constant id - assumed 'id' D:\phpStudy\PHPTutorial\WWW\steel\Application\Admin\Controller\IndexController.class.php 第 341 行.
NOTIC: [8] Use of undefined constant photouri - assumed 'photouri' D:\phpStudy\PHPTutorial\WWW\steel\Application\Admin\Controller\IndexController.class.php 第 342 行.
NOTIC: [2] call_user_func() expects parameter 1 to be a valid callback, no array or string given D:\phpStudy\PHPTutorial\WWW\steel\ThinkPHP\Library\Think\Upload.class.php 第 170 行.
SQL: SHOW COLUMNS FROM `photo` [ RunTime:0.0048s ]
NOTIC: [8] Use of undefined constant id - assumed 'id' D:\phpStudy\PHPTutorial\WWW\steel\Application\Admin\Model\PhotoModel.class.php 第 18 行.
SQL: SHOW COLUMNS FROM `photo` [ RunTime:0.0042s ]
SQL: UPDATE `photo` SET `photouri`='2018-12-12/5c10fc2aed474.png' WHERE ( id = 8 ) [ RunTime:0.0006s ]
INFO: [ view_parse ] --START--
INFO: [ template_filter ] --START--
INFO: Run Behavior\ContentReplaceBehavior [ RunTime:0.000031s ]
INFO: [ template_filter ] --END-- [ RunTime:0.000070s ]
INFO: Run Behavior\ParseTemplateBehavior [ RunTime:0.007682s ]
INFO: [ view_parse ] --END-- [ RunTime:0.007750s ]
INFO: [ view_filter ] --START--
INFO: Run Behavior\WriteHtmlCacheBehavior [ RunTime:0.000826s ]
INFO: [ view_filter ] --END-- [ RunTime:0.000857s ]
INFO: [ app_end ] --START--
INFO: Run Behavior\ShowPageTraceBehavior [ RunTime:0.001033s ]
INFO: [ app_end ] --END-- [ RunTime:0.001065s ]

[ 2018-12-12T20:16:44+08:00 ] ::1 /steel/index.php/Admin/Index/exitPic/id/8.html
INFO: [ app_init ] --START--
INFO: Run Behavior\BuildLiteBehavior [ RunTime:0.000015s ]
INFO: [ app_init ] --END-- [ RunTime:0.000748s ]
INFO: [ app_begin ] --START--
INFO: Run Behavior\ReadHtmlCacheBehavior [ RunTime:0.001168s ]
INFO: [ app_begin ] --END-- [ RunTime:0.001219s ]
NOTIC: [8] Use of undefined constant id - assumed 'id' D:\phpStudy\PHPTutorial\WWW\steel\Application\Admin\Controller\IndexController.class.php 第 334 行.
SQL: SHOW COLUMNS FROM `photo` [ RunTime:0.0053s ]
SQL: SHOW COLUMNS FROM `photo` [ RunTime:0.0119s ]
SQL: SELECT * FROM `photo` WHERE ( id=8 ) LIMIT 1   [ RunTime:0.0003s ]
INFO: [ view_parse ] --START--
INFO: [ template_filter ] --START--
INFO: Run Behavior\ContentReplaceBehavior [ RunTime:0.000051s ]
INFO: [ template_filter ] --END-- [ RunTime:0.000086s ]
NOTIC: [8] Use of undefined constant id - assumed 'id' D:\phpStudy\PHPTutorial\WWW\steel\Application\Runtime\Cache\Admin\8f99947cdf4511501bd61b68ad464b12.php 第 45 行.
NOTIC: [8] Use of undefined constant photouri - assumed 'photouri' D:\phpStudy\PHPTutorial\WWW\steel\Application\Runtime\Cache\Admin\8f99947cdf4511501bd61b68ad464b12.php 第 50 行.
NOTIC: [8] Use of undefined constant id - assumed 'id' D:\phpStudy\PHPTutorial\WWW\steel\Application\Runtime\Cache\Admin\8f99947cdf4511501bd61b68ad464b12.php 第 102 行.
NOTIC: [8] Undefined offset: 0 D:\phpStudy\PHPTutorial\WWW\steel\Application\Runtime\Cache\Admin\8f99947cdf4511501bd61b68ad464b12.php 第 102 行.
INFO: Run Behavior\ParseTemplateBehavior [ RunTime:0.007352s ]
INFO: [ view_parse ] --END-- [ RunTime:0.007387s ]
INFO: [ view_filter ] --START--
INFO: Run Behavior\WriteHtmlCacheBehavior [ RunTime:0.000813s ]
INFO: [ view_filter ] --END-- [ RunTime:0.000843s ]
INFO: [ app_end ] --START--
INFO: Run Behavior\ShowPageTraceBehavior [ RunTime:0.000968s ]
INFO: [ app_end ] --END-- [ RunTime:0.000998s ]

[ 2018-12-12T20:16:44+08:00 ] ::1 /steel/index.php/Admin/Index/save_info.html?action=config&&noCache=1544617004367
INFO: [ app_init ] --START--
INFO: Run Behavior\BuildLiteBehavior [ RunTime:0.000023s ]
INFO: [ app_init ] --END-- [ RunTime:0.001096s ]
INFO: [ app_begin ] --START--
INFO: Run Behavior\ReadHtmlCacheBehavior [ RunTime:0.003659s ]
INFO: [ app_begin ] --END-- [ RunTime:0.003795s ]
NOTIC: [2] file_get_contents(./Public/Ueditor/php/config.json): failed to open stream: No such file or directory D:\phpStudy\PHPTutorial\WWW\steel\Application\Admin\Controller\IndexController.class.php 第 407 行.
INFO: [ app_end ] --START--
INFO: Run Behavior\ShowPageTraceBehavior [ RunTime:0.001684s ]
INFO: [ app_end ] --END-- [ RunTime:0.001760s ]

[ 2018-12-12T20:16:47+08:00 ] ::1 /steel/index.php/Admin/Index/index.html
INFO: [ app_init ] --START--
INFO: Run Behavior\BuildLiteBehavior [ RunTime:0.000017s ]
INFO: [ app_init ] --END-- [ RunTime:0.000678s ]
INFO: [ app_begin ] --START--
INFO: Run Behavior\ReadHtmlCacheBehavior [ RunTime:0.001087s ]
INFO: [ app_begin ] --END-- [ RunTime:0.001141s ]
INFO: [ view_parse ] --START--
INFO: [ template_filter ] --START--
INFO: Run Behavior\ContentReplaceBehavior [ RunTime:0.000088s ]
INFO: [ template_filter ] --END-- [ RunTime:0.000129s ]
INFO: Run Behavior\ParseTemplateBehavior [ RunTime:0.010470s ]
INFO: [ view_parse ] --END-- [ RunTime:0.010516s ]
INFO: [ view_filter ] --START--
INFO: Run Behavior\WriteHtmlCacheBehavior [ RunTime:0.000850s ]
INFO: [ view_filter ] --END-- [ RunTime:0.000882s ]
INFO: [ app_end ] --START--
INFO: Run Behavior\ShowPageTraceBehavior [ RunTime:0.001149s ]
INFO: [ app_end ] --END-- [ RunTime:0.001196s ]

[ 2018-12-12T20:16:55+08:00 ] ::1 /steel/index.php/Admin/Index/index.html
INFO: [ app_init ] --START--
INFO: Run Behavior\BuildLiteBehavior [ RunTime:0.000033s ]
INFO: [ app_init ] --END-- [ RunTime:0.000814s ]
INFO: [ app_begin ] --START--
INFO: Run Behavior\ReadHtmlCacheBehavior [ RunTime:0.001041s ]
INFO: [ app_begin ] --END-- [ RunTime:0.001089s ]
INFO: [ view_parse ] --START--
INFO: [ template_filter ] --START--
INFO: Run Behavior\ContentReplaceBehavior [ RunTime:0.000157s ]
INFO: [ template_filter ] --END-- [ RunTime:0.000232s ]
INFO: Run Behavior\ParseTemplateBehavior [ RunTime:0.011576s ]
INFO: [ view_parse ] --END-- [ RunTime:0.011620s ]
INFO: [ view_filter ] --START--
INFO: Run Behavior\WriteHtmlCacheBehavior [ RunTime:0.000887s ]
INFO: [ view_filter ] --END-- [ RunTime:0.000919s ]
INFO: [ app_end ] --START--
INFO: Run Behavior\ShowPageTraceBehavior [ RunTime:0.001239s ]
INFO: [ app_end ] --END-- [ RunTime:0.001300s ]

[ 2018-12-12T20:31:40+08:00 ] ::1 /steel/index.php/Admin/Index/index.html
INFO: [ app_init ] --START--
INFO: Run Behavior\BuildLiteBehavior [ RunTime:0.000012s ]
INFO: [ app_init ] --END-- [ RunTime:0.000484s ]
INFO: [ app_begin ] --START--
INFO: Run Behavior\ReadHtmlCacheBehavior [ RunTime:0.000781s ]
INFO: [ app_begin ] --END-- [ RunTime:0.000841s ]
INFO: [ view_parse ] --START--
INFO: [ template_filter ] --START--
INFO: Run Behavior\ContentReplaceBehavior [ RunTime:0.000093s ]
INFO: [ template_filter ] --END-- [ RunTime:0.000138s ]
INFO: Run Behavior\ParseTemplateBehavior [ RunTime:0.010144s ]
INFO: [ view_parse ] --END-- [ RunTime:0.010187s ]
INFO: [ view_filter ] --START--
INFO: Run Behavior\WriteHtmlCacheBehavior [ RunTime:0.000602s ]
INFO: [ view_filter ] --END-- [ RunTime:0.000637s ]
INFO: [ app_end ] --START--
INFO: Run Behavior\ShowPageTraceBehavior [ RunTime:0.000923s ]
INFO: [ app_end ] --END-- [ RunTime:0.000988s ]

[ 2018-12-12T20:31:45+08:00 ] ::1 /steel/index.php/Admin/Index/daojiao.html
INFO: [ app_init ] --START--
INFO: Run Behavior\BuildLiteBehavior [ RunTime:0.000012s ]
INFO: [ app_init ] --END-- [ RunTime:0.000462s ]
INFO: [ app_begin ] --START--
INFO: Run Behavior\ReadHtmlCacheBehavior [ RunTime:0.000669s ]
INFO: [ app_begin ] --END-- [ RunTime:0.000713s ]
SQL: SHOW COLUMNS FROM `article` [ RunTime:0.0045s ]
SQL: SHOW COLUMNS FROM `picture` [ RunTime:0.0067s ]
SQL: SHOW COLUMNS FROM `picture` [ RunTime:0.0047s ]
SQL: SELECT * FROM `picture` WHERE ( fenlei = 6 )  [ RunTime:0.0003s ]
SQL: SHOW COLUMNS FROM `article` [ RunTime:0.0048s ]
SQL: SELECT * FROM `article` WHERE ( classification = 10 )  [ RunTime:0.0004s ]
INFO: [ view_parse ] --START--
INFO: [ template_filter ] --START--
INFO: Run Behavior\ContentReplaceBehavior [ RunTime:0.000056s ]
INFO: [ template_filter ] --END-- [ RunTime:0.000093s ]
NOTIC: [8] Use of undefined constant title - assumed 'title' D:\phpStudy\PHPTutorial\WWW\steel\Application\Runtime\Cache\Admin\2efc9dce5f269b274b8c21d8427408e1.php 第 41 行.
NOTIC: [8] Use of undefined constant content - assumed 'content' D:\phpStudy\PHPTutorial\WWW\steel\Application\Runtime\Cache\Admin\2efc9dce5f269b274b8c21d8427408e1.php 第 44 行.
NOTIC: [8] Use of undefined constant id - assumed 'id' D:\phpStudy\PHPTutorial\WWW\steel\Application\Runtime\Cache\Admin\2efc9dce5f269b274b8c21d8427408e1.php 第 59 行.
NOTIC: [8] Use of undefined constant photouri - assumed 'photouri' D:\phpStudy\PHPTutorial\WWW\steel\Application\Runtime\Cache\Admin\2efc9dce5f269b274b8c21d8427408e1.php 第 64 行.
NOTIC: [8] Use of undefined constant id - assumed 'id' D:\phpStudy\PHPTutorial\WWW\steel\Application\Runtime\Cache\Admin\2efc9dce5f269b274b8c21d8427408e1.php 第 102 行.
NOTIC: [8] Use of undefined constant id - assumed 'id' D:\phpStudy\PHPTutorial\WWW\steel\Application\Runtime\Cache\Admin\2efc9dce5f269b274b8c21d8427408e1.php 第 161 行.
INFO: Run Behavior\ParseTemplateBehavior [ RunTime:0.007368s ]
INFO: [ view_parse ] --END-- [ RunTime:0.007414s ]
INFO: [ view_filter ] --START--
INFO: Run Behavior\WriteHtmlCacheBehavior [ RunTime:0.000633s ]
INFO: [ view_filter ] --END-- [ RunTime:0.000666s ]
INFO: [ app_end ] --START--
INFO: Run Behavior\ShowPageTraceBehavior [ RunTime:0.000949s ]
INFO: [ app_end ] --END-- [ RunTime:0.001006s ]

[ 2018-12-12T20:31:45+08:00 ] ::1 /steel/index.php/Admin/Index/save_info.html?action=config&&noCache=1544617905471
INFO: [ app_init ] --START--
INFO: Run Behavior\BuildLiteBehavior [ RunTime:0.000016s ]
INFO: [ app_init ] --END-- [ RunTime:0.000673s ]
INFO: [ app_begin ] --START--
INFO: Run Behavior\ReadHtmlCacheBehavior [ RunTime:0.000948s ]
INFO: [ app_begin ] --END-- [ RunTime:0.001025s ]
NOTIC: [2] file_get_contents(./Public/Ueditor/php/config.json): failed to open stream: No such file or directory D:\phpStudy\PHPTutorial\WWW\steel\Application\Admin\Controller\IndexController.class.php 第 407 行.
INFO: [ app_end ] --START--
INFO: Run Behavior\ShowPageTraceBehavior [ RunTime:0.000939s ]
INFO: [ app_end ] --END-- [ RunTime:0.000986s ]

[ 2018-12-12T20:31:54+08:00 ] ::1 /steel/index.php/Admin/Index/index.html
INFO: [ app_init ] --START--
INFO: Run Behavior\BuildLiteBehavior [ RunTime:0.000013s ]
INFO: [ app_init ] --END-- [ RunTime:0.000486s ]
INFO: [ app_begin ] --START--
INFO: Run Behavior\ReadHtmlCacheBehavior [ RunTime:0.000652s ]
INFO: [ app_begin ] --END-- [ RunTime:0.000698s ]
INFO: [ view_parse ] --START--
INFO: [ template_filter ] --START--
INFO: Run Behavior\ContentReplaceBehavior [ RunTime:0.000251s ]
INFO: [ template_filter ] --END-- [ RunTime:0.000332s ]
INFO: Run Behavior\ParseTemplateBehavior [ RunTime:0.009835s ]
INFO: [ view_parse ] --END-- [ RunTime:0.009880s ]
INFO: [ view_filter ] --START--
INFO: Run Behavior\WriteHtmlCacheBehavior [ RunTime:0.000613s ]
INFO: [ view_filter ] --END-- [ RunTime:0.000647s ]
INFO: [ app_end ] --START--
INFO: Run Behavior\ShowPageTraceBehavior [ RunTime:0.000941s ]
INFO: [ app_end ] --END-- [ RunTime:0.001000s ]

